<?xml version="1.0" encoding="UTF-8" ?>
<testsuites name="vitest tests" tests="1739" failures="0" errors="0" time="145.0724306231">
  <testsuite name="src/auto-detect/__tests__/DomScanner.unit.ts" timestamp="2026-05-04T21:33:43.190Z"
             hostname="Ms-MacBook-Air.fritz.box" tests="14" failures="0" errors="0" skipped="0" time="0.021353875">
    <testcase classname="src/auto-detect/__tests__/DomScanner.unit.ts"
              name="DomScanner &gt; scanDom() &gt; collects text nodes from a simple paragraph" time="0.004524041">
    </testcase>
    <testcase classname="src/auto-detect/__tests__/DomScanner.unit.ts"
              name="DomScanner &gt; scanDom() &gt; skips &lt;script&gt; elements and their children" time="0.001083083">
    </testcase>
    <testcase classname="src/auto-detect/__tests__/DomScanner.unit.ts"
              name="DomScanner &gt; scanDom() &gt; skips &lt;style&gt; elements" time="0.001031875">
    </testcase>
    <testcase classname="src/auto-detect/__tests__/DomScanner.unit.ts"
              name="DomScanner &gt; scanDom() &gt; skips &lt;textarea&gt; elements" time="0.000691166">
    </testcase>
    <testcase classname="src/auto-detect/__tests__/DomScanner.unit.ts"
              name="DomScanner &gt; scanDom() &gt; skips &lt;pid-component&gt; elements" time="0.000883875">
    </testcase>
    <testcase classname="src/auto-detect/__tests__/DomScanner.unit.ts"
              name="DomScanner &gt; scanDom() &gt; skips elements with contenteditable attribute" time="0.000604958">
    </testcase>
    <testcase classname="src/auto-detect/__tests__/DomScanner.unit.ts"
              name="DomScanner &gt; scanDom() &gt; skips elements matching exclude CSS selector" time="0.001314792">
    </testcase>
    <testcase classname="src/auto-detect/__tests__/DomScanner.unit.ts"
              name="DomScanner &gt; scanDom() &gt; ignores text nodes with less than 2 chars after trimming"
              time="0.000298125">
    </testcase>
    <testcase classname="src/auto-detect/__tests__/DomScanner.unit.ts"
              name="DomScanner &gt; scanDom() &gt; handles nested elements correctly" time="0.000594">
    </testcase>
    <testcase classname="src/auto-detect/__tests__/DomScanner.unit.ts"
              name="DomScanner &gt; scanDom() &gt; returns unique IDs for each text node" time="0.00223025">
    </testcase>
    <testcase classname="src/auto-detect/__tests__/DomScanner.unit.ts"
              name="DomScanner &gt; scanDom() &gt; returns correct text content for each scanned node"
              time="0.000859166">
    </testcase>
    <testcase classname="src/auto-detect/__tests__/DomScanner.unit.ts"
              name="DomScanner &gt; scanDom() &gt; skips already-processed elements (with data-pid-auto-detected attribute)"
              time="0.000382375">
    </testcase>
    <testcase classname="src/auto-detect/__tests__/DomScanner.unit.ts"
              name="DomScanner &gt; scanDom() &gt; skips elements inside .pid-auto-detect-wrapper" time="0.000163625">
    </testcase>
    <testcase classname="src/auto-detect/__tests__/DomScanner.unit.ts"
              name="DomScanner &gt; scanDom() &gt; handles missing requestIdleCallback gracefully" time="0.00280475">
    </testcase>
  </testsuite>
  <testsuite name="src/auto-detect/__tests__/TextReplacer.unit.ts" timestamp="2026-05-04T21:33:43.191Z"
             hostname="Ms-MacBook-Air.fritz.box" tests="8" failures="0" errors="0" skipped="0" time="0.015404209">
    <testcase classname="src/auto-detect/__tests__/TextReplacer.unit.ts"
              name="TextReplacer &gt; replaceMatches() &gt; replaces a single match with a wrapper containing pid-component"
              time="0.006262042">
    </testcase>
    <testcase classname="src/auto-detect/__tests__/TextReplacer.unit.ts"
              name="TextReplacer &gt; replaceMatches() &gt; keeps non-matched text before and after as plain text nodes"
              time="0.001052125">
    </testcase>
    <testcase classname="src/auto-detect/__tests__/TextReplacer.unit.ts"
              name="TextReplacer &gt; replaceMatches() &gt; handles multiple matches in one text node"
              time="0.003669583">
    </testcase>
    <testcase classname="src/auto-detect/__tests__/TextReplacer.unit.ts"
              name="TextReplacer &gt; replaceMatches() &gt; deduplicates overlapping matches" time="0.000472041">
    </testcase>
    <testcase classname="src/auto-detect/__tests__/TextReplacer.unit.ts"
              name="TextReplacer &gt; replaceMatches() &gt; applies config props (darkMode) to created pid-component"
              time="0.001128">
    </testcase>
    <testcase classname="src/auto-detect/__tests__/TextReplacer.unit.ts"
              name="TextReplacer &gt; replaceMatches() &gt; sets data-pid-auto-detected attribute on processed text nodes"
              time="0.0004825">
    </testcase>
    <testcase classname="src/auto-detect/__tests__/TextReplacer.unit.ts"
              name="TextReplacer &gt; restoreOriginalText() &gt; removes wrappers and puts text back"
              time="0.000504125">
    </testcase>
    <testcase classname="src/auto-detect/__tests__/TextReplacer.unit.ts"
              name="TextReplacer &gt; restoreOriginalText() &gt; normalizes adjacent text nodes after restoration"
              time="0.000432291">
    </testcase>
  </testsuite>
  <testsuite name="src/auto-detect/__tests__/detection-registry.unit.ts" timestamp="2026-05-04T21:33:43.191Z"
             hostname="Ms-MacBook-Air.fritz.box" tests="75" failures="0" errors="0" skipped="0" time="0.015356959">
    <testcase classname="src/auto-detect/__tests__/detection-registry.unit.ts"
              name="detection-registry &gt; sanitizeToken() &gt; strips trailing dot" time="0.001394375">
    </testcase>
    <testcase classname="src/auto-detect/__tests__/detection-registry.unit.ts"
              name="detection-registry &gt; sanitizeToken() &gt; strips trailing comma" time="0.000187917">
    </testcase>
    <testcase classname="src/auto-detect/__tests__/detection-registry.unit.ts"
              name="detection-registry &gt; sanitizeToken() &gt; strips surrounding double quotes" time="0.0000935">
    </testcase>
    <testcase classname="src/auto-detect/__tests__/detection-registry.unit.ts"
              name="detection-registry &gt; sanitizeToken() &gt; strips surrounding parentheses" time="0.000103958">
    </testcase>
    <testcase classname="src/auto-detect/__tests__/detection-registry.unit.ts"
              name="detection-registry &gt; sanitizeToken() &gt; strips surrounding single quotes" time="0.000208542">
    </testcase>
    <testcase classname="src/auto-detect/__tests__/detection-registry.unit.ts"
              name="detection-registry &gt; sanitizeToken() &gt; strips trailing semicolon" time="0.000113333">
    </testcase>
    <testcase classname="src/auto-detect/__tests__/detection-registry.unit.ts"
              name="detection-registry &gt; sanitizeToken() &gt; strips trailing colon" time="0.000082958">
    </testcase>
    <testcase classname="src/auto-detect/__tests__/detection-registry.unit.ts"
              name="detection-registry &gt; sanitizeToken() &gt; returns unchanged value when no leading/trailing punctuation"
              time="0.000136542">
    </testcase>
    <testcase classname="src/auto-detect/__tests__/detection-registry.unit.ts"
              name="detection-registry &gt; sanitizeToken() &gt; returns empty string for all-punctuation input"
              time="0.000127875">
    </testcase>
    <testcase classname="src/auto-detect/__tests__/detection-registry.unit.ts"
              name="detection-registry &gt; sanitizeToken() &gt; returns correct leadingStripped count for leading quote"
              time="0.000122459">
    </testcase>
    <testcase classname="src/auto-detect/__tests__/detection-registry.unit.ts"
              name="detection-registry &gt; sanitizeToken() &gt; returns correct leadingStripped count for leading parenthesis"
              time="0.000068583">
    </testcase>
    <testcase classname="src/auto-detect/__tests__/detection-registry.unit.ts"
              name="detection-registry &gt; sanitizeToken() &gt; returns leadingStripped 0 when only trailing punctuation"
              time="0.001156">
    </testcase>
    <testcase classname="src/auto-detect/__tests__/detection-registry.unit.ts"
              name="detection-registry &gt; sanitizeToken() &gt; strips multiple leading/trailing punctuation characters"
              time="0.000185417">
    </testcase>
    <testcase classname="src/auto-detect/__tests__/detection-registry.unit.ts"
              name="detection-registry &gt; sanitizeToken() &gt; strips surrounding straight double quotes"
              time="0.0000845">
    </testcase>
    <testcase classname="src/auto-detect/__tests__/detection-registry.unit.ts"
              name="detection-registry &gt; sanitizeToken() &gt; strips surrounding guillemets" time="0.0002295">
    </testcase>
    <testcase classname="src/auto-detect/__tests__/detection-registry.unit.ts"
              name="detection-registry &gt; sanitizeToken() &gt; strips whitespace-only input to empty string"
              time="0.000417917">
    </testcase>
    <testcase classname="src/auto-detect/__tests__/detection-registry.unit.ts"
              name="detection-registry &gt; sanitizeToken() &gt; handles mixed leading and trailing punctuation"
              time="0.00010375">
    </testcase>
    <testcase classname="src/auto-detect/__tests__/detection-registry.unit.ts"
              name="detection-registry &gt; sanitizeToken() &gt; returns empty string for empty input with leadingStripped 0"
              time="0.000069333">
    </testcase>
    <testcase classname="src/auto-detect/__tests__/detection-registry.unit.ts"
              name="detection-registry &gt; detectBestFit() — default mode &gt; returns DOIType for a bare DOI"
              time="0.001044083">
    </testcase>
    <testcase classname="src/auto-detect/__tests__/detection-registry.unit.ts"
              name="detection-registry &gt; detectBestFit() — default mode &gt; returns DOIType for a DOI with doi: prefix"
              time="0.0003475">
    </testcase>
    <testcase classname="src/auto-detect/__tests__/detection-registry.unit.ts"
              name="detection-registry &gt; detectBestFit() — default mode &gt; returns ORCIDType for a bare ORCID"
              time="0.000067625">
    </testcase>
    <testcase classname="src/auto-detect/__tests__/detection-registry.unit.ts"
              name="detection-registry &gt; detectBestFit() — default mode &gt; returns ORCIDType for an ORCID URL"
              time="0.000079958">
    </testcase>
    <testcase classname="src/auto-detect/__tests__/detection-registry.unit.ts"
              name="detection-registry &gt; detectBestFit() — default mode &gt; returns HandleType for a Handle identifier"
              time="0.000169041">
    </testcase>
    <testcase classname="src/auto-detect/__tests__/detection-registry.unit.ts"
              name="detection-registry &gt; detectBestFit() — default mode &gt; returns RORType for a ROR URL"
              time="0.000329">
    </testcase>
    <testcase classname="src/auto-detect/__tests__/detection-registry.unit.ts"
              name="detection-registry &gt; detectBestFit() — default mode &gt; returns SPDXType for an SPDX license URL"
              time="0.000333208">
    </testcase>
    <testcase classname="src/auto-detect/__tests__/detection-registry.unit.ts"
              name="detection-registry &gt; detectBestFit() — default mode &gt; returns EmailType for an email address"
              time="0.00021825">
    </testcase>
    <testcase classname="src/auto-detect/__tests__/detection-registry.unit.ts"
              name="detection-registry &gt; detectBestFit() — default mode &gt; returns URLType for a generic HTTPS URL"
              time="0.000195708">
    </testcase>
    <testcase classname="src/auto-detect/__tests__/detection-registry.unit.ts"
              name="detection-registry &gt; detectBestFit() — default mode &gt; returns DateType for an ISO 8601 datetime with timezone offset"
              time="0.000051541">
    </testcase>
    <testcase classname="src/auto-detect/__tests__/detection-registry.unit.ts"
              name="detection-registry &gt; detectBestFit() — default mode &gt; returns LocaleType for a locale with region subtag"
              time="0.000215541">
    </testcase>
    <testcase classname="src/auto-detect/__tests__/detection-registry.unit.ts"
              name="detection-registry &gt; detectBestFit() — default mode &gt; returns null for a random word with no match"
              time="0.000077584">
    </testcase>
    <testcase classname="src/auto-detect/__tests__/detection-registry.unit.ts"
              name="detection-registry &gt; detectBestFit() — default mode &gt; returns null for an empty string"
              time="0.000075958">
    </testcase>
    <testcase classname="src/auto-detect/__tests__/detection-registry.unit.ts"
              name="detection-registry &gt; detectBestFit() — default mode &gt; returns JSONType for a JSON object string"
              time="0.000073125">
    </testcase>
    <testcase classname="src/auto-detect/__tests__/detection-registry.unit.ts"
              name="detection-registry &gt; detectBestFit() — default mode &gt; returns DOIType for a DOI with https://doi.org/ prefix"
              time="0.00004775">
    </testcase>
    <testcase classname="src/auto-detect/__tests__/detection-registry.unit.ts"
              name="detection-registry &gt; detectBestFit() — default mode &gt; returns DOIType for a DOI with https://dx.doi.org/ prefix"
              time="0.000048875">
    </testcase>
    <testcase classname="src/auto-detect/__tests__/detection-registry.unit.ts"
              name="detection-registry &gt; detectBestFit() — default mode &gt; returns DateType for a datetime with Z timezone"
              time="0.000041959">
    </testcase>
    <testcase classname="src/auto-detect/__tests__/detection-registry.unit.ts"
              name="detection-registry &gt; detectBestFit() — default mode &gt; returns null for a bare two-letter locale code (too ambiguous)"
              time="0.0000785">
    </testcase>
    <testcase classname="src/auto-detect/__tests__/detection-registry.unit.ts"
              name="detection-registry &gt; detectBestFit() — default mode &gt; returns null for a bare SPDX license ID (too broad for auto-detect)"
              time="0.00008075">
    </testcase>
    <testcase classname="src/auto-detect/__tests__/detection-registry.unit.ts"
              name="detection-registry &gt; detectBestFit() — ordered mode &gt; matches DOI value when DOIType is in the list"
              time="0.000077875">
    </testcase>
    <testcase classname="src/auto-detect/__tests__/detection-registry.unit.ts"
              name="detection-registry &gt; detectBestFit() — ordered mode &gt; does NOT match DOI value when only ORCIDType is in the list (strict mode)"
              time="0.000058041">
    </testcase>
    <testcase classname="src/auto-detect/__tests__/detection-registry.unit.ts"
              name="detection-registry &gt; detectBestFit() — ordered mode &gt; HandleType wins for a DOI when HandleType is listed before DOIType"
              time="0.000046917">
    </testcase>
    <testcase classname="src/auto-detect/__tests__/detection-registry.unit.ts"
              name="detection-registry &gt; detectBestFit() — ordered mode &gt; DOIType wins when it is listed before HandleType"
              time="0.000045542">
    </testcase>
    <testcase classname="src/auto-detect/__tests__/detection-registry.unit.ts"
              name="detection-registry &gt; detectBestFit() — ordered mode &gt; skips unknown keys gracefully and still matches known ones"
              time="0.000041">
    </testcase>
    <testcase classname="src/auto-detect/__tests__/detection-registry.unit.ts"
              name="detection-registry &gt; detectBestFit() — ordered mode &gt; returns null when all keys in the list are unknown (strict mode)"
              time="0.000040083">
    </testcase>
    <testcase classname="src/auto-detect/__tests__/detection-registry.unit.ts"
              name="detection-registry &gt; detectBestFit() — ordered mode &gt; returns null when the ordered list is empty"
              time="0.00004625">
    </testcase>
    <testcase classname="src/auto-detect/__tests__/detection-registry.unit.ts"
              name="detection-registry &gt; detectBestFit() — ordered mode &gt; returns null when the ordered list has no match"
              time="0.000095833">
    </testcase>
    <testcase classname="src/auto-detect/__tests__/detection-registry.unit.ts"
              name="detection-registry &gt; detectBestFit() — ordered mode &gt; skips unknown keys and falls back to default when fallbackToAll is true"
              time="0.000047708">
    </testcase>
    <testcase classname="src/auto-detect/__tests__/detection-registry.unit.ts"
              name="detection-registry &gt; detectBestFit() — ordered mode &gt; skips unknown keys and returns null when fallbackToAll is false"
              time="0.000043667">
    </testcase>
    <testcase classname="src/auto-detect/__tests__/detection-registry.unit.ts"
              name="detection-registry &gt; detectBestFit() — ordered mode &gt; duplicate keys in ordered list — first match wins"
              time="0.000042708">
    </testcase>
    <testcase classname="src/auto-detect/__tests__/detection-registry.unit.ts"
              name="detection-registry &gt; detectBestFit() — ordered mode with non-auto-discoverable renderers &gt; LocaleType matches when explicitly listed (not auto-discoverable by default)"
              time="0.000083792">
    </testcase>
    <testcase classname="src/auto-detect/__tests__/detection-registry.unit.ts"
              name="detection-registry &gt; detectBestFit() — ordered mode with non-auto-discoverable renderers &gt; LocaleType returns null in default mode (not auto-discoverable)"
              time="0.000078916">
    </testcase>
    <testcase classname="src/auto-detect/__tests__/detection-registry.unit.ts"
              name="detection-registry &gt; detectBestFit() — ordered mode with non-auto-discoverable renderers &gt; en-US locale matches when explicitly listed"
              time="0.000064166">
    </testcase>
    <testcase classname="src/auto-detect/__tests__/detection-registry.unit.ts"
              name="detection-registry &gt; detectBestFit() — ordered mode with non-auto-discoverable renderers &gt; strictly ordered mode with non-auto-discoverable renderer and fallbackToAll=false"
              time="0.000039375">
    </testcase>
    <testcase classname="src/auto-detect/__tests__/detection-registry.unit.ts"
              name="detection-registry &gt; detectBestFit() — quickCheck() returning undefined &gt; SPDX bare license ID quickCheck() returns undefined (not false)"
              time="0.000072459">
    </testcase>
    <testcase classname="src/auto-detect/__tests__/detection-registry.unit.ts"
              name="detection-registry &gt; detectBestFit() — quickCheck() returning undefined &gt; SPDX bare license ID returns null in default mode (undefined is falsy)"
              time="0.000068792">
    </testcase>
    <testcase classname="src/auto-detect/__tests__/detection-registry.unit.ts"
              name="detection-registry &gt; detectBestFit() — quickCheck() returning undefined &gt; SPDX bare license ID with ordered list and fallbackToAll=true falls back to null"
              time="0.000084709">
    </testcase>
    <testcase classname="src/auto-detect/__tests__/detection-registry.unit.ts"
              name="detection-registry &gt; detectBestFit() — quickCheck() returning undefined &gt; Apache-2.0 bare ID returns null in default mode"
              time="0.000061333">
    </testcase>
    <testcase classname="src/auto-detect/__tests__/detection-registry.unit.ts"
              name="detection-registry &gt; detectBestFit() — fallbackToAll &gt; falls back to default registry when ordered list has no match (fallbackToAll=true)"
              time="0.000045041">
    </testcase>
    <testcase classname="src/auto-detect/__tests__/detection-registry.unit.ts"
              name="detection-registry &gt; detectBestFit() — fallbackToAll &gt; returns null when ordered list has no match and fallbackToAll=false"
              time="0.000042792">
    </testcase>
    <testcase classname="src/auto-detect/__tests__/detection-registry.unit.ts"
              name="detection-registry &gt; detectBestFit() — fallbackToAll &gt; fallbackToAll defaults to true when not specified"
              time="0.0000445">
    </testcase>
    <testcase classname="src/auto-detect/__tests__/detection-registry.unit.ts"
              name="detection-registry &gt; detectBestFit() — fallbackToAll &gt; empty ordered list with fallbackToAll=true falls back to default"
              time="0.000042375">
    </testcase>
    <testcase classname="src/auto-detect/__tests__/detection-registry.unit.ts"
              name="detection-registry &gt; detectBestFit() — fallbackToAll &gt; empty ordered list with fallbackToAll=false falls back to default"
              time="0.001014333">
    </testcase>
    <testcase classname="src/auto-detect/__tests__/detection-registry.unit.ts"
              name="detection-registry &gt; priority ordering &gt; DOI beats Handle in default mode for a DOI value"
              time="0.000051208">
    </testcase>
    <testcase classname="src/auto-detect/__tests__/detection-registry.unit.ts"
              name="detection-registry &gt; priority ordering &gt; ORCID beats Handle in default mode for an ORCID value"
              time="0.000043583">
    </testcase>
    <testcase classname="src/auto-detect/__tests__/detection-registry.unit.ts"
              name="detection-registry &gt; priority ordering &gt; ORCIDType appears before DOIType in the registry"
              time="0.000073708">
    </testcase>
    <testcase classname="src/auto-detect/__tests__/detection-registry.unit.ts"
              name="detection-registry &gt; priority ordering &gt; DOIType appears before HandleType in the registry"
              time="0.000046209">
    </testcase>
    <testcase classname="src/auto-detect/__tests__/detection-registry.unit.ts"
              name="detection-registry &gt; priority ordering &gt; SPDXType URL is matched before URLType in default mode"
              time="0.000056458">
    </testcase>
    <testcase classname="src/auto-detect/__tests__/detection-registry.unit.ts"
              name="detection-registry &gt; priority ordering &gt; ROR URL is matched as RORType rather than URLType"
              time="0.000044">
    </testcase>
    <testcase classname="src/auto-detect/__tests__/detection-registry.unit.ts"
              name="detection-registry &gt; priority ordering &gt; ORCID URL is matched as ORCIDType rather than URLType"
              time="0.000038958">
    </testcase>
    <testcase classname="src/auto-detect/__tests__/detection-registry.unit.ts"
              name="detection-registry &gt; individual detector edge cases &gt; EmailType rejects empty string"
              time="0.000046084">
    </testcase>
    <testcase classname="src/auto-detect/__tests__/detection-registry.unit.ts"
              name="detection-registry &gt; individual detector edge cases &gt; JSONType rejects a plain string (non-object)"
              time="0.000048583">
    </testcase>
    <testcase classname="src/auto-detect/__tests__/detection-registry.unit.ts"
              name="detection-registry &gt; individual detector edge cases &gt; JSONType rejects an empty string"
              time="0.000045">
    </testcase>
    <testcase classname="src/auto-detect/__tests__/detection-registry.unit.ts"
              name="detection-registry &gt; individual detector edge cases &gt; JSONType accepts a JSON array"
              time="0.000050625">
    </testcase>
    <testcase classname="src/auto-detect/__tests__/detection-registry.unit.ts"
              name="detection-registry &gt; individual detector edge cases &gt; JSONType rejects invalid JSON"
              time="0.000059542">
    </testcase>
    <testcase classname="src/auto-detect/__tests__/detection-registry.unit.ts"
              name="detection-registry &gt; individual detector edge cases &gt; LocaleType rejects bare two-letter code"
              time="0.000050834">
    </testcase>
    <testcase classname="src/auto-detect/__tests__/detection-registry.unit.ts"
              name="detection-registry &gt; individual detector edge cases &gt; LocaleType accepts &quot;en-US&quot;"
              time="0.000042958">
    </testcase>
  </testsuite>
  <testsuite name="src/auto-detect/__tests__/initPidDetection.unit.ts" timestamp="2026-05-04T21:33:43.197Z"
             hostname="Ms-MacBook-Air.fritz.box" tests="9" failures="0" errors="0" skipped="0" time="0.010529791">
    <testcase classname="src/auto-detect/__tests__/initPidDetection.unit.ts"
              name="initPidDetection &gt; basic functionality &gt; creates a controller with destroy method"
              time="0.002807584">
    </testcase>
    <testcase classname="src/auto-detect/__tests__/initPidDetection.unit.ts"
              name="initPidDetection &gt; basic functionality &gt; scans the DOM on initialization" time="0.000438417">
    </testcase>
    <testcase classname="src/auto-detect/__tests__/initPidDetection.unit.ts"
              name="initPidDetection &gt; basic functionality &gt; does not throw when called without options"
              time="0.000856208">
    </testcase>
    <testcase classname="src/auto-detect/__tests__/initPidDetection.unit.ts"
              name="initPidDetection &gt; basic functionality &gt; handles root element that is not document.body"
              time="0.001166125">
    </testcase>
    <testcase classname="src/auto-detect/__tests__/initPidDetection.unit.ts"
              name="initPidDetection &gt; controller methods &gt; stop() disconnects the MutationObserver when observe is true"
              time="0.000778833">
    </testcase>
    <testcase classname="src/auto-detect/__tests__/initPidDetection.unit.ts"
              name="initPidDetection &gt; controller methods &gt; rescan() calls scanDom again" time="0.000766583">
    </testcase>
    <testcase classname="src/auto-detect/__tests__/initPidDetection.unit.ts"
              name="initPidDetection &gt; controller methods &gt; destroy() disconnects observer and calls restoreOriginalText"
              time="0.000942208">
    </testcase>
    <testcase classname="src/auto-detect/__tests__/initPidDetection.unit.ts"
              name="initPidDetection &gt; controller methods &gt; destroy() handles case when observer is not set"
              time="0.000804208">
    </testcase>
    <testcase classname="src/auto-detect/__tests__/initPidDetection.unit.ts"
              name="initPidDetection &gt; lifecycle methods &gt; destroy() restores original text for accumulated records"
              time="0.000748958">
    </testcase>
  </testsuite>
  <testsuite name="src/utils/__tests__/DataCache.unit.ts" timestamp="2026-05-04T21:33:43.198Z"
             hostname="Ms-MacBook-Air.fritz.box" tests="9" failures="0" errors="0" skipped="0" time="0.013455584">
    <testcase classname="src/utils/__tests__/DataCache.unit.ts"
              name="DataCache &gt; cachedFetch() without cache API available &gt; falls back to fetch when no cache is available"
              time="0.00315525">
    </testcase>
    <testcase classname="src/utils/__tests__/DataCache.unit.ts"
              name="DataCache &gt; cachedFetch() without cache API available &gt; passes init options through to fetch"
              time="0.001113292">
    </testcase>
    <testcase classname="src/utils/__tests__/DataCache.unit.ts"
              name="DataCache &gt; cachedFetch() with cache API available &gt; returns cached response when cache hit occurs"
              time="0.001014167">
    </testcase>
    <testcase classname="src/utils/__tests__/DataCache.unit.ts"
              name="DataCache &gt; cachedFetch() with cache API available &gt; fetches from network, caches, and returns data on cache miss for https URL"
              time="0.00158125">
    </testcase>
    <testcase classname="src/utils/__tests__/DataCache.unit.ts"
              name="DataCache &gt; cachedFetch() with cache API available &gt; upgrades http to https when fetching on cache miss"
              time="0.000456875">
    </testcase>
    <testcase classname="src/utils/__tests__/DataCache.unit.ts"
              name="DataCache &gt; cachedFetch() with cache API available &gt; falls back to http when https fails with falsy response"
              time="0.000642166">
    </testcase>
    <testcase classname="src/utils/__tests__/DataCache.unit.ts"
              name="DataCache &gt; cachedFetch() with cache API available &gt; throws error when fetch fails completely"
              time="0.002246125">
    </testcase>
    <testcase classname="src/utils/__tests__/DataCache.unit.ts"
              name="DataCache &gt; clearCache() &gt; works without error when no cache instance exists"
              time="0.000821625">
    </testcase>
    <testcase classname="src/utils/__tests__/DataCache.unit.ts"
              name="DataCache &gt; clearCache() &gt; calls delete on the cache instance when it exists"
              time="0.000827958">
    </testcase>
  </testsuite>
  <testsuite name="src/utils/__tests__/FoldableAction.unit.ts" timestamp="2026-05-04T21:33:43.198Z"
             hostname="Ms-MacBook-Air.fritz.box" tests="14" failures="0" errors="0" skipped="0" time="0.00508625">
    <testcase classname="src/utils/__tests__/FoldableAction.unit.ts"
              name="FoldableAction &gt; constructor &gt; creates a FoldableAction with primary style"
              time="0.001872084">
    </testcase>
    <testcase classname="src/utils/__tests__/FoldableAction.unit.ts"
              name="FoldableAction &gt; constructor &gt; creates a FoldableAction with secondary style"
              time="0.000202541">
    </testcase>
    <testcase classname="src/utils/__tests__/FoldableAction.unit.ts"
              name="FoldableAction &gt; constructor &gt; creates a FoldableAction with danger style" time="0.000107167">
    </testcase>
    <testcase classname="src/utils/__tests__/FoldableAction.unit.ts"
              name="FoldableAction &gt; priority &gt; returns the priority" time="0.000087292">
    </testcase>
    <testcase classname="src/utils/__tests__/FoldableAction.unit.ts"
              name="FoldableAction &gt; title &gt; returns the title" time="0.000077584">
    </testcase>
    <testcase classname="src/utils/__tests__/FoldableAction.unit.ts"
              name="FoldableAction &gt; link &gt; returns the link" time="0.000072375">
    </testcase>
    <testcase classname="src/utils/__tests__/FoldableAction.unit.ts"
              name="FoldableAction &gt; style &gt; returns primary style" time="0.0000685">
    </testcase>
    <testcase classname="src/utils/__tests__/FoldableAction.unit.ts"
              name="FoldableAction &gt; style &gt; returns secondary style" time="0.000072041">
    </testcase>
    <testcase classname="src/utils/__tests__/FoldableAction.unit.ts"
              name="FoldableAction &gt; style &gt; returns danger style" time="0.000081459">
    </testcase>
    <testcase classname="src/utils/__tests__/FoldableAction.unit.ts"
              name="FoldableAction &gt; equals() &gt; returns true for identical actions" time="0.000140292">
    </testcase>
    <testcase classname="src/utils/__tests__/FoldableAction.unit.ts"
              name="FoldableAction &gt; equals() &gt; returns false for different priority" time="0.000072917">
    </testcase>
    <testcase classname="src/utils/__tests__/FoldableAction.unit.ts"
              name="FoldableAction &gt; equals() &gt; returns false for different title" time="0.000059375">
    </testcase>
    <testcase classname="src/utils/__tests__/FoldableAction.unit.ts"
              name="FoldableAction &gt; equals() &gt; returns false for different link" time="0.000054792">
    </testcase>
    <testcase classname="src/utils/__tests__/FoldableAction.unit.ts"
              name="FoldableAction &gt; equals() &gt; returns false for different style" time="0.000048583">
    </testcase>
  </testsuite>
  <testsuite name="src/utils/__tests__/FoldableItem.unit.ts" timestamp="2026-05-04T21:33:43.199Z"
             hostname="Ms-MacBook-Air.fritz.box" tests="28" failures="0" errors="0" skipped="0" time="0.006011875">
    <testcase classname="src/utils/__tests__/FoldableItem.unit.ts"
              name="FoldableItem &gt; constructor &gt; creates a FoldableItem with all properties" time="0.001883459">
    </testcase>
    <testcase classname="src/utils/__tests__/FoldableItem.unit.ts"
              name="FoldableItem &gt; constructor &gt; creates a FoldableItem with default renderDynamically"
              time="0.000133167">
    </testcase>
    <testcase classname="src/utils/__tests__/FoldableItem.unit.ts"
              name="FoldableItem &gt; constructor &gt; creates a FoldableItem with renderDynamically set to false"
              time="0.000106708">
    </testcase>
    <testcase classname="src/utils/__tests__/FoldableItem.unit.ts"
              name="FoldableItem &gt; priority &gt; returns the priority" time="0.000088208">
    </testcase>
    <testcase classname="src/utils/__tests__/FoldableItem.unit.ts"
              name="FoldableItem &gt; keyTitle &gt; returns the key title" time="0.000073375">
    </testcase>
    <testcase classname="src/utils/__tests__/FoldableItem.unit.ts" name="FoldableItem &gt; value &gt; returns the value"
              time="0.000059292">
    </testcase>
    <testcase classname="src/utils/__tests__/FoldableItem.unit.ts"
              name="FoldableItem &gt; keyTooltip &gt; returns undefined when not provided" time="0.000070917">
    </testcase>
    <testcase classname="src/utils/__tests__/FoldableItem.unit.ts"
              name="FoldableItem &gt; keyTooltip &gt; returns the tooltip when provided" time="0.000067792">
    </testcase>
    <testcase classname="src/utils/__tests__/FoldableItem.unit.ts"
              name="FoldableItem &gt; keyLink &gt; returns undefined when not provided" time="0.000082666">
    </testcase>
    <testcase classname="src/utils/__tests__/FoldableItem.unit.ts"
              name="FoldableItem &gt; keyLink &gt; returns the link when provided" time="0.00010725">
    </testcase>
    <testcase classname="src/utils/__tests__/FoldableItem.unit.ts"
              name="FoldableItem &gt; valueRegex &gt; returns undefined when not provided" time="0.00006625">
    </testcase>
    <testcase classname="src/utils/__tests__/FoldableItem.unit.ts"
              name="FoldableItem &gt; valueRegex &gt; returns the regex when provided" time="0.000070709">
    </testcase>
    <testcase classname="src/utils/__tests__/FoldableItem.unit.ts"
              name="FoldableItem &gt; renderDynamically &gt; returns true by default" time="0.000051084">
    </testcase>
    <testcase classname="src/utils/__tests__/FoldableItem.unit.ts"
              name="FoldableItem &gt; renderDynamically &gt; returns false when explicitly set" time="0.000066375">
    </testcase>
    <testcase classname="src/utils/__tests__/FoldableItem.unit.ts"
              name="FoldableItem &gt; estimatedTypePriority &gt; returns 0 when renderDynamically is true"
              time="0.00004625">
    </testcase>
    <testcase classname="src/utils/__tests__/FoldableItem.unit.ts"
              name="FoldableItem &gt; estimatedTypePriority &gt; returns MAX_SAFE_INTEGER when renderDynamically is false"
              time="0.000059667">
    </testcase>
    <testcase classname="src/utils/__tests__/FoldableItem.unit.ts"
              name="FoldableItem &gt; isValidValue() &gt; returns true when no regex is set" time="0.000063542">
    </testcase>
    <testcase classname="src/utils/__tests__/FoldableItem.unit.ts"
              name="FoldableItem &gt; isValidValue() &gt; returns true when value matches regex" time="0.000079917">
    </testcase>
    <testcase classname="src/utils/__tests__/FoldableItem.unit.ts"
              name="FoldableItem &gt; isValidValue() &gt; returns false when value does not match regex"
              time="0.000081542">
    </testcase>
    <testcase classname="src/utils/__tests__/FoldableItem.unit.ts"
              name="FoldableItem &gt; isValidValue() &gt; handles regex with special characters" time="0.000069375">
    </testcase>
    <testcase classname="src/utils/__tests__/FoldableItem.unit.ts"
              name="FoldableItem &gt; equals() &gt; returns true for identical items" time="0.000075708">
    </testcase>
    <testcase classname="src/utils/__tests__/FoldableItem.unit.ts"
              name="FoldableItem &gt; equals() &gt; returns false for different keyTitle" time="0.000045791">
    </testcase>
    <testcase classname="src/utils/__tests__/FoldableItem.unit.ts"
              name="FoldableItem &gt; equals() &gt; returns false for different value" time="0.000044291">
    </testcase>
    <testcase classname="src/utils/__tests__/FoldableItem.unit.ts"
              name="FoldableItem &gt; equals() &gt; returns false for different keyTooltip" time="0.000055333">
    </testcase>
    <testcase classname="src/utils/__tests__/FoldableItem.unit.ts"
              name="FoldableItem &gt; equals() &gt; returns false for different keyLink" time="0.000049833">
    </testcase>
    <testcase classname="src/utils/__tests__/FoldableItem.unit.ts"
              name="FoldableItem &gt; equals() &gt; returns false for different renderDynamically" time="0.000047125">
    </testcase>
    <testcase classname="src/utils/__tests__/FoldableItem.unit.ts"
              name="FoldableItem &gt; equals() &gt; ignores priority in comparison" time="0.000047167">
    </testcase>
    <testcase classname="src/utils/__tests__/FoldableItem.unit.ts"
              name="FoldableItem &gt; equals() &gt; ignores valueRegex in comparison" time="0.000051167">
    </testcase>
  </testsuite>
  <testsuite name="src/utils/__tests__/GenericIdentifierType.unit.ts" timestamp="2026-05-04T21:33:43.201Z"
             hostname="Ms-MacBook-Air.fritz.box" tests="23" failures="0" errors="0" skipped="0" time="0.007638167">
    <testcase classname="src/utils/__tests__/GenericIdentifierType.unit.ts"
              name="GenericIdentifierType &gt; constructor &gt; stores the value passed to the constructor"
              time="0.002457125">
    </testcase>
    <testcase classname="src/utils/__tests__/GenericIdentifierType.unit.ts"
              name="GenericIdentifierType &gt; constructor &gt; stores settings when provided via setter"
              time="0.0004755">
    </testcase>
    <testcase classname="src/utils/__tests__/GenericIdentifierType.unit.ts"
              name="GenericIdentifierType &gt; constructor &gt; defaults settings to an empty array when not provided"
              time="0.000635542">
    </testcase>
    <testcase classname="src/utils/__tests__/GenericIdentifierType.unit.ts"
              name="GenericIdentifierType &gt; value getter &gt; returns the stored value" time="0.000102334">
    </testcase>
    <testcase classname="src/utils/__tests__/GenericIdentifierType.unit.ts"
              name="GenericIdentifierType &gt; settings getter/setter &gt; getter returns the current settings"
              time="0.000087958">
    </testcase>
    <testcase classname="src/utils/__tests__/GenericIdentifierType.unit.ts"
              name="GenericIdentifierType &gt; settings getter/setter &gt; setter updates the settings"
              time="0.000074208">
    </testcase>
    <testcase classname="src/utils/__tests__/GenericIdentifierType.unit.ts"
              name="GenericIdentifierType &gt; settings getter/setter &gt; setter triggers updateDarkMode"
              time="0.000084">
    </testcase>
    <testcase classname="src/utils/__tests__/GenericIdentifierType.unit.ts"
              name="GenericIdentifierType &gt; isDarkMode &gt; returns false when darkMode setting is &quot;light&quot;"
              time="0.000084333">
    </testcase>
    <testcase classname="src/utils/__tests__/GenericIdentifierType.unit.ts"
              name="GenericIdentifierType &gt; isDarkMode &gt; returns true when darkMode setting is &quot;dark&quot;"
              time="0.000096625">
    </testcase>
    <testcase classname="src/utils/__tests__/GenericIdentifierType.unit.ts"
              name="GenericIdentifierType &gt; isDarkMode &gt; returns false by default when no darkMode setting exists"
              time="0.000108167">
    </testcase>
    <testcase classname="src/utils/__tests__/GenericIdentifierType.unit.ts"
              name="GenericIdentifierType &gt; isDarkMode &gt; returns false by default when settings are empty"
              time="0.000067167">
    </testcase>
    <testcase classname="src/utils/__tests__/GenericIdentifierType.unit.ts"
              name="GenericIdentifierType &gt; isDarkMode &gt; returns false when system preference is not dark"
              time="0.000168">
    </testcase>
    <testcase classname="src/utils/__tests__/GenericIdentifierType.unit.ts"
              name="GenericIdentifierType &gt; isDarkMode &gt; updates when settings are changed via the setter"
              time="0.000082375">
    </testcase>
    <testcase classname="src/utils/__tests__/GenericIdentifierType.unit.ts"
              name="GenericIdentifierType &gt; items getter &gt; returns an empty array by default" time="0.000112125">
    </testcase>
    <testcase classname="src/utils/__tests__/GenericIdentifierType.unit.ts"
              name="GenericIdentifierType &gt; actions getter &gt; returns an empty array by default"
              time="0.000060958">
    </testcase>
    <testcase classname="src/utils/__tests__/GenericIdentifierType.unit.ts"
              name="GenericIdentifierType &gt; data getter &gt; returns undefined by default" time="0.00006675">
    </testcase>
    <testcase classname="src/utils/__tests__/GenericIdentifierType.unit.ts"
              name="GenericIdentifierType &gt; quickCheck() &gt; returns true by default for test renderer"
              time="0.000065291">
    </testcase>
    <testcase classname="src/utils/__tests__/GenericIdentifierType.unit.ts"
              name="GenericIdentifierType &gt; isResolvable() &gt; returns true by default" time="0.000051041">
    </testcase>
    <testcase classname="src/utils/__tests__/GenericIdentifierType.unit.ts"
              name="GenericIdentifierType &gt; renderBody() &gt; returns undefined by default" time="0.000063292">
    </testcase>
    <testcase classname="src/utils/__tests__/GenericIdentifierType.unit.ts"
              name="GenericIdentifierType &gt; abstract methods (TestRenderer stubs) &gt; hasMeaningfulInformation() resolves to true"
              time="0.000071042">
    </testcase>
    <testcase classname="src/utils/__tests__/GenericIdentifierType.unit.ts"
              name="GenericIdentifierType &gt; abstract methods (TestRenderer stubs) &gt; getSettingsKey() returns the stub key"
              time="0.000048458">
    </testcase>
    <testcase classname="src/utils/__tests__/GenericIdentifierType.unit.ts"
              name="GenericIdentifierType &gt; abstract methods (TestRenderer stubs) &gt; renderPreview() returns a FunctionalComponent from the stub"
              time="0.000059542">
    </testcase>
    <testcase classname="src/utils/__tests__/GenericIdentifierType.unit.ts"
              name="GenericIdentifierType &gt; abstract methods (TestRenderer stubs) &gt; init() completes without error"
              time="0.000442667">
    </testcase>
  </testsuite>
  <testsuite name="src/utils/__tests__/IndexedDBUtil.unit.ts" timestamp="2026-05-04T21:33:43.202Z"
             hostname="Ms-MacBook-Air.fritz.box" tests="15" failures="0" errors="0" skipped="0" time="0.050931375">
    <testcase classname="src/utils/__tests__/IndexedDBUtil.unit.ts"
              name="Database &gt; getEntity() &gt; returns cached entity when found in DB and TTL not expired"
              time="0.0140325">
      <system-out>
        Found entity for value in db {
        value: &apos;test-doi&apos;,
        rendererKey: &apos;DOIType&apos;,
        orderedRendererKeys: null,
        context: &apos;https://example.com&apos;,
        lastAccess: 2026-05-04T21:33:35.293Z,
        lastData: { some: &apos;data&apos; }
        } test-doi
        TTL not expired or undefined 7

      </system-out>
    </testcase>
    <testcase classname="src/utils/__tests__/IndexedDBUtil.unit.ts"
              name="Database &gt; getEntity() &gt; deletes and re-fetches when TTL expired" time="0.004102208">
      <system-out>
        Found entity for value in db {
        value: &apos;test-doi&apos;,
        rendererKey: &apos;DOIType&apos;,
        orderedRendererKeys: null,
        context: &apos;https://example.com&apos;,
        lastAccess: 2026-05-04T21:31:35.304Z,
        lastData: { some: &apos;data&apos; }
        } test-doi
        TTL expired! Deleting entry in db 60000 120001

        deleted entity test-doi

        No valid entity found for value in db test-doi

        added entity {
        value: &apos;test-doi&apos;,
        getSettingsKey: [Function: Mock] {
        _isMockFunction: true,
        getMockImplementation: [Function (anonymous)],
        mock: {
        calls: [Array],
        contexts: [Array],
        instances: [Array],
        invocationCallOrder: [Array],
        settledResults: [Array],
        results: [Array],
        lastCall: [Getter]
        },
        mockImplementation: [Function: mockImplementation],
        mockImplementationOnce: [Function: mockImplementationOnce],
        withImplementation: [Function: withImplementation],
        mockReturnThis: [Function: mockReturnThis],
        mockReturnValue: [Function: mockReturnValue],
        mockReturnValueOnce: [Function: mockReturnValueOnce],
        mockThrow: [Function: mockThrow],
        mockThrowOnce: [Function: mockThrowOnce],
        mockResolvedValue: [Function: mockResolvedValue],
        mockResolvedValueOnce: [Function: mockResolvedValueOnce],
        mockRejectedValue: [Function: mockRejectedValue],
        mockRejectedValueOnce: [Function: mockRejectedValueOnce],
        mockClear: [Function: mockClear],
        mockReset: [Function: mockReset],
        mockRestore: [Function: mockRestore],
        mockName: [Function: mockName],
        getMockName: [Function: getMockName],
        Symbol(Symbol.dispose): [Function (anonymous)]
        },
        init: [Function: Mock] {
        _isMockFunction: true,
        getMockImplementation: [Function (anonymous)],
        mock: {
        calls: [Array],
        contexts: [Array],
        instances: [Array],
        invocationCallOrder: [Array],
        settledResults: [Array],
        results: [Array],
        lastCall: [Getter]
        },
        mockImplementation: [Function: mockImplementation],
        mockImplementationOnce: [Function: mockImplementationOnce],
        withImplementation: [Function: withImplementation],
        mockReturnThis: [Function: mockReturnThis],
        mockReturnValue: [Function: mockReturnValue],
        mockReturnValueOnce: [Function: mockReturnValueOnce],
        mockThrow: [Function: mockThrow],
        mockThrowOnce: [Function: mockThrowOnce],
        mockResolvedValue: [Function: mockResolvedValue],
        mockResolvedValueOnce: [Function: mockResolvedValueOnce],
        mockRejectedValue: [Function: mockRejectedValue],
        mockRejectedValueOnce: [Function: mockRejectedValueOnce],
        mockClear: [Function: mockClear],
        mockReset: [Function: mockReset],
        mockRestore: [Function: mockRestore],
        mockName: [Function: mockName],
        getMockName: [Function: getMockName],
        Symbol(Symbol.dispose): [Function (anonymous)]
        },
        isResolvable: [Function: Mock] {
        _isMockFunction: true,
        getMockImplementation: [Function (anonymous)],
        mock: {
        calls: [Array],
        contexts: [Array],
        instances: [Array],
        invocationCallOrder: [Array],
        settledResults: [Array],
        results: [Array],
        lastCall: [Getter]
        },
        mockImplementation: [Function: mockImplementation],
        mockImplementationOnce: [Function: mockImplementationOnce],
        withImplementation: [Function: withImplementation],
        mockReturnThis: [Function: mockReturnThis],
        mockReturnValue: [Function: mockReturnValue],
        mockReturnValueOnce: [Function: mockReturnValueOnce],
        mockThrow: [Function: mockThrow],
        mockThrowOnce: [Function: mockThrowOnce],
        mockResolvedValue: [Function: mockResolvedValue],
        mockResolvedValueOnce: [Function: mockResolvedValueOnce],
        mockRejectedValue: [Function: mockRejectedValue],
        mockRejectedValueOnce: [Function: mockRejectedValueOnce],
        mockClear: [Function: mockClear],
        mockReset: [Function: mockReset],
        mockRestore: [Function: mockRestore],
        mockName: [Function: mockName],
        getMockName: [Function: getMockName],
        Symbol(Symbol.dispose): [Function (anonymous)]
        },
        settings: [
        { name: &apos;ttl&apos;, value: 60000 },
        { name: &apos;apiKey&apos;, value: &apos;test-key&apos; }
        ],
        items: [],
        data: { fresh: true }
        }

        added relations [ Promise { undefined } ]

        added entity to db test-doi {
        value: &apos;test-doi&apos;,
        getSettingsKey: [Function: Mock] {
        _isMockFunction: true,
        getMockImplementation: [Function (anonymous)],
        mock: {
        calls: [Array],
        contexts: [Array],
        instances: [Array],
        invocationCallOrder: [Array],
        settledResults: [Array],
        results: [Array],
        lastCall: [Getter]
        },
        mockImplementation: [Function: mockImplementation],
        mockImplementationOnce: [Function: mockImplementationOnce],
        withImplementation: [Function: withImplementation],
        mockReturnThis: [Function: mockReturnThis],
        mockReturnValue: [Function: mockReturnValue],
        mockReturnValueOnce: [Function: mockReturnValueOnce],
        mockThrow: [Function: mockThrow],
        mockThrowOnce: [Function: mockThrowOnce],
        mockResolvedValue: [Function: mockResolvedValue],
        mockResolvedValueOnce: [Function: mockResolvedValueOnce],
        mockRejectedValue: [Function: mockRejectedValue],
        mockRejectedValueOnce: [Function: mockRejectedValueOnce],
        mockClear: [Function: mockClear],
        mockReset: [Function: mockReset],
        mockRestore: [Function: mockRestore],
        mockName: [Function: mockName],
        getMockName: [Function: getMockName],
        Symbol(Symbol.dispose): [Function (anonymous)]
        },
        init: [Function: Mock] {
        _isMockFunction: true,
        getMockImplementation: [Function (anonymous)],
        mock: {
        calls: [Array],
        contexts: [Array],
        instances: [Array],
        invocationCallOrder: [Array],
        settledResults: [Array],
        results: [Array],
        lastCall: [Getter]
        },
        mockImplementation: [Function: mockImplementation],
        mockImplementationOnce: [Function: mockImplementationOnce],
        withImplementation: [Function: withImplementation],
        mockReturnThis: [Function: mockReturnThis],
        mockReturnValue: [Function: mockReturnValue],
        mockReturnValueOnce: [Function: mockReturnValueOnce],
        mockThrow: [Function: mockThrow],
        mockThrowOnce: [Function: mockThrowOnce],
        mockResolvedValue: [Function: mockResolvedValue],
        mockResolvedValueOnce: [Function: mockResolvedValueOnce],
        mockRejectedValue: [Function: mockRejectedValue],
        mockRejectedValueOnce: [Function: mockRejectedValueOnce],
        mockClear: [Function: mockClear],
        mockReset: [Function: mockReset],
        mockRestore: [Function: mockRestore],
        mockName: [Function: mockName],
        getMockName: [Function: getMockName],
        Symbol(Symbol.dispose): [Function (anonymous)]
        },
        isResolvable: [Function: Mock] {
        _isMockFunction: true,
        getMockImplementation: [Function (anonymous)],
        mock: {
        calls: [Array],
        contexts: [Array],
        instances: [Array],
        invocationCallOrder: [Array],
        settledResults: [Array],
        results: [Array],
        lastCall: [Getter]
        },
        mockImplementation: [Function: mockImplementation],
        mockImplementationOnce: [Function: mockImplementationOnce],
        withImplementation: [Function: withImplementation],
        mockReturnThis: [Function: mockReturnThis],
        mockReturnValue: [Function: mockReturnValue],
        mockReturnValueOnce: [Function: mockReturnValueOnce],
        mockThrow: [Function: mockThrow],
        mockThrowOnce: [Function: mockThrowOnce],
        mockResolvedValue: [Function: mockResolvedValue],
        mockResolvedValueOnce: [Function: mockResolvedValueOnce],
        mockRejectedValue: [Function: mockRejectedValue],
        mockRejectedValueOnce: [Function: mockRejectedValueOnce],
        mockClear: [Function: mockClear],
        mockReset: [Function: mockReset],
        mockRestore: [Function: mockRestore],
        mockName: [Function: mockName],
        getMockName: [Function: getMockName],
        Symbol(Symbol.dispose): [Function (anonymous)]
        },
        settings: [
        { name: &apos;ttl&apos;, value: 60000 },
        { name: &apos;apiKey&apos;, value: &apos;test-key&apos; }
        ],
        items: [],
        data: { fresh: true }
        }

      </system-out>
    </testcase>
    <testcase classname="src/utils/__tests__/IndexedDBUtil.unit.ts"
              name="Database &gt; getEntity() &gt; calls Parser.getBestFit() on cache miss" time="0.003237333">
      <system-out>
        No valid entity found for value in db new-doi

        added entity {
        value: &apos;new-doi&apos;,
        getSettingsKey: [Function: Mock] {
        _isMockFunction: true,
        getMockImplementation: [Function (anonymous)],
        mock: {
        calls: [Array],
        contexts: [Array],
        instances: [Array],
        invocationCallOrder: [Array],
        settledResults: [Array],
        results: [Array],
        lastCall: [Getter]
        },
        mockImplementation: [Function: mockImplementation],
        mockImplementationOnce: [Function: mockImplementationOnce],
        withImplementation: [Function: withImplementation],
        mockReturnThis: [Function: mockReturnThis],
        mockReturnValue: [Function: mockReturnValue],
        mockReturnValueOnce: [Function: mockReturnValueOnce],
        mockThrow: [Function: mockThrow],
        mockThrowOnce: [Function: mockThrowOnce],
        mockResolvedValue: [Function: mockResolvedValue],
        mockResolvedValueOnce: [Function: mockResolvedValueOnce],
        mockRejectedValue: [Function: mockRejectedValue],
        mockRejectedValueOnce: [Function: mockRejectedValueOnce],
        mockClear: [Function: mockClear],
        mockReset: [Function: mockReset],
        mockRestore: [Function: mockRestore],
        mockName: [Function: mockName],
        getMockName: [Function: getMockName],
        Symbol(Symbol.dispose): [Function (anonymous)]
        },
        init: [Function: Mock] {
        _isMockFunction: true,
        getMockImplementation: [Function (anonymous)],
        mock: {
        calls: [Array],
        contexts: [Array],
        instances: [Array],
        invocationCallOrder: [Array],
        settledResults: [Array],
        results: [Array],
        lastCall: [Getter]
        },
        mockImplementation: [Function: mockImplementation],
        mockImplementationOnce: [Function: mockImplementationOnce],
        withImplementation: [Function: withImplementation],
        mockReturnThis: [Function: mockReturnThis],
        mockReturnValue: [Function: mockReturnValue],
        mockReturnValueOnce: [Function: mockReturnValueOnce],
        mockThrow: [Function: mockThrow],
        mockThrowOnce: [Function: mockThrowOnce],
        mockResolvedValue: [Function: mockResolvedValue],
        mockResolvedValueOnce: [Function: mockResolvedValueOnce],
        mockRejectedValue: [Function: mockRejectedValue],
        mockRejectedValueOnce: [Function: mockRejectedValueOnce],
        mockClear: [Function: mockClear],
        mockReset: [Function: mockReset],
        mockRestore: [Function: mockRestore],
        mockName: [Function: mockName],
        getMockName: [Function: getMockName],
        Symbol(Symbol.dispose): [Function (anonymous)]
        },
        isResolvable: [Function: Mock] {
        _isMockFunction: true,
        getMockImplementation: [Function (anonymous)],
        mock: {
        calls: [Array],
        contexts: [Array],
        instances: [Array],
        invocationCallOrder: [Array],
        settledResults: [Array],
        results: [Array],
        lastCall: [Getter]
        },
        mockImplementation: [Function: mockImplementation],
        mockImplementationOnce: [Function: mockImplementationOnce],
        withImplementation: [Function: withImplementation],
        mockReturnThis: [Function: mockReturnThis],
        mockReturnValue: [Function: mockReturnValue],
        mockReturnValueOnce: [Function: mockReturnValueOnce],
        mockThrow: [Function: mockThrow],
        mockThrowOnce: [Function: mockThrowOnce],
        mockResolvedValue: [Function: mockResolvedValue],
        mockResolvedValueOnce: [Function: mockResolvedValueOnce],
        mockRejectedValue: [Function: mockRejectedValue],
        mockRejectedValueOnce: [Function: mockRejectedValueOnce],
        mockClear: [Function: mockClear],
        mockReset: [Function: mockReset],
        mockRestore: [Function: mockRestore],
        mockName: [Function: mockName],
        getMockName: [Function: getMockName],
        Symbol(Symbol.dispose): [Function (anonymous)]
        },
        settings: [
        { name: &apos;ttl&apos;, value: 60000 },
        { name: &apos;apiKey&apos;, value: &apos;test-key&apos; }
        ],
        items: [],
        data: {}
        }

        added relations [ Promise { undefined } ]

        added entity to db new-doi {
        value: &apos;new-doi&apos;,
        getSettingsKey: [Function: Mock] {
        _isMockFunction: true,
        getMockImplementation: [Function (anonymous)],
        mock: {
        calls: [Array],
        contexts: [Array],
        instances: [Array],
        invocationCallOrder: [Array],
        settledResults: [Array],
        results: [Array],
        lastCall: [Getter]
        },
        mockImplementation: [Function: mockImplementation],
        mockImplementationOnce: [Function: mockImplementationOnce],
        withImplementation: [Function: withImplementation],
        mockReturnThis: [Function: mockReturnThis],
        mockReturnValue: [Function: mockReturnValue],
        mockReturnValueOnce: [Function: mockReturnValueOnce],
        mockThrow: [Function: mockThrow],
        mockThrowOnce: [Function: mockThrowOnce],
        mockResolvedValue: [Function: mockResolvedValue],
        mockResolvedValueOnce: [Function: mockResolvedValueOnce],
        mockRejectedValue: [Function: mockRejectedValue],
        mockRejectedValueOnce: [Function: mockRejectedValueOnce],
        mockClear: [Function: mockClear],
        mockReset: [Function: mockReset],
        mockRestore: [Function: mockRestore],
        mockName: [Function: mockName],
        getMockName: [Function: getMockName],
        Symbol(Symbol.dispose): [Function (anonymous)]
        },
        init: [Function: Mock] {
        _isMockFunction: true,
        getMockImplementation: [Function (anonymous)],
        mock: {
        calls: [Array],
        contexts: [Array],
        instances: [Array],
        invocationCallOrder: [Array],
        settledResults: [Array],
        results: [Array],
        lastCall: [Getter]
        },
        mockImplementation: [Function: mockImplementation],
        mockImplementationOnce: [Function: mockImplementationOnce],
        withImplementation: [Function: withImplementation],
        mockReturnThis: [Function: mockReturnThis],
        mockReturnValue: [Function: mockReturnValue],
        mockReturnValueOnce: [Function: mockReturnValueOnce],
        mockThrow: [Function: mockThrow],
        mockThrowOnce: [Function: mockThrowOnce],
        mockResolvedValue: [Function: mockResolvedValue],
        mockResolvedValueOnce: [Function: mockResolvedValueOnce],
        mockRejectedValue: [Function: mockRejectedValue],
        mockRejectedValueOnce: [Function: mockRejectedValueOnce],
        mockClear: [Function: mockClear],
        mockReset: [Function: mockReset],
        mockRestore: [Function: mockRestore],
        mockName: [Function: mockName],
        getMockName: [Function: getMockName],
        Symbol(Symbol.dispose): [Function (anonymous)]
        },
        isResolvable: [Function: Mock] {
        _isMockFunction: true,
        getMockImplementation: [Function (anonymous)],
        mock: {
        calls: [Array],
        contexts: [Array],
        instances: [Array],
        invocationCallOrder: [Array],
        settledResults: [Array],
        results: [Array],
        lastCall: [Getter]
        },
        mockImplementation: [Function: mockImplementation],
        mockImplementationOnce: [Function: mockImplementationOnce],
        withImplementation: [Function: withImplementation],
        mockReturnThis: [Function: mockReturnThis],
        mockReturnValue: [Function: mockReturnValue],
        mockReturnValueOnce: [Function: mockReturnValueOnce],
        mockThrow: [Function: mockThrow],
        mockThrowOnce: [Function: mockThrowOnce],
        mockResolvedValue: [Function: mockResolvedValue],
        mockResolvedValueOnce: [Function: mockResolvedValueOnce],
        mockRejectedValue: [Function: mockRejectedValue],
        mockRejectedValueOnce: [Function: mockRejectedValueOnce],
        mockClear: [Function: mockClear],
        mockReset: [Function: mockReset],
        mockRestore: [Function: mockRestore],
        mockName: [Function: mockName],
        getMockName: [Function: getMockName],
        Symbol(Symbol.dispose): [Function (anonymous)]
        },
        settings: [
        { name: &apos;ttl&apos;, value: 60000 },
        { name: &apos;apiKey&apos;, value: &apos;test-key&apos; }
        ],
        items: [],
        data: {}
        }

      </system-out>
    </testcase>
    <testcase classname="src/utils/__tests__/IndexedDBUtil.unit.ts"
              name="Database &gt; getEntity() &gt; only stores entity when isResolvable() returns true"
              time="0.010612834">
      <system-out>
        No valid entity found for value in db doi-resolvable

        added entity {
        value: &apos;doi-resolvable&apos;,
        getSettingsKey: [Function: Mock] {
        _isMockFunction: true,
        getMockImplementation: [Function (anonymous)],
        mock: {
        calls: [Array],
        contexts: [Array],
        instances: [Array],
        invocationCallOrder: [Array],
        settledResults: [Array],
        results: [Array],
        lastCall: [Getter]
        },
        mockImplementation: [Function: mockImplementation],
        mockImplementationOnce: [Function: mockImplementationOnce],
        withImplementation: [Function: withImplementation],
        mockReturnThis: [Function: mockReturnThis],
        mockReturnValue: [Function: mockReturnValue],
        mockReturnValueOnce: [Function: mockReturnValueOnce],
        mockThrow: [Function: mockThrow],
        mockThrowOnce: [Function: mockThrowOnce],
        mockResolvedValue: [Function: mockResolvedValue],
        mockResolvedValueOnce: [Function: mockResolvedValueOnce],
        mockRejectedValue: [Function: mockRejectedValue],
        mockRejectedValueOnce: [Function: mockRejectedValueOnce],
        mockClear: [Function: mockClear],
        mockReset: [Function: mockReset],
        mockRestore: [Function: mockRestore],
        mockName: [Function: mockName],
        getMockName: [Function: getMockName],
        Symbol(Symbol.dispose): [Function (anonymous)]
        },
        init: [Function: Mock] {
        _isMockFunction: true,
        getMockImplementation: [Function (anonymous)],
        mock: {
        calls: [Array],
        contexts: [Array],
        instances: [Array],
        invocationCallOrder: [Array],
        settledResults: [Array],
        results: [Array],
        lastCall: [Getter]
        },
        mockImplementation: [Function: mockImplementation],
        mockImplementationOnce: [Function: mockImplementationOnce],
        withImplementation: [Function: withImplementation],
        mockReturnThis: [Function: mockReturnThis],
        mockReturnValue: [Function: mockReturnValue],
        mockReturnValueOnce: [Function: mockReturnValueOnce],
        mockThrow: [Function: mockThrow],
        mockThrowOnce: [Function: mockThrowOnce],
        mockResolvedValue: [Function: mockResolvedValue],
        mockResolvedValueOnce: [Function: mockResolvedValueOnce],
        mockRejectedValue: [Function: mockRejectedValue],
        mockRejectedValueOnce: [Function: mockRejectedValueOnce],
        mockClear: [Function: mockClear],
        mockReset: [Function: mockReset],
        mockRestore: [Function: mockRestore],
        mockName: [Function: mockName],
        getMockName: [Function: getMockName],
        Symbol(Symbol.dispose): [Function (anonymous)]
        },
        isResolvable: [Function: Mock] {
        _isMockFunction: true,
        getMockImplementation: [Function (anonymous)],
        mock: {
        calls: [Array],
        contexts: [Array],
        instances: [Array],
        invocationCallOrder: [Array],
        settledResults: [Array],
        results: [Array],
        lastCall: [Getter]
        },
        mockImplementation: [Function: mockImplementation],
        mockImplementationOnce: [Function: mockImplementationOnce],
        withImplementation: [Function: withImplementation],
        mockReturnThis: [Function: mockReturnThis],
        mockReturnValue: [Function: mockReturnValue],
        mockReturnValueOnce: [Function: mockReturnValueOnce],
        mockThrow: [Function: mockThrow],
        mockThrowOnce: [Function: mockThrowOnce],
        mockResolvedValue: [Function: mockResolvedValue],
        mockResolvedValueOnce: [Function: mockResolvedValueOnce],
        mockRejectedValue: [Function: mockRejectedValue],
        mockRejectedValueOnce: [Function: mockRejectedValueOnce],
        mockClear: [Function: mockClear],
        mockReset: [Function: mockReset],
        mockRestore: [Function: mockRestore],
        mockName: [Function: mockName],
        getMockName: [Function: getMockName],
        Symbol(Symbol.dispose): [Function (anonymous)]
        },
        settings: [ { name: &apos;apiKey&apos;, value: &apos;test-key&apos; } ],
        items: [],
        data: {}
        }

        added relations [ Promise { undefined } ]

        added entity to db doi-resolvable {
        value: &apos;doi-resolvable&apos;,
        getSettingsKey: [Function: Mock] {
        _isMockFunction: true,
        getMockImplementation: [Function (anonymous)],
        mock: {
        calls: [Array],
        contexts: [Array],
        instances: [Array],
        invocationCallOrder: [Array],
        settledResults: [Array],
        results: [Array],
        lastCall: [Getter]
        },
        mockImplementation: [Function: mockImplementation],
        mockImplementationOnce: [Function: mockImplementationOnce],
        withImplementation: [Function: withImplementation],
        mockReturnThis: [Function: mockReturnThis],
        mockReturnValue: [Function: mockReturnValue],
        mockReturnValueOnce: [Function: mockReturnValueOnce],
        mockThrow: [Function: mockThrow],
        mockThrowOnce: [Function: mockThrowOnce],
        mockResolvedValue: [Function: mockResolvedValue],
        mockResolvedValueOnce: [Function: mockResolvedValueOnce],
        mockRejectedValue: [Function: mockRejectedValue],
        mockRejectedValueOnce: [Function: mockRejectedValueOnce],
        mockClear: [Function: mockClear],
        mockReset: [Function: mockReset],
        mockRestore: [Function: mockRestore],
        mockName: [Function: mockName],
        getMockName: [Function: getMockName],
        Symbol(Symbol.dispose): [Function (anonymous)]
        },
        init: [Function: Mock] {
        _isMockFunction: true,
        getMockImplementation: [Function (anonymous)],
        mock: {
        calls: [Array],
        contexts: [Array],
        instances: [Array],
        invocationCallOrder: [Array],
        settledResults: [Array],
        results: [Array],
        lastCall: [Getter]
        },
        mockImplementation: [Function: mockImplementation],
        mockImplementationOnce: [Function: mockImplementationOnce],
        withImplementation: [Function: withImplementation],
        mockReturnThis: [Function: mockReturnThis],
        mockReturnValue: [Function: mockReturnValue],
        mockReturnValueOnce: [Function: mockReturnValueOnce],
        mockThrow: [Function: mockThrow],
        mockThrowOnce: [Function: mockThrowOnce],
        mockResolvedValue: [Function: mockResolvedValue],
        mockResolvedValueOnce: [Function: mockResolvedValueOnce],
        mockRejectedValue: [Function: mockRejectedValue],
        mockRejectedValueOnce: [Function: mockRejectedValueOnce],
        mockClear: [Function: mockClear],
        mockReset: [Function: mockReset],
        mockRestore: [Function: mockRestore],
        mockName: [Function: mockName],
        getMockName: [Function: getMockName],
        Symbol(Symbol.dispose): [Function (anonymous)]
        },
        isResolvable: [Function: Mock] {
        _isMockFunction: true,
        getMockImplementation: [Function (anonymous)],
        mock: {
        calls: [Array],
        contexts: [Array],
        instances: [Array],
        invocationCallOrder: [Array],
        settledResults: [Array],
        results: [Array],
        lastCall: [Getter]
        },
        mockImplementation: [Function: mockImplementation],
        mockImplementationOnce: [Function: mockImplementationOnce],
        withImplementation: [Function: withImplementation],
        mockReturnThis: [Function: mockReturnThis],
        mockReturnValue: [Function: mockReturnValue],
        mockReturnValueOnce: [Function: mockReturnValueOnce],
        mockThrow: [Function: mockThrow],
        mockThrowOnce: [Function: mockThrowOnce],
        mockResolvedValue: [Function: mockResolvedValue],
        mockResolvedValueOnce: [Function: mockResolvedValueOnce],
        mockRejectedValue: [Function: mockRejectedValue],
        mockRejectedValueOnce: [Function: mockRejectedValueOnce],
        mockClear: [Function: mockClear],
        mockReset: [Function: mockReset],
        mockRestore: [Function: mockRestore],
        mockName: [Function: mockName],
        getMockName: [Function: getMockName],
        Symbol(Symbol.dispose): [Function (anonymous)]
        },
        settings: [ { name: &apos;apiKey&apos;, value: &apos;test-key&apos; } ],
        items: [],
        data: {}
        }

      </system-out>
    </testcase>
    <testcase classname="src/utils/__tests__/IndexedDBUtil.unit.ts"
              name="Database &gt; getEntity() &gt; does NOT store when isResolvable() returns false" time="0.001179166">
      <system-out>
        No valid entity found for value in db doi-unresolvable

        renderer not resolvable, skipping IndexedDB cache doi-unresolvable DOIType

      </system-out>
    </testcase>
    <testcase classname="src/utils/__tests__/IndexedDBUtil.unit.ts"
              name="Database &gt; getEntity() &gt; returns null when Parser returns null" time="0.000833875">
      <system-out>
        No valid entity found for value in db unknown

        No renderer matched for value unknown

      </system-out>
    </testcase>
    <testcase classname="src/utils/__tests__/IndexedDBUtil.unit.ts"
              name="Database &gt; getEntity() &gt; with orderedRendererKeys invalidates cache for wrong renderer"
              time="0.006002">
      <system-out>
        Ordered renderer keys changed or cached renderer not in ordered list, re-detecting {
        cached: null,
        current: [ &apos;ORCIDType&apos; ],
        cachedRendererKey: &apos;DOIType&apos;,
        currentAllowedKeys: [ &apos;ORCIDType&apos; ]
        }

        deleted entity test-doi

        No valid entity found for value in db test-doi

        added entity {
        value: &apos;test-doi&apos;,
        getSettingsKey: [Function: Mock] {
        _isMockFunction: true,
        getMockImplementation: [Function (anonymous)],
        mock: {
        calls: [Array],
        contexts: [Array],
        instances: [Array],
        invocationCallOrder: [Array],
        settledResults: [Array],
        results: [Array],
        lastCall: [Getter]
        },
        mockImplementation: [Function: mockImplementation],
        mockImplementationOnce: [Function: mockImplementationOnce],
        withImplementation: [Function: withImplementation],
        mockReturnThis: [Function: mockReturnThis],
        mockReturnValue: [Function: mockReturnValue],
        mockReturnValueOnce: [Function: mockReturnValueOnce],
        mockThrow: [Function: mockThrow],
        mockThrowOnce: [Function: mockThrowOnce],
        mockResolvedValue: [Function: mockResolvedValue],
        mockResolvedValueOnce: [Function: mockResolvedValueOnce],
        mockRejectedValue: [Function: mockRejectedValue],
        mockRejectedValueOnce: [Function: mockRejectedValueOnce],
        mockClear: [Function: mockClear],
        mockReset: [Function: mockReset],
        mockRestore: [Function: mockRestore],
        mockName: [Function: mockName],
        getMockName: [Function: getMockName],
        Symbol(Symbol.dispose): [Function (anonymous)]
        },
        init: [Function: Mock] {
        _isMockFunction: true,
        getMockImplementation: [Function (anonymous)],
        mock: {
        calls: [Array],
        contexts: [Array],
        instances: [Array],
        invocationCallOrder: [Array],
        settledResults: [Array],
        results: [Array],
        lastCall: [Getter]
        },
        mockImplementation: [Function: mockImplementation],
        mockImplementationOnce: [Function: mockImplementationOnce],
        withImplementation: [Function: withImplementation],
        mockReturnThis: [Function: mockReturnThis],
        mockReturnValue: [Function: mockReturnValue],
        mockReturnValueOnce: [Function: mockReturnValueOnce],
        mockThrow: [Function: mockThrow],
        mockThrowOnce: [Function: mockThrowOnce],
        mockResolvedValue: [Function: mockResolvedValue],
        mockResolvedValueOnce: [Function: mockResolvedValueOnce],
        mockRejectedValue: [Function: mockRejectedValue],
        mockRejectedValueOnce: [Function: mockRejectedValueOnce],
        mockClear: [Function: mockClear],
        mockReset: [Function: mockReset],
        mockRestore: [Function: mockRestore],
        mockName: [Function: mockName],
        getMockName: [Function: getMockName],
        Symbol(Symbol.dispose): [Function (anonymous)]
        },
        isResolvable: [Function: Mock] {
        _isMockFunction: true,
        getMockImplementation: [Function (anonymous)],
        mock: {
        calls: [Array],
        contexts: [Array],
        instances: [Array],
        invocationCallOrder: [Array],
        settledResults: [Array],
        results: [Array],
        lastCall: [Getter]
        },
        mockImplementation: [Function: mockImplementation],
        mockImplementationOnce: [Function: mockImplementationOnce],
        withImplementation: [Function: withImplementation],
        mockReturnThis: [Function: mockReturnThis],
        mockReturnValue: [Function: mockReturnValue],
        mockReturnValueOnce: [Function: mockReturnValueOnce],
        mockThrow: [Function: mockThrow],
        mockThrowOnce: [Function: mockThrowOnce],
        mockResolvedValue: [Function: mockResolvedValue],
        mockResolvedValueOnce: [Function: mockResolvedValueOnce],
        mockRejectedValue: [Function: mockRejectedValue],
        mockRejectedValueOnce: [Function: mockRejectedValueOnce],
        mockClear: [Function: mockClear],
        mockReset: [Function: mockReset],
        mockRestore: [Function: mockRestore],
        mockName: [Function: mockName],
        getMockName: [Function: getMockName],
        Symbol(Symbol.dispose): [Function (anonymous)]
        },
        settings: undefined,
        items: [],
        data: {}
        }

        added relations [ Promise { undefined } ]

        added entity to db test-doi {
        value: &apos;test-doi&apos;,
        getSettingsKey: [Function: Mock] {
        _isMockFunction: true,
        getMockImplementation: [Function (anonymous)],
        mock: {
        calls: [Array],
        contexts: [Array],
        instances: [Array],
        invocationCallOrder: [Array],
        settledResults: [Array],
        results: [Array],
        lastCall: [Getter]
        },
        mockImplementation: [Function: mockImplementation],
        mockImplementationOnce: [Function: mockImplementationOnce],
        withImplementation: [Function: withImplementation],
        mockReturnThis: [Function: mockReturnThis],
        mockReturnValue: [Function: mockReturnValue],
        mockReturnValueOnce: [Function: mockReturnValueOnce],
        mockThrow: [Function: mockThrow],
        mockThrowOnce: [Function: mockThrowOnce],
        mockResolvedValue: [Function: mockResolvedValue],
        mockResolvedValueOnce: [Function: mockResolvedValueOnce],
        mockRejectedValue: [Function: mockRejectedValue],
        mockRejectedValueOnce: [Function: mockRejectedValueOnce],
        mockClear: [Function: mockClear],
        mockReset: [Function: mockReset],
        mockRestore: [Function: mockRestore],
        mockName: [Function: mockName],
        getMockName: [Function: getMockName],
        Symbol(Symbol.dispose): [Function (anonymous)]
        },
        init: [Function: Mock] {
        _isMockFunction: true,
        getMockImplementation: [Function (anonymous)],
        mock: {
        calls: [Array],
        contexts: [Array],
        instances: [Array],
        invocationCallOrder: [Array],
        settledResults: [Array],
        results: [Array],
        lastCall: [Getter]
        },
        mockImplementation: [Function: mockImplementation],
        mockImplementationOnce: [Function: mockImplementationOnce],
        withImplementation: [Function: withImplementation],
        mockReturnThis: [Function: mockReturnThis],
        mockReturnValue: [Function: mockReturnValue],
        mockReturnValueOnce: [Function: mockReturnValueOnce],
        mockThrow: [Function: mockThrow],
        mockThrowOnce: [Function: mockThrowOnce],
        mockResolvedValue: [Function: mockResolvedValue],
        mockResolvedValueOnce: [Function: mockResolvedValueOnce],
        mockRejectedValue: [Function: mockRejectedValue],
        mockRejectedValueOnce: [Function: mockRejectedValueOnce],
        mockClear: [Function: mockClear],
        mockReset: [Function: mockReset],
        mockRestore: [Function: mockRestore],
        mockName: [Function: mockName],
        getMockName: [Function: getMockName],
        Symbol(Symbol.dispose): [Function (anonymous)]
        },
        isResolvable: [Function: Mock] {
        _isMockFunction: true,
[...]
              name="pid-data-table CSS classes &gt; thead has bg-slate-600 and text-slate-200 classes" time="0.0666">
    </testcase>
    <testcase classname="src/components/pid-data-table/__tests__/pid-data-table.test.tsx"
              name="pid-data-table CSS classes &gt; thead row has font-semibold class" time="0.0662">
    </testcase>
    <testcase classname="src/components/pid-data-table/__tests__/pid-data-table.test.tsx"
              name="pid-data-table CSS classes &gt; th has resize-x and rounded-l-md classes" time="0.0671">
    </testcase>
    <testcase classname="src/components/pid-data-table/__tests__/pid-data-table.test.tsx"
              name="pid-data-table CSS classes &gt; tbody has overflow-y-auto class" time="0.0657">
    </testcase>
    <testcase classname="src/components/pid-data-table/__tests__/pid-data-table.test.tsx"
              name="pid-data-table CSS classes &gt; tbody has dark mode background in dark mode" time="0.0674">
    </testcase>
    <testcase classname="src/components/pid-data-table/__tests__/pid-data-table.test.tsx"
              name="pid-data-table CSS classes &gt; tr has odd:bg-slate-200 and even:bg-gray-50 classes" time="0.0671">
    </testcase>
    <testcase classname="src/components/pid-data-table/__tests__/pid-data-table.test.tsx"
              name="pid-data-table CSS classes &gt; tr has border-b class for separation" time="0.0663">
    </testcase>
    <testcase classname="src/components/pid-data-table/__tests__/pid-data-table.test.tsx"
              name="pid-data-table CSS classes &gt; td has font-mono and p-1 classes" time="0.0672">
    </testcase>
    <testcase classname="src/components/pid-data-table/__tests__/pid-data-table.test.tsx"
              name="pid-data-table CSS classes &gt; td link has truncate and text-blue-600 classes" time="0.066">
    </testcase>
    <testcase classname="src/components/pid-data-table/__tests__/pid-data-table.test.tsx"
              name="pid-data-table CSS classes &gt; td link has hover:text-blue-800 class" time="0.0659">
    </testcase>
    <testcase classname="src/components/pid-data-table/__tests__/pid-data-table.test.tsx"
              name="pid-data-table CSS classes &gt; td link has focus:text-blue-900 and focus:ring classes"
              time="0.0674">
    </testcase>
    <testcase classname="src/components/pid-data-table/__tests__/pid-data-table.test.tsx"
              name="pid-data-table CSS classes &gt; td link has rounded-sm class" time="0.0664">
    </testcase>
  </testsuite>
  <testsuite name="src/components/pid-collapsible/__tests__/pid-collapsible.test.tsx"
             timestamp="2026-05-04T21:33:43.320Z" hostname="Ms-MacBook-Air.fritz.box" tests="23" failures="0" errors="0"
             skipped="0" time="3.2694">
    <testcase classname="src/components/pid-collapsible/__tests__/pid-collapsible.test.tsx"
              name="pid-collapsible e2e &gt; renders and gets hydrated class" time="0.6875">
    </testcase>
    <testcase classname="src/components/pid-collapsible/__tests__/pid-collapsible.test.tsx"
              name="pid-collapsible e2e &gt; renders a details element with summary" time="0.0679">
    </testcase>
    <testcase classname="src/components/pid-collapsible/__tests__/pid-collapsible.test.tsx"
              name="pid-collapsible e2e &gt; is collapsed by default" time="0.0665">
    </testcase>
    <testcase classname="src/components/pid-collapsible/__tests__/pid-collapsible.test.tsx"
              name="pid-collapsible e2e &gt; clicking the summary toggles the content open" time="0.2997">
    </testcase>
    <testcase classname="src/components/pid-collapsible/__tests__/pid-collapsible.test.tsx"
              name="pid-collapsible e2e &gt; emits collapsibleToggle event on toggle" time="0.3009">
    </testcase>
    <testcase classname="src/components/pid-collapsible/__tests__/pid-collapsible.test.tsx"
              name="pid-collapsible e2e &gt; open property is false by default" time="0.0658">
    </testcase>
    <testcase classname="src/components/pid-collapsible/__tests__/pid-collapsible.test.tsx"
              name="pid-collapsible e2e &gt; has correct ARIA roles and attributes" time="0.0659">
    </testcase>
    <testcase classname="src/components/pid-collapsible/__tests__/pid-collapsible.test.tsx"
              name="pid-collapsible e2e &gt; dark-mode prop applies dark mode classes" time="0.0665">
    </testcase>
    <testcase classname="src/components/pid-collapsible/__tests__/pid-collapsible.test.tsx"
              name="pid-collapsible e2e &gt; toggling emits collapsibleToggle event with detail" time="0.3015">
    </testcase>
    <testcase classname="src/components/pid-collapsible/__tests__/pid-collapsible.test.tsx"
              name="pid-collapsible e2e &gt; show-footer prop controls footer visibility" time="0.0649">
      <system-err>
        stencil The state/prop &quot;currentWidth&quot; changed during &quot;componentDidLoad()&quot;, this triggers
        extra re-renders, try to setup on &quot;componentWillLoad()&quot;
        Element &lt;pid-collapsible
        class=&quot;relative font-sans leading-normal mb-2 max-w-full text-xs hydrated resize-both block&quot;
        &gt;
        &lt;span
        __source=&quot;[object Object]&quot;
        slot=&quot;summary&quot;
        &gt;
        With footer
        &lt;/span&gt;
        &lt;p
        __source=&quot;[object Object]&quot;
        &gt;
        Content
        &lt;/p&gt;
        &lt;div
        __source=&quot;[object Object]&quot;
        slot=&quot;footer&quot;
        &gt;
        Footer content
        &lt;/div&gt;
        &lt;/pid-collapsible&gt;
        New value 100%
        Old value 500px
      </system-err>
    </testcase>
    <testcase classname="src/components/pid-collapsible/__tests__/pid-collapsible.test.tsx"
              name="pid-collapsible CSS classes &gt; has correct base classes on host element" time="0.0331">
    </testcase>
    <testcase classname="src/components/pid-collapsible/__tests__/pid-collapsible.test.tsx"
              name="pid-collapsible CSS classes &gt; applies expanded classes when open is true" time="0.0675">
      <system-err>
        stencil The state/prop &quot;currentWidth&quot; changed during &quot;componentDidLoad()&quot;, this triggers
        extra re-renders, try to setup on &quot;componentWillLoad()&quot;
        Element &lt;pid-collapsible
        class=&quot;relative font-sans leading-normal mb-2 max-w-full text-xs hydrated resize-both block&quot;
        &gt;
        &lt;span
        __source=&quot;[object Object]&quot;
        slot=&quot;summary&quot;
        &gt;
        Expanded
        &lt;/span&gt;
        &lt;p
        __source=&quot;[object Object]&quot;
        &gt;
        Content
        &lt;/p&gt;
        &lt;/pid-collapsible&gt;
        New value 100%
        Old value 500px
      </system-err>
    </testcase>
    <testcase classname="src/components/pid-collapsible/__tests__/pid-collapsible.test.tsx"
              name="pid-collapsible CSS classes &gt; applies collapsed classes when closed" time="0.0659">
    </testcase>
    <testcase classname="src/components/pid-collapsible/__tests__/pid-collapsible.test.tsx"
              name="pid-collapsible CSS classes &gt; applies emphasis classes when emphasize is true" time="0.0671">
    </testcase>
    <testcase classname="src/components/pid-collapsible/__tests__/pid-collapsible.test.tsx"
              name="pid-collapsible CSS classes &gt; details element has transition classes" time="0.0663">
      <system-err>
        stencil The state/prop &quot;currentWidth&quot; changed during &quot;componentDidLoad()&quot;, this triggers
        extra re-renders, try to setup on &quot;componentWillLoad()&quot;
        Element &lt;pid-collapsible
        class=&quot;relative font-sans leading-normal mb-2 max-w-full text-xs hydrated resize-both block&quot;
        &gt;
        &lt;span
        __source=&quot;[object Object]&quot;
        slot=&quot;summary&quot;
        &gt;
        Transition test
        &lt;/span&gt;
        &lt;p
        __source=&quot;[object Object]&quot;
        &gt;
        Content
        &lt;/p&gt;
        &lt;/pid-collapsible&gt;
        New value 100%
        Old value 500px
      </system-err>
    </testcase>
    <testcase classname="src/components/pid-collapsible/__tests__/pid-collapsible.test.tsx"
              name="pid-collapsible CSS classes &gt; summary element has cursor-pointer class" time="0.0658">
      <system-err>
        stencil The state/prop &quot;currentWidth&quot; changed during &quot;componentDidLoad()&quot;, this triggers
        extra re-renders, try to setup on &quot;componentWillLoad()&quot;
        Element &lt;pid-collapsible
        class=&quot;relative font-sans leading-normal mb-2 max-w-full text-xs hydrated resize-both block&quot;
        &gt;
        &lt;span
        __source=&quot;[object Object]&quot;
        slot=&quot;summary&quot;
        &gt;
        Clickable
        &lt;/span&gt;
        &lt;p
        __source=&quot;[object Object]&quot;
        &gt;
        Content
        &lt;/p&gt;
        &lt;/pid-collapsible&gt;
        New value 100%
        Old value 500px
      </system-err>
    </testcase>
    <testcase classname="src/components/pid-collapsible/__tests__/pid-collapsible.test.tsx"
              name="pid-collapsible CSS classes &gt; dark mode applies dark background to details" time="0.0673">
      <system-err>
        stencil The state/prop &quot;currentWidth&quot; changed during &quot;componentDidLoad()&quot;, this triggers
        extra re-renders, try to setup on &quot;componentWillLoad()&quot;
        Element &lt;pid-collapsible
        class=&quot;relative font-sans leading-normal mb-2 max-w-full text-xs text-white hydrated resize-both block&quot;
        &gt;
        &lt;span
        __source=&quot;[object Object]&quot;
        slot=&quot;summary&quot;
        &gt;
        Dark mode
        &lt;/span&gt;
        &lt;p
        __source=&quot;[object Object]&quot;
        &gt;
        Content
        &lt;/p&gt;
        &lt;/pid-collapsible&gt;
        New value 100%
        Old value 500px
      </system-err>
    </testcase>
    <testcase classname="src/components/pid-collapsible/__tests__/pid-collapsible.test.tsx"
              name="pid-collapsible CSS classes &gt; light mode applies light classes" time="0.0671">
      <system-err>
        stencil The state/prop &quot;currentWidth&quot; changed during &quot;componentDidLoad()&quot;, this triggers
        extra re-renders, try to setup on &quot;componentWillLoad()&quot;
        Element &lt;pid-collapsible
        class=&quot;relative font-sans leading-normal mb-2 max-w-full text-xs hydrated resize-both block&quot;
        &gt;
        &lt;span
        __source=&quot;[object Object]&quot;
        slot=&quot;summary&quot;
        &gt;
        Light mode
        &lt;/span&gt;
        &lt;p
        __source=&quot;[object Object]&quot;
        &gt;
        Content
        &lt;/p&gt;
        &lt;/pid-collapsible&gt;
        New value 100%
        Old value 500px
      </system-err>
    </testcase>
    <testcase classname="src/components/pid-collapsible/__tests__/pid-collapsible.test.tsx"
              name="pid-collapsible CSS classes &gt; expanded attribute changes cursor style" time="0.0662">
    </testcase>
    <testcase classname="src/components/pid-collapsible/__tests__/pid-collapsible.test.tsx"
              name="pid-collapsible CSS classes &gt; summary has font-mono and font-bold classes" time="0.0668">
      <system-err>
        stencil The state/prop &quot;currentWidth&quot; changed during &quot;componentDidLoad()&quot;, this triggers
        extra re-renders, try to setup on &quot;componentWillLoad()&quot;
        Element &lt;pid-collapsible
        class=&quot;relative font-sans leading-normal mb-2 max-w-full text-xs hydrated resize-both block&quot;
        &gt;
        &lt;span
        __source=&quot;[object Object]&quot;
        slot=&quot;summary&quot;
        &gt;
        Styled summary
        &lt;/span&gt;
        &lt;p
        __source=&quot;[object Object]&quot;
        &gt;
        Content
        &lt;/p&gt;
        &lt;/pid-collapsible&gt;
        New value 100%
        Old value 500px
      </system-err>
    </testcase>
    <testcase classname="src/components/pid-collapsible/__tests__/pid-collapsible.test.tsx"
              name="pid-collapsible CSS classes &gt; previewScrollable applies scrollable classes" time="0.0659">
      <system-err>
        stencil The state/prop &quot;currentWidth&quot; changed during &quot;componentDidLoad()&quot;, this triggers
        extra re-renders, try to setup on &quot;componentWillLoad()&quot;
        Element &lt;pid-collapsible
        class=&quot;relative font-sans leading-normal mb-2 max-w-full text-xs hydrated resize-both block&quot;
        &gt;
        &lt;span
        __source=&quot;[object Object]&quot;
        slot=&quot;summary&quot;
        &gt;
        Scrollable
        &lt;/span&gt;
        &lt;p
        __source=&quot;[object Object]&quot;
        &gt;
        Content
        &lt;/p&gt;
        &lt;/pid-collapsible&gt;
        New value 100%
        Old value 500px
      </system-err>
    </testcase>
    <testcase classname="src/components/pid-collapsible/__tests__/pid-collapsible.test.tsx"
              name="pid-collapsible CSS classes &gt; content div has grow and flex classes" time="0.0674">
      <system-err>
        stencil The state/prop &quot;currentWidth&quot; changed during &quot;componentDidLoad()&quot;, this triggers
        extra re-renders, try to setup on &quot;componentWillLoad()&quot;
        Element &lt;pid-collapsible
        class=&quot;relative font-sans leading-normal mb-2 max-w-full text-xs hydrated resize-both block&quot;
        &gt;
        &lt;span
        __source=&quot;[object Object]&quot;
        slot=&quot;summary&quot;
        &gt;
        Content test
        &lt;/span&gt;
        &lt;p
        __source=&quot;[object Object]&quot;
        &gt;
        Inner content
        &lt;/p&gt;
        &lt;/pid-collapsible&gt;
        New value 100%
        Old value 500px
      </system-err>
    </testcase>
    <testcase classname="src/components/pid-collapsible/__tests__/pid-collapsible.test.tsx"
              name="pid-collapsible CSS classes &gt; collapsed summary has overflow-hidden and truncate classes"
              time="0.0666">
    </testcase>
  </testsuite>
  <testsuite name="src/components/pid-pagination/__tests__/pid-pagination.test.tsx" timestamp="2026-05-04T21:33:43.323Z"
             hostname="Ms-MacBook-Air.fritz.box" tests="14" failures="0" errors="0" skipped="0" time="2.0532">
    <testcase classname="src/components/pid-pagination/__tests__/pid-pagination.test.tsx"
              name="pid-pagination e2e &gt; renders and gets hydrated class" time="0.7041">
    </testcase>
    <testcase classname="src/components/pid-pagination/__tests__/pid-pagination.test.tsx"
              name="pid-pagination e2e &gt; renders with required props" time="0.064">
    </testcase>
    <testcase classname="src/components/pid-pagination/__tests__/pid-pagination.test.tsx"
              name="pid-pagination e2e &gt; has role=&quot;navigation&quot; for accessibility" time="0.0667">
    </testcase>
    <testcase classname="src/components/pid-pagination/__tests__/pid-pagination.test.tsx"
              name="pid-pagination e2e &gt; shows correct number of page buttons" time="0.0662">
    </testcase>
    <testcase classname="src/components/pid-pagination/__tests__/pid-pagination.test.tsx"
              name="pid-pagination e2e &gt; has navigation buttons (prev/next)" time="0.0669">
    </testcase>
    <testcase classname="src/components/pid-pagination/__tests__/pid-pagination.test.tsx"
              name="pid-pagination e2e &gt; previous button is disabled on first page" time="0.0663">
    </testcase>
    <testcase classname="src/components/pid-pagination/__tests__/pid-pagination.test.tsx"
              name="pid-pagination e2e &gt; next button is disabled on last page" time="0.0666">
    </testcase>
    <testcase classname="src/components/pid-pagination/__tests__/pid-pagination.test.tsx"
              name="pid-pagination e2e &gt; emits pageChange event when clicking next" time="0.1004">
    </testcase>
    <testcase classname="src/components/pid-pagination/__tests__/pid-pagination.test.tsx"
              name="pid-pagination e2e &gt; current page button has aria-current=&quot;page&quot;" time="0.0667">
    </testcase>
    <testcase classname="src/components/pid-pagination/__tests__/pid-pagination.test.tsx"
              name="pid-pagination e2e &gt; shows items per page control by default" time="0.0661">
    </testcase>
    <testcase classname="src/components/pid-pagination/__tests__/pid-pagination.test.tsx"
              name="pid-pagination e2e &gt; emits itemsPerPageChange event when changing page size" time="0.1">
    </testcase>
    <testcase classname="src/components/pid-pagination/__tests__/pid-pagination.test.tsx"
              name="pid-pagination e2e &gt; does not render when totalItems is 0" time="0.0666">
    </testcase>
    <testcase classname="src/components/pid-pagination/__tests__/pid-pagination.test.tsx"
              name="pid-pagination e2e &gt; does not show pagination nav when items fit on one page" time="0.0666">
    </testcase>
    <testcase classname="src/components/pid-pagination/__tests__/pid-pagination.test.tsx"
              name="pid-pagination e2e &gt; shows display range text" time="0.0667">
    </testcase>
  </testsuite>
  <testsuite name="src/components/pid-tooltip/__tests__/pid-tooltip.test.tsx" timestamp="2026-05-04T21:33:43.324Z"
             hostname="Ms-MacBook-Air.fritz.box" tests="11" failures="0" errors="0" skipped="0" time="0.701">
    <testcase classname="src/components/pid-tooltip/__tests__/pid-tooltip.test.tsx"
              name="pid-tooltip e2e &gt; renders and gets hydrated class" time="0.0527">
    </testcase>
    <testcase classname="src/components/pid-tooltip/__tests__/pid-tooltip.test.tsx"
              name="pid-tooltip e2e &gt; renders with text content" time="0.0666">
    </testcase>
    <testcase classname="src/components/pid-tooltip/__tests__/pid-tooltip.test.tsx"
              name="pid-tooltip e2e &gt; tooltip trigger button exists" time="0.0667">
    </testcase>
    <testcase classname="src/components/pid-tooltip/__tests__/pid-tooltip.test.tsx"
              name="pid-tooltip e2e &gt; has correct aria attributes on trigger button" time="0.0669">
    </testcase>
    <testcase classname="src/components/pid-tooltip/__tests__/pid-tooltip.test.tsx"
              name="pid-tooltip e2e &gt; has tooltip element with role=&quot;tooltip&quot;" time="0.0673">
    </testcase>
    <testcase classname="src/components/pid-tooltip/__tests__/pid-tooltip.test.tsx"
              name="pid-tooltip e2e &gt; tooltip is hidden by default" time="0.0657">
    </testcase>
    <testcase classname="src/components/pid-tooltip/__tests__/pid-tooltip.test.tsx"
              name="pid-tooltip e2e &gt; max-width prop applies" time="0.0673">
    </testcase>
    <testcase classname="src/components/pid-tooltip/__tests__/pid-tooltip.test.tsx"
              name="pid-tooltip e2e &gt; max-height prop applies" time="0.0667">
    </testcase>
    <testcase classname="src/components/pid-tooltip/__tests__/pid-tooltip.test.tsx"
              name="pid-tooltip e2e &gt; does not render button when text is empty" time="0.0659">
    </testcase>
    <testcase classname="src/components/pid-tooltip/__tests__/pid-tooltip.test.tsx"
              name="pid-tooltip e2e &gt; tooltip id matches aria-controls on button" time="0.0666">
    </testcase>
    <testcase classname="src/components/pid-tooltip/__tests__/pid-tooltip.test.tsx"
              name="pid-tooltip e2e &gt; position prop defaults to top" time="0.0334">
    </testcase>
  </testsuite>
</testsuites>
