<?xml version="1.0" encoding="UTF-8" ?>
<testsuites name="vitest tests" tests="1739" failures="0" errors="0" time="135.0131142039">
  <testsuite name="src/components/locale-vizualization/__tests__/locale-visualization.spec.tsx"
             timestamp="2026-05-04T21:23:25.433Z" hostname="Ms-MacBook-Air.fritz.box" tests="20" failures="0" errors="0"
             skipped="0" time="0.976098208">
    <testcase classname="src/components/locale-vizualization/__tests__/locale-visualization.spec.tsx"
              name="locale-visualization &gt; renders with locale prop" time="0.484892833">
    </testcase>
    <testcase classname="src/components/locale-vizualization/__tests__/locale-visualization.spec.tsx"
              name="locale-visualization &gt; sets the locale prop correctly" time="0.006804541">
    </testcase>
    <testcase classname="src/components/locale-vizualization/__tests__/locale-visualization.spec.tsx"
              name="locale-visualization &gt; renders without errors with a valid locale" time="0.005065583">
    </testcase>
    <testcase classname="src/components/locale-vizualization/__tests__/locale-visualization.spec.tsx"
              name="locale-visualization &gt; showFlag defaults to true" time="0.006798">
    </testcase>
    <testcase classname="src/components/locale-vizualization/__tests__/locale-visualization.spec.tsx"
              name="locale-visualization &gt; renders with language-only locale (en)" time="0.005119625">
    </testcase>
    <testcase classname="src/components/locale-vizualization/__tests__/locale-visualization.spec.tsx"
              name="locale-visualization &gt; renders with region locale (en-US)" time="0.004262541">
    </testcase>
    <testcase classname="src/components/locale-vizualization/__tests__/locale-visualization.spec.tsx"
              name="locale-visualization &gt; renders with complex locale (de-AT)" time="0.003784167">
    </testcase>
    <testcase classname="src/components/locale-vizualization/__tests__/locale-visualization.spec.tsx"
              name="locale-visualization &gt; renders with locale that has no flag when showFlag is false"
              time="0.003740875">
    </testcase>
    <testcase classname="src/components/locale-vizualization/__tests__/locale-visualization.spec.tsx"
              name="locale-visualization &gt; showFlag prop can be set to true explicitly" time="0.004898125">
    </testcase>
    <testcase classname="src/components/locale-vizualization/__tests__/locale-visualization.spec.tsx"
              name="locale-visualization &gt; renders with uppercase locale" time="0.004088583">
    </testcase>
    <testcase classname="src/components/locale-vizualization/__tests__/locale-visualization.spec.tsx"
              name="locale-visualization &gt; renders with mixed case locale" time="0.003614333">
    </testcase>
    <testcase classname="src/components/locale-vizualization/__tests__/locale-visualization.spec.tsx"
              name="locale-visualization &gt; renders with numeric-like locale format" time="0.003721917">
    </testcase>
    <testcase classname="src/components/locale-vizualization/__tests__/locale-visualization.spec.tsx"
              name="locale-visualization &gt; host element exists with correct tag name" time="0.003109875">
    </testcase>
    <testcase classname="src/components/locale-vizualization/__tests__/locale-visualization.spec.tsx"
              name="locale-visualization &gt; component renders without throwing for various locale formats"
              time="0.025912958">
    </testcase>
    <testcase classname="src/components/locale-vizualization/__tests__/locale-visualization.spec.tsx"
              name="locale-visualization additional coverage &gt; showFlag false prevents flag display"
              time="0.003031584">
    </testcase>
    <testcase classname="src/components/locale-vizualization/__tests__/locale-visualization.spec.tsx"
              name="locale-visualization additional coverage &gt; renders with different language locales"
              time="0.028616125">
    </testcase>
    <testcase classname="src/components/locale-vizualization/__tests__/locale-visualization.spec.tsx"
              name="locale-visualization additional coverage &gt; renders with different region locales"
              time="0.015119125">
    </testcase>
    <testcase classname="src/components/locale-vizualization/__tests__/locale-visualization.spec.tsx"
              name="locale-visualization accessibility &gt; has no a11y violations" time="0.267239042">
      <system-err>
        Couldn&apos;t load preload assets: TypeError: Cannot read properties of undefined (reading &apos;createHTMLDocument&apos;)
        at Object.preloadCssom [as cssom]
        (/Users/maximilian/GitHub/pid-component/node_modules/[4maxe-core[24m/axe.js:19614:48)
        at /Users/maximilian/GitHub/pid-component/node_modules/[4maxe-core[24m/axe.js:19779:44
        at Array.map (&lt;anonymous&gt;)
        at /Users/maximilian/GitHub/pid-component/node_modules/[4maxe-core[24m/axe.js:19778:28
        at new Promise (&lt;anonymous&gt;)
        at _preload (/Users/maximilian/GitHub/pid-component/node_modules/[4maxe-core[24m/axe.js:19773:14)
        at /Users/maximilian/GitHub/pid-component/node_modules/[4maxe-core[24m/axe.js:28710:15
        at pop (/Users/maximilian/GitHub/pid-component/node_modules/[4maxe-core[24m/axe.js:11590:18)
        at Object.defer (/Users/maximilian/GitHub/pid-component/node_modules/[4maxe-core[24m/axe.js:11612:11)
        at Audit.run (/Users/maximilian/GitHub/pid-component/node_modules/[4maxe-core[24m/axe.js:28709:28)

        TypeError: Cannot read properties of undefined (reading &apos;split&apos;)
        at getLocaleDetail
        [90m(/Users/maximilian/GitHub/pid-component/packages/stencil-library/[39mdist/pid-component/src/components/locale-vizualization/locale-visualization.tsx:25:27[90m)[39m
        at LocaleVisualization.render
        [90m(/Users/maximilian/GitHub/pid-component/packages/stencil-library/[39mdist/pid-component/src/components/locale-vizualization/locale-visualization.tsx:48:16[90m)[39m
        at callRender
        [90m(/Users/maximilian/GitHub/pid-component/packages/stencil-library/[39mnode_modules/[4m@stencil/core[24m/internal/client/index.js?app-data=conditional:3343:39[90m)[39m
        at updateComponent
        [90m(/Users/maximilian/GitHub/pid-component/packages/stencil-library/[39mnode_modules/[4m@stencil/core[24m/internal/client/index.js?app-data=conditional:3295:5[90m)[39m
        at
        [90m/Users/maximilian/GitHub/pid-component/packages/stencil-library/[39mnode_modules/[4m@stencil/core[24m/internal/client/index.js?app-data=conditional:3273:38
        at enqueue
        [90m(/Users/maximilian/GitHub/pid-component/packages/stencil-library/[39mnode_modules/[4m@stencil/core[24m/internal/client/index.js?app-data=conditional:3278:6[90m)[39m
        at dispatchHooks
        [90m(/Users/maximilian/GitHub/pid-component/packages/stencil-library/[39mnode_modules/[4m@stencil/core[24m/internal/client/index.js?app-data=conditional:3273:10[90m)[39m
        at dispatch
        [90m(/Users/maximilian/GitHub/pid-component/packages/stencil-library/[39mnode_modules/[4m@stencil/core[24m/internal/client/index.js?app-data=conditional:3228:26[90m)[39m
        at
        [90m/Users/maximilian/GitHub/pid-component/packages/stencil-library/[39mnode_modules/[4m@stencil/core[24m/internal/client/index.js?app-data=conditional:3231:7
        [90m at processTicksAndRejections (node:internal/process/task_queues:104:5)[39m [36m&lt;ref *1&gt;[39m Wrapped {
        _nodeValue: [1mnull[22m,
        nodeName: [32m&apos;LOCALE-VISUALIZATION&apos;[39m,
        nodeType: [33m1[39m,
        ownerDocument: _MockDocument {
        _nodeValue: [1mnull[22m,
        nodeName: [32m&apos;#document&apos;[39m,
        nodeType: [33m9[39m,
        ownerDocument: [1mnull[22m,
        parentNode: [1mnull[22m,
        _childNodes: [ [36m[MockDocumentTypeNode][39m, [36m[MockHTMLElement][39m ],
        __namespaceURI: [32m&apos;http://www.w3.org/1999/xhtml&apos;[39m,
        __attributeMap: [1mnull[22m,
        __shadowRoot: [1mnull[22m,
        __style: [90mundefined[39m,
        defaultView: [36m[Getter][39m,
        cookie: [32m&apos;&apos;[39m,
        referrer: [32m&apos;&apos;[39m,
        ELEMENT_NODE: [33m1[39m,
        ATTRIBUTE_NODE: [33m2[39m,
        TEXT_NODE: [33m3[39m,
        CDATA_SECTION_NODE: [33m4[39m,
        PROCESSING_INSTRUCTION_NODE: [33m7[39m,
        COMMENT_NODE: [33m8[39m,
        DOCUMENT_NODE: [33m9[39m,
        DOCUMENT_TYPE_NODE: [33m10[39m,
        DOCUMENT_FRAGMENT_NODE: [33m11[39m,
        __listeners: [ [36m[MockEventListener][39m, [36m[MockEventListener][39m ],
        elementsFromPoint: [36m[Function (anonymous)][39m
        },
        parentNode: MockHTMLElement {
        _nodeValue: [1mnull[22m,
        nodeName: [32m&apos;DIV&apos;[39m,
        nodeType: [33m1[39m,
        ownerDocument: _MockDocument {
        _nodeValue: [1mnull[22m,
        nodeName: [32m&apos;#document&apos;[39m,
        nodeType: [33m9[39m,
        ownerDocument: [1mnull[22m,
        parentNode: [1mnull[22m,
        _childNodes: [36m[Array][39m,
        __namespaceURI: [32m&apos;http://www.w3.org/1999/xhtml&apos;[39m,
        __attributeMap: [1mnull[22m,
        __shadowRoot: [1mnull[22m,
        __style: [90mundefined[39m,
        defaultView: [36m[Getter][39m,
        cookie: [32m&apos;&apos;[39m,
        referrer: [32m&apos;&apos;[39m,
        ELEMENT_NODE: [33m1[39m,
        ATTRIBUTE_NODE: [33m2[39m,
        TEXT_NODE: [33m3[39m,
        CDATA_SECTION_NODE: [33m4[39m,
        PROCESSING_INSTRUCTION_NODE: [33m7[39m,
        COMMENT_NODE: [33m8[39m,
        DOCUMENT_NODE: [33m9[39m,
        DOCUMENT_TYPE_NODE: [33m10[39m,
        DOCUMENT_FRAGMENT_NODE: [33m11[39m,
        __listeners: [36m[Array][39m,
        elementsFromPoint: [36m[Function (anonymous)][39m
        },
        parentNode: MockHTMLElement {
        _nodeValue: [1mnull[22m,
        nodeName: [32m&apos;BODY&apos;[39m,
        nodeType: [33m1[39m,
        ownerDocument: [36m[_MockDocument][39m,
        parentNode: [36m[MockHTMLElement][39m,
        _childNodes: [36m[Array][39m,
        __namespaceURI: [32m&apos;http://www.w3.org/1999/xhtml&apos;[39m,
        __attributeMap: [36m[MockAttributeMap][39m,
        __shadowRoot: [1mnull[22m,
        __style: [90mundefined[39m
        },
        _childNodes: [ [36m[Circular *1][39m ],
        __namespaceURI: [32m&apos;http://www.w3.org/1999/xhtml&apos;[39m,
        __attributeMap: MockAttributeMap { __items: [], caseInsensitive: [33mtrue[39m },
        __shadowRoot: [1mnull[22m,
        __style: [90mundefined[39m
        },
        _childNodes: [
        MockHTMLElement {
        _nodeValue: [1mnull[22m,
        nodeName: [32m&apos;SPAN&apos;[39m,
        nodeType: [33m1[39m,
        ownerDocument: [36m[_MockDocument][39m,
        parentNode: [36m[Circular *1][39m,
        _childNodes: [36m[Array][39m,
        __namespaceURI: [32m&apos;http://www.w3.org/1999/xhtml&apos;[39m,
        __attributeMap: [36m[MockAttributeMap][39m,
        __shadowRoot: [1mnull[22m,
        __style: [90mundefined[39m
        }
        ],
        __namespaceURI: [32m&apos;http://www.w3.org/1999/xhtml&apos;[39m,
        __attributeMap: MockAttributeMap { __items: [ [36m[MockAttr][39m ], caseInsensitive: [33mtrue[39m },
        __shadowRoot: [1mnull[22m,
        __style: [90mundefined[39m,
        [32m&apos;s-p&apos;[39m: [],
        [32m&apos;s-rc&apos;[39m: [],
        hasRegisteredEventListeners: [33mtrue[39m,
        __stencil__getHostRef: [36m[Function (anonymous)][39m
        }

      </system-err>
    </testcase>
    <testcase classname="src/components/locale-vizualization/__tests__/locale-visualization.spec.tsx"
              name="locale-visualization accessibility &gt; has no a11y violations with showFlag false"
              time="0.016423417">
      <system-err>
        Couldn&apos;t load preload assets: TypeError: Cannot read properties of undefined (reading &apos;createHTMLDocument&apos;)
        at Object.preloadCssom [as cssom]
        (/Users/maximilian/GitHub/pid-component/node_modules/[4maxe-core[24m/axe.js:19614:48)
        at /Users/maximilian/GitHub/pid-component/node_modules/[4maxe-core[24m/axe.js:19779:44
        at Array.map (&lt;anonymous&gt;)
        at /Users/maximilian/GitHub/pid-component/node_modules/[4maxe-core[24m/axe.js:19778:28
        at new Promise (&lt;anonymous&gt;)
        at _preload (/Users/maximilian/GitHub/pid-component/node_modules/[4maxe-core[24m/axe.js:19773:14)
        at /Users/maximilian/GitHub/pid-component/node_modules/[4maxe-core[24m/axe.js:28710:15
        at pop (/Users/maximilian/GitHub/pid-component/node_modules/[4maxe-core[24m/axe.js:11590:18)
        at Object.defer (/Users/maximilian/GitHub/pid-component/node_modules/[4maxe-core[24m/axe.js:11612:11)
        at Audit.run (/Users/maximilian/GitHub/pid-component/node_modules/[4maxe-core[24m/axe.js:28709:28)

        TypeError: Cannot read properties of undefined (reading &apos;split&apos;)
        at getLocaleDetail
        [90m(/Users/maximilian/GitHub/pid-component/packages/stencil-library/[39mdist/pid-component/src/components/locale-vizualization/locale-visualization.tsx:25:27[90m)[39m
        at LocaleVisualization.render
        [90m(/Users/maximilian/GitHub/pid-component/packages/stencil-library/[39mdist/pid-component/src/components/locale-vizualization/locale-visualization.tsx:48:16[90m)[39m
        at callRender
        [90m(/Users/maximilian/GitHub/pid-component/packages/stencil-library/[39mnode_modules/[4m@stencil/core[24m/internal/client/index.js?app-data=conditional:3343:39[90m)[39m
        at updateComponent
        [90m(/Users/maximilian/GitHub/pid-component/packages/stencil-library/[39mnode_modules/[4m@stencil/core[24m/internal/client/index.js?app-data=conditional:3295:5[90m)[39m
        at
        [90m/Users/maximilian/GitHub/pid-component/packages/stencil-library/[39mnode_modules/[4m@stencil/core[24m/internal/client/index.js?app-data=conditional:3273:38
        at enqueue
        [90m(/Users/maximilian/GitHub/pid-component/packages/stencil-library/[39mnode_modules/[4m@stencil/core[24m/internal/client/index.js?app-data=conditional:3278:6[90m)[39m
        at dispatchHooks
        [90m(/Users/maximilian/GitHub/pid-component/packages/stencil-library/[39mnode_modules/[4m@stencil/core[24m/internal/client/index.js?app-data=conditional:3273:10[90m)[39m
        at dispatch
        [90m(/Users/maximilian/GitHub/pid-component/packages/stencil-library/[39mnode_modules/[4m@stencil/core[24m/internal/client/index.js?app-data=conditional:3228:26[90m)[39m
        at
        [90m/Users/maximilian/GitHub/pid-component/packages/stencil-library/[39mnode_modules/[4m@stencil/core[24m/internal/client/index.js?app-data=conditional:3231:7
        [36m&lt;ref *1&gt;[39m Wrapped {
        _nodeValue: [1mnull[22m,
        nodeName: [32m&apos;LOCALE-VISUALIZATION&apos;[39m,
        nodeType: [33m1[39m,
        ownerDocument: _MockDocument {
        _nodeValue: [1mnull[22m,
        nodeName: [32m&apos;#document&apos;[39m,
        nodeType: [33m9[39m,
        ownerDocument: [1mnull[22m,
        parentNode: [1mnull[22m,
        _childNodes: [ [36m[MockDocumentTypeNode][39m, [36m[MockHTMLElement][39m ],
        __namespaceURI: [32m&apos;http://www.w3.org/1999/xhtml&apos;[39m,
        __attributeMap: [1mnull[22m,
        __shadowRoot: [1mnull[22m,
        __style: [90mundefined[39m,
        defaultView: [36m[Getter][39m,
        cookie: [32m&apos;&apos;[39m,
        referrer: [32m&apos;&apos;[39m,
        ELEMENT_NODE: [33m1[39m,
        ATTRIBUTE_NODE: [33m2[39m,
        TEXT_NODE: [33m3[39m,
        CDATA_SECTION_NODE: [33m4[39m,
        PROCESSING_INSTRUCTION_NODE: [33m7[39m,
        COMMENT_NODE: [33m8[39m,
        DOCUMENT_NODE: [33m9[39m,
        DOCUMENT_TYPE_NODE: [33m10[39m,
        DOCUMENT_FRAGMENT_NODE: [33m11[39m,
        __listeners: [ [36m[MockEventListener][39m, [36m[MockEventListener][39m ],
        elementsFromPoint: [36m[Function (anonymous)][39m
        },
        parentNode: MockHTMLElement {
        _nodeValue: [1mnull[22m,
        nodeName: [32m&apos;DIV&apos;[39m,
        nodeType: [33m1[39m,
        ownerDocument: _MockDocument {
        _nodeValue: [1mnull[22m,
        nodeName: [32m&apos;#document&apos;[39m,
        nodeType: [33m9[39m,
        ownerDocument: [1mnull[22m,
        parentNode: [1mnull[22m,
        _childNodes: [36m[Array][39m,
        __namespaceURI: [32m&apos;http://www.w3.org/1999/xhtml&apos;[39m,
        __attributeMap: [1mnull[22m,
        __shadowRoot: [1mnull[22m,
        __style: [90mundefined[39m,
        defaultView: [36m[Getter][39m,
        cookie: [32m&apos;&apos;[39m,
        referrer: [32m&apos;&apos;[39m,
        ELEMENT_NODE: [33m1[39m,
        ATTRIBUTE_NODE: [33m2[39m,
        TEXT_NODE: [33m3[39m,
        CDATA_SECTION_NODE: [33m4[39m,
        PROCESSING_INSTRUCTION_NODE: [33m7[39m,
        COMMENT_NODE: [33m8[39m,
        DOCUMENT_NODE: [33m9[39m,
        DOCUMENT_TYPE_NODE: [33m10[39m,
        DOCUMENT_FRAGMENT_NODE: [33m11[39m,
        __listeners: [36m[Array][39m,
        elementsFromPoint: [36m[Function (anonymous)][39m
        },
        parentNode: MockHTMLElement {
        _nodeValue: [1mnull[22m,
        nodeName: [32m&apos;BODY&apos;[39m,
        nodeType: [33m1[39m,
        ownerDocument: [36m[_MockDocument][39m,
        parentNode: [36m[MockHTMLElement][39m,
        _childNodes: [36m[Array][39m,
        __namespaceURI: [32m&apos;http://www.w3.org/1999/xhtml&apos;[39m,
        __attributeMap: [36m[MockAttributeMap][39m,
        __shadowRoot: [1mnull[22m,
        __style: [90mundefined[39m
        },
        _childNodes: [ [36m[Circular *1][39m ],
        __namespaceURI: [32m&apos;http://www.w3.org/1999/xhtml&apos;[39m,
        __attributeMap: MockAttributeMap { __items: [], caseInsensitive: [33mtrue[39m },
        __shadowRoot: [1mnull[22m,
        __style: [90mundefined[39m
        },
        _childNodes: [
        MockHTMLElement {
        _nodeValue: [1mnull[22m,
        nodeName: [32m&apos;SPAN&apos;[39m,
        nodeType: [33m1[39m,
        ownerDocument: [36m[_MockDocument][39m,
        parentNode: [36m[Circular *1][39m,
        _childNodes: [36m[Array][39m,
        __namespaceURI: [32m&apos;http://www.w3.org/1999/xhtml&apos;[39m,
        __attributeMap: [36m[MockAttributeMap][39m,
        __shadowRoot: [1mnull[22m,
        __style: [90mundefined[39m
        }
        ],
        __namespaceURI: [32m&apos;http://www.w3.org/1999/xhtml&apos;[39m,
        __attributeMap: MockAttributeMap { __items: [ [36m[MockAttr][39m ], caseInsensitive: [33mtrue[39m },
        __shadowRoot: [1mnull[22m,
        __style: [90mundefined[39m,
        [32m&apos;s-p&apos;[39m: [],
        [32m&apos;s-rc&apos;[39m: [],
        hasRegisteredEventListeners: [33mtrue[39m,
        __stencil__getHostRef: [36m[Function (anonymous)][39m
        }

      </system-err>
    </testcase>
    <testcase classname="src/components/locale-vizualization/__tests__/locale-visualization.spec.tsx"
              name="locale-visualization accessibility &gt; has no a11y violations with region locale"
              time="0.015677375">
      <system-err>
        Couldn&apos;t load preload assets: TypeError: Cannot read properties of undefined (reading &apos;createHTMLDocument&apos;)
        at Object.preloadCssom [as cssom]
        (/Users/maximilian/GitHub/pid-component/node_modules/[4maxe-core[24m/axe.js:19614:48)
        at /Users/maximilian/GitHub/pid-component/node_modules/[4maxe-core[24m/axe.js:19779:44
        at Array.map (&lt;anonymous&gt;)
        at /Users/maximilian/GitHub/pid-component/node_modules/[4maxe-core[24m/axe.js:19778:28
        at new Promise (&lt;anonymous&gt;)
        at _preload (/Users/maximilian/GitHub/pid-component/node_modules/[4maxe-core[24m/axe.js:19773:14)
        at /Users/maximilian/GitHub/pid-component/node_modules/[4maxe-core[24m/axe.js:28710:15
        at pop (/Users/maximilian/GitHub/pid-component/node_modules/[4maxe-core[24m/axe.js:11590:18)
        at Object.defer (/Users/maximilian/GitHub/pid-component/node_modules/[4maxe-core[24m/axe.js:11612:11)
        at Audit.run (/Users/maximilian/GitHub/pid-component/node_modules/[4maxe-core[24m/axe.js:28709:28)

        TypeError: Cannot read properties of undefined (reading &apos;split&apos;)
        at getLocaleDetail
        [90m(/Users/maximilian/GitHub/pid-component/packages/stencil-library/[39mdist/pid-component/src/components/locale-vizualization/locale-visualization.tsx:25:27[90m)[39m
        at LocaleVisualization.render
        [90m(/Users/maximilian/GitHub/pid-component/packages/stencil-library/[39mdist/pid-component/src/components/locale-vizualization/locale-visualization.tsx:48:16[90m)[39m
        at callRender
        [90m(/Users/maximilian/GitHub/pid-component/packages/stencil-library/[39mnode_modules/[4m@stencil/core[24m/internal/client/index.js?app-data=conditional:3343:39[90m)[39m
        at updateComponent
        [90m(/Users/maximilian/GitHub/pid-component/packages/stencil-library/[39mnode_modules/[4m@stencil/core[24m/internal/client/index.js?app-data=conditional:3295:5[90m)[39m
        at
        [90m/Users/maximilian/GitHub/pid-component/packages/stencil-library/[39mnode_modules/[4m@stencil/core[24m/internal/client/index.js?app-data=conditional:3273:38
        at enqueue
        [90m(/Users/maximilian/GitHub/pid-component/packages/stencil-library/[39mnode_modules/[4m@stencil/core[24m/internal/client/index.js?app-data=conditional:3278:6[90m)[39m
        at dispatchHooks
        [90m(/Users/maximilian/GitHub/pid-component/packages/stencil-library/[39mnode_modules/[4m@stencil/core[24m/internal/client/index.js?app-data=conditional:3273:10[90m)[39m
        at dispatch
        [90m(/Users/maximilian/GitHub/pid-component/packages/stencil-library/[39mnode_modules/[4m@stencil/core[24m/internal/client/index.js?app-data=conditional:3228:26[90m)[39m
        at
        [90m/Users/maximilian/GitHub/pid-component/packages/stencil-library/[39mnode_modules/[4m@stencil/core[24m/internal/client/index.js?app-data=conditional:3231:7
        [36m&lt;ref *1&gt;[39m Wrapped {
        _nodeValue: [1mnull[22m,
        nodeName: [32m&apos;LOCALE-VISUALIZATION&apos;[39m,
        nodeType: [33m1[39m,
        ownerDocument: _MockDocument {
        _nodeValue: [1mnull[22m,
        nodeName: [32m&apos;#document&apos;[39m,
        nodeType: [33m9[39m,
        ownerDocument: [1mnull[22m,
        parentNode: [1mnull[22m,
        _childNodes: [ [36m[MockDocumentTypeNode][39m, [36m[MockHTMLElement][39m ],
        __namespaceURI: [32m&apos;http://www.w3.org/1999/xhtml&apos;[39m,
        __attributeMap: [1mnull[22m,
        __shadowRoot: [1mnull[22m,
        __style: [90mundefined[39m,
        defaultView: [36m[Getter][39m,
        cookie: [32m&apos;&apos;[39m,
        referrer: [32m&apos;&apos;[39m,
        ELEMENT_NODE: [33m1[39m,
        ATTRIBUTE_NODE: [33m2[39m,
        TEXT_NODE: [33m3[39m,
        CDATA_SECTION_NODE: [33m4[39m,
        PROCESSING_INSTRUCTION_NODE: [33m7[39m,
        COMMENT_NODE: [33m8[39m,
        DOCUMENT_NODE: [33m9[39m,
        DOCUMENT_TYPE_NODE: [33m10[39m,
        DOCUMENT_FRAGMENT_NODE: [33m11[39m,
        __listeners: [ [36m[MockEventListener][39m, [36m[MockEventListener][39m ],
        elementsFromPoint: [36m[Function (anonymous)][39m
        },
        parentNode: MockHTMLElement {
        _nodeValue: [1mnull[22m,
        nodeName: [32m&apos;DIV&apos;[39m,
        nodeType: [33m1[39m,
        ownerDocument: _MockDocument {
        _nodeValue: [1mnull[22m,
        nodeName: [32m&apos;#document&apos;[39m,
        nodeType: [33m9[39m,
        ownerDocument: [1mnull[22m,
        parentNode: [1mnull[22m,
        _childNodes: [36m[Array][39m,
        __namespaceURI: [32m&apos;http://www.w3.org/1999/xhtml&apos;[39m,
        __attributeMap: [1mnull[22m,
        __shadowRoot: [1mnull[22m,
        __style: [90mundefined[39m,
        defaultView: [36m[Getter][39m,
        cookie: [32m&apos;&apos;[39m,
        referrer: [32m&apos;&apos;[39m,
        ELEMENT_NODE: [33m1[39m,
        ATTRIBUTE_NODE: [33m2[39m,
        TEXT_NODE: [33m3[39m,
        CDATA_SECTION_NODE: [33m4[39m,
        PROCESSING_INSTRUCTION_NODE: [33m7[39m,
        COMMENT_NODE: [33m8[39m,
        DOCUMENT_NODE: [33m9[39m,
        DOCUMENT_TYPE_NODE: [33m10[39m,
        DOCUMENT_FRAGMENT_NODE: [33m11[39m,
        __listeners: [36m[Array][39m,
        elementsFromPoint: [36m[Function (anonymous)][39m
        },
        parentNode: MockHTMLElement {
        _nodeValue: [1mnull[22m,
        nodeName: [32m&apos;BODY&apos;[39m,
        nodeType: [33m1[39m,
        ownerDocument: [36m[_MockDocument][39m,
        parentNode: [36m[MockHTMLElement][39m,
        _childNodes: [36m[Array][39m,
        __namespaceURI: [32m&apos;http://www.w3.org/1999/xhtml&apos;[39m,
        __attributeMap: [36m[MockAttributeMap][39m,
        __shadowRoot: [1mnull[22m,
        __style: [90mundefined[39m
        },
        _childNodes: [ [36m[Circular *1][39m ],
        __namespaceURI: [32m&apos;http://www.w3.org/1999/xhtml&apos;[39m,
        __attributeMap: MockAttributeMap { __items: [], caseInsensitive: [33mtrue[39m },
        __shadowRoot: [1mnull[22m,
        __style: [90mundefined[39m
        },
        _childNodes: [
        MockHTMLElement {
        _nodeValue: [1mnull[22m,
        nodeName: [32m&apos;SPAN&apos;[39m,
        nodeType: [33m1[39m,
        ownerDocument: [36m[_MockDocument][39m,
        parentNode: [36m[Circular *1][39m,
        _childNodes: [36m[Array][39m,
        __namespaceURI: [32m&apos;http://www.w3.org/1999/xhtml&apos;[39m,
        __attributeMap: [36m[MockAttributeMap][39m,
        __shadowRoot: [1mnull[22m,
        __style: [90mundefined[39m
        }
        ],
        __namespaceURI: [32m&apos;http://www.w3.org/1999/xhtml&apos;[39m,
        __attributeMap: MockAttributeMap { __items: [ [36m[MockAttr][39m ], caseInsensitive: [33mtrue[39m },
        __shadowRoot: [1mnull[22m,
        __style: [90mundefined[39m,
        [32m&apos;s-p&apos;[39m: [],
        [32m&apos;s-rc&apos;[39m: [],
        hasRegisteredEventListeners: [33mtrue[39m,
        __stencil__getHostRef: [36m[Function (anonymous)][39m
        }

      </system-err>
    </testcase>
  </testsuite>
  <testsuite name="src/components/color-highlight/__tests__/color-highlight.spec.tsx"
             timestamp="2026-05-04T21:23:25.435Z" hostname="Ms-MacBook-Air.fritz.box" tests="5" failures="0" errors="0"
             skipped="0" time="2.076914792">
    <testcase classname="src/components/color-highlight/__tests__/color-highlight.spec.tsx"
              name="color-highlight &gt; renders with text prop" time="1.556637291">
    </testcase>
    <testcase classname="src/components/color-highlight/__tests__/color-highlight.spec.tsx"
              name="color-highlight &gt; displays the text content" time="0.004502584">
    </testcase>
    <testcase classname="src/components/color-highlight/__tests__/color-highlight.spec.tsx"
              name="color-highlight &gt; applies a color style based on text" time="0.00553575">
    </testcase>
    <testcase classname="src/components/color-highlight/__tests__/color-highlight.spec.tsx"
              name="color-highlight &gt; sets the text prop correctly" time="0.004239917">
    </testcase>
    <testcase classname="src/components/color-highlight/__tests__/color-highlight.spec.tsx"
              name="color-highlight accessibility &gt; has no a11y violations" time="0.282028917">
      <system-err>
        Couldn&apos;t load preload assets: TypeError: Cannot read properties of undefined (reading &apos;createHTMLDocument&apos;)
        at Object.preloadCssom [as cssom]
        (/Users/maximilian/GitHub/pid-component/node_modules/[4maxe-core[24m/axe.js:19614:48)
        at /Users/maximilian/GitHub/pid-component/node_modules/[4maxe-core[24m/axe.js:19779:44
        at Array.map (&lt;anonymous&gt;)
        at /Users/maximilian/GitHub/pid-component/node_modules/[4maxe-core[24m/axe.js:19778:28
        at new Promise (&lt;anonymous&gt;)
        at _preload (/Users/maximilian/GitHub/pid-component/node_modules/[4maxe-core[24m/axe.js:19773:14)
        at /Users/maximilian/GitHub/pid-component/node_modules/[4maxe-core[24m/axe.js:28710:15
        at pop (/Users/maximilian/GitHub/pid-component/node_modules/[4maxe-core[24m/axe.js:11590:18)
        at Object.defer (/Users/maximilian/GitHub/pid-component/node_modules/[4maxe-core[24m/axe.js:11612:11)
        at Audit.run (/Users/maximilian/GitHub/pid-component/node_modules/[4maxe-core[24m/axe.js:28709:28)

      </system-err>
    </testcase>
  </testsuite>
  <testsuite name="src/components/pid-actions/__tests__/pid-actions.spec.tsx" timestamp="2026-05-04T21:23:25.436Z"
             hostname="Ms-MacBook-Air.fritz.box" tests="51" failures="0" errors="0" skipped="0" time="1.302359458">
    <testcase classname="src/components/pid-actions/__tests__/pid-actions.spec.tsx"
              name="pid-actions &gt; renders with actions prop" time="0.468537292">
    </testcase>
    <testcase classname="src/components/pid-actions/__tests__/pid-actions.spec.tsx"
              name="pid-actions &gt; shows action links" time="0.011592458">
    </testcase>
    <testcase classname="src/components/pid-actions/__tests__/pid-actions.spec.tsx"
              name="pid-actions &gt; renders nothing when actions array is empty" time="0.007554792">
    </testcase>
    <testcase classname="src/components/pid-actions/__tests__/pid-actions.spec.tsx"
              name="pid-actions &gt; has correct default darkMode" time="0.003888292">
    </testcase>
    <testcase classname="src/components/pid-actions/__tests__/pid-actions.spec.tsx"
              name="pid-actions &gt; action links have correct href attributes" time="0.010364375">
    </testcase>
    <testcase classname="src/components/pid-actions/__tests__/pid-actions.spec.tsx"
              name="pid-actions &gt; all action links open in new tab" time="0.008823042">
    </testcase>
    <testcase classname="src/components/pid-actions/__tests__/pid-actions.spec.tsx"
              name="pid-actions &gt; primary style applies blue CSS classes in light mode" time="0.007408708">
    </testcase>
    <testcase classname="src/components/pid-actions/__tests__/pid-actions.spec.tsx"
              name="pid-actions &gt; secondary style applies slate CSS classes in light mode" time="0.009500667">
    </testcase>
    <testcase classname="src/components/pid-actions/__tests__/pid-actions.spec.tsx"
              name="pid-actions &gt; danger style applies red CSS classes in light mode" time="0.010874834">
    </testcase>
    <testcase classname="src/components/pid-actions/__tests__/pid-actions.spec.tsx"
              name="pid-actions &gt; dark mode primary style applies dark blue CSS classes" time="0.009117875">
    </testcase>
    <testcase classname="src/components/pid-actions/__tests__/pid-actions.spec.tsx"
              name="pid-actions &gt; dark mode secondary style applies dark slate CSS classes" time="0.017281458">
    </testcase>
    <testcase classname="src/components/pid-actions/__tests__/pid-actions.spec.tsx"
              name="pid-actions &gt; dark mode danger style applies dark red CSS classes" time="0.01020075">
    </testcase>
    <testcase classname="src/components/pid-actions/__tests__/pid-actions.spec.tsx"
              name="pid-actions &gt; actions render in the order provided" time="0.007873042">
    </testcase>
    <testcase classname="src/components/pid-actions/__tests__/pid-actions.spec.tsx"
              name="pid-actions &gt; all links have base CSS classes" time="0.007795042">
    </testcase>
    <testcase classname="src/components/pid-actions/__tests__/pid-actions.spec.tsx"
              name="pid-actions &gt; action links have correct aria-label" time="0.00654625">
    </testcase>
    <testcase classname="src/components/pid-actions/__tests__/pid-actions.spec.tsx"
              name="pid-actions &gt; container has toolbar role" time="0.008731042">
    </testcase>
    <testcase classname="src/components/pid-actions/__tests__/pid-actions.spec.tsx"
              name="pid-actions &gt; container has sr-only description for screen readers" time="0.008079">
    </testcase>
    <testcase classname="src/components/pid-actions/__tests__/pid-actions.spec.tsx"
              name="pid-actions &gt; dark mode applies dark background to container" time="0.008415584">
    </testcase>
    <testcase classname="src/components/pid-actions/__tests__/pid-actions.spec.tsx"
              name="pid-actions &gt; light mode applies light background to container" time="0.006107042">
    </testcase>
    <testcase classname="src/components/pid-actions/__tests__/pid-actions.spec.tsx"
              name="pid-actions &gt; renders multiple actions correctly" time="0.00910425">
    </testcase>
    <testcase classname="src/components/pid-actions/__tests__/pid-actions.spec.tsx"
              name="pid-actions &gt; renders single action correctly" time="0.009426958">
    </testcase>
    <testcase classname="src/components/pid-actions/__tests__/pid-actions.spec.tsx"
              name="pid-actions &gt; default style applies correct CSS classes in light mode" time="0.00701075">
    </testcase>
    <testcase classname="src/components/pid-actions/__tests__/pid-actions.spec.tsx"
              name="pid-actions &gt; default style applies correct CSS classes in dark mode" time="0.014783584">
    </testcase>
    <testcase classname="src/components/pid-actions/__tests__/pid-actions.spec.tsx"
              name="pid-actions &gt; links have correct title attribute" time="0.023068792">
    </testcase>
    <testcase classname="src/components/pid-actions/__tests__/pid-actions.spec.tsx"
              name="pid-actions &gt; links have sr-only text for screen readers" time="0.006113167">
    </testcase>
    <testcase classname="src/components/pid-actions/__tests__/pid-actions.spec.tsx"
              name="pid-actions &gt; container has correct aria-label" time="0.00677225">
    </testcase>
    <testcase classname="src/components/pid-actions/__tests__/pid-actions.spec.tsx"
              name="pid-actions &gt; inner div has describedby association" time="0.006911417">
    </testcase>
    <testcase classname="src/components/pid-actions/__tests__/pid-actions.spec.tsx"
              name="pid-actions &gt; actions with different styles render correctly" time="0.007609042">
    </testcase>
    <testcase classname="src/components/pid-actions/__tests__/pid-actions.spec.tsx"
              name="pid-actions &gt; actions container has sticky positioning" time="0.008608416">
    </testcase>
    <testcase classname="src/components/pid-actions/__tests__/pid-actions.spec.tsx"
              name="pid-actions &gt; actions container has correct z-index" time="0.012503542">
    </testcase>
    <testcase classname="src/components/pid-actions/__tests__/pid-actions.spec.tsx"
              name="pid-actions &gt; system dark mode uses window matchMedia" time="0.006720625">
    </testcase>
    <testcase classname="src/components/pid-actions/__tests__/pid-actions.spec.tsx"
              name="pid-actions &gt; all action styles work in light mode" time="0.006305292">
    </testcase>
    <testcase classname="src/components/pid-actions/__tests__/pid-actions.spec.tsx"
              name="pid-actions &gt; all action styles work in dark mode" time="0.007121166">
    </testcase>
    <testcase classname="src/components/pid-actions/__tests__/pid-actions.spec.tsx"
              name="pid-actions &gt; action links have focus ring classes" time="0.005951292">
    </testcase>
    <testcase classname="src/components/pid-actions/__tests__/pid-actions.spec.tsx"
              name="pid-actions &gt; action links have transition classes" time="0.006461292">
    </testcase>
    <testcase classname="src/components/pid-actions/__tests__/pid-actions.spec.tsx"
              name="pid-actions &gt; actions container has flex-wrap class" time="0.009848708">
    </testcase>
    <testcase classname="src/components/pid-actions/__tests__/pid-actions.spec.tsx"
              name="pid-actions &gt; renders with actionsId prop" time="0.008042875">
    </testcase>
    <testcase classname="src/components/pid-actions/__tests__/pid-actions.spec.tsx"
              name="pid-actions &gt; actionsId defaults to generated id when not provided" time="0.008708625">
    </testcase>
    <testcase classname="src/components/pid-actions/__tests__/pid-actions.spec.tsx"
              name="pid-actions &gt; empty actions array still renders container" time="0.005279083">
    </testcase>
    <testcase classname="src/components/pid-actions/__tests__/pid-actions.spec.tsx"
              name="pid-actions &gt; large number of actions renders correctly" time="0.007213375">
    </testcase>
    <testcase classname="src/components/pid-actions/__tests__/pid-actions.spec.tsx"
              name="pid-actions &gt; actions with special characters in title render correctly" time="0.006260083">
    </testcase>
    <testcase classname="src/components/pid-actions/__tests__/pid-actions.spec.tsx"
              name="pid-actions &gt; actions with long titles render correctly" time="0.012354333">
    </testcase>
    <testcase classname="src/components/pid-actions/__tests__/pid-actions.spec.tsx"
              name="pid-actions &gt; links have rel attribute for security" time="0.00718225">
    </testcase>
    <testcase classname="src/components/pid-actions/__tests__/pid-actions.spec.tsx"
              name="pid-actions accessibility &gt; has no a11y violations" time="0.249973292">
      <system-err>
        Couldn&apos;t load preload assets: TypeError: Cannot read properties of undefined (reading &apos;createHTMLDocument&apos;)
        at Object.preloadCssom [as cssom]
        (/Users/maximilian/GitHub/pid-component/node_modules/[4maxe-core[24m/axe.js:19614:48)
        at /Users/maximilian/GitHub/pid-component/node_modules/[4maxe-core[24m/axe.js:19779:44
        at Array.map (&lt;anonymous&gt;)
        at /Users/maximilian/GitHub/pid-component/node_modules/[4maxe-core[24m/axe.js:19778:28
        at new Promise (&lt;anonymous&gt;)
        at _preload (/Users/maximilian/GitHub/pid-component/node_modules/[4maxe-core[24m/axe.js:19773:14)
        at /Users/maximilian/GitHub/pid-component/node_modules/[4maxe-core[24m/axe.js:28710:15
        at pop (/Users/maximilian/GitHub/pid-component/node_modules/[4maxe-core[24m/axe.js:11590:18)
        at Object.defer (/Users/maximilian/GitHub/pid-component/node_modules/[4maxe-core[24m/axe.js:11612:11)
        at Audit.run (/Users/maximilian/GitHub/pid-component/node_modules/[4maxe-core[24m/axe.js:28709:28)

      </system-err>
    </testcase>
    <testcase classname="src/components/pid-actions/__tests__/pid-actions.spec.tsx"
              name="pid-actions accessibility &gt; has no a11y violations with multiple actions" time="0.04776925">
      <system-err>
        Couldn&apos;t load preload assets: TypeError: Cannot read properties of undefined (reading &apos;createHTMLDocument&apos;)
        at Object.preloadCssom [as cssom]
        (/Users/maximilian/GitHub/pid-component/node_modules/[4maxe-core[24m/axe.js:19614:48)
        at /Users/maximilian/GitHub/pid-component/node_modules/[4maxe-core[24m/axe.js:19779:44
        at Array.map (&lt;anonymous&gt;)
        at /Users/maximilian/GitHub/pid-component/node_modules/[4maxe-core[24m/axe.js:19778:28
        at new Promise (&lt;anonymous&gt;)
        at _preload (/Users/maximilian/GitHub/pid-component/node_modules/[4maxe-core[24m/axe.js:19773:14)
        at /Users/maximilian/GitHub/pid-component/node_modules/[4maxe-core[24m/axe.js:28710:15
        at pop (/Users/maximilian/GitHub/pid-component/node_modules/[4maxe-core[24m/axe.js:11590:18)
        at Object.defer (/Users/maximilian/GitHub/pid-component/node_modules/[4maxe-core[24m/axe.js:11612:11)
        at Audit.run (/Users/maximilian/GitHub/pid-component/node_modules/[4maxe-core[24m/axe.js:28709:28)

      </system-err>
    </testcase>
    <testcase classname="src/components/pid-actions/__tests__/pid-actions.spec.tsx"
              name="pid-actions accessibility &gt; has no a11y violations in dark mode" time="0.031302875">
      <system-err>
        Couldn&apos;t load preload assets: TypeError: Cannot read properties of undefined (reading &apos;createHTMLDocument&apos;)
        at Object.preloadCssom [as cssom]
        (/Users/maximilian/GitHub/pid-component/node_modules/[4maxe-core[24m/axe.js:19614:48)
        at /Users/maximilian/GitHub/pid-component/node_modules/[4maxe-core[24m/axe.js:19779:44
        at Array.map (&lt;anonymous&gt;)
        at /Users/maximilian/GitHub/pid-component/node_modules/[4maxe-core[24m/axe.js:19778:28
        at new Promise (&lt;anonymous&gt;)
        at _preload (/Users/maximilian/GitHub/pid-component/node_modules/[4maxe-core[24m/axe.js:19773:14)
        at /Users/maximilian/GitHub/pid-component/node_modules/[4maxe-core[24m/axe.js:28710:15
        at pop (/Users/maximilian/GitHub/pid-component/node_modules/[4maxe-core[24m/axe.js:11590:18)
        at Object.defer (/Users/maximilian/GitHub/pid-component/node_modules/[4maxe-core[24m/axe.js:11612:11)
        at Audit.run (/Users/maximilian/GitHub/pid-component/node_modules/[4maxe-core[24m/axe.js:28709:28)

      </system-err>
    </testcase>
    <testcase classname="src/components/pid-actions/__tests__/pid-actions.spec.tsx"
              name="pid-actions accessibility &gt; has no a11y violations in light mode" time="0.022959">
      <system-err>
        Couldn&apos;t load preload assets: TypeError: Cannot read properties of undefined (reading &apos;createHTMLDocument&apos;)
        at Object.preloadCssom [as cssom]
        (/Users/maximilian/GitHub/pid-component/node_modules/[4maxe-core[24m/axe.js:19614:48)
        at /Users/maximilian/GitHub/pid-component/node_modules/[4maxe-core[24m/axe.js:19779:44
        at Array.map (&lt;anonymous&gt;)
        at /Users/maximilian/GitHub/pid-component/node_modules/[4maxe-core[24m/axe.js:19778:28
        at new Promise (&lt;anonymous&gt;)
        at _preload (/Users/maximilian/GitHub/pid-component/node_modules/[4maxe-core[24m/axe.js:19773:14)
        at /Users/maximilian/GitHub/pid-component/node_modules/[4maxe-core[24m/axe.js:28710:15
        at pop (/Users/maximilian/GitHub/pid-component/node_modules/[4maxe-core[24m/axe.js:11590:18)
        at Object.defer (/Users/maximilian/GitHub/pid-component/node_modules/[4maxe-core[24m/axe.js:11612:11)
        at Audit.run (/Users/maximilian/GitHub/pid-component/node_modules/[4maxe-core[24m/axe.js:28709:28)

      </system-err>
    </testcase>
    <testcase classname="src/components/pid-actions/__tests__/pid-actions.spec.tsx"
              name="pid-actions edge cases &gt; handles actions with empty title" time="0.006467834">
    </testcase>
    <testcase classname="src/components/pid-actions/__tests__/pid-actions.spec.tsx"
              name="pid-actions edge cases &gt; handles actions with whitespace-only title" time="0.006649542">
    </testcase>
    <testcase classname="src/components/pid-actions/__tests__/pid-actions.spec.tsx"
              name="pid-actions edge cases &gt; handles actions with null-like title" time="0.005999042">
    </testcase>
    <testcase classname="src/components/pid-actions/__tests__/pid-actions.spec.tsx"
              name="pid-actions edge cases &gt; renders correctly with system dark mode when media query is undefined"
              time="0.006614458">
    </testcase>
  </testsuite>
  <testsuite name="src/components/pid-collapsible/__tests__/pid-collapsible.spec.tsx"
             timestamp="2026-05-04T21:23:25.440Z" hostname="Ms-MacBook-Air.fritz.box" tests="40" failures="0" errors="0"
             skipped="0" time="2.233814584">
    <testcase classname="src/components/pid-collapsible/__tests__/pid-collapsible.spec.tsx"
              name="pid-collapsible &gt; renders" time="0.288216792">
    </testcase>
    <testcase classname="src/components/pid-collapsible/__tests__/pid-collapsible.spec.tsx"
              name="pid-collapsible &gt; renders with hydrated class" time="0.008415416">
    </testcase>
    <testcase classname="src/components/pid-collapsible/__tests__/pid-collapsible.spec.tsx"
              name="pid-collapsible &gt; defaults open prop to false" time="0.003830166">
    </testcase>
    <testcase classname="src/components/pid-collapsible/__tests__/pid-collapsible.spec.tsx"
              name="pid-collapsible &gt; respects open prop when set to true" time="0.00973275">
      <system-err>
        stencil The state/prop &quot;currentWidth&quot; changed during &quot;componentDidLoad()&quot;, this triggers
        extra re-renders, try to setup on &quot;componentWillLoad()&quot;
        Element [36m&lt;ref *1&gt;[39m Wrapped {
        _nodeValue: [1mnull[22m,
        nodeName: [32m&apos;PID-COLLAPSIBLE&apos;[39m,
        nodeType: [33m1[39m,
        ownerDocument: _MockDocument {
        _nodeValue: [1mnull[22m,
        nodeName: [32m&apos;#document&apos;[39m,
        nodeType: [33m9[39m,
        ownerDocument: [1mnull[22m,
        parentNode: [1mnull[22m,
        _childNodes: [ [36m[MockDocumentTypeNode][39m, [36m[MockHTMLElement][39m ],
        __namespaceURI: [32m&apos;http://www.w3.org/1999/xhtml&apos;[39m,
        __attributeMap: [1mnull[22m,
        __shadowRoot: [1mnull[22m,
        __style: [90mundefined[39m,
        defaultView: [36m[Getter][39m,
        cookie: [32m&apos;&apos;[39m,
        referrer: [32m&apos;&apos;[39m,
        ELEMENT_NODE: [33m1[39m,
        ATTRIBUTE_NODE: [33m2[39m,
        TEXT_NODE: [33m3[39m,
        CDATA_SECTION_NODE: [33m4[39m,
        PROCESSING_INSTRUCTION_NODE: [33m7[39m,
        COMMENT_NODE: [33m8[39m,
        DOCUMENT_NODE: [33m9[39m,
        DOCUMENT_TYPE_NODE: [33m10[39m,
        DOCUMENT_FRAGMENT_NODE: [33m11[39m,
        __listeners: [ [36m[MockEventListener][39m, [36m[MockEventListener][39m ]
        },
        parentNode: MockHTMLElement {
        _nodeValue: [1mnull[22m,
        nodeName: [32m&apos;DIV&apos;[39m,
        nodeType: [33m1[39m,
        ownerDocument: _MockDocument {
        _nodeValue: [1mnull[22m,
        nodeName: [32m&apos;#document&apos;[39m,
        nodeType: [33m9[39m,
        ownerDocument: [1mnull[22m,
        parentNode: [1mnull[22m,
        _childNodes: [36m[Array][39m,
        __namespaceURI: [32m&apos;http://www.w3.org/1999/xhtml&apos;[39m,
        __attributeMap: [1mnull[22m,
        __shadowRoot: [1mnull[22m,
        __style: [90mundefined[39m,
        defaultView: [36m[Getter][39m,
        cookie: [32m&apos;&apos;[39m,
        referrer: [32m&apos;&apos;[39m,
        ELEMENT_NODE: [33m1[39m,
        ATTRIBUTE_NODE: [33m2[39m,
        TEXT_NODE: [33m3[39m,
        CDATA_SECTION_NODE: [33m4[39m,
        PROCESSING_INSTRUCTION_NODE: [33m7[39m,
        COMMENT_NODE: [33m8[39m,
        DOCUMENT_NODE: [33m9[39m,
        DOCUMENT_TYPE_NODE: [33m10[39m,
        DOCUMENT_FRAGMENT_NODE: [33m11[39m,
        __listeners: [36m[Array][39m
        },
        parentNode: MockHTMLElement {
        _nodeValue: [1mnull[22m,
        nodeName: [32m&apos;BODY&apos;[39m,
        nodeType: [33m1[39m,
        ownerDocument: [36m[_MockDocument][39m,
        parentNode: [36m[MockHTMLElement][39m,
        _childNodes: [36m[Array][39m,
        __namespaceURI: [32m&apos;http://www.w3.org/1999/xhtml&apos;[39m,
        __attributeMap: [36m[MockAttributeMap][39m,
        __shadowRoot: [1mnull[22m,
        __style: [90mundefined[39m
        },
        _childNodes: [ [36m[Circular *1][39m ],
        __namespaceURI: [32m&apos;http://www.w3.org/1999/xhtml&apos;[39m,
        __attributeMap: MockAttributeMap { __items: [36m[Array][39m, caseInsensitive: [33mtrue[39m },
        __shadowRoot: [1mnull[22m,
        __style: [90mundefined[39m
        },
        _childNodes: [],
        __namespaceURI: [32m&apos;http://www.w3.org/1999/xhtml&apos;[39m,
        __attributeMap: MockAttributeMap { __items: [ [36m[MockAttr][39m ], caseInsensitive: [33mtrue[39m },
        __shadowRoot: [1mnull[22m,
        __style: MockCSSStyleDeclaration { _styles: Map(0) {} },
        [32m&apos;s-p&apos;[39m: [],
        [32m&apos;s-rc&apos;[39m: [90mundefined[39m,
        hasRegisteredEventListeners: [33mtrue[39m,
        __stencil__getHostRef: [36m[Function (anonymous)][39m,
        __self: [36m&lt;ref *2&gt;[39m Object [global] {
        global: [36m[Circular *2][39m,
        clearImmediate: [36m[Function: clearImmediate][39m,
        setImmediate: [Function: setImmediate] {
        [32mSymbol(nodejs.util.promisify.custom)[39m: [36m[Getter][39m
        },
        clearInterval: [36m[Function: clearInterval][39m,
        clearTimeout: [36m[Function: clearTimeout][39m,
        setInterval: [36m[Function: setInterval][39m,
        setTimeout: [Function: setTimeout] {
        [32mSymbol(nodejs.util.promisify.custom)[39m: [36m[Getter][39m
        },
        queueMicrotask: [36m[Function: queueMicrotask][39m,
        structuredClone: [36m[Function: structuredClone][39m,
        atob: [36m[Function: atob][39m,
        btoa: [36m[Function: btoa][39m,
        performance: [36m[Getter/Setter][39m,
        fetch: [36m[Function: fetch][39m,
        crypto: [36m[Getter][39m,
        navigator: [36m[Getter/Setter][39m,
        window: [36m[Circular *2][39m,
        document: [36m[Getter/Setter][39m,
        HTMLElement: [36m[Getter/Setter][39m,
        Element: [36m[Getter/Setter][39m,
        Node: [36m[Getter/Setter][39m,
        DocumentFragment: [36m[Getter/Setter][39m,
        requestAnimationFrame: [36m[Getter/Setter][39m,
        cancelAnimationFrame: [36m[Getter/Setter][39m,
        self: [36m[Circular *2][39m,
        top: [36m[Circular *2][39m,
        parent: [36m[Circular *2][39m,
        __STENCIL_PROD__: [33mfalse[39m,
        __STENCIL_SERVE__: [33mfalse[39m,
        __STENCIL_PORT__: [32m&apos;&apos;[39m,
        __STENCIL_HYDRATED_FLAG__: [1mnull[22m,
        __vitest_required__: { util: [36m[Object][39m, timers: [36m[Object][39m, timersPromises: [36m[Object][39m },
        stencil: { inspect: [36m[Function (anonymous)][39m },
        ResizeObserver: [36m[class (anonymous)][39m,
        [32mSymbol(vitest:SAFE_TIMERS)[39m: {
        nextTick: [36m[Function: nextTick][39m,
        setTimeout: [36m[Function][39m,
        setInterval: [36m[Function: setInterval][39m,
        clearInterval: [36m[Function: clearInterval][39m,
        clearTimeout: [36m[Function: clearTimeout][39m,
        setImmediate: [36m[Function][39m,
        clearImmediate: [36m[Function: clearImmediate][39m,
        queueMicrotask: [36m[Function: queueMicrotask][39m
        }
        },
        __source: {
        fileName: [32m&apos;/Users/maximilian/GitHub/pid-component/packages/stencil-library/src/components/pid-collapsible/__tests__/pid-collapsible.spec.tsx&apos;[39m,
        lineNumber: [33m61[39m,
        columnNumber: [33m7[39m
        },
        [32m&apos;s-hn&apos;[39m: [32m&apos;DIV&apos;[39m,
        [32m&apos;s-cr&apos;[39m: _MockComment {
        _nodeValue: [32m&apos;&apos;[39m,
        nodeName: [32m&apos;#comment&apos;[39m,
        nodeType: [33m8[39m,
        ownerDocument: _MockDocument {
        _nodeValue: [1mnull[22m,
        nodeName: [32m&apos;#document&apos;[39m,
        nodeType: [33m9[39m,
        ownerDocument: [1mnull[22m,
        parentNode: [1mnull[22m,
        _childNodes: [36m[Array][39m,
        __namespaceURI: [32m&apos;http://www.w3.org/1999/xhtml&apos;[39m,
        __attributeMap: [1mnull[22m,
        __shadowRoot: [1mnull[22m,
        __style: [90mundefined[39m,
        defaultView: [36m[Getter][39m,
        cookie: [32m&apos;&apos;[39m,
        referrer: [32m&apos;&apos;[39m,
        ELEMENT_NODE: [33m1[39m,
        ATTRIBUTE_NODE: [33m2[39m,
        TEXT_NODE: [33m3[39m,
        CDATA_SECTION_NODE: [33m4[39m,
        PROCESSING_INSTRUCTION_NODE: [33m7[39m,
        COMMENT_NODE: [33m8[39m,
        DOCUMENT_NODE: [33m9[39m,
        DOCUMENT_TYPE_NODE: [33m10[39m,
        DOCUMENT_FRAGMENT_NODE: [33m11[39m,
        __listeners: [36m[Array][39m
        },
        parentNode: [36m[Circular *1][39m,
        _childNodes: [],
        [32m&apos;s-cn&apos;[39m: [33mtrue[39m
        }
        }
        New value 50%
        Old value 500px

      </system-err>
    </testcase>
    <testcase classname="src/components/pid-collapsible/__tests__/pid-collapsible.spec.tsx"
              name="pid-collapsible &gt; has correct default props" time="0.004294458">
    </testcase>
    <testcase classname="src/components/pid-collapsible/__tests__/pid-collapsible.spec.tsx"
              name="pid-collapsible &gt; emits collapsibleToggle event when open prop changes and event is dispatched"
              time="0.008201833">
    </testcase>
    <testcase classname="src/components/pid-collapsible/__tests__/pid-collapsible.spec.tsx"
              name="pid-collapsible &gt; emits collapsibleToggle with true when opening" time="0.008029458">
    </testcase>
    <testcase classname="src/components/pid-collapsible/__tests__/pid-collapsible.spec.tsx"
              name="pid-collapsible &gt; emits collapsibleToggle with false when closing" time="0.010424709">
      <system-err>
        stencil The state/prop &quot;currentWidth&quot; changed during &quot;componentDidLoad()&quot;, this triggers
        extra re-renders, try to setup on &quot;componentWillLoad()&quot;
        Element [36m&lt;ref *1&gt;[39m Wrapped {
        _nodeValue: [1mnull[22m,
        nodeName: [32m&apos;PID-COLLAPSIBLE&apos;[39m,
        nodeType: [33m1[39m,
        ownerDocument: _MockDocument {
        _nodeValue: [1mnull[22m,
        nodeName: [32m&apos;#document&apos;[39m,
        nodeType: [33m9[39m,
        ownerDocument: [1mnull[22m,
        parentNode: [1mnull[22m,
        _childNodes: [ [36m[MockDocumentTypeNode][39m, [36m[MockHTMLElement][39m ],
        __namespaceURI: [32m&apos;http://www.w3.org/1999/xhtml&apos;[39m,
        __attributeMap: [1mnull[22m,
        __shadowRoot: [1mnull[22m,
        __style: [90mundefined[39m,
        defaultView: [36m[Getter][39m,
        cookie: [32m&apos;&apos;[39m,
        referrer: [32m&apos;&apos;[39m,
        ELEMENT_NODE: [33m1[39m,
        ATTRIBUTE_NODE: [33m2[39m,
        TEXT_NODE: [33m3[39m,
        CDATA_SECTION_NODE: [33m4[39m,
        PROCESSING_INSTRUCTION_NODE: [33m7[39m,
        COMMENT_NODE: [33m8[39m,
        DOCUMENT_NODE: [33m9[39m,
        DOCUMENT_TYPE_NODE: [33m10[39m,
        DOCUMENT_FRAGMENT_NODE: [33m11[39m,
        __listeners: [ [36m[MockEventListener][39m, [36m[MockEventListener][39m ]
        },
        parentNode: MockHTMLElement {
        _nodeValue: [1mnull[22m,
        nodeName: [32m&apos;DIV&apos;[39m,
        nodeType: [33m1[39m,
        ownerDocument: _MockDocument {
        _nodeValue: [1mnull[22m,
        nodeName: [32m&apos;#document&apos;[39m,
        nodeType: [33m9[39m,
        ownerDocument: [1mnull[22m,
        parentNode: [1mnull[22m,
        _childNodes: [36m[Array][39m,
        __namespaceURI: [32m&apos;http://www.w3.org/1999/xhtml&apos;[39m,
        __attributeMap: [1mnull[22m,
        __shadowRoot: [1mnull[22m,
        __style: [90mundefined[39m,
        defaultView: [36m[Getter][39m,
        cookie: [32m&apos;&apos;[39m,
        referrer: [32m&apos;&apos;[39m,
        ELEMENT_NODE: [33m1[39m,
        ATTRIBUTE_NODE: [33m2[39m,
        TEXT_NODE: [33m3[39m,
        CDATA_SECTION_NODE: [33m4[39m,
        PROCESSING_INSTRUCTION_NODE: [33m7[39m,
        COMMENT_NODE: [33m8[39m,
        DOCUMENT_NODE: [33m9[39m,
        DOCUMENT_TYPE_NODE: [33m10[39m,
        DOCUMENT_FRAGMENT_NODE: [33m11[39m,
        __listeners: [36m[Array][39m
        },
        parentNode: MockHTMLElement {
        _nodeValue: [1mnull[22m,
        nodeName: [32m&apos;BODY&apos;[39m,
        nodeType: [33m1[39m,
        ownerDocument: [36m[_MockDocument][39m,
        parentNode: [36m[MockHTMLElement][39m,
        _childNodes: [36m[Array][39m,
        __namespaceURI: [32m&apos;http://www.w3.org/1999/xhtml&apos;[39m,
        __attributeMap: [36m[MockAttributeMap][39m,
        __shadowRoot: [1mnull[22m,
        __style: [90mundefined[39m
        },
        _childNodes: [ [36m[Circular *1][39m ],
        __namespaceURI: [32m&apos;http://www.w3.org/1999/xhtml&apos;[39m,
        __attributeMap: MockAttributeMap { __items: [36m[Array][39m, caseInsensitive: [33mtrue[39m },
        __shadowRoot: [1mnull[22m,
        __style: [90mundefined[39m
        },
        _childNodes: [],
        __namespaceURI: [32m&apos;http://www.w3.org/1999/xhtml&apos;[39m,
        __attributeMap: MockAttributeMap { __items: [ [36m[MockAttr][39m ], caseInsensitive: [33mtrue[39m },
        __shadowRoot: [1mnull[22m,
        __style: MockCSSStyleDeclaration { _styles: Map(0) {} },
        [32m&apos;s-p&apos;[39m: [],
        [32m&apos;s-rc&apos;[39m: [90mundefined[39m,
        hasRegisteredEventListeners: [33mtrue[39m,
        __stencil__getHostRef: [36m[Function (anonymous)][39m,
        __self: [36m&lt;ref *2&gt;[39m Object [global] {
        global: [36m[Circular *2][39m,
        clearImmediate: [36m[Function: clearImmediate][39m,
        setImmediate: [Function: setImmediate] {
        [32mSymbol(nodejs.util.promisify.custom)[39m: [36m[Getter][39m
        },
        clearInterval: [36m[Function: clearInterval][39m,
        clearTimeout: [36m[Function: clearTimeout][39m,
        setInterval: [36m[Function: setInterval][39m,
        setTimeout: [Function: setTimeout] {
        [32mSymbol(nodejs.util.promisify.custom)[39m: [36m[Getter][39m
        },
        queueMicrotask: [36m[Function: queueMicrotask][39m,
        structuredClone: [36m[Function: structuredClone][39m,
        atob: [36m[Function: atob][39m,
        btoa: [36m[Function: btoa][39m,
        performance: [36m[Getter/Setter][39m,
        fetch: [36m[Function: fetch][39m,
        crypto: [36m[Getter][39m,
        navigator: [36m[Getter/Setter][39m,
        window: [36m[Circular *2][39m,
        document: [36m[Getter/Setter][39m,
        HTMLElement: [36m[Getter/Setter][39m,
        Element: [36m[Getter/Setter][39m,
        Node: [36m[Getter/Setter][39m,
        DocumentFragment: [36m[Getter/Setter][39m,
        requestAnimationFrame: [36m[Getter/Setter][39m,
        cancelAnimationFrame: [36m[Getter/Setter][39m,
        self: [36m[Circular *2][39m,
        top: [36m[Circular *2][39m,
        parent: [36m[Circular *2][39m,
        __STENCIL_PROD__: [33mfalse[39m,
        __STENCIL_SERVE__: [33mfalse[39m,
        __STENCIL_PORT__: [32m&apos;&apos;[39m,
        __STENCIL_HYDRATED_FLAG__: [1mnull[22m,
        __vitest_required__: { util: [36m[Object][39m, timers: [36m[Object][39m, timersPromises: [36m[Object][39m },
        stencil: { inspect: [36m[Function (anonymous)][39m },
        ResizeObserver: [36m[class (anonymous)][39m,
        [32mSymbol(vitest:SAFE_TIMERS)[39m: {
        nextTick: [36m[Function: nextTick][39m,
        setTimeout: [36m[Function][39m,
        setInterval: [36m[Function: setInterval][39m,
        clearInterval: [36m[Function: clearInterval][39m,
        clearTimeout: [36m[Function: clearTimeout][39m,
        setImmediate: [36m[Function][39m,
        clearImmediate: [36m[Function: clearImmediate][39m,
        queueMicrotask: [36m[Function: queueMicrotask][39m
        }
        },
        __source: {
        fileName: [32m&apos;/Users/maximilian/GitHub/pid-component/packages/stencil-library/src/components/pid-collapsible/__tests__/pid-collapsible.spec.tsx&apos;[39m,
        lineNumber: [33m107[39m,
        columnNumber: [33m7[39m
        },
        [32m&apos;s-hn&apos;[39m: [32m&apos;DIV&apos;[39m,
        [32m&apos;s-cr&apos;[39m: _MockComment {
        _nodeValue: [32m&apos;&apos;[39m,
        nodeName: [32m&apos;#comment&apos;[39m,
        nodeType: [33m8[39m,
        ownerDocument: _MockDocument {
        _nodeValue: [1mnull[22m,
        nodeName: [32m&apos;#document&apos;[39m,
        nodeType: [33m9[39m,
        ownerDocument: [1mnull[22m,
        parentNode: [1mnull[22m,
        _childNodes: [36m[Array][39m,
        __namespaceURI: [32m&apos;http://www.w3.org/1999/xhtml&apos;[39m,
        __attributeMap: [1mnull[22m,
        __shadowRoot: [1mnull[22m,
        __style: [90mundefined[39m,
        defaultView: [36m[Getter][39m,
        cookie: [32m&apos;&apos;[39m,
        referrer: [32m&apos;&apos;[39m,
        ELEMENT_NODE: [33m1[39m,
        ATTRIBUTE_NODE: [33m2[39m,
        TEXT_NODE: [33m3[39m,
        CDATA_SECTION_NODE: [33m4[39m,
        PROCESSING_INSTRUCTION_NODE: [33m7[39m,
        COMMENT_NODE: [33m8[39m,
        DOCUMENT_NODE: [33m9[39m,
        DOCUMENT_TYPE_NODE: [33m10[39m,
        DOCUMENT_FRAGMENT_NODE: [33m11[39m,
        __listeners: [36m[Array][39m
        },
        parentNode: [36m[Circular *1][39m,
        _childNodes: [],
        [32m&apos;s-cn&apos;[39m: [33mtrue[39m
        }
        }
        New value 50%
        Old value 500px

      </system-err>
    </testcase>
    <testcase classname="src/components/pid-collapsible/__tests__/pid-collapsible.spec.tsx"
              name="pid-collapsible &gt; emphasize prop adds border and shadow classes" time="0.005270084">
    </testcase>
    <testcase classname="src/components/pid-collapsible/__tests__/pid-collapsible.spec.tsx"
              name="pid-collapsible &gt; emphasize false does not add border classes" time="0.003781041">
    </testcase>
    <testcase classname="src/components/pid-collapsible/__tests__/pid-collapsible.spec.tsx"
              name="pid-collapsible &gt; darkMode &quot;dark&quot; applies text-white class to host" time="0.004421542">
    </testcase>
    <testcase classname="src/components/pid-collapsible/__tests__/pid-collapsible.spec.tsx"
              name="pid-collapsible &gt; darkMode &quot;light&quot; does not apply text-white class" time="0.003557417">
    </testcase>
    <testcase classname="src/components/pid-collapsible/__tests__/pid-collapsible.spec.tsx"
              name="pid-collapsible &gt; darkMode &quot;dark&quot; with emphasize adds dark border classes"
              time="0.007127792">
    </testcase>
    <testcase classname="src/components/pid-collapsible/__tests__/pid-collapsible.spec.tsx"
              name="pid-collapsible &gt; darkMode &quot;light&quot; with emphasize adds light border classes"
              time="0.012894625">
    </testcase>
    <testcase classname="src/components/pid-collapsible/__tests__/pid-collapsible.spec.tsx"
              name="pid-collapsible &gt; host has text-white class when dark mode is active" time="0.002329166">
    </testcase>
    <testcase classname="src/components/pid-collapsible/__tests__/pid-collapsible.spec.tsx"
              name="pid-collapsible &gt; collapsed state adds inline-block class to host" time="0.006163875">
    </testcase>
    <testcase classname="src/components/pid-collapsible/__tests__/pid-collapsible.spec.tsx"
              name="pid-collapsible &gt; open state adds block class to host" time="0.004423292">
      <system-err>
        stencil The state/prop &quot;currentWidth&quot; changed during &quot;componentDidLoad()&quot;, this triggers
        extra re-renders, try to setup on &quot;componentWillLoad()&quot;
        Element [36m&lt;ref *1&gt;[39m Wrapped {
        _nodeValue: [1mnull[22m,
        nodeName: [32m&apos;PID-COLLAPSIBLE&apos;[39m,
        nodeType: [33m1[39m,
        ownerDocument: _MockDocument {
        _nodeValue: [1mnull[22m,
        nodeName: [32m&apos;#document&apos;[39m,
        nodeType: [33m9[39m,
        ownerDocument: [1mnull[22m,
        parentNode: [1mnull[22m,
        _childNodes: [ [36m[MockDocumentTypeNode][39m, [36m[MockHTMLElement][39m ],
        __namespaceURI: [32m&apos;http://www.w3.org/1999/xhtml&apos;[39m,
        __attributeMap: [1mnull[22m,
        __shadowRoot: [1mnull[22m,
        __style: [90mundefined[39m,
        defaultView: [36m[Getter][39m,
        cookie: [32m&apos;&apos;[39m,
        referrer: [32m&apos;&apos;[39m,
        ELEMENT_NODE: [33m1[39m,
        ATTRIBUTE_NODE: [33m2[39m,
        TEXT_NODE: [33m3[39m,
        CDATA_SECTION_NODE: [33m4[39m,
        PROCESSING_INSTRUCTION_NODE: [33m7[39m,
        COMMENT_NODE: [33m8[39m,
        DOCUMENT_NODE: [33m9[39m,
        DOCUMENT_TYPE_NODE: [33m10[39m,
        DOCUMENT_FRAGMENT_NODE: [33m11[39m,
        __listeners: [ [36m[MockEventListener][39m, [36m[MockEventListener][39m ]
        },
        parentNode: MockHTMLElement {
        _nodeValue: [1mnull[22m,
        nodeName: [32m&apos;DIV&apos;[39m,
        nodeType: [33m1[39m,
        ownerDocument: _MockDocument {
        _nodeValue: [1mnull[22m,
        nodeName: [32m&apos;#document&apos;[39m,
        nodeType: [33m9[39m,
        ownerDocument: [1mnull[22m,
        parentNode: [1mnull[22m,
        _childNodes: [36m[Array][39m,
        __namespaceURI: [32m&apos;http://www.w3.org/1999/xhtml&apos;[39m,
        __attributeMap: [1mnull[22m,
        __shadowRoot: [1mnull[22m,
        __style: [90mundefined[39m,
        defaultView: [36m[Getter][39m,
        cookie: [32m&apos;&apos;[39m,
        referrer: [32m&apos;&apos;[39m,
        ELEMENT_NODE: [33m1[39m,
        ATTRIBUTE_NODE: [33m2[39m,
        TEXT_NODE: [33m3[39m,
        CDATA_SECTION_NODE: [33m4[39m,
        PROCESSING_INSTRUCTION_NODE: [33m7[39m,
        COMMENT_NODE: [33m8[39m,
        DOCUMENT_NODE: [33m9[39m,
        DOCUMENT_TYPE_NODE: [33m10[39m,
        DOCUMENT_FRAGMENT_NODE: [33m11[39m,
        __listeners: [36m[Array][39m
        },
        parentNode: MockHTMLElement {
        _nodeValue: [1mnull[22m,
        nodeName: [32m&apos;BODY&apos;[39m,
        nodeType: [33m1[39m,
        ownerDocument: [36m[_MockDocument][39m,
        parentNode: [36m[MockHTMLElement][39m,
        _childNodes: [36m[Array][39m,
        __namespaceURI: [32m&apos;http://www.w3.org/1999/xhtml&apos;[39m,
        __attributeMap: [36m[MockAttributeMap][39m,
        __shadowRoot: [1mnull[22m,
        __style: [90mundefined[39m
        },
        _childNodes: [ [36m[Circular *1][39m ],
        __namespaceURI: [32m&apos;http://www.w3.org/1999/xhtml&apos;[39m,
        __attributeMap: MockAttributeMap { __items: [36m[Array][39m, caseInsensitive: [33mtrue[39m },
        __shadowRoot: [1mnull[22m,
        __style: [90mundefined[39m
        },
        _childNodes: [],
        __namespaceURI: [32m&apos;http://www.w3.org/1999/xhtml&apos;[39m,
        __attributeMap: MockAttributeMap { __items: [ [36m[MockAttr][39m ], caseInsensitive: [33mtrue[39m },
        __shadowRoot: [1mnull[22m,
        __style: MockCSSStyleDeclaration { _styles: Map(0) {} },
        [32m&apos;s-p&apos;[39m: [],
        [32m&apos;s-rc&apos;[39m: [90mundefined[39m,
        hasRegisteredEventListeners: [33mtrue[39m,
        __stencil__getHostRef: [36m[Function (anonymous)][39m,
        __self: [36m&lt;ref *2&gt;[39m Object [global] {
        global: [36m[Circular *2][39m,
        clearImmediate: [36m[Function: clearImmediate][39m,
        setImmediate: [Function: setImmediate] {
        [32mSymbol(nodejs.util.promisify.custom)[39m: [36m[Getter][39m
        },
        clearInterval: [36m[Function: clearInterval][39m,
        clearTimeout: [36m[Function: clearTimeout][39m,
        setInterval: [36m[Function: setInterval][39m,
        setTimeout: [Function: setTimeout] {
        [32mSymbol(nodejs.util.promisify.custom)[39m: [36m[Getter][39m
        },
        queueMicrotask: [36m[Function: queueMicrotask][39m,
        structuredClone: [36m[Function: structuredClone][39m,
        atob: [36m[Function: atob][39m,
        btoa: [36m[Function: btoa][39m,
        performance: [36m[Getter/Setter][39m,
        fetch: [36m[Function: fetch][39m,
        crypto: [36m[Getter][39m,
        navigator: [36m[Getter/Setter][39m,
        window: [36m[Circular *2][39m,
        document: [36m[Getter/Setter][39m,
        HTMLElement: [36m[Getter/Setter][39m,
        Element: [36m[Getter/Setter][39m,
        Node: [36m[Getter/Setter][39m,
        DocumentFragment: [36m[Getter/Setter][39m,
        requestAnimationFrame: [36m[Getter/Setter][39m,
        cancelAnimationFrame: [36m[Getter/Setter][39m,
        self: [36m[Circular *2][39m,
        top: [36m[Circular *2][39m,
        parent: [36m[Circular *2][39m,
        __STENCIL_PROD__: [33mfalse[39m,
        __STENCIL_SERVE__: [33mfalse[39m,
        __STENCIL_PORT__: [32m&apos;&apos;[39m,
        __STENCIL_HYDRATED_FLAG__: [1mnull[22m,
        __vitest_required__: { util: [36m[Object][39m, timers: [36m[Object][39m, timersPromises: [36m[Object][39m },
        stencil: { inspect: [36m[Function (anonymous)][39m },
        ResizeObserver: [36m[class (anonymous)][39m,
        [32mSymbol(vitest:SAFE_TIMERS)[39m: {
        nextTick: [36m[Function: nextTick][39m,
        setTimeout: [36m[Function][39m,
        setInterval: [36m[Function: setInterval][39m,
        clearInterval: [36m[Function: clearInterval][39m,
        clearTimeout: [36m[Function: clearTimeout][39m,
        setImmediate: [36m[Function][39m,
        clearImmediate: [36m[Function: clearImmediate][39m,
        queueMicrotask: [36m[Function: queueMicrotask][39m
        }
        },
        __source: {
        fileName: [32m&apos;/Users/maximilian/GitHub/pid-component/packages/stencil-library/src/components/pid-collapsible/__tests__/pid-collapsible.spec.tsx&apos;[39m,
        lineNumber: [33m189[39m,
        columnNumber: [33m7[39m
        },
        [32m&apos;s-hn&apos;[39m: [32m&apos;DIV&apos;[39m,
        [32m&apos;s-cr&apos;[39m: _MockComment {
        _nodeValue: [32m&apos;&apos;[39m,
        nodeName: [32m&apos;#comment&apos;[39m,
        nodeType: [33m8[39m,
        ownerDocument: _MockDocument {
        _nodeValue: [1mnull[22m,
        nodeName: [32m&apos;#document&apos;[39m,
        nodeType: [33m9[39m,
        ownerDocument: [1mnull[22m,
        parentNode: [1mnull[22m,
        _childNodes: [36m[Array][39m,
        __namespaceURI: [32m&apos;http://www.w3.org/1999/xhtml&apos;[39m,
        __attributeMap: [1mnull[22m,
        __shadowRoot: [1mnull[22m,
        __style: [90mundefined[39m,
        defaultView: [36m[Getter][39m,
        cookie: [32m&apos;&apos;[39m,
        referrer: [32m&apos;&apos;[39m,
        ELEMENT_NODE: [33m1[39m,
        ATTRIBUTE_NODE: [33m2[39m,
        TEXT_NODE: [33m3[39m,
        CDATA_SECTION_NODE: [33m4[39m,
        PROCESSING_INSTRUCTION_NODE: [33m7[39m,
        COMMENT_NODE: [33m8[39m,
        DOCUMENT_NODE: [33m9[39m,
        DOCUMENT_TYPE_NODE: [33m10[39m,
        DOCUMENT_FRAGMENT_NODE: [33m11[39m,
        __listeners: [36m[Array][39m
        },
        parentNode: [36m[Circular *1][39m,
        _childNodes: [],
        [32m&apos;s-cn&apos;[39m: [33mtrue[39m
        }
        }
        New value 50%
        Old value 500px

      </system-err>
    </testcase>
    <testcase classname="src/components/pid-collapsible/__tests__/pid-collapsible.spec.tsx"
              name="pid-collapsible &gt; emphasize prop is reflected correctly" time="0.003751958">
    </testcase>
    <testcase classname="src/components/pid-collapsible/__tests__/pid-collapsible.spec.tsx"
              name="pid-collapsible &gt; no emphasize prop defaults to false" time="0.00434">
    </testcase>
    <testcase classname="src/components/pid-collapsible/__tests__/pid-collapsible.spec.tsx"
              name="pid-collapsible &gt; showFooter prop defaults to false" time="0.003653458">
    </testcase>
    <testcase classname="src/components/pid-collapsible/__tests__/pid-collapsible.spec.tsx"
              name="pid-collapsible &gt; showFooter prop can be set to true" time="0.009041625">
      <system-err>
        stencil The state/prop &quot;currentWidth&quot; changed during &quot;componentDidLoad()&quot;, this triggers
        extra re-renders, try to setup on &quot;componentWillLoad()&quot;
        Element [36m&lt;ref *1&gt;[39m Wrapped {
        _nodeValue: [1mnull[22m,
        nodeName: [32m&apos;PID-COLLAPSIBLE&apos;[39m,
        nodeType: [33m1[39m,
        ownerDocument: _MockDocument {
        _nodeValue: [1mnull[22m,
        nodeName: [32m&apos;#document&apos;[39m,
        nodeType: [33m9[39m,
        ownerDocument: [1mnull[22m,
        parentNode: [1mnull[22m,
        _childNodes: [ [36m[MockDocumentTypeNode][39m, [36m[MockHTMLElement][39m ],
        __namespaceURI: [32m&apos;http://www.w3.org/1999/xhtml&apos;[39m,
        __attributeMap: [1mnull[22m,
        __shadowRoot: [1mnull[22m,
        __style: [90mundefined[39m,
        defaultView: [36m[Getter][39m,
        cookie: [32m&apos;&apos;[39m,
        referrer: [32m&apos;&apos;[39m,
        ELEMENT_NODE: [33m1[39m,
        ATTRIBUTE_NODE: [33m2[39m,
        TEXT_NODE: [33m3[39m,
        CDATA_SECTION_NODE: [33m4[39m,
        PROCESSING_INSTRUCTION_NODE: [33m7[39m,
        COMMENT_NODE: [33m8[39m,
        DOCUMENT_NODE: [33m9[39m,
        DOCUMENT_TYPE_NODE: [33m10[39m,
        DOCUMENT_FRAGMENT_NODE: [33m11[39m,
        __listeners: [ [36m[MockEventListener][39m, [36m[MockEventListener][39m ]
        },
        parentNode: MockHTMLElement {
        _nodeValue: [1mnull[22m,
        nodeName: [32m&apos;DIV&apos;[39m,
        nodeType: [33m1[39m,
        ownerDocument: _MockDocument {
        _nodeValue: [1mnull[22m,
        nodeName: [32m&apos;#document&apos;[39m,
        nodeType: [33m9[39m,
        ownerDocument: [1mnull[22m,
        parentNode: [1mnull[22m,
        _childNodes: [36m[Array][39m,
        __namespaceURI: [32m&apos;http://www.w3.org/1999/xhtml&apos;[39m,
        __attributeMap: [1mnull[22m,
        __shadowRoot: [1mnull[22m,
        __style: [90mundefined[39m,
        defaultView: [36m[Getter][39m,
        cookie: [32m&apos;&apos;[39m,
        referrer: [32m&apos;&apos;[39m,
        ELEMENT_NODE: [33m1[39m,
        ATTRIBUTE_NODE: [33m2[39m,
        TEXT_NODE: [33m3[39m,
        CDATA_SECTION_NODE: [33m4[39m,
        PROCESSING_INSTRUCTION_NODE: [33m7[39m,
        COMMENT_NODE: [33m8[39m,
        DOCUMENT_NODE: [33m9[39m,
        DOCUMENT_TYPE_NODE: [33m10[39m,
        DOCUMENT_FRAGMENT_NODE: [33m11[39m,
        __listeners: [36m[Array][39m
        },
        parentNode: MockHTMLElement {
        _nodeValue: [1mnull[22m,
        nodeName: [32m&apos;BODY&apos;[39m,
        nodeType: [33m1[39m,
        ownerDocument: [36m[_MockDocument][39m,
        parentNode: [36m[MockHTMLElement][39m,
        _childNodes: [36m[Array][39m,
        __namespaceURI: [32m&apos;http://www.w3.org/1999/xhtml&apos;[39m,
        __attributeMap: [36m[MockAttributeMap][39m,
        __shadowRoot: [1mnull[22m,
        __style: [90mundefined[39m
        },
        _childNodes: [ [36m[Circular *1][39m ],
        __namespaceURI: [32m&apos;http://www.w3.org/1999/xhtml&apos;[39m,
        __attributeMap: MockAttributeMap { __items: [36m[Array][39m, caseInsensitive: [33mtrue[39m },
        __shadowRoot: [1mnull[22m,
        __style: [90mundefined[39m
        },
        _childNodes: [],
        __namespaceURI: [32m&apos;http://www.w3.org/1999/xhtml&apos;[39m,
        __attributeMap: MockAttributeMap {
        __items: [ [36m[MockAttr][39m, [36m[MockAttr][39m ],
        caseInsensitive: [33mtrue[39m
        },
        __shadowRoot: [1mnull[22m,
        __style: MockCSSStyleDeclaration { _styles: Map(0) {} },
        [32m&apos;s-p&apos;[39m: [],
        [32m&apos;s-rc&apos;[39m: [90mundefined[39m,
        hasRegisteredEventListeners: [33mtrue[39m,
        __stencil__getHostRef: [36m[Function (anonymous)][39m,
        __self: [36m&lt;ref *2&gt;[39m Object [global] {
        global: [36m[Circular *2][39m,
        clearImmediate: [36m[Function: clearImmediate][39m,
        setImmediate: [Function: setImmediate] {
        [32mSymbol(nodejs.util.promisify.custom)[39m: [36m[Getter][39m
        },
        clearInterval: [36m[Function: clearInterval][39m,
        clearTimeout: [36m[Function: clearTimeout][39m,
        setInterval: [36m[Function: setInterval][39m,
        setTimeout: [Function: setTimeout] {
        [32mSymbol(nodejs.util.promisify.custom)[39m: [36m[Getter][39m
        },
        queueMicrotask: [36m[Function: queueMicrotask][39m,
        structuredClone: [36m[Function: structuredClone][39m,
        atob: [36m[Function: atob][39m,
        btoa: [36m[Function: btoa][39m,
        performance: [36m[Getter/Setter][39m,
        fetch: [36m[Function: fetch][39m,
        crypto: [36m[Getter][39m,
        navigator: [36m[Getter/Setter][39m,
        window: [36m[Circular *2][39m,
        document: [36m[Getter/Setter][39m,
        HTMLElement: [36m[Getter/Setter][39m,
        Element: [36m[Getter/Setter][39m,
        Node: [36m[Getter/Setter][39m,
        DocumentFragment: [36m[Getter/Setter][39m,
        requestAnimationFrame: [36m[Getter/Setter][39m,
        cancelAnimationFrame: [36m[Getter/Setter][39m,
        self: [36m[Circular *2][39m,
        top: [36m[Circular *2][39m,
        parent: [36m[Circular *2][39m,
        __STENCIL_PROD__: [33mfalse[39m,
        __STENCIL_SERVE__: [33mfalse[39m,
        __STENCIL_PORT__: [32m&apos;&apos;[39m,
        __STENCIL_HYDRATED_FLAG__: [1mnull[22m,
        __vitest_required__: { util: [36m[Object][39m, timers: [36m[Object][39m, timersPromises: [36m[Object][39m },
        stencil: { inspect: [36m[Function (anonymous)][39m },
        ResizeObserver: [36m[class (anonymous)][39m,
        [32mSymbol(vitest:SAFE_TIMERS)[39m: {
        nextTick: [36m[Function: nextTick][39m,
        setTimeout: [36m[Function][39m,
        setInterval: [36m[Function: setInterval][39m,
        clearInterval: [36m[Function: clearInterval][39m,
        clearTimeout: [36m[Function: clearTimeout][39m,
        setImmediate: [36m[Function][39m,
        clearImmediate: [36m[Function: clearImmediate][39m,
        queueMicrotask: [36m[Function: queueMicrotask][39m
        }
        },
        __source: {
        fileName: [32m&apos;/Users/maximilian/GitHub/pid-component/packages/stencil-library/src/components/pid-collapsible/__tests__/pid-collapsible.spec.tsx&apos;[39m,
        lineNumber: [33m218[39m,
        columnNumber: [33m7[39m
        },
        [32m&apos;s-hn&apos;[39m: [32m&apos;DIV&apos;[39m,
        [32m&apos;s-cr&apos;[39m: _MockComment {
        _nodeValue: [32m&apos;&apos;[39m,
        nodeName: [32m&apos;#comment&apos;[39m,
        nodeType: [33m8[39m,
        ownerDocument: _MockDocument {
        _nodeValue: [1mnull[22m,
        nodeName: [32m&apos;#document&apos;[39m,
        nodeType: [33m9[39m,
        ownerDocument: [1mnull[22m,
        parentNode: [1mnull[22m,
        _childNodes: [36m[Array][39m,
        __namespaceURI: [32m&apos;http://www.w3.org/1999/xhtml&apos;[39m,
        __attributeMap: [1mnull[22m,
        __shadowRoot: [1mnull[22m,
        __style: [90mundefined[39m,
        defaultView: [36m[Getter][39m,
        cookie: [32m&apos;&apos;[39m,
        referrer: [32m&apos;&apos;[39m,
        ELEMENT_NODE: [33m1[39m,
        ATTRIBUTE_NODE: [33m2[39m,
        TEXT_NODE: [33m3[39m,
        CDATA_SECTION_NODE: [33m4[39m,
        PROCESSING_INSTRUCTION_NODE: [33m7[39m,
        COMMENT_NODE: [33m8[39m,
        DOCUMENT_NODE: [33m9[39m,
        DOCUMENT_TYPE_NODE: [33m10[39m,
        DOCUMENT_FRAGMENT_NODE: [33m11[39m,
        __listeners: [36m[Array][39m
        },
        parentNode: [36m[Circular *1][39m,
        _childNodes: [],
        [32m&apos;s-cn&apos;[39m: [33mtrue[39m
        }
        }
        New value 50%
        Old value 500px

      </system-err>
    </testcase>
    <testcase classname="src/components/pid-collapsible/__tests__/pid-collapsible.spec.tsx"
              name="pid-collapsible &gt; showFooter prop false keeps footer hidden" time="0.004182708">
      <system-err>
        stencil The state/prop &quot;currentWidth&quot; changed during &quot;componentDidLoad()&quot;, this triggers
        extra re-renders, try to setup on &quot;componentWillLoad()&quot;
        Element [36m&lt;ref *1&gt;[39m Wrapped {
        _nodeValue: [1mnull[22m,
[...]
        &quot;orderedRendererKeys&quot;: null,
        &quot;rendererKey&quot;: &quot;FallbackType&quot;,
        &quot;value&quot;: &quot;test-value&quot;,
        } test-value
        TTL not expired or undefined 6791
      </system-out>
    </testcase>
    <testcase classname="src/components/pid-component/__tests__/pid-component.test.tsx"
              name="pid-component CSS classes &gt; expanded attribute is added/removed on toggle" time="1.098">
      <system-out>
        Found entity for value in db {
        &quot;context&quot;: &quot;http://localhost:63315/?sessionId=b30949ce-2acc-4d58-8ebb-093097fe3b79&amp;iframeId=/Users/maximilian/GitHub/pid-component/packages/stencil-library/src/components/pid-component/__tests__/pid-component.test.tsx&quot;,
        &quot;lastAccess&quot;: 2026-05-04T21:23:14.047Z,
        &quot;lastData&quot;: undefined,
        &quot;orderedRendererKeys&quot;: null,
        &quot;rendererKey&quot;: &quot;FallbackType&quot;,
        &quot;value&quot;: &quot;test-value&quot;,
        } test-value
        TTL not expired or undefined 7371
      </system-out>
    </testcase>
    <testcase classname="src/components/pid-component/__tests__/pid-component.test.tsx"
              name="pid-component CSS classes &gt; width and height are applied to host element" time="0.033">
      <system-out>
        Found entity for value in db {
        &quot;context&quot;: &quot;http://localhost:63315/?sessionId=b30949ce-2acc-4d58-8ebb-093097fe3b79&amp;iframeId=/Users/maximilian/GitHub/pid-component/packages/stencil-library/src/components/pid-component/__tests__/pid-component.test.tsx&quot;,
        &quot;lastAccess&quot;: 2026-05-04T21:23:14.047Z,
        &quot;lastData&quot;: undefined,
        &quot;orderedRendererKeys&quot;: null,
        &quot;rendererKey&quot;: &quot;FallbackType&quot;,
        &quot;value&quot;: &quot;test-value&quot;,
        } test-value
        TTL not expired or undefined 8470
      </system-out>
    </testcase>
    <testcase classname="src/components/pid-component/__tests__/pid-component.test.tsx"
              name="pid-component CSS classes &gt; has cursor-pointer class on preview element when interactive"
              time="0.568">
      <system-out>
        Found entity for value in db {
        &quot;context&quot;: &quot;http://localhost:63315/?sessionId=b30949ce-2acc-4d58-8ebb-093097fe3b79&amp;iframeId=/Users/maximilian/GitHub/pid-component/packages/stencil-library/src/components/pid-component/__tests__/pid-component.test.tsx&quot;,
        &quot;lastAccess&quot;: 2026-05-04T21:23:14.047Z,
        &quot;lastData&quot;: undefined,
        &quot;orderedRendererKeys&quot;: null,
        &quot;rendererKey&quot;: &quot;FallbackType&quot;,
        &quot;value&quot;: &quot;test-value&quot;,
        } test-value
        TTL not expired or undefined 8502
      </system-out>
    </testcase>
    <testcase classname="src/components/pid-component/__tests__/pid-component.test.tsx"
              name="pid-component CSS classes &gt; system dark mode uses correct classes" time="0.533">
      <system-out>
        Found entity for value in db {
        &quot;context&quot;: &quot;http://localhost:63315/?sessionId=b30949ce-2acc-4d58-8ebb-093097fe3b79&amp;iframeId=/Users/maximilian/GitHub/pid-component/packages/stencil-library/src/components/pid-component/__tests__/pid-component.test.tsx&quot;,
        &quot;lastAccess&quot;: 2026-05-04T21:23:14.047Z,
        &quot;lastData&quot;: undefined,
        &quot;orderedRendererKeys&quot;: null,
        &quot;rendererKey&quot;: &quot;FallbackType&quot;,
        &quot;value&quot;: &quot;test-value&quot;,
        } test-value
        TTL not expired or undefined 9071
      </system-out>
    </testcase>
    <testcase classname="src/components/pid-component/__tests__/pid-component.test.tsx"
              name="pid-component CSS classes &gt; showsInlineFlex class pattern in preview when expanded" time="0.566">
      <system-out>
        No valid entity found for value in db 10.5281/zenodo.1234567
        {
        &quot;handle&quot;: &quot;10.5281/zenodo.1234567&quot;,
        &quot;responseCode&quot;: 100,
        }
        CrossRef API error: [SyntaxError: The string did not match the expected pattern.]
      </system-out>
      <system-err>
        Failed to get entity from db [TypeError: undefined is not an object (evaluating &apos;rawJson.values.map&apos;)]
      </system-err>
    </testcase>
    <testcase classname="src/components/pid-component/__tests__/pid-component.test.tsx"
              name="pid-component CSS classes &gt; overflow-hidden class in collapsed preview" time="0.566">
      <system-out>
        Found entity for value in db {
        &quot;context&quot;: &quot;http://localhost:63315/?sessionId=b30949ce-2acc-4d58-8ebb-093097fe3b79&amp;iframeId=/Users/maximilian/GitHub/pid-component/packages/stencil-library/src/components/pid-component/__tests__/pid-component.test.tsx&quot;,
        &quot;lastAccess&quot;: 2026-05-04T21:23:14.047Z,
        &quot;lastData&quot;: undefined,
        &quot;orderedRendererKeys&quot;: null,
        &quot;rendererKey&quot;: &quot;FallbackType&quot;,
        &quot;value&quot;: &quot;test-value&quot;,
        } test-value
        TTL not expired or undefined 10170
      </system-out>
    </testcase>
  </testsuite>
  <testsuite name="src/components/pid-actions/__tests__/pid-actions.test.tsx" timestamp="2026-05-04T21:23:25.551Z"
             hostname="Ms-MacBook-Air.fritz.box" tests="9" failures="0" errors="0" skipped="0" time="0.693">
    <testcase classname="src/components/pid-actions/__tests__/pid-actions.test.tsx"
              name="pid-actions e2e &gt; renders and gets hydrated class" time="0.088">
    </testcase>
    <testcase classname="src/components/pid-actions/__tests__/pid-actions.test.tsx"
              name="pid-actions e2e &gt; renders nothing when no actions provided" time="0.065">
    </testcase>
    <testcase classname="src/components/pid-actions/__tests__/pid-actions.test.tsx"
              name="pid-actions e2e &gt; renders actions with correct structure" time="0.078">
    </testcase>
    <testcase classname="src/components/pid-actions/__tests__/pid-actions.test.tsx"
              name="pid-actions e2e &gt; action links have correct href" time="0.057">
    </testcase>
    <testcase classname="src/components/pid-actions/__tests__/pid-actions.test.tsx"
              name="pid-actions e2e &gt; has ARIA toolbar role" time="0.066">
    </testcase>
    <testcase classname="src/components/pid-actions/__tests__/pid-actions.test.tsx"
              name="pid-actions e2e &gt; action links open in new tab" time="0.066">
    </testcase>
    <testcase classname="src/components/pid-actions/__tests__/pid-actions.test.tsx"
              name="pid-actions e2e &gt; action links have accessible aria-label with new tab indicator" time="0.067">
    </testcase>
    <testcase classname="src/components/pid-actions/__tests__/pid-actions.test.tsx"
              name="pid-actions e2e &gt; renders action titles as text" time="0.068">
    </testcase>
    <testcase classname="src/components/pid-actions/__tests__/pid-actions.test.tsx"
              name="pid-actions e2e &gt; has sr-only description for screen readers" time="0.069">
    </testcase>
  </testsuite>
  <testsuite name="src/components/json-viewer/__tests__/json-viewer.test.tsx" timestamp="2026-05-04T21:23:25.551Z"
             hostname="Ms-MacBook-Air.fritz.box" tests="11" failures="0" errors="0" skipped="0" time="2.188">
    <testcase classname="src/components/json-viewer/__tests__/json-viewer.test.tsx"
              name="json-viewer e2e &gt; renders and gets hydrated class" time="0.915">
    </testcase>
    <testcase classname="src/components/json-viewer/__tests__/json-viewer.test.tsx"
              name="json-viewer e2e &gt; renders with data attribute" time="0.063">
    </testcase>
    <testcase classname="src/components/json-viewer/__tests__/json-viewer.test.tsx"
              name="json-viewer e2e &gt; shows tree view by default" time="0.068">
    </testcase>
    <testcase classname="src/components/json-viewer/__tests__/json-viewer.test.tsx"
              name="json-viewer e2e &gt; has view mode toggle button" time="0.064">
    </testcase>
    <testcase classname="src/components/json-viewer/__tests__/json-viewer.test.tsx"
              name="json-viewer e2e &gt; toggles between tree and code view" time="0.104">
    </testcase>
    <testcase classname="src/components/json-viewer/__tests__/json-viewer.test.tsx"
              name="json-viewer e2e &gt; dark theme applies styles" time="0.063">
    </testcase>
    <testcase classname="src/components/json-viewer/__tests__/json-viewer.test.tsx"
              name="json-viewer e2e &gt; has correct ARIA roles on tree nodes" time="0.068">
    </testcase>
    <testcase classname="src/components/json-viewer/__tests__/json-viewer.test.tsx"
              name="json-viewer e2e &gt; shows error for invalid JSON" time="0.066">
    </testcase>
    <testcase classname="src/components/json-viewer/__tests__/json-viewer.test.tsx"
              name="json-viewer e2e &gt; has copy button" time="0.067">
    </testcase>
    <testcase classname="src/components/json-viewer/__tests__/json-viewer.test.tsx"
              name="json-viewer e2e &gt; shows property count" time="0.067">
    </testcase>
    <testcase classname="src/components/json-viewer/__tests__/json-viewer.test.tsx"
              name="json-viewer e2e &gt; max-height prop is applied" time="0.066">
    </testcase>
  </testsuite>
  <testsuite name="src/components/pid-data-table/__tests__/pid-data-table.test.tsx" timestamp="2026-05-04T21:23:25.552Z"
             hostname="Ms-MacBook-Air.fritz.box" tests="22" failures="0" errors="0" skipped="0" time="3.535">
    <testcase classname="src/components/pid-data-table/__tests__/pid-data-table.test.tsx"
              name="pid-data-table CSS classes &gt; renders empty state with correct CSS classes" time="0.398">
    </testcase>
    <testcase classname="src/components/pid-data-table/__tests__/pid-data-table.test.tsx"
              name="pid-data-table CSS classes &gt; empty state has correct dark mode classes" time="0.063">
    </testcase>
    <testcase classname="src/components/pid-data-table/__tests__/pid-data-table.test.tsx"
              name="pid-data-table CSS classes &gt; empty state has correct light mode classes" time="0.067">
    </testcase>
    <testcase classname="src/components/pid-data-table/__tests__/pid-data-table.test.tsx"
              name="pid-data-table CSS classes &gt; table has w-full and table-auto classes" time="1.208">
    </testcase>
    <testcase classname="src/components/pid-data-table/__tests__/pid-data-table.test.tsx"
              name="pid-data-table CSS classes &gt; table has border-collapse and text-left classes" time="0.058">
    </testcase>
    <testcase classname="src/components/pid-data-table/__tests__/pid-data-table.test.tsx"
              name="pid-data-table CSS classes &gt; table has font-sans and text-sm classes" time="0.068">
    </testcase>
    <testcase classname="src/components/pid-data-table/__tests__/pid-data-table.test.tsx"
              name="pid-data-table CSS classes &gt; table has select-text class" time="0.066">
    </testcase>
    <testcase classname="src/components/pid-data-table/__tests__/pid-data-table.test.tsx"
              name="pid-data-table CSS classes &gt; table has rounded-md and overflow-y-auto classes" time="0.066">
    </testcase>
    <testcase classname="src/components/pid-data-table/__tests__/pid-data-table.test.tsx"
              name="pid-data-table CSS classes &gt; table has dark mode text and bg classes" time="0.075">
    </testcase>
    <testcase classname="src/components/pid-data-table/__tests__/pid-data-table.test.tsx"
              name="pid-data-table CSS classes &gt; thead has sticky and z-index classes" time="0.058">
    </testcase>
    <testcase classname="src/components/pid-data-table/__tests__/pid-data-table.test.tsx"
              name="pid-data-table CSS classes &gt; thead has bg-slate-600 and text-slate-200 classes" time="0.068">
    </testcase>
    <testcase classname="src/components/pid-data-table/__tests__/pid-data-table.test.tsx"
              name="pid-data-table CSS classes &gt; thead row has font-semibold class" time="0.065">
    </testcase>
    <testcase classname="src/components/pid-data-table/__tests__/pid-data-table.test.tsx"
              name="pid-data-table CSS classes &gt; th has resize-x and rounded-l-md classes" time="0.069">
    </testcase>
    <testcase classname="src/components/pid-data-table/__tests__/pid-data-table.test.tsx"
              name="pid-data-table CSS classes &gt; tbody has overflow-y-auto class" time="0.065">
    </testcase>
    <testcase classname="src/components/pid-data-table/__tests__/pid-data-table.test.tsx"
              name="pid-data-table CSS classes &gt; tbody has dark mode background in dark mode" time="0.068">
    </testcase>
    <testcase classname="src/components/pid-data-table/__tests__/pid-data-table.test.tsx"
              name="pid-data-table CSS classes &gt; tr has odd:bg-slate-200 and even:bg-gray-50 classes" time="0.066">
    </testcase>
    <testcase classname="src/components/pid-data-table/__tests__/pid-data-table.test.tsx"
              name="pid-data-table CSS classes &gt; tr has border-b class for separation" time="0.065">
    </testcase>
    <testcase classname="src/components/pid-data-table/__tests__/pid-data-table.test.tsx"
              name="pid-data-table CSS classes &gt; td has font-mono and p-1 classes" time="0.067">
    </testcase>
    <testcase classname="src/components/pid-data-table/__tests__/pid-data-table.test.tsx"
              name="pid-data-table CSS classes &gt; td link has truncate and text-blue-600 classes" time="0.067">
    </testcase>
    <testcase classname="src/components/pid-data-table/__tests__/pid-data-table.test.tsx"
              name="pid-data-table CSS classes &gt; td link has hover:text-blue-800 class" time="0.067">
    </testcase>
    <testcase classname="src/components/pid-data-table/__tests__/pid-data-table.test.tsx"
              name="pid-data-table CSS classes &gt; td link has focus:text-blue-900 and focus:ring classes"
              time="0.067">
    </testcase>
    <testcase classname="src/components/pid-data-table/__tests__/pid-data-table.test.tsx"
              name="pid-data-table CSS classes &gt; td link has rounded-sm class" time="0.066">
    </testcase>
  </testsuite>
  <testsuite name="src/components/pid-tooltip/__tests__/pid-tooltip.test.tsx" timestamp="2026-05-04T21:23:25.553Z"
             hostname="Ms-MacBook-Air.fritz.box" tests="11" failures="0" errors="0" skipped="0" time="0.727">
    <testcase classname="src/components/pid-tooltip/__tests__/pid-tooltip.test.tsx"
              name="pid-tooltip e2e &gt; renders and gets hydrated class" time="0.035">
    </testcase>
    <testcase classname="src/components/pid-tooltip/__tests__/pid-tooltip.test.tsx"
              name="pid-tooltip e2e &gt; renders with text content" time="0.066">
    </testcase>
    <testcase classname="src/components/pid-tooltip/__tests__/pid-tooltip.test.tsx"
              name="pid-tooltip e2e &gt; tooltip trigger button exists" time="0.067">
    </testcase>
    <testcase classname="src/components/pid-tooltip/__tests__/pid-tooltip.test.tsx"
              name="pid-tooltip e2e &gt; has correct aria attributes on trigger button" time="0.066">
    </testcase>
    <testcase classname="src/components/pid-tooltip/__tests__/pid-tooltip.test.tsx"
              name="pid-tooltip e2e &gt; has tooltip element with role=&quot;tooltip&quot;" time="0.071">
    </testcase>
    <testcase classname="src/components/pid-tooltip/__tests__/pid-tooltip.test.tsx"
              name="pid-tooltip e2e &gt; tooltip is hidden by default" time="0.062">
    </testcase>
    <testcase classname="src/components/pid-tooltip/__tests__/pid-tooltip.test.tsx"
              name="pid-tooltip e2e &gt; max-width prop applies" time="0.067">
    </testcase>
    <testcase classname="src/components/pid-tooltip/__tests__/pid-tooltip.test.tsx"
              name="pid-tooltip e2e &gt; max-height prop applies" time="0.066">
    </testcase>
    <testcase classname="src/components/pid-tooltip/__tests__/pid-tooltip.test.tsx"
              name="pid-tooltip e2e &gt; does not render button when text is empty" time="0.067">
    </testcase>
    <testcase classname="src/components/pid-tooltip/__tests__/pid-tooltip.test.tsx"
              name="pid-tooltip e2e &gt; tooltip id matches aria-controls on button" time="0.067">
    </testcase>
    <testcase classname="src/components/pid-tooltip/__tests__/pid-tooltip.test.tsx"
              name="pid-tooltip e2e &gt; position prop defaults to top" time="0.036">
    </testcase>
  </testsuite>
  <testsuite name="src/components/pid-pagination/__tests__/pid-pagination.test.tsx" timestamp="2026-05-04T21:23:25.554Z"
             hostname="Ms-MacBook-Air.fritz.box" tests="14" failures="0" errors="0" skipped="0" time="1.922">
    <testcase classname="src/components/pid-pagination/__tests__/pid-pagination.test.tsx"
              name="pid-pagination e2e &gt; renders and gets hydrated class" time="0.419">
    </testcase>
    <testcase classname="src/components/pid-pagination/__tests__/pid-pagination.test.tsx"
              name="pid-pagination e2e &gt; renders with required props" time="0.064">
    </testcase>
    <testcase classname="src/components/pid-pagination/__tests__/pid-pagination.test.tsx"
              name="pid-pagination e2e &gt; has role=&quot;navigation&quot; for accessibility" time="0.065">
    </testcase>
    <testcase classname="src/components/pid-pagination/__tests__/pid-pagination.test.tsx"
              name="pid-pagination e2e &gt; shows correct number of page buttons" time="0.066">
    </testcase>
    <testcase classname="src/components/pid-pagination/__tests__/pid-pagination.test.tsx"
              name="pid-pagination e2e &gt; has navigation buttons (prev/next)" time="0.067">
    </testcase>
    <testcase classname="src/components/pid-pagination/__tests__/pid-pagination.test.tsx"
              name="pid-pagination e2e &gt; previous button is disabled on first page" time="0.066">
    </testcase>
    <testcase classname="src/components/pid-pagination/__tests__/pid-pagination.test.tsx"
              name="pid-pagination e2e &gt; next button is disabled on last page" time="0.068">
    </testcase>
    <testcase classname="src/components/pid-pagination/__tests__/pid-pagination.test.tsx"
              name="pid-pagination e2e &gt; emits pageChange event when clicking next" time="0.1">
    </testcase>
    <testcase classname="src/components/pid-pagination/__tests__/pid-pagination.test.tsx"
              name="pid-pagination e2e &gt; current page button has aria-current=&quot;page&quot;" time="0.065">
    </testcase>
    <testcase classname="src/components/pid-pagination/__tests__/pid-pagination.test.tsx"
              name="pid-pagination e2e &gt; shows items per page control by default" time="0.068">
    </testcase>
    <testcase classname="src/components/pid-pagination/__tests__/pid-pagination.test.tsx"
              name="pid-pagination e2e &gt; emits itemsPerPageChange event when changing page size" time="0.1">
    </testcase>
    <testcase classname="src/components/pid-pagination/__tests__/pid-pagination.test.tsx"
              name="pid-pagination e2e &gt; does not render when totalItems is 0" time="0.069">
    </testcase>
    <testcase classname="src/components/pid-pagination/__tests__/pid-pagination.test.tsx"
              name="pid-pagination e2e &gt; does not show pagination nav when items fit on one page" time="0.063">
    </testcase>
    <testcase classname="src/components/pid-pagination/__tests__/pid-pagination.test.tsx"
              name="pid-pagination e2e &gt; shows display range text" time="0.068">
    </testcase>
  </testsuite>
</testsuites>
