<?xml version="1.0" encoding="UTF-8"?>
<coverage generated="1776467771443" clover="3.2.0">
  <project timestamp="1776467771443" name="All files">
    <metrics statements="2581" coveredstatements="1905" conditionals="1603" coveredconditionals="982" methods="546" coveredmethods="429" elements="4730" coveredelements="3316" complexity="0" loc="2581" ncloc="2581" packages="17" files="46" classes="46"/>
    <package name="src">
      <metrics statements="5" coveredstatements="0" conditionals="0" coveredconditionals="0" methods="4" coveredmethods="0"/>
      <file name="components.d.ts" path="/Users/maximilian/GitHub/pid-component/packages/stencil-library/src/components.d.ts">
        <metrics statements="0" coveredstatements="0" conditionals="0" coveredconditionals="0" methods="0" coveredmethods="0"/>
      </file>
      <file name="index.ts" path="/Users/maximilian/GitHub/pid-component/packages/stencil-library/src/index.ts">
        <metrics statements="5" coveredstatements="0" conditionals="0" coveredconditionals="0" methods="4" coveredmethods="0"/>
        <line num="1" count="0" type="stmt"/>
        <line num="2" count="0" type="stmt"/>
        <line num="3" count="0" type="stmt"/>
        <line num="4" count="0" type="stmt"/>
        <line num="5" count="0" type="stmt"/>
      </file>
    </package>
    <package name="src.auto-detect">
      <metrics statements="366" coveredstatements="246" conditionals="131" coveredconditionals="76" methods="54" coveredmethods="39"/>
      <file name="DetectionWorker.ts" path="/Users/maximilian/GitHub/pid-component/packages/stencil-library/src/auto-detect/DetectionWorker.ts">
        <metrics statements="37" coveredstatements="0" conditionals="10" coveredconditionals="0" methods="3" coveredmethods="0"/>
        <line num="13" count="0" type="stmt"/>
        <line num="23" count="0" type="stmt"/>
        <line num="29" count="0" type="stmt"/>
        <line num="30" count="0" type="stmt"/>
        <line num="31" count="0" type="stmt"/>
        <line num="33" count="0" type="stmt"/>
        <line num="35" count="0" type="stmt"/>
        <line num="37" count="0" type="cond" truecount="0" falsecount="1"/>
        <line num="39" count="0" type="cond" truecount="0" falsecount="1"/>
        <line num="40" count="0" type="stmt"/>
        <line num="42" count="0" type="stmt"/>
        <line num="46" count="0" type="cond" truecount="0" falsecount="1"/>
        <line num="47" count="0" type="stmt"/>
        <line num="48" count="0" type="stmt"/>
        <line num="52" count="0" type="stmt"/>
        <line num="53" count="0" type="stmt"/>
        <line num="56" count="0" type="stmt"/>
        <line num="63" count="0" type="stmt"/>
        <line num="64" count="0" type="stmt"/>
        <line num="65" count="0" type="cond" truecount="0" falsecount="2"/>
        <line num="67" count="0" type="stmt"/>
        <line num="69" count="0" type="cond" truecount="0" falsecount="1"/>
        <line num="72" count="0" type="stmt"/>
        <line num="73" count="0" type="cond" truecount="0" falsecount="1"/>
        <line num="75" count="0" type="stmt"/>
        <line num="76" count="0" type="cond" truecount="0" falsecount="1"/>
        <line num="77" count="0" type="stmt"/>
        <line num="86" count="0" type="stmt"/>
        <line num="92" count="0" type="stmt"/>
        <line num="93" count="0" type="stmt"/>
        <line num="95" count="0" type="cond" truecount="0" falsecount="2"/>
        <line num="97" count="0" type="stmt"/>
        <line num="98" count="0" type="stmt"/>
        <line num="102" count="0" type="stmt"/>
        <line num="103" count="0" type="stmt"/>
        <line num="108" count="0" type="stmt"/>
        <line num="109" count="0" type="stmt"/>
      </file>
      <file name="DomScanner.ts" path="/Users/maximilian/GitHub/pid-component/packages/stencil-library/src/auto-detect/DomScanner.ts">
        <metrics statements="45" coveredstatements="42" conditionals="25" coveredconditionals="20" methods="8" coveredmethods="5"/>
        <line num="10" count="2" type="stmt"/>
        <line num="24" count="2" type="stmt"/>
        <line num="39" count="25" type="cond" truecount="1" falsecount="0"/>
        <line num="40" count="4" type="stmt"/>
        <line num="42" count="21" type="cond" truecount="1" falsecount="0"/>
        <line num="43" count="1" type="stmt"/>
        <line num="45" count="20" type="cond" truecount="1" falsecount="0"/>
        <line num="46" count="1" type="stmt"/>
        <line num="48" count="19" type="cond" truecount="0" falsecount="1"/>
        <line num="49" count="0" type="stmt"/>
        <line num="51" count="19" type="cond" truecount="1" falsecount="0"/>
        <line num="52" count="2" type="stmt"/>
        <line num="53" count="2" type="cond" truecount="1" falsecount="0"/>
        <line num="54" count="1" type="stmt"/>
        <line num="60" count="18" type="stmt"/>
        <line num="72" count="2" type="stmt"/>
        <line num="77" count="12" type="stmt"/>
        <line num="78" count="12" type="stmt"/>
        <line num="79" count="12" type="stmt"/>
        <line num="82" count="12" type="stmt"/>
        <line num="87" count="42" type="cond" truecount="1" falsecount="0"/>
        <line num="88" count="25" type="stmt"/>
        <line num="89" count="25" type="cond" truecount="1" falsecount="0"/>
        <line num="90" count="7" type="stmt"/>
        <line num="92" count="18" type="stmt"/>
        <line num="96" count="17" type="cond" truecount="3" falsecount="1"/>
        <line num="97" count="17" type="cond" truecount="3" falsecount="0"/>
        <line num="98" count="2" type="stmt"/>
        <line num="100" count="15" type="stmt"/>
        <line num="107" count="12" type="cond" truecount="1" falsecount="1"/>
        <line num="110" count="0" type="stmt"/>
        <line num="113" count="12" type="stmt"/>
        <line num="115" count="12" type="cond" truecount="2" falsecount="0"/>
        <line num="116" count="27" type="stmt"/>
        <line num="117" count="27" type="cond" truecount="1" falsecount="0"/>
        <line num="119" count="12" type="stmt"/>
        <line num="120" count="12" type="stmt"/>
        <line num="123" count="15" type="cond" truecount="1" falsecount="0"/>
        <line num="124" count="15" type="stmt"/>
        <line num="125" count="15" type="cond" truecount="1" falsecount="1"/>
        <line num="126" count="15" type="cond" truecount="1" falsecount="0"/>
        <line num="127" count="15" type="stmt"/>
        <line num="133" count="15" type="stmt"/>
        <line num="138" count="0" type="stmt"/>
        <line num="141" count="12" type="stmt"/>
      </file>
      <file name="TextReplacer.ts" path="/Users/maximilian/GitHub/pid-component/packages/stencil-library/src/auto-detect/TextReplacer.ts">
        <metrics statements="122" coveredstatements="70" conditionals="43" coveredconditionals="19" methods="13" coveredmethods="7"/>
        <line num="17" count="2" type="stmt"/>
        <line num="20" count="2" type="stmt"/>
        <line num="52" count="2" type="stmt"/>
        <line num="57" count="21" type="stmt"/>
        <line num="58" count="21" type="stmt"/>
        <line num="59" count="21" type="cond" truecount="1" falsecount="0"/>
        <line num="61" count="20" type="cond" truecount="1" falsecount="1"/>
        <line num="64" count="20" type="stmt"/>
        <line num="65" count="2" type="stmt"/>
        <line num="66" count="22" type="cond" truecount="2" falsecount="0"/>
        <line num="69" count="20" type="stmt"/>
        <line num="70" count="20" type="stmt"/>
        <line num="72" count="20" type="stmt"/>
        <line num="74" count="21" type="cond" truecount="1" falsecount="0"/>
        <line num="75" count="4" type="stmt"/>
        <line num="79" count="21" type="stmt"/>
        <line num="80" count="21" type="stmt"/>
        <line num="81" count="21" type="stmt"/>
        <line num="83" count="21" type="stmt"/>
        <line num="86" count="21" type="stmt"/>
        <line num="87" count="21" type="stmt"/>
        <line num="88" count="21" type="stmt"/>
        <line num="92" count="21" type="stmt"/>
        <line num="93" count="21" type="stmt"/>
        <line num="94" count="21" type="stmt"/>
        <line num="95" count="21" type="cond" truecount="4" falsecount="0"/>
        <line num="97" count="21" type="stmt"/>
        <line num="99" count="21" type="stmt"/>
        <line num="102" count="21" type="stmt"/>
        <line num="104" count="21" type="stmt"/>
        <line num="107" count="21" type="stmt"/>
        <line num="109" count="21" type="stmt"/>
        <line num="111" count="21" type="stmt"/>
        <line num="121" count="21" type="stmt"/>
        <line num="125" count="20" type="cond" truecount="1" falsecount="0"/>
        <line num="126" count="4" type="stmt"/>
        <line num="130" count="20" type="stmt"/>
        <line num="132" count="20" type="stmt"/>
        <line num="139" count="21" type="cond" truecount="1" falsecount="0"/>
        <line num="141" count="2" type="cond" truecount="2" falsecount="0"/>
        <line num="144" count="2" type="stmt"/>
        <line num="146" count="21" type="cond" truecount="1" falsecount="0"/>
        <line num="147" count="1" type="stmt"/>
        <line num="149" count="21" type="cond" truecount="1" falsecount="0"/>
        <line num="150" count="1" type="stmt"/>
        <line num="152" count="21" type="cond" truecount="1" falsecount="0"/>
        <line num="153" count="1" type="stmt"/>
        <line num="155" count="21" type="cond" truecount="1" falsecount="0"/>
        <line num="156" count="1" type="stmt"/>
        <line num="158" count="21" type="cond" truecount="1" falsecount="0"/>
        <line num="159" count="1" type="stmt"/>
        <line num="161" count="21" type="cond" truecount="1" falsecount="0"/>
        <line num="162" count="1" type="stmt"/>
        <line num="183" count="21" type="stmt"/>
        <line num="184" count="21" type="stmt"/>
        <line num="185" count="21" type="stmt"/>
        <line num="188" count="0" type="cond" truecount="0" falsecount="1"/>
        <line num="189" count="0" type="stmt"/>
        <line num="190" count="0" type="stmt"/>
        <line num="192" count="0" type="cond" truecount="0" falsecount="1"/>
        <line num="193" count="0" type="stmt"/>
        <line num="194" count="0" type="stmt"/>
        <line num="196" count="0" type="stmt"/>
        <line num="200" count="0" type="stmt"/>
        <line num="201" count="0" type="stmt"/>
        <line num="202" count="0" type="stmt"/>
        <line num="203" count="0" type="cond" truecount="0" falsecount="2"/>
        <line num="207" count="0" type="stmt"/>
        <line num="208" count="0" type="stmt"/>
        <line num="210" count="0" type="stmt"/>
        <line num="211" count="0" type="stmt"/>
        <line num="213" count="0" type="stmt"/>
        <line num="214" count="0" type="stmt"/>
        <line num="218" count="0" type="cond" truecount="0" falsecount="1"/>
        <line num="220" count="0" type="stmt"/>
        <line num="221" count="0" type="cond" truecount="0" falsecount="1"/>
        <line num="226" count="0" type="stmt"/>
        <line num="227" count="0" type="cond" truecount="0" falsecount="1"/>
        <line num="231" count="0" type="stmt"/>
        <line num="232" count="0" type="cond" truecount="0" falsecount="1"/>
        <line num="233" count="0" type="stmt"/>
        <line num="234" count="0" type="cond" truecount="0" falsecount="3"/>
        <line num="235" count="0" type="stmt"/>
        <line num="236" count="0" type="stmt"/>
        <line num="241" count="0" type="stmt"/>
        <line num="242" count="0" type="cond" truecount="0" falsecount="1"/>
        <line num="243" count="0" type="stmt"/>
        <line num="244" count="0" type="stmt"/>
        <line num="248" count="0" type="stmt"/>
        <line num="249" count="0" type="cond" truecount="0" falsecount="1"/>
        <line num="257" count="0" type="stmt"/>
        <line num="258" count="0" type="cond" truecount="0" falsecount="1"/>
        <line num="259" count="0" type="stmt"/>
        <line num="260" count="0" type="stmt"/>
        <line num="265" count="0" type="cond" truecount="0" falsecount="4"/>
        <line num="266" count="0" type="stmt"/>
        <line num="267" count="0" type="stmt"/>
        <line num="271" count="21" type="stmt"/>
        <line num="274" count="21" type="stmt"/>
        <line num="275" count="0" type="cond" truecount="0" falsecount="1"/>
        <line num="276" count="0" type="stmt"/>
        <line num="277" count="0" type="stmt"/>
        <line num="280" count="0" type="cond" truecount="0" falsecount="1"/>
        <line num="282" count="0" type="stmt"/>
        <line num="283" count="0" type="stmt"/>
        <line num="291" count="0" type="stmt"/>
        <line num="296" count="21" type="stmt"/>
        <line num="297" count="0" type="cond" truecount="0" falsecount="1"/>
        <line num="299" count="0" type="stmt"/>
        <line num="300" count="0" type="cond" truecount="0" falsecount="1"/>
        <line num="302" count="0" type="stmt"/>
        <line num="308" count="21" type="stmt"/>
        <line num="313" count="21" type="stmt"/>
        <line num="321" count="2" type="stmt"/>
        <line num="322" count="2" type="cond" truecount="0" falsecount="1"/>
        <line num="323" count="2" type="stmt"/>
        <line num="324" count="2" type="stmt"/>
        <line num="325" count="2" type="stmt"/>
        <line num="332" count="2" type="stmt"/>
        <line num="333" count="2" type="stmt"/>
        <line num="334" count="2" type="stmt"/>
        <line num="335" count="2" type="stmt"/>
      </file>
      <file name="detection-registry.ts" path="/Users/maximilian/GitHub/pid-component/packages/stencil-library/src/auto-detect/detection-registry.ts">
        <metrics statements="42" coveredstatements="42" conditionals="15" coveredconditionals="14" methods="13" coveredmethods="13"/>
        <line num="24" count="2" type="stmt"/>
        <line num="28" count="25" type="stmt"/>
        <line num="36" count="24" type="stmt"/>
        <line num="42" count="22" type="stmt"/>
        <line num="46" count="22" type="stmt"/>
        <line num="52" count="14" type="stmt"/>
        <line num="58" count="12" type="stmt"/>
        <line num="67" count="10" type="stmt"/>
        <line num="73" count="9" type="cond" truecount="1" falsecount="0"/>
        <line num="74" count="7" type="stmt"/>
        <line num="75" count="7" type="stmt"/>
        <line num="76" count="7" type="stmt"/>
        <line num="82" count="7" type="stmt"/>
        <line num="91" count="8" type="stmt"/>
        <line num="97" count="9" type="stmt"/>
        <line num="98" count="9" type="cond" truecount="0" falsecount="1"/>
        <line num="99" count="9" type="stmt"/>
        <line num="100" count="9" type="cond" truecount="1" falsecount="0"/>
        <line num="101" count="7" type="stmt"/>
        <line num="102" count="3" type="cond" truecount="2" falsecount="0"/>
        <line num="104" count="4" type="stmt"/>
        <line num="115" count="2" type="stmt"/>
        <line num="120" count="2" type="stmt"/>
        <line num="131" count="2" type="stmt"/>
        <line num="132" count="13" type="stmt"/>
        <line num="133" count="13" type="cond" truecount="2" falsecount="0"/>
        <line num="134" count="13" type="stmt"/>
        <line num="136" count="13" type="stmt"/>
        <line num="137" count="13" type="cond" truecount="1" falsecount="0"/>
        <line num="138" count="11" type="stmt"/>
        <line num="141" count="13" type="stmt"/>
        <line num="152" count="2" type="stmt"/>
        <line num="153" count="31" type="cond" truecount="3" falsecount="0"/>
        <line num="155" count="6" type="stmt"/>
        <line num="156" count="45" type="stmt"/>
        <line num="157" count="8" type="cond" truecount="3" falsecount="0"/>
        <line num="158" count="4" type="stmt"/>
        <line num="161" count="2" type="stmt"/>
        <line num="165" count="25" type="stmt"/>
        <line num="166" count="128" type="cond" truecount="1" falsecount="0"/>
        <line num="167" count="21" type="stmt"/>
        <line num="170" count="4" type="stmt"/>
      </file>
      <file name="initPidDetection.ts" path="/Users/maximilian/GitHub/pid-component/packages/stencil-library/src/auto-detect/initPidDetection.ts">
        <metrics statements="120" coveredstatements="92" conditionals="38" coveredconditionals="23" methods="17" coveredmethods="14"/>
        <line num="30" count="1" type="stmt"/>
        <line num="31" count="1" type="stmt"/>
        <line num="32" count="1" type="stmt"/>
        <line num="35" count="1" type="stmt"/>
        <line num="48" count="1" type="cond" truecount="1" falsecount="0"/>
        <line num="49" count="22" type="cond" truecount="2" falsecount="0"/>
        <line num="50" count="22" type="stmt"/>
        <line num="53" count="22" type="stmt"/>
        <line num="54" count="22" type="stmt"/>
        <line num="55" count="22" type="stmt"/>
        <line num="56" count="22" type="stmt"/>
        <line num="57" count="22" type="stmt"/>
        <line num="58" count="22" type="stmt"/>
        <line num="61" count="22" type="stmt"/>
        <line num="62" count="22" type="stmt"/>
        <line num="63" count="22" type="cond" truecount="0" falsecount="1"/>
        <line num="65" count="0" type="stmt"/>
        <line num="68" count="0" type="stmt"/>
        <line num="69" count="0" type="stmt"/>
        <line num="70" count="0" type="stmt"/>
        <line num="71" count="0" type="cond" truecount="0" falsecount="1"/>
        <line num="72" count="0" type="stmt"/>
        <line num="73" count="0" type="stmt"/>
        <line num="77" count="0" type="stmt"/>
        <line num="78" count="0" type="stmt"/>
        <line num="80" count="0" type="stmt"/>
        <line num="84" count="0" type="stmt"/>
        <line num="85" count="0" type="stmt"/>
        <line num="92" count="11" type="stmt"/>
        <line num="93" count="11" type="cond" truecount="1" falsecount="1"/>
        <line num="94" count="0" type="stmt"/>
        <line num="95" count="0" type="stmt"/>
        <line num="96" count="0" type="stmt"/>
        <line num="102" count="0" type="stmt"/>
        <line num="105" count="11" type="stmt"/>
        <line num="114" count="23" type="cond" truecount="0" falsecount="1"/>
        <line num="116" count="23" type="stmt"/>
        <line num="119" count="23" type="stmt"/>
        <line num="121" count="23" type="stmt"/>
        <line num="122" count="11" type="cond" truecount="0" falsecount="1"/>
        <line num="124" count="11" type="stmt"/>
        <line num="126" count="11" type="cond" truecount="1" falsecount="1"/>
        <line num="128" count="0" type="stmt"/>
        <line num="130" count="11" type="stmt"/>
        <line num="131" count="11" type="stmt"/>
        <line num="132" count="11" type="cond" truecount="0" falsecount="1"/>
        <line num="135" count="11" type="cond" truecount="0" falsecount="1"/>
        <line num="137" count="11" type="stmt"/>
        <line num="139" count="11" type="cond" truecount="1" falsecount="0"/>
        <line num="140" count="4" type="stmt"/>
        <line num="141" count="4" type="stmt"/>
        <line num="144" count="11" type="stmt"/>
        <line num="151" count="22" type="cond" truecount="1" falsecount="0"/>
        <line num="152" count="5" type="stmt"/>
        <line num="153" count="3" type="cond" truecount="0" falsecount="1"/>
        <line num="155" count="3" type="stmt"/>
        <line num="156" count="3" type="stmt"/>
        <line num="157" count="3" type="cond" truecount="1" falsecount="0"/>
        <line num="158" count="3" type="stmt"/>
        <line num="160" count="3" type="cond" truecount="4" falsecount="1"/>
        <line num="161" count="2" type="cond" truecount="1" falsecount="0"/>
        <line num="164" count="1" type="stmt"/>
        <line num="165" count="1" type="stmt"/>
        <line num="166" count="0" type="cond" truecount="0" falsecount="1"/>
        <line num="167" count="0" type="cond" truecount="0" falsecount="1"/>
        <line num="169" count="0" type="stmt"/>
        <line num="170" count="0" type="cond" truecount="0" falsecount="1"/>
        <line num="171" count="0" type="stmt"/>
        <line num="172" count="0" type="stmt"/>
        <line num="181" count="5" type="stmt"/>
        <line num="188" count="22" type="stmt"/>
        <line num="191" count="22" type="stmt"/>
        <line num="193" count="1" type="cond" truecount="1" falsecount="0"/>
        <line num="194" count="1" type="stmt"/>
        <line num="199" count="2" type="cond" truecount="1" falsecount="0"/>
        <line num="200" count="1" type="stmt"/>
        <line num="205" count="22" type="stmt"/>
        <line num="208" count="22" type="cond" truecount="1" falsecount="0"/>
        <line num="209" count="5" type="stmt"/>
        <line num="210" count="5" type="stmt"/>
        <line num="214" count="22" type="cond" truecount="0" falsecount="1"/>
        <line num="215" count="0" type="stmt"/>
        <line num="216" count="0" type="stmt"/>
        <line num="220" count="22" type="stmt"/>
        <line num="223" count="22" type="stmt"/>
        <line num="224" count="22" type="stmt"/>
        <line num="235" count="22" type="cond" truecount="1" falsecount="0"/>
        <line num="236" count="22" type="stmt"/>
        <line num="239" count="0" type="stmt"/>
        <line num="249" count="0" type="stmt"/>
        <line num="251" count="0" type="stmt"/>
        <line num="260" count="11" type="stmt"/>
        <line num="261" count="11" type="stmt"/>
        <line num="263" count="11" type="stmt"/>
        <line num="264" count="11" type="stmt"/>
        <line num="266" count="11" type="stmt"/>
        <line num="267" count="19" type="stmt"/>
        <line num="272" count="19" type="cond" truecount="2" falsecount="0"/>
        <line num="273" count="11" type="stmt"/>
        <line num="274" count="11" type="stmt"/>
        <line num="275" count="11" type="stmt"/>
        <line num="277" count="8" type="cond" truecount="2" falsecount="0"/>
        <line num="278" count="7" type="stmt"/>
        <line num="279" count="7" type="stmt"/>
        <line num="282" count="1" type="stmt"/>
        <line num="283" count="1" type="stmt"/>
        <line num="284" count="1" type="stmt"/>
        <line num="286" count="7" type="stmt"/>
        <line num="287" count="7" type="stmt"/>
        <line num="290" count="18" type="cond" truecount="1" falsecount="0"/>
        <line num="293" count="16" type="stmt"/>
        <line num="294" count="16" type="cond" truecount="0" falsecount="1"/>
        <line num="296" count="16" type="stmt"/>
        <line num="297" count="16" type="cond" truecount="1" falsecount="0"/>
        <line num="298" count="4" type="stmt"/>
        <line num="307" count="11" type="stmt"/>
        <line num="314" count="23" type="stmt"/>
        <line num="315" count="23" type="stmt"/>
        <line num="316" count="11" type="stmt"/>
        <line num="318" count="23" type="stmt"/>
      </file>
    </package>
    <package name="src.components.color-highlight">
      <metrics statements="24" coveredstatements="17" conditionals="4" coveredconditionals="2" methods="7" coveredmethods="6"/>
      <file name="HSLColor.ts" path="/Users/maximilian/GitHub/pid-component/packages/stencil-library/src/components/color-highlight/HSLColor.ts">
        <metrics statements="19" coveredstatements="12" conditionals="4" coveredconditionals="2" methods="5" coveredmethods="4"/>
        <line num="4" count="2" type="stmt"/>
        <line num="31" count="10" type="stmt"/>
        <line num="32" count="10" type="stmt"/>
        <line num="33" count="10" type="stmt"/>
        <line num="42" count="8" type="cond" truecount="2" falsecount="2"/>
        <line num="43" count="0" type="stmt"/>
        <line num="44" count="0" type="stmt"/>
        <line num="45" count="0" type="stmt"/>
        <line num="47" count="0" type="stmt"/>
        <line num="48" count="0" type="stmt"/>
        <line num="49" count="0" type="stmt"/>
        <line num="50" count="0" type="stmt"/>
        <line num="53" count="8" type="stmt"/>
        <line num="55" count="66" type="stmt"/>
        <line num="57" count="8" type="stmt"/>
        <line num="58" count="8" type="stmt"/>
        <line num="59" count="8" type="stmt"/>
        <line num="60" count="8" type="stmt"/>
        <line num="69" count="1" type="stmt"/>
      </file>
      <file name="color-highlight.tsx" path="/Users/maximilian/GitHub/pid-component/packages/stencil-library/src/components/color-highlight/color-highlight.tsx">
        <metrics statements="5" coveredstatements="5" conditionals="0" coveredconditionals="0" methods="2" coveredmethods="2"/>
        <line num="2" count="1" type="stmt"/>
        <line num="3" count="1" type="stmt"/>
        <line num="5" count="1" type="stmt"/>
        <line num="25" count="5" type="stmt"/>
        <line num="29" count="5" type="stmt"/>
      </file>
    </package>
    <package name="src.components.copy-button">
      <metrics statements="49" coveredstatements="30" conditionals="25" coveredconditionals="16" methods="8" coveredmethods="6"/>
      <file name="copy-button.tsx" path="/Users/maximilian/GitHub/pid-component/packages/stencil-library/src/components/copy-button/copy-button.tsx">
        <metrics statements="49" coveredstatements="30" conditionals="25" coveredconditionals="16" methods="8" coveredmethods="6"/>
        <line num="2" count="1" type="stmt"/>
        <line num="4" count="1" type="stmt"/>
        <line num="13" count="20" type="stmt"/>
        <line num="33" count="20" type="stmt"/>
        <line num="35" count="8" type="stmt"/>
        <line num="36" count="8" type="stmt"/>
        <line num="38" count="8" type="stmt"/>
        <line num="40" count="8" type="cond" truecount="1" falsecount="0"/>
        <line num="41" count="8" type="stmt"/>
        <line num="42" count="8" type="stmt"/>
        <line num="43" count="7" type="stmt"/>
        <line num="44" count="7" type="stmt"/>
        <line num="52" count="1" type="stmt"/>
        <line num="53" count="1" type="stmt"/>
        <line num="56" count="1" type="stmt"/>
        <line num="57" count="1" type="stmt"/>
        <line num="58" count="1" type="stmt"/>
        <line num="59" count="1" type="stmt"/>
        <line num="61" count="1" type="stmt"/>
        <line num="65" count="1" type="stmt"/>
        <line num="66" count="0" type="stmt"/>
        <line num="67" count="0" type="stmt"/>
        <line num="69" count="0" type="stmt"/>
        <line num="70" count="0" type="stmt"/>
        <line num="71" count="0" type="cond" truecount="0" falsecount="2"/>
        <line num="72" count="0" type="stmt"/>
        <line num="75" count="0" type="stmt"/>
        <line num="76" count="0" type="stmt"/>
        <line num="77" count="0" type="stmt"/>
        <line num="78" count="0" type="cond" truecount="0" falsecount="1"/>
        <line num="79" count="0" type="stmt"/>
        <line num="80" count="0" type="stmt"/>
        <line num="81" count="0" type="stmt"/>
        <line num="83" count="0" type="stmt"/>
        <line num="84" count="0" type="cond" truecount="0" falsecount="1"/>
        <line num="85" count="0" type="stmt"/>
        <line num="93" count="0" type="stmt"/>
        <line num="97" count="0" type="stmt"/>
        <line num="106" count="8" type="stmt"/>
        <line num="109" count="8" type="stmt"/>
        <line num="110" count="1" type="stmt"/>
        <line num="118" count="26" type="cond" truecount="2" falsecount="0"/>
        <line num="119" count="26" type="cond" truecount="2" falsecount="0"/>
        <line num="124" count="26" type="cond" truecount="2" falsecount="0"/>
        <line num="127" count="26" type="stmt"/>
        <line num="130" count="26" type="stmt"/>
        <line num="131" count="26" type="cond" truecount="2" falsecount="2"/>
        <line num="133" count="26" type="stmt"/>
        <line num="148" count="0" type="stmt"/>
      </file>
    </package>
    <package name="src.components.json-viewer">
      <metrics statements="164" coveredstatements="115" conditionals="160" coveredconditionals="116" methods="33" coveredmethods="25"/>
      <file name="json-viewer.tsx" path="/Users/maximilian/GitHub/pid-component/packages/stencil-library/src/components/json-viewer/json-viewer.tsx">
        <metrics statements="164" coveredstatements="115" conditionals="160" coveredconditionals="116" methods="33" coveredmethods="25"/>
        <line num="2" count="7" type="stmt"/>
        <line num="7" count="7" type="stmt"/>
        <line num="22" count="29" type="stmt"/>
        <line num="27" count="29" type="stmt"/>
        <line num="32" count="29" type="stmt"/>
        <line num="37" count="29" type="stmt"/>
        <line num="43" count="29" type="stmt"/>
        <line num="53" count="29" type="stmt"/>
        <line num="58" count="29" type="stmt"/>
        <line num="63" count="29" type="stmt"/>
        <line num="68" count="29" type="stmt"/>
        <line num="73" count="29" type="stmt"/>
        <line num="85" count="4" type="stmt"/>
        <line num="93" count="0" type="stmt"/>
        <line num="101" count="2" type="cond" truecount="1" falsecount="1"/>
        <line num="102" count="0" type="stmt"/>
        <line num="104" count="2" type="stmt"/>
        <line num="113" count="0" type="stmt"/>
        <line num="120" count="29" type="stmt"/>
        <line num="121" count="29" type="stmt"/>
        <line num="122" count="29" type="cond" truecount="1" falsecount="0"/>
        <line num="123" count="2" type="stmt"/>
        <line num="125" count="29" type="stmt"/>
        <line num="133" count="33" type="stmt"/>
        <line num="136" count="33" type="cond" truecount="2" falsecount="0"/>
        <line num="137" count="26" type="stmt"/>
        <line num="138" count="7" type="cond" truecount="4" falsecount="0"/>
        <line num="139" count="4" type="stmt"/>
        <line num="141" count="3" type="stmt"/>
        <line num="145" count="28" type="stmt"/>
        <line num="146" count="28" type="stmt"/>
        <line num="148" count="5" type="stmt"/>
        <line num="149" count="5" type="stmt"/>
        <line num="157" count="29" type="stmt"/>
        <line num="158" count="70" type="cond" truecount="1" falsecount="0"/>
        <line num="159" count="1" type="stmt"/>
        <line num="162" count="69" type="cond" truecount="3" falsecount="0"/>
        <line num="163" count="32" type="stmt"/>
        <line num="165" count="32" type="stmt"/>
        <line num="166" count="43" type="cond" truecount="1" falsecount="0"/>
        <line num="167" count="39" type="stmt"/>
        <line num="171" count="32" type="stmt"/>
        <line num="174" count="37" type="stmt"/>
        <line num="180" count="29" type="stmt"/>
        <line num="181" count="2" type="cond" truecount="2" falsecount="0"/>
        <line num="187" count="29" type="stmt"/>
        <line num="188" count="2" type="stmt"/>
        <line num="189" count="2" type="stmt"/>
        <line num="190" count="2" type="stmt"/>
        <line num="191" count="2" type="stmt"/>
        <line num="194" count="2" type="stmt"/>
        <line num="195" count="0" type="stmt"/>
        <line num="198" count="0" type="stmt"/>
        <line num="201" count="0" type="stmt"/>
        <line num="210" count="0" type="stmt"/>
        <line num="213" count="0" type="stmt"/>
        <line num="214" count="0" type="stmt"/>
        <line num="215" count="0" type="stmt"/>
        <line num="216" count="0" type="stmt"/>
        <line num="217" count="0" type="stmt"/>
        <line num="220" count="0" type="stmt"/>
        <line num="223" count="0" type="stmt"/>
        <line num="226" count="0" type="stmt"/>
        <line num="227" count="0" type="stmt"/>
        <line num="230" count="0" type="stmt"/>
        <line num="231" count="0" type="stmt"/>
        <line num="232" count="0" type="cond" truecount="0" falsecount="1"/>
        <line num="233" count="0" type="stmt"/>
        <line num="234" count="0" type="stmt"/>
        <line num="235" count="0" type="stmt"/>
        <line num="239" count="0" type="stmt"/>
        <line num="243" count="0" type="stmt"/>
        <line num="251" count="1" type="stmt"/>
        <line num="258" count="1" type="cond" truecount="1" falsecount="0"/>
        <line num="259" count="1" type="cond" truecount="1" falsecount="1"/>
        <line num="260" count="1" type="stmt"/>
        <line num="261" count="0" type="cond" truecount="0" falsecount="1"/>
        <line num="263" count="0" type="stmt"/>
        <line num="273" count="2" type="stmt"/>
        <line num="281" count="2" type="stmt"/>
        <line num="288" count="7" type="cond" truecount="3" falsecount="0"/>
        <line num="289" count="5" type="stmt"/>
        <line num="291" count="5" type="stmt"/>
        <line num="292" count="5" type="cond" truecount="1" falsecount="1"/>
        <line num="293" count="5" type="stmt"/>
        <line num="297" count="5" type="stmt"/>
        <line num="306" count="29" type="cond" truecount="1" falsecount="1"/>
        <line num="308" count="29" type="stmt"/>
        <line num="311" count="29" type="stmt"/>
        <line num="314" count="29" type="cond" truecount="1" falsecount="1"/>
        <line num="315" count="29" type="stmt"/>
        <line num="316" count="0" type="cond" truecount="0" falsecount="1"/>
        <line num="318" count="0" type="stmt"/>
        <line num="322" count="0" type="stmt"/>
        <line num="329" count="29" type="stmt"/>
        <line num="330" count="0" type="stmt"/>
        <line num="337" count="29" type="cond" truecount="2" falsecount="0"/>
        <line num="338" count="1" type="stmt"/>
        <line num="339" count="28" type="cond" truecount="2" falsecount="0"/>
        <line num="340" count="1" type="stmt"/>
        <line num="341" count="27" type="cond" truecount="3" falsecount="0"/>
        <line num="342" count="27" type="stmt"/>
        <line num="349" count="29" type="cond" truecount="0" falsecount="2"/>
        <line num="350" count="44" type="cond" truecount="2" falsecount="0"/>
        <line num="351" count="44" type="cond" truecount="1" falsecount="1"/>
        <line num="352" count="44" type="stmt"/>
        <line num="353" count="44" type="stmt"/>
        <line num="356" count="44" type="stmt"/>
        <line num="357" count="0" type="cond" truecount="0" falsecount="3"/>
        <line num="358" count="0" type="stmt"/>
        <line num="359" count="0" type="stmt"/>
        <line num="360" count="0" type="cond" truecount="0" falsecount="1"/>
        <line num="361" count="0" type="stmt"/>
        <line num="363" count="0" type="cond" truecount="0" falsecount="2"/>
        <line num="364" count="0" type="stmt"/>
        <line num="366" count="0" type="stmt"/>
        <line num="369" count="0" type="stmt"/>
        <line num="374" count="44" type="cond" truecount="1" falsecount="0"/>
        <line num="375" count="7" type="cond" truecount="2" falsecount="0"/>
        <line num="376" count="7" type="stmt"/>
        <line num="377" count="7" type="cond" truecount="2" falsecount="0"/>
        <line num="378" count="7" type="cond" truecount="2" falsecount="0"/>
        <line num="379" count="7" type="stmt"/>
        <line num="382" count="7" type="stmt"/>
        <line num="383" count="0" type="stmt"/>
        <line num="384" count="0" type="cond" truecount="0" falsecount="4"/>
        <line num="385" count="0" type="stmt"/>
        <line num="387" count="0" type="stmt"/>
        <line num="390" count="0" type="stmt"/>
        <line num="393" count="7" type="stmt"/>
        <line num="429" count="9" type="cond" truecount="2" falsecount="0"/>
        <line num="438" count="37" type="stmt"/>
        <line num="439" count="37" type="stmt"/>
        <line num="440" count="37" type="stmt"/>
        <line num="442" count="37" type="cond" truecount="2" falsecount="0"/>
        <line num="443" count="9" type="cond" truecount="1" falsecount="1"/>
        <line num="444" count="28" type="cond" truecount="2" falsecount="0"/>
        <line num="445" count="27" type="cond" truecount="2" falsecount="0"/>
        <line num="446" count="1" type="cond" truecount="1" falsecount="1"/>
        <line num="447" count="1" type="cond" truecount="1" falsecount="1"/>
        <line num="448" count="0" type="cond" truecount="0" falsecount="1"/>
        <line num="449" count="0" type="cond" truecount="0" falsecount="2"/>
        <line num="450" count="0" type="stmt"/>
        <line num="451" count="0" type="stmt"/>
        <line num="454" count="37" type="stmt"/>
        <line num="470" count="29" type="stmt"/>
        <line num="471" count="16" type="cond" truecount="1" falsecount="1"/>
        <line num="472" count="16" type="cond" truecount="1" falsecount="1"/>
        <line num="473" count="16" type="cond" truecount="1" falsecount="1"/>
        <line num="474" count="16" type="cond" truecount="1" falsecount="1"/>
        <line num="476" count="16" type="stmt"/>
        <line num="485" count="39" type="cond" truecount="1" falsecount="0"/>
        <line num="486" count="5" type="stmt"/>
        <line num="495" count="34" type="cond" truecount="0" falsecount="1"/>
        <line num="496" count="0" type="stmt"/>
        <line num="505" count="34" type="stmt"/>
        <line num="506" count="34" type="cond" truecount="2" falsecount="0"/>
        <line num="509" count="34" type="stmt"/>
        <line num="510" count="34" type="stmt"/>
        <line num="512" count="34" type="stmt"/>
        <line num="608" count="35" type="stmt"/>
        <line num="622" count="13" type="stmt"/>
        <line num="629" count="13" type="stmt"/>
        <line num="636" count="3" type="stmt"/>
      </file>
    </package>
    <package name="src.components.locale-vizualization">
      <metrics statements="19" coveredstatements="17" conditionals="5" coveredconditionals="2" methods="5" coveredmethods="5"/>
      <file name="locale-visualization.tsx" path="/Users/maximilian/GitHub/pid-component/packages/stencil-library/src/components/locale-vizualization/locale-visualization.tsx">
        <metrics statements="19" coveredstatements="17" conditionals="5" coveredconditionals="2" methods="5" coveredmethods="5"/>
        <line num="2" count="1" type="stmt"/>
        <line num="4" count="1" type="stmt"/>
        <line num="21" count="5" type="stmt"/>
        <line num="24" count="5" type="stmt"/>
        <line num="25" count="5" type="stmt"/>
        <line num="26" count="5" type="cond" truecount="1" falsecount="1"/>
        <line num="27" count="5" type="stmt"/>
        <line num="28" count="5" type="cond" truecount="1" falsecount="0"/>
        <line num="29" count="4" type="stmt"/>
        <line num="31" count="1" type="cond" truecount="0" falsecount="1"/>
        <line num="32" count="0" type="stmt"/>
        <line num="33" count="0" type="stmt"/>
        <line num="35" count="1" type="stmt"/>
        <line num="38" count="5" type="stmt"/>
        <line num="39" count="1" type="cond" truecount="0" falsecount="1"/>
        <line num="40" count="1" type="stmt"/>
        <line num="43" count="2" type="stmt"/>
        <line num="44" count="1" type="stmt"/>
        <line num="47" count="5" type="stmt"/>
      </file>
    </package>
    <package name="src.components.pid-actions">
      <metrics statements="29" coveredstatements="27" conditionals="19" coveredconditionals="17" methods="3" coveredmethods="3"/>
      <file name="pid-actions.tsx" path="/Users/maximilian/GitHub/pid-component/packages/stencil-library/src/components/pid-actions/pid-actions.tsx">
        <metrics statements="29" coveredstatements="27" conditionals="19" coveredconditionals="17" methods="3" coveredmethods="3"/>
        <line num="2" count="1" type="stmt"/>
        <line num="5" count="1" type="stmt"/>
        <line num="13" count="21" type="stmt"/>
        <line num="25" count="21" type="stmt"/>
        <line num="28" count="40" type="cond" truecount="1" falsecount="0"/>
        <line num="29" count="21" type="stmt"/>
        <line num="33" count="19" type="cond" truecount="4" falsecount="0"/>
        <line num="36" count="19" type="cond" truecount="2" falsecount="0"/>
        <line num="38" count="19" type="stmt"/>
        <line num="53" count="28" type="stmt"/>
        <line num="54" count="28" type="stmt"/>
        <line num="57" count="28" type="cond" truecount="2" falsecount="0"/>
        <line num="58" count="4" type="cond" truecount="3" falsecount="1"/>
        <line num="60" count="2" type="stmt"/>
        <line num="61" count="2" type="stmt"/>
        <line num="63" count="1" type="stmt"/>
        <line num="64" count="1" type="stmt"/>
        <line num="66" count="1" type="stmt"/>
        <line num="67" count="1" type="stmt"/>
        <line num="69" count="0" type="stmt"/>
        <line num="72" count="24" type="cond" truecount="3" falsecount="1"/>
        <line num="74" count="14" type="stmt"/>
        <line num="75" count="14" type="stmt"/>
        <line num="77" count="6" type="stmt"/>
        <line num="78" count="6" type="stmt"/>
        <line num="80" count="4" type="stmt"/>
        <line num="81" count="4" type="stmt"/>
        <line num="83" count="0" type="stmt"/>
        <line num="87" count="28" type="stmt"/>
      </file>
    </package>
    <package name="src.components.pid-collapsible">
      <metrics statements="311" coveredstatements="201" conditionals="144" coveredconditionals="81" methods="52" coveredmethods="33"/>
      <file name="pid-collapsible.tsx" path="/Users/maximilian/GitHub/pid-component/packages/stencil-library/src/components/pid-collapsible/pid-collapsible.tsx">
        <metrics statements="311" coveredstatements="201" conditionals="144" coveredconditionals="81" methods="52" coveredmethods="33"/>
        <line num="2" count="1" type="stmt"/>
        <line num="7" count="1" type="stmt"/>
        <line num="20" count="1" type="stmt"/>
        <line num="31" count="1" type="stmt"/>
        <line num="43" count="1" type="stmt"/>
        <line num="55" count="33" type="stmt"/>
        <line num="60" count="33" type="stmt"/>
        <line num="67" count="33" type="stmt"/>
        <line num="82" count="33" type="stmt"/>
        <line num="87" count="33" type="stmt"/>
        <line num="109" count="33" type="stmt"/>
        <line num="122" count="33" type="stmt"/>
        <line num="125" count="33" type="stmt"/>
        <line num="128" count="33" type="stmt"/>
        <line num="135" count="5" type="stmt"/>
        <line num="138" count="5" type="cond" truecount="1" falsecount="0"/>
        <line num="146" count="0" type="stmt"/>
        <line num="151" count="33" type="cond" truecount="2" falsecount="0"/>
        <line num="152" count="33" type="cond" truecount="2" falsecount="0"/>
        <line num="155" count="33" type="stmt"/>
        <line num="159" count="33" type="stmt"/>
        <line num="160" count="33" type="stmt"/>
        <line num="161" count="33" type="stmt"/>
        <line num="162" count="33" type="stmt"/>
        <line num="177" count="33" type="cond" truecount="0" falsecount="1"/>
        <line num="178" count="0" type="stmt"/>
        <line num="183" count="1" type="stmt"/>
        <line num="186" count="1" type="stmt"/>
        <line num="194" count="33" type="cond" truecount="1" falsecount="1"/>
        <line num="196" count="33" type="stmt"/>
        <line num="199" count="33" type="stmt"/>
        <line num="202" count="33" type="cond" truecount="1" falsecount="1"/>
        <line num="203" count="33" type="stmt"/>
        <line num="204" count="0" type="cond" truecount="0" falsecount="1"/>
        <line num="206" count="0" type="stmt"/>
        <line num="210" count="0" type="stmt"/>
        <line num="217" count="33" type="stmt"/>
        <line num="218" count="0" type="stmt"/>
        <line num="225" count="33" type="cond" truecount="2" falsecount="0"/>
        <line num="226" count="4" type="stmt"/>
        <line num="227" count="29" type="cond" truecount="2" falsecount="0"/>
        <line num="228" count="2" type="stmt"/>
        <line num="229" count="27" type="cond" truecount="3" falsecount="0"/>
        <line num="230" count="27" type="stmt"/>
        <line num="238" count="1" type="cond" truecount="1" falsecount="0"/>
        <line num="239" count="1" type="cond" truecount="1" falsecount="1"/>
        <line num="240" count="1" type="stmt"/>
        <line num="241" count="0" type="cond" truecount="0" falsecount="1"/>
        <line num="243" count="0" type="stmt"/>
        <line num="252" count="33" type="stmt"/>
        <line num="254" count="0" type="stmt"/>
        <line num="255" count="0" type="stmt"/>
        <line num="265" count="4" type="cond" truecount="1" falsecount="0"/>
        <line num="267" count="3" type="stmt"/>
        <line num="271" count="3" type="cond" truecount="0" falsecount="1"/>
        <line num="272" count="0" type="stmt"/>
        <line num="275" count="3" type="stmt"/>
        <line num="276" count="3" type="stmt"/>
        <line num="277" count="0" type="stmt"/>
        <line num="281" count="0" type="stmt"/>
        <line num="283" count="0" type="stmt"/>
        <line num="284" count="0" type="cond" truecount="0" falsecount="2"/>
        <line num="286" count="0" type="stmt"/>
        <line num="287" count="0" type="stmt"/>
        <line num="291" count="0" type="stmt"/>
        <line num="292" count="0" type="cond" truecount="0" falsecount="2"/>
        <line num="295" count="0" type="cond" truecount="0" falsecount="2"/>
        <line num="296" count="0" type="stmt"/>
        <line num="297" count="0" type="cond" truecount="0" falsecount="4"/>
        <line num="299" count="0" type="cond" truecount="0" falsecount="2"/>
        <line num="300" count="0" type="cond" truecount="0" falsecount="2"/>
        <line num="303" count="0" type="stmt"/>
        <line num="306" count="0" type="stmt"/>
        <line num="309" count="0" type="cond" truecount="0" falsecount="4"/>
        <line num="310" count="0" type="cond" truecount="0" falsecount="2"/>
        <line num="312" count="0" type="stmt"/>
        <line num="316" count="0" type="stmt"/>
        <line num="317" count="0" type="stmt"/>
        <line num="320" count="0" type="stmt"/>
        <line num="321" count="0" type="stmt"/>
        <line num="324" count="0" type="stmt"/>
        <line num="327" count="0" type="stmt"/>
        <line num="328" count="0" type="stmt"/>
        <line num="330" count="0" type="stmt"/>
        <line num="335" count="1" type="stmt"/>
        <line num="343" count="33" type="cond" truecount="0" falsecount="1"/>
        <line num="344" count="0" type="stmt"/>
        <line num="345" count="0" type="stmt"/>
        <line num="349" count="33" type="cond" truecount="0" falsecount="1"/>
        <line num="350" count="0" type="stmt"/>
        <line num="354" count="33" type="stmt"/>
        <line num="356" count="0" type="cond" truecount="0" falsecount="1"/>
        <line num="359" count="0" type="stmt"/>
        <line num="360" count="0" type="cond" truecount="0" falsecount="1"/>
        <line num="362" count="0" type="stmt"/>
        <line num="363" count="0" type="stmt"/>
        <line num="366" count="0" type="cond" truecount="0" falsecount="3"/>
        <line num="367" count="0" type="stmt"/>
        <line num="371" count="0" type="stmt"/>
        <line num="374" count="0" type="cond" truecount="0" falsecount="1"/>
        <line num="375" count="0" type="stmt"/>
        <line num="379" count="0" type="stmt"/>
        <line num="381" count="0" type="stmt"/>
        <line num="382" count="0" type="stmt"/>
        <line num="383" count="0" type="stmt"/>
        <line num="388" count="33" type="cond" truecount="1" falsecount="0"/>
        <line num="389" count="5" type="stmt"/>
        <line num="397" count="33" type="stmt"/>
        <line num="398" count="33" type="cond" truecount="0" falsecount="1"/>
        <line num="400" count="33" type="stmt"/>
        <line num="401" count="33" type="cond" truecount="0" falsecount="1"/>
        <line num="404" count="33" type="stmt"/>
        <line num="411" count="30" type="cond" truecount="1" falsecount="1"/>
        <line num="417" count="33" type="stmt"/>
        <line num="419" count="0" type="cond" truecount="0" falsecount="3"/>
        <line num="421" count="0" type="stmt"/>
        <line num="422" count="0" type="stmt"/>
        <line num="423" count="0" type="stmt"/>
        <line num="426" count="0" type="stmt"/>
        <line num="429" count="0" type="stmt"/>
        <line num="430" count="0" type="stmt"/>
        <line num="443" count="33" type="stmt"/>
        <line num="444" count="33" type="stmt"/>
        <line num="445" count="0" type="stmt"/>
        <line num="454" count="1" type="stmt"/>
        <line num="455" count="1" type="stmt"/>
        <line num="456" count="0" type="stmt"/>
        <line num="462" count="1" type="cond" truecount="0" falsecount="1"/>
        <line num="463" count="0" type="stmt"/>
        <line num="464" count="0" type="stmt"/>
        <line num="468" count="1" type="cond" truecount="1" falsecount="0"/>
        <line num="469" count="1" type="stmt"/>
        <line num="470" count="1" type="stmt"/>
        <line num="474" count="1" type="stmt"/>
        <line num="477" count="1" type="stmt"/>
        <line num="478" count="1" type="cond" truecount="1" falsecount="0"/>
        <line num="479" count="1" type="stmt"/>
        <line num="480" count="1" type="cond" truecount="1" falsecount="0"/>
        <line num="481" count="1" type="stmt"/>
        <line num="491" count="38" type="stmt"/>
        <line num="493" count="38" type="cond" truecount="2" falsecount="0"/>
        <line num="494" count="8" type="stmt"/>
        <line num="496" count="30" type="stmt"/>
        <line num="505" count="38" type="stmt"/>
        <line num="507" count="38" type="stmt"/>
        <line num="508" count="456" type="cond" truecount="1" falsecount="0"/>
        <line num="509" count="113" type="stmt"/>
        <line num="514" count="38" type="stmt"/>
        <line num="515" count="38" type="stmt"/>
        <line num="516" count="38" type="stmt"/>
        <line num="517" count="38" type="stmt"/>
        <line num="518" count="38" type="stmt"/>
        <line num="519" count="38" type="stmt"/>
        <line num="526" count="8" type="stmt"/>
        <line num="528" count="8" type="stmt"/>
        <line num="529" count="8" type="cond" truecount="0" falsecount="1"/>
        <line num="530" count="0" type="stmt"/>
        <line num="534" count="8" type="stmt"/>
        <line num="537" count="8" type="stmt"/>
        <line num="538" count="8" type="stmt"/>
        <line num="541" count="8" type="stmt"/>
        <line num="544" count="8" type="stmt"/>
        <line num="545" count="8" type="cond" truecount="1" falsecount="0"/>
        <line num="546" count="8" type="stmt"/>
        <line num="547" count="8" type="stmt"/>
        <line num="548" count="8" type="stmt"/>
        <line num="552" count="8" type="stmt"/>
        <line num="553" count="8" type="stmt"/>
        <line num="556" count="8" type="cond" truecount="1" falsecount="0"/>
        <line num="557" count="8" type="stmt"/>
        <line num="560" count="0" type="stmt"/>
        <line num="568" count="8" type="stmt"/>
        <line num="569" count="8" type="cond" truecount="5" falsecount="1"/>
        <line num="570" count="8" type="cond" truecount="5" falsecount="1"/>
        <line num="573" count="8" type="cond" truecount="2" falsecount="0"/>
        <line num="574" count="8" type="stmt"/>
        <line num="575" count="8" type="stmt"/>
        <line num="577" count="8" type="stmt"/>
        <line num="586" count="8" type="stmt"/>
        <line num="588" count="8" type="stmt"/>
        <line num="594" count="8" type="cond" truecount="1" falsecount="1"/>
        <line num="596" count="0" type="stmt"/>
        <line num="597" count="8" type="cond" truecount="1" falsecount="1"/>
        <line num="599" count="0" type="stmt"/>
        <line num="608" count="8" type="stmt"/>
        <line num="612" count="8" type="cond" truecount="2" falsecount="0"/>
        <line num="613" count="8" type="stmt"/>
        <line num="615" count="8" type="cond" truecount="1" falsecount="1"/>
        <line num="616" count="0" type="stmt"/>
        <line num="618" count="8" type="stmt"/>
        <line num="622" count="8" type="stmt"/>
        <line num="623" count="8" type="stmt"/>
        <line num="627" count="8" type="stmt"/>
        <line num="628" count="0" type="stmt"/>
        <line num="629" count="0" type="stmt"/>
        <line num="632" count="0" type="stmt"/>
        <line num="641" count="30" type="cond" truecount="1" falsecount="2"/>
        <line num="642" count="0" type="stmt"/>
        <line num="643" count="0" type="stmt"/>
        <line num="645" count="30" type="cond" truecount="1" falsecount="2"/>
        <line num="646" count="0" type="stmt"/>
        <line num="647" count="0" type="stmt"/>
        <line num="651" count="30" type="cond" truecount="3" falsecount="0"/>
        <line num="652" count="2" type="stmt"/>
        <line num="656" count="30" type="stmt"/>
        <line num="657" count="30" type="stmt"/>
        <line num="660" count="30" type="stmt"/>
        <line num="663" count="30" type="stmt"/>
        <line num="666" count="30" type="stmt"/>
        <line num="667" count="30" type="stmt"/>
        <line num="668" count="30" type="stmt"/>
        <line num="669" count="30" type="stmt"/>
        <line num="672" count="30" type="cond" truecount="0" falsecount="1"/>
        <line num="674" count="0" type="stmt"/>
        <line num="675" count="0" type="stmt"/>
        <line num="679" count="30" type="stmt"/>
        <line num="682" count="30" type="stmt"/>
        <line num="685" count="30" type="cond" truecount="1" falsecount="0"/>
        <line num="686" count="30" type="stmt"/>
        <line num="694" count="8" type="stmt"/>
        <line num="696" count="8" type="stmt"/>
        <line num="699" count="8" type="stmt"/>
        <line num="700" count="8" type="stmt"/>
        <line num="701" count="8" type="stmt"/>
        <line num="702" count="8" type="stmt"/>
        <line num="703" count="8" type="stmt"/>
        <line num="705" count="0" type="stmt"/>
        <line num="713" count="38" type="stmt"/>
        <line num="714" count="38" type="stmt"/>
        <line num="720" count="33" type="stmt"/>
        <line num="721" count="0" type="cond" truecount="0" falsecount="1"/>
        <line num="722" count="0" type="stmt"/>
        <line num="730" count="0" type="stmt"/>
        <line num="733" count="0" type="stmt"/>
        <line num="734" count="0" type="stmt"/>
        <line num="735" count="0" type="cond" truecount="0" falsecount="1"/>
        <line num="736" count="0" type="stmt"/>
        <line num="740" count="0" type="stmt"/>
        <line num="741" count="0" type="cond" truecount="0" falsecount="1"/>
        <line num="742" count="0" type="stmt"/>
        <line num="743" count="0" type="stmt"/>
        <line num="747" count="0" type="stmt"/>
        <line num="748" count="0" type="stmt"/>
        <line num="751" count="0" type="stmt"/>
        <line num="754" count="0" type="stmt"/>
        <line num="757" count="0" type="cond" truecount="0" falsecount="3"/>
        <line num="758" count="0" type="stmt"/>
        <line num="759" count="0" type="stmt"/>
        <line num="764" count="0" type="stmt"/>
        <line num="765" count="0" type="stmt"/>
        <line num="766" count="0" type="stmt"/>
        <line num="767" count="0" type="stmt"/>
        <line num="776" count="46" type="stmt"/>
        <line num="779" count="46" type="cond" truecount="1" falsecount="0"/>
        <line num="781" count="4" type="cond" truecount="2" falsecount="0"/>
        <line num="782" count="1" type="stmt"/>
        <line num="784" count="3" type="stmt"/>
        <line num="789" count="46" type="cond" truecount="2" falsecount="0"/>
        <line num="791" count="16" type="stmt"/>
        <line num="794" count="30" type="stmt"/>
        <line num="798" count="46" type="cond" truecount="1" falsecount="0"/>
        <line num="799" count="4" type="stmt"/>
        <line num="802" count="46" type="stmt"/>
        <line num="809" count="46" type="stmt"/>
        <line num="811" count="46" type="cond" truecount="2" falsecount="0"/>
        <line num="812" count="16" type="stmt"/>
        <line num="814" count="30" type="stmt"/>
        <line num="818" count="46" type="cond" truecount="1" falsecount="0"/>
        <line num="819" count="4" type="stmt"/>
        <line num="822" count="46" type="stmt"/>
        <line num="829" count="46" type="stmt"/>
        <line num="849" count="46" type="cond" truecount="2" falsecount="0"/>
        <line num="850" count="16" type="stmt"/>
        <line num="851" count="16" type="cond" truecount="1" falsecount="1"/>
        <line num="852" count="0" type="stmt"/>
        <line num="853" count="0" type="cond" truecount="0" falsecount="1"/>
        <line num="854" count="0" type="stmt"/>
        <line num="857" count="16" type="stmt"/>
        <line num="858" count="16" type="cond" truecount="0" falsecount="1"/>
        <line num="859" count="0" type="stmt"/>
        <line num="863" count="30" type="stmt"/>
        <line num="867" count="46" type="stmt"/>
        <line num="869" count="46" type="stmt"/>
        <line num="876" count="46" type="stmt"/>
        <line num="878" count="46" type="cond" truecount="2" falsecount="0"/>
        <line num="879" count="16" type="stmt"/>
        <line num="881" count="30" type="stmt"/>
        <line num="885" count="46" type="cond" truecount="1" falsecount="0"/>
        <line num="886" count="4" type="stmt"/>
        <line num="889" count="46" type="stmt"/>
        <line num="896" count="46" type="stmt"/>
        <line num="899" count="46" type="cond" truecount="2" falsecount="0"/>
        <line num="900" count="4" type="stmt"/>
        <line num="902" count="42" type="stmt"/>
        <line num="905" count="46" type="stmt"/>
        <line num="912" count="46" type="stmt"/>
        <line num="915" count="46" type="cond" truecount="2" falsecount="0"/>
        <line num="916" count="4" type="stmt"/>
        <line num="918" count="42" type="stmt"/>
        <line num="921" count="46" type="stmt"/>
        <line num="925" count="46" type="stmt"/>
        <line num="926" count="46" type="stmt"/>
        <line num="927" count="46" type="stmt"/>
        <line num="928" count="46" type="stmt"/>
        <line num="929" count="46" type="stmt"/>
        <line num="930" count="46" type="stmt"/>
        <line num="932" count="46" type="stmt"/>
        <line num="939" count="0" type="stmt"/>
        <line num="940" count="0" type="stmt"/>
        <line num="947" count="0" type="stmt"/>
        <line num="948" count="0" type="stmt"/>
      </file>
    </package>
    <package name="src.components.pid-component">
      <metrics statements="186" coveredstatements="83" conditionals="164" coveredconditionals="34" methods="39" coveredmethods="12"/>
      <file name="pid-component.tsx" path="/Users/maximilian/GitHub/pid-component/packages/stencil-library/src/components/pid-component/pid-component.tsx">
        <metrics statements="186" coveredstatements="83" conditionals="164" coveredconditionals="34" methods="39" coveredmethods="12"/>
        <line num="2" count="1" type="stmt"/>
        <line num="6" count="1" type="stmt"/>
        <line num="7" count="1" type="stmt"/>
        <line num="9" count="1" type="stmt"/>
        <line num="44" count="35" type="stmt"/>
        <line num="59" count="35" type="stmt"/>
        <line num="67" count="35" type="stmt"/>
        <line num="75" count="35" type="stmt"/>
        <line num="94" count="35" type="stmt"/>
        <line num="103" count="35" type="stmt"/>
        <line num="113" count="35" type="stmt"/>
        <line num="135" count="35" type="stmt"/>
        <line num="159" count="35" type="stmt"/>
        <line num="169" count="35" type="stmt"/>
        <line num="174" count="35" type="stmt"/>
        <line num="182" count="35" type="stmt"/>
        <line num="187" count="35" type="stmt"/>
        <line num="195" count="35" type="stmt"/>
        <line num="200" count="35" type="stmt"/>
        <line num="205" count="35" type="stmt"/>
        <line num="210" count="35" type="stmt"/>
        <line num="213" count="35" type="stmt"/>
        <line num="218" count="35" type="stmt"/>
        <line num="222" count="35" type="stmt"/>
        <line num="223" count="35" type="stmt"/>
        <line num="224" count="35" type="cond" truecount="1" falsecount="2"/>
        <line num="225" count="0" type="stmt"/>
        <line num="234" count="70" type="cond" truecount="1" falsecount="0"/>
        <line num="235" count="35" type="stmt"/>
        <line num="245" count="0" type="stmt"/>
        <line num="247" count="0" type="stmt"/>
        <line num="250" count="0" type="stmt"/>
        <line num="251" count="0" type="stmt"/>
        <line num="252" count="0" type="cond" truecount="0" falsecount="3"/>
        <line num="253" count="0" type="stmt"/>
        <line num="263" count="0" type="cond" truecount="0" falsecount="2"/>
        <line num="266" count="0" type="stmt"/>
        <line num="274" count="0" type="cond" truecount="0" falsecount="2"/>
        <line num="280" count="0" type="stmt"/>
        <line num="290" count="0" type="cond" truecount="0" falsecount="2"/>
        <line num="291" count="0" type="stmt"/>
        <line num="293" count="0" type="stmt"/>
        <line num="301" count="35" type="stmt"/>
        <line num="303" count="0" type="cond" truecount="0" falsecount="1"/>
        <line num="305" count="0" type="stmt"/>
        <line num="307" count="0" type="stmt"/>
        <line num="309" count="0" type="cond" truecount="0" falsecount="2"/>
        <line num="311" count="0" type="cond" truecount="0" falsecount="3"/>
        <line num="312" count="0" type="stmt"/>
        <line num="315" count="0" type="stmt"/>
        <line num="316" count="0" type="stmt"/>
        <line num="317" count="0" type="cond" truecount="0" falsecount="3"/>
        <line num="318" count="0" type="stmt"/>
        <line num="324" count="0" type="stmt"/>
        <line num="335" count="106" type="stmt"/>
        <line num="336" count="106" type="cond" truecount="2" falsecount="1"/>
        <line num="337" count="0" type="stmt"/>
        <line num="343" count="37" type="cond" truecount="1" falsecount="0"/>
        <line num="344" count="2" type="stmt"/>
        <line num="345" count="2" type="stmt"/>
        <line num="355" count="0" type="stmt"/>
        <line num="358" count="0" type="cond" truecount="0" falsecount="1"/>
        <line num="360" count="0" type="cond" truecount="0" falsecount="2"/>
        <line num="363" count="0" type="stmt"/>
        <line num="364" count="0" type="cond" truecount="0" falsecount="2"/>
        <line num="365" count="0" type="stmt"/>
        <line num="367" count="0" type="stmt"/>
        <line num="371" count="0" type="stmt"/>
        <line num="381" count="35" type="stmt"/>
        <line num="384" count="35" type="stmt"/>
        <line num="387" count="35" type="stmt"/>
        <line num="390" count="35" type="stmt"/>
        <line num="391" count="35" type="stmt"/>
        <line num="401" count="35" type="cond" truecount="3" falsecount="1"/>
        <line num="402" count="35" type="stmt"/>
        <line num="403" count="35" type="stmt"/>
        <line num="405" count="0" type="stmt"/>
        <line num="406" count="0" type="stmt"/>
        <line num="409" count="0" type="stmt"/>
        <line num="413" count="35" type="cond" truecount="1" falsecount="1"/>
        <line num="414" count="35" type="stmt"/>
        <line num="423" count="0" type="stmt"/>
        <line num="425" count="0" type="cond" truecount="0" falsecount="1"/>
        <line num="426" count="0" type="stmt"/>
        <line num="430" count="0" type="stmt"/>
        <line num="431" count="0" type="cond" truecount="0" falsecount="2"/>
        <line num="432" count="0" type="stmt"/>
        <line num="434" count="0" type="stmt"/>
        <line num="441" count="35" type="cond" truecount="3" falsecount="0"/>
        <line num="442" count="2" type="stmt"/>
        <line num="443" count="2" type="stmt"/>
        <line num="444" count="1" type="cond" truecount="0" falsecount="1"/>
        <line num="445" count="0" type="stmt"/>
        <line num="446" count="0" type="stmt"/>
        <line num="449" count="1" type="stmt"/>
        <line num="450" count="1" type="stmt"/>
        <line num="455" count="35" type="stmt"/>
        <line num="456" count="35" type="stmt"/>
        <line num="457" count="0" type="stmt"/>
        <line num="459" count="0" type="cond" truecount="0" falsecount="1"/>
        <line num="461" count="0" type="stmt"/>
        <line num="462" count="0" type="stmt"/>
        <line num="463" count="0" type="stmt"/>
        <line num="464" count="0" type="stmt"/>
        <line num="465" count="0" type="stmt"/>
        <line num="468" count="0" type="stmt"/>
        <line num="470" count="35" type="stmt"/>
        <line num="471" count="35" type="stmt"/>
        <line num="472" count="35" type="stmt"/>
        <line num="473" count="35" type="stmt"/>
        <line num="474" count="35" type="stmt"/>
        <line num="475" count="35" type="stmt"/>
        <line num="479" count="0" type="cond" truecount="0" falsecount="1"/>
        <line num="481" count="0" type="stmt"/>
        <line num="482" count="0" type="cond" truecount="0" falsecount="6"/>
        <line num="483" count="0" type="cond" truecount="0" falsecount="1"/>
        <line num="484" count="0" type="stmt"/>
        <line num="487" count="0" type="stmt"/>
        <line num="488" count="0" type="stmt"/>
        <line num="490" count="0" type="cond" truecount="0" falsecount="1"/>
        <line num="491" count="0" type="cond" truecount="0" falsecount="1"/>
        <line num="494" count="0" type="cond" truecount="0" falsecount="1"/>
        <line num="495" count="0" type="cond" truecount="0" falsecount="1"/>
        <line num="498" count="0" type="cond" truecount="0" falsecount="3"/>
        <line num="499" count="0" type="stmt"/>
        <line num="503" count="0" type="stmt"/>
        <line num="506" count="0" type="stmt"/>
        <line num="507" count="0" type="cond" truecount="0" falsecount="6"/>
        <line num="508" count="0" type="cond" truecount="0" falsecount="1"/>
        <line num="509" count="0" type="stmt"/>
        <line num="512" count="0" type="stmt"/>
        <line num="513" count="0" type="stmt"/>
        <line num="515" count="0" type="stmt"/>
        <line num="516" count="0" type="stmt"/>
        <line num="525" count="36" type="stmt"/>
        <line num="526" count="36" type="stmt"/>
        <line num="527" count="36" type="stmt"/>
        <line num="530" count="36" type="cond" truecount="0" falsecount="1"/>
        <line num="531" count="0" type="stmt"/>
        <line num="532" count="0" type="stmt"/>
        <line num="536" count="36" type="stmt"/>
        <line num="543" count="35" type="stmt"/>
        <line num="550" count="35" type="cond" truecount="1" falsecount="1"/>
        <line num="552" count="35" type="stmt"/>
        <line num="555" count="35" type="stmt"/>
        <line num="558" count="35" type="cond" truecount="1" falsecount="1"/>
        <line num="559" count="35" type="stmt"/>
        <line num="560" count="0" type="cond" truecount="0" falsecount="1"/>
        <line num="562" count="0" type="stmt"/>
        <line num="566" count="0" type="stmt"/>
        <line num="573" count="35" type="stmt"/>
        <line num="574" count="0" type="stmt"/>
        <line num="581" count="35" type="cond" truecount="2" falsecount="0"/>
        <line num="582" count="2" type="stmt"/>
        <line num="583" count="33" type="cond" truecount="2" falsecount="0"/>
        <line num="584" count="31" type="stmt"/>
        <line num="585" count="2" type="cond" truecount="3" falsecount="0"/>
        <line num="586" count="2" type="stmt"/>
        <line num="594" count="36" type="cond" truecount="1" falsecount="0"/>
        <line num="595" count="36" type="cond" truecount="1" falsecount="1"/>
        <line num="596" count="36" type="stmt"/>
        <line num="597" count="0" type="cond" truecount="0" falsecount="1"/>
        <line num="599" count="0" type="stmt"/>
        <line num="604" count="35" type="stmt"/>
        <line num="605" count="0" type="stmt"/>
        <line num="606" count="0" type="stmt"/>
        <line num="607" count="0" type="stmt"/>
        <line num="614" count="0" type="stmt"/>
        <line num="615" count="0" type="stmt"/>
        <line num="616" count="0" type="cond" truecount="0" falsecount="2"/>
        <line num="624" count="38" type="cond" truecount="0" falsecount="1"/>
        <line num="625" count="0" type="cond" truecount="0" falsecount="3"/>
        <line num="626" count="0" type="stmt"/>
        <line num="627" count="0" type="stmt"/>
        <line num="630" count="0" type="stmt"/>
        <line num="631" count="0" type="stmt"/>
        <line num="632" count="0" type="cond" truecount="0" falsecount="3"/>
        <line num="633" count="0" type="stmt"/>
        <line num="635" count="0" type="stmt"/>
        <line num="643" count="38" type="cond" truecount="0" falsecount="1"/>
        <line num="644" count="0" type="stmt"/>
        <line num="647" count="38" type="stmt"/>
        <line num="726" count="0" type="stmt"/>
        <line num="761" count="0" type="stmt"/>
        <line num="785" count="0" type="stmt"/>
        <line num="786" count="0" type="stmt"/>
      </file>
    </package>
    <package name="src.components.pid-data-table">
      <metrics statements="34" coveredstatements="32" conditionals="41" coveredconditionals="37" methods="12" coveredmethods="11"/>
      <file name="pid-data-table.tsx" path="/Users/maximilian/GitHub/pid-component/packages/stencil-library/src/components/pid-data-table/pid-data-table.tsx">
        <metrics statements="34" coveredstatements="32" conditionals="41" coveredconditionals="37" methods="12" coveredmethods="11"/>
        <line num="2" count="1" type="stmt"/>
        <line num="5" count="1" type="stmt"/>
        <line num="17" count="19" type="stmt"/>
        <line num="21" count="19" type="stmt"/>
        <line num="26" count="19" type="stmt"/>
        <line num="31" count="19" type="stmt"/>
        <line num="36" count="19" type="stmt"/>
        <line num="41" count="19" type="stmt"/>
        <line num="46" count="19" type="stmt"/>
        <line num="51" count="19" type="stmt"/>
        <line num="56" count="19" type="stmt"/>
        <line num="61" count="19" type="stmt"/>
        <line num="68" count="19" type="stmt"/>
        <line num="83" count="19" type="stmt"/>
        <line num="92" count="59" type="stmt"/>
        <line num="93" count="251" type="cond" truecount="2" falsecount="0"/>
        <line num="97" count="59" type="stmt"/>
        <line num="98" count="59" type="cond" truecount="3" falsecount="0"/>
        <line num="99" count="1" type="stmt"/>
        <line num="103" count="59" type="stmt"/>
        <line num="112" count="78" type="stmt"/>
        <line num="113" count="20" type="stmt"/>
        <line num="114" count="1" type="stmt"/>
        <line num="115" count="1" type="cond" truecount="1" falsecount="2"/>
        <line num="117" count="0" type="stmt"/>
        <line num="124" count="19" type="stmt"/>
        <line num="132" count="19" type="stmt"/>
        <line num="133" count="19" type="stmt"/>
        <line num="139" count="51" type="cond" truecount="4" falsecount="0"/>
        <line num="141" count="51" type="cond" truecount="1" falsecount="0"/>
        <line num="142" count="19" type="stmt"/>
        <line num="158" count="32" type="stmt"/>
        <line num="186" count="82" type="stmt"/>
        <line num="204" count="0" type="stmt"/>
      </file>
    </package>
    <package name="src.components.pid-pagination">
      <metrics statements="64" coveredstatements="56" conditionals="56" coveredconditionals="38" methods="16" coveredmethods="14"/>
      <file name="pid-pagination.tsx" path="/Users/maximilian/GitHub/pid-component/packages/stencil-library/src/components/pid-pagination/pid-pagination.tsx">
        <metrics statements="64" coveredstatements="56" conditionals="56" coveredconditionals="38" methods="16" coveredmethods="14"/>
        <line num="2" count="1" type="stmt"/>
        <line num="4" count="1" type="stmt"/>
        <line num="16" count="28" type="stmt"/>
        <line num="21" count="28" type="stmt"/>
        <line num="26" count="28" type="stmt"/>
        <line num="31" count="28" type="stmt"/>
        <line num="36" count="28" type="stmt"/>
        <line num="43" count="28" type="stmt"/>
        <line num="58" count="28" type="stmt"/>
        <line num="59" count="5" type="cond" truecount="3" falsecount="0"/>
        <line num="60" count="4" type="stmt"/>
        <line num="65" count="4" type="stmt"/>
        <line num="66" count="0" type="stmt"/>
        <line num="67" count="0" type="cond" truecount="0" falsecount="3"/>
        <line num="68" count="0" type="stmt"/>
        <line num="77" count="28" type="stmt"/>
        <line num="78" count="1" type="stmt"/>
        <line num="82" count="1" type="stmt"/>
        <line num="83" count="0" type="stmt"/>
        <line num="84" count="0" type="cond" truecount="0" falsecount="3"/>
        <line num="85" count="0" type="stmt"/>
        <line num="94" count="113" type="stmt"/>
        <line num="101" count="52" type="cond" truecount="0" falsecount="1"/>
        <line num="102" count="0" type="stmt"/>
        <line num="104" count="52" type="stmt"/>
        <line num="105" count="52" type="stmt"/>
        <line num="106" count="52" type="stmt"/>
        <line num="113" count="29" type="stmt"/>
        <line num="114" count="29" type="stmt"/>
        <line num="116" count="29" type="cond" truecount="1" falsecount="0"/>
        <line num="118" count="72" type="stmt"/>
        <line num="122" count="9" type="stmt"/>
        <line num="125" count="9" type="stmt"/>
        <line num="126" count="9" type="stmt"/>
        <line num="129" count="9" type="cond" truecount="1" falsecount="0"/>
        <line num="130" count="4" type="cond" truecount="1" falsecount="1"/>
        <line num="131" count="4" type="stmt"/>
        <line num="133" count="0" type="stmt"/>
        <line num="138" count="9" type="cond" truecount="1" falsecount="0"/>
        <line num="139" count="5" type="stmt"/>
        <line num="143" count="9" type="stmt"/>
        <line num="144" count="27" type="stmt"/>
        <line num="148" count="9" type="cond" truecount="1" falsecount="0"/>
        <line num="149" count="9" type="stmt"/>
        <line num="153" count="9" type="stmt"/>
        <line num="155" count="9" type="stmt"/>
        <line num="159" count="28" type="cond" truecount="1" falsecount="0"/>
        <line num="160" count="2" type="stmt"/>
        <line num="163" count="26" type="stmt"/>
        <line num="164" count="26" type="stmt"/>
        <line num="167" count="26" type="cond" truecount="4" falsecount="0"/>
        <line num="170" count="26" type="stmt"/>
        <line num="172" count="26" type="stmt"/>
        <line num="197" count="125" type="stmt"/>
        <line num="199" count="1" type="stmt"/>
        <line num="227" count="1" type="stmt"/>
        <line num="250" count="111" type="cond" truecount="1" falsecount="0"/>
        <line num="251" count="10" type="stmt"/>
        <line num="268" count="101" type="stmt"/>
        <line num="269" count="101" type="stmt"/>
        <line num="270" count="101" type="stmt"/>
        <line num="272" count="101" type="stmt"/>
        <line num="275" count="1" type="stmt"/>
        <line num="295" count="2" type="stmt"/>
      </file>
    </package>
    <package name="src.components.pid-tooltip">
      <metrics statements="101" coveredstatements="46" conditionals="86" coveredconditionals="41" methods="18" coveredmethods="13"/>
      <file name="pid-tooltip.tsx" path="/Users/maximilian/GitHub/pid-component/packages/stencil-library/src/components/pid-tooltip/pid-tooltip.tsx">
        <metrics statements="101" coveredstatements="46" conditionals="86" coveredconditionals="41" methods="18" coveredmethods="13"/>
        <line num="2" count="1" type="stmt"/>
        <line num="4" count="1" type="stmt"/>
        <line num="14" count="33" type="stmt"/>
        <line num="19" count="33" type="stmt"/>
        <line num="24" count="33" type="stmt"/>
        <line num="29" count="33" type="stmt"/>
        <line num="61" count="0" type="cond" truecount="0" falsecount="3"/>
        <line num="62" count="0" type="stmt"/>
        <line num="64" count="0" type="cond" truecount="0" falsecount="4"/>
        <line num="65" count="0" type="stmt"/>
        <line num="66" count="0" type="stmt"/>
        <line num="73" count="33" type="stmt"/>
        <line num="74" count="3" type="stmt"/>
        <line num="76" count="3" type="stmt"/>
        <line num="82" count="33" type="stmt"/>
        <line num="83" count="5" type="stmt"/>
        <line num="84" count="5" type="stmt"/>
        <line num="90" count="33" type="stmt"/>
        <line num="91" count="2" type="stmt"/>
        <line num="92" count="2" type="stmt"/>
        <line num="93" count="2" type="cond" truecount="2" falsecount="0"/>
        <line num="94" count="1" type="stmt"/>
        <line num="96" count="1" type="stmt"/>
        <line num="103" count="33" type="stmt"/>
        <line num="104" count="0" type="cond" truecount="0" falsecount="3"/>
        <line num="105" count="0" type="stmt"/>
        <line num="106" count="0" type="stmt"/>
        <line num="118" count="33" type="stmt"/>
        <line num="123" count="33" type="stmt"/>
        <line num="128" count="33" type="stmt"/>
        <line num="133" count="33" type="stmt"/>
        <line num="137" count="33" type="cond" truecount="2" falsecount="0"/>
        <line num="139" count="33" type="stmt"/>
        <line num="146" count="2" type="cond" truecount="3" falsecount="0"/>
        <line num="148" count="1" type="stmt"/>
        <line num="149" count="1" type="stmt"/>
        <line num="150" count="1" type="cond" truecount="6" falsecount="4"/>
        <line num="152" count="1" type="cond" truecount="1" falsecount="0"/>
        <line num="154" count="1" type="cond" truecount="1" falsecount="1"/>
        <line num="155" count="1" type="stmt"/>
        <line num="158" count="0" type="stmt"/>
        <line num="161" count="0" type="stmt"/>
        <line num="162" count="0" type="stmt"/>
        <line num="165" count="0" type="stmt"/>
        <line num="166" count="0" type="stmt"/>
        <line num="170" count="0" type="stmt"/>
        <line num="172" count="0" type="cond" truecount="0" falsecount="4"/>
        <line num="174" count="0" type="stmt"/>
        <line num="175" count="0" type="cond" truecount="0" falsecount="4"/>
        <line num="177" count="0" type="stmt"/>
        <line num="178" count="0" type="cond" truecount="0" falsecount="4"/>
        <line num="180" count="0" type="stmt"/>
        <line num="181" count="0" type="cond" truecount="0" falsecount="2"/>
        <line num="183" count="0" type="stmt"/>
        <line num="186" count="0" type="stmt"/>
        <line num="187" count="0" type="stmt"/>
        <line num="190" count="0" type="cond" truecount="0" falsecount="2"/>
        <line num="191" count="0" type="stmt"/>
[...]
        <line num="510" count="0" type="stmt"/>
        <line num="514" count="0" type="stmt"/>
      </file>
      <file name="ORCIDType.tsx" path="/Users/maximilian/GitHub/pid-component/packages/stencil-library/src/rendererModules/ORCiD/ORCIDType.tsx">
        <metrics statements="67" coveredstatements="50" conditionals="36" coveredconditionals="22" methods="12" coveredmethods="10"/>
        <line num="2" count="6" type="stmt"/>
        <line num="3" count="6" type="stmt"/>
        <line num="4" count="6" type="stmt"/>
        <line num="5" count="6" type="stmt"/>
        <line num="6" count="6" type="stmt"/>
        <line num="12" count="6" type="stmt"/>
        <line num="26" count="14" type="stmt"/>
        <line num="34" count="14" type="stmt"/>
        <line num="37" count="2" type="stmt"/>
        <line num="41" count="6" type="stmt"/>
        <line num="45" count="1" type="stmt"/>
        <line num="49" count="7" type="cond" truecount="2" falsecount="0"/>
        <line num="51" count="1" type="stmt"/>
        <line num="52" count="1" type="stmt"/>
        <line num="54" count="6" type="stmt"/>
        <line num="55" count="6" type="stmt"/>
        <line num="58" count="7" type="cond" truecount="0" falsecount="1"/>
        <line num="59" count="0" type="stmt"/>
        <line num="60" count="0" type="cond" truecount="0" falsecount="2"/>
        <line num="62" count="0" type="stmt"/>
        <line num="63" count="0" type="stmt"/>
        <line num="65" count="0" type="cond" truecount="0" falsecount="3"/>
        <line num="66" count="0" type="stmt"/>
        <line num="72" count="7" type="stmt"/>
        <line num="84" count="7" type="stmt"/>
        <line num="85" count="7" type="stmt"/>
        <line num="86" count="7" type="cond" truecount="1" falsecount="0"/>
        <line num="87" count="7" type="stmt"/>
        <line num="90" count="0" type="stmt"/>
        <line num="93" count="7" type="stmt"/>
        <line num="94" count="7" type="stmt"/>
        <line num="95" count="7" type="cond" truecount="1" falsecount="0"/>
        <line num="96" count="7" type="stmt"/>
        <line num="99" count="0" type="stmt"/>
        <line num="102" count="7" type="stmt"/>
        <line num="104" count="7" type="stmt"/>
        <line num="105" count="7" type="stmt"/>
        <line num="106" count="7" type="stmt"/>
        <line num="107" count="3" type="stmt"/>
        <line num="108" count="3" type="cond" truecount="3" falsecount="0"/>
        <line num="109" count="3" type="stmt"/>
        <line num="112" count="0" type="stmt"/>
        <line num="115" count="7" type="cond" truecount="0" falsecount="1"/>
        <line num="119" count="0" type="stmt"/>
        <line num="121" count="0" type="stmt"/>
        <line num="122" count="0" type="stmt"/>
        <line num="123" count="0" type="stmt"/>
        <line num="141" count="7" type="cond" truecount="1" falsecount="0"/>
        <line num="142" count="7" type="stmt"/>
        <line num="143" count="7" type="stmt"/>
        <line num="146" count="7" type="cond" truecount="1" falsecount="0"/>
        <line num="147" count="3" type="stmt"/>
        <line num="148" count="3" type="stmt"/>
        <line num="152" count="7" type="cond" truecount="0" falsecount="1"/>
        <line num="153" count="0" type="stmt"/>
        <line num="155" count="7" type="cond" truecount="1" falsecount="0"/>
        <line num="156" count="3" type="stmt"/>
        <line num="158" count="7" type="stmt"/>
        <line num="159" count="0" type="stmt"/>
        <line num="162" count="7" type="cond" truecount="0" falsecount="1"/>
        <line num="163" count="0" type="stmt"/>
        <line num="164" count="0" type="stmt"/>
        <line num="167" count="7" type="cond" truecount="1" falsecount="0"/>
        <line num="169" count="7" type="cond" truecount="1" falsecount="0"/>
        <line num="174" count="2" type="stmt"/>
        <line num="178" count="1" type="stmt"/>
        <line num="217" count="1" type="stmt"/>
      </file>
    </package>
    <package name="src.utils">
      <metrics statements="260" coveredstatements="234" conditionals="116" coveredconditionals="99" methods="52" coveredmethods="50"/>
      <file name="DataCache.ts" path="/Users/maximilian/GitHub/pid-component/packages/stencil-library/src/utils/DataCache.ts">
        <metrics statements="22" coveredstatements="20" conditionals="9" coveredconditionals="8" methods="3" coveredmethods="3"/>
        <line num="4" count="6" type="cond" truecount="1" falsecount="0"/>
        <line num="5" count="4" type="stmt"/>
        <line num="16" count="12" type="stmt"/>
        <line num="17" count="6" type="stmt"/>
        <line num="18" count="6" type="cond" truecount="2" falsecount="0"/>
        <line num="20" count="4" type="stmt"/>
        <line num="21" count="4" type="cond" truecount="2" falsecount="0"/>
        <line num="23" count="2" type="stmt"/>
        <line num="27" count="2" type="stmt"/>
        <line num="28" count="2" type="cond" truecount="2" falsecount="0"/>
        <line num="30" count="1" type="stmt"/>
        <line num="31" count="1" type="cond" truecount="0" falsecount="1"/>
        <line num="33" count="0" type="stmt"/>
        <line num="34" count="0" type="stmt"/>
        <line num="38" count="1" type="stmt"/>
        <line num="42" count="2" type="stmt"/>
        <line num="43" count="2" type="stmt"/>
        <line num="47" count="2" type="stmt"/>
        <line num="48" count="2" type="stmt"/>
        <line num="56" count="12" type="stmt"/>
        <line num="57" count="2" type="cond" truecount="1" falsecount="0"/>
        <line num="58" count="2" type="stmt"/>
      </file>
      <file name="FoldableAction.ts" path="/Users/maximilian/GitHub/pid-component/packages/stencil-library/src/utils/FoldableAction.ts">
        <metrics statements="10" coveredstatements="10" conditionals="4" coveredconditionals="4" methods="6" coveredmethods="6"/>
        <line num="4" count="11" type="stmt"/>
        <line num="47" count="114" type="stmt"/>
        <line num="48" count="114" type="stmt"/>
        <line num="49" count="114" type="stmt"/>
        <line num="50" count="114" type="stmt"/>
        <line num="58" count="2" type="stmt"/>
        <line num="66" count="130" type="stmt"/>
        <line num="74" count="30" type="stmt"/>
        <line num="82" count="32" type="stmt"/>
        <line num="91" count="8" type="cond" truecount="4" falsecount="0"/>
      </file>
      <file name="FoldableItem.ts" path="/Users/maximilian/GitHub/pid-component/packages/stencil-library/src/utils/FoldableItem.ts">
        <metrics statements="20" coveredstatements="20" conditionals="11" coveredconditionals="11" methods="11" coveredmethods="11"/>
        <line num="6" count="14" type="stmt"/>
        <line num="64" count="272" type="stmt"/>
        <line num="78" count="272" type="stmt"/>
        <line num="79" count="272" type="stmt"/>
        <line num="80" count="272" type="stmt"/>
        <line num="81" count="272" type="stmt"/>
        <line num="82" count="272" type="stmt"/>
        <line num="83" count="272" type="stmt"/>
        <line num="84" count="272" type="cond" truecount="2" falsecount="0"/>
        <line num="87" count="272" type="cond" truecount="2" falsecount="0"/>
        <line num="95" count="2" type="stmt"/>
        <line num="103" count="649" type="stmt"/>
        <line num="111" count="265" type="stmt"/>
        <line num="119" count="85" type="stmt"/>
        <line num="127" count="85" type="stmt"/>
        <line num="135" count="3" type="stmt"/>
        <line num="144" count="8" type="stmt"/>
        <line num="152" count="3" type="stmt"/>
        <line num="160" count="5" type="cond" truecount="2" falsecount="0"/>
        <line num="169" count="9" type="stmt"/>
      </file>
      <file name="GenericIdentifierType.ts" path="/Users/maximilian/GitHub/pid-component/packages/stencil-library/src/utils/GenericIdentifierType.ts">
        <metrics statements="29" coveredstatements="27" conditionals="14" coveredconditionals="9" methods="13" coveredmethods="13"/>
        <line num="9" count="16" type="stmt"/>
        <line num="23" count="178" type="stmt"/>
        <line num="39" count="178" type="stmt"/>
        <line num="40" count="178" type="stmt"/>
        <line num="41" count="178" type="stmt"/>
        <line num="49" count="178" type="stmt"/>
        <line num="59" count="14" type="stmt"/>
        <line num="67" count="10" type="stmt"/>
        <line num="69" count="10" type="stmt"/>
        <line num="77" count="178" type="stmt"/>
        <line num="84" count="130" type="stmt"/>
        <line num="92" count="178" type="stmt"/>
        <line num="99" count="79" type="stmt"/>
        <line num="107" count="198" type="stmt"/>
        <line num="116" count="2" type="stmt"/>
        <line num="147" count="1" type="stmt"/>
        <line num="159" count="3" type="stmt"/>
        <line num="188" count="1" type="stmt"/>
        <line num="196" count="10" type="stmt"/>
        <line num="205" count="188" type="cond" truecount="4" falsecount="0"/>
        <line num="207" count="188" type="cond" truecount="2" falsecount="0"/>
        <line num="208" count="5" type="stmt"/>
        <line num="210" count="5" type="cond" truecount="2" falsecount="0"/>
        <line num="211" count="3" type="stmt"/>
        <line num="212" count="2" type="cond" truecount="1" falsecount="1"/>
        <line num="213" count="2" type="stmt"/>
        <line num="214" count="0" type="cond" truecount="0" falsecount="4"/>
        <line num="216" count="0" type="stmt"/>
        <line num="220" count="183" type="stmt"/>
      </file>
      <file name="IndexedDBUtil.ts" path="/Users/maximilian/GitHub/pid-component/packages/stencil-library/src/utils/IndexedDBUtil.ts">
        <metrics statements="90" coveredstatements="68" conditionals="40" coveredconditionals="29" methods="12" coveredmethods="10"/>
        <line num="2" count="2" type="stmt"/>
        <line num="3" count="2" type="stmt"/>
        <line num="4" count="2" type="stmt"/>
        <line num="6" count="2" type="stmt"/>
        <line num="7" count="2" type="stmt"/>
        <line num="44" count="2" type="stmt"/>
        <line num="49" count="48" type="stmt"/>
        <line num="51" count="0" type="stmt"/>
        <line num="54" count="0" type="stmt"/>
        <line num="56" count="0" type="stmt"/>
        <line num="61" count="0" type="stmt"/>
        <line num="62" count="0" type="stmt"/>
        <line num="63" count="0" type="stmt"/>
        <line num="72" count="4" type="stmt"/>
        <line num="73" count="4" type="stmt"/>
        <line num="76" count="4" type="stmt"/>
        <line num="79" count="4" type="stmt"/>
        <line num="88" count="0" type="cond" truecount="0" falsecount="2"/>
        <line num="89" count="0" type="stmt"/>
        <line num="90" count="0" type="stmt"/>
        <line num="92" count="4" type="stmt"/>
        <line num="96" count="4" type="stmt"/>
        <line num="97" count="4" type="stmt"/>
        <line num="99" count="4" type="stmt"/>
        <line num="101" count="0" type="stmt"/>
        <line num="107" count="0" type="stmt"/>
        <line num="108" count="0" type="stmt"/>
        <line num="109" count="0" type="stmt"/>
        <line num="110" count="0" type="cond" truecount="0" falsecount="4"/>
        <line num="112" count="0" type="stmt"/>
        <line num="114" count="0" type="stmt"/>
        <line num="117" count="0" type="stmt"/>
        <line num="119" count="4" type="stmt"/>
        <line num="120" count="4" type="stmt"/>
        <line num="121" count="4" type="stmt"/>
        <line num="146" count="10" type="stmt"/>
        <line num="148" count="10" type="stmt"/>
        <line num="149" count="10" type="stmt"/>
        <line num="158" count="10" type="stmt"/>
        <line num="160" count="10" type="cond" truecount="1" falsecount="0"/>
        <line num="162" count="4" type="cond" truecount="5" falsecount="0"/>
        <line num="164" count="1" type="stmt"/>
        <line num="165" count="1" type="stmt"/>
        <line num="168" count="3" type="stmt"/>
        <line num="169" count="3" type="cond" truecount="3" falsecount="1"/>
        <line num="170" count="3" type="cond" truecount="3" falsecount="1"/>
        <line num="172" count="3" type="cond" truecount="6" falsecount="0"/>
        <line num="174" count="1" type="stmt"/>
        <line num="175" count="1" type="stmt"/>
        <line num="178" count="2" type="stmt"/>
        <line num="179" count="2" type="stmt"/>
        <line num="180" count="2" type="stmt"/>
        <line num="181" count="2" type="stmt"/>
        <line num="182" count="2" type="stmt"/>
        <line num="187" count="0" type="stmt"/>
        <line num="191" count="8" type="stmt"/>
        <line num="192" count="8" type="stmt"/>
        <line num="195" count="8" type="cond" truecount="1" falsecount="0"/>
        <line num="196" count="3" type="stmt"/>
        <line num="197" count="3" type="stmt"/>
        <line num="200" count="5" type="cond" truecount="4" falsecount="0"/>
        <line num="201" count="5" type="stmt"/>
        <line num="206" count="5" type="cond" truecount="2" falsecount="0"/>
        <line num="207" count="4" type="stmt"/>
        <line num="208" count="4" type="stmt"/>
        <line num="210" count="1" type="stmt"/>
        <line num="213" count="5" type="stmt"/>
        <line num="221" count="4" type="stmt"/>
        <line num="224" count="4" type="stmt"/>
        <line num="227" count="4" type="stmt"/>
        <line num="230" count="4" type="stmt"/>
        <line num="231" count="4" type="stmt"/>
        <line num="232" count="4" type="stmt"/>
        <line num="233" count="4" type="stmt"/>
        <line num="234" count="0" type="cond" truecount="0" falsecount="3"/>
        <line num="235" count="0" type="stmt"/>
        <line num="237" count="0" type="stmt"/>
        <line num="239" count="4" type="stmt"/>
        <line num="240" count="4" type="stmt"/>
        <line num="244" count="18" type="stmt"/>
        <line num="245" count="18" type="cond" truecount="3" falsecount="0"/>
        <line num="246" count="1" type="stmt"/>
        <line num="247" count="1" type="stmt"/>
        <line num="249" count="0" type="stmt"/>
        <line num="251" count="1" type="stmt"/>
        <line num="253" count="18" type="stmt"/>
        <line num="261" count="1" type="stmt"/>
        <line num="262" count="1" type="stmt"/>
        <line num="263" count="1" type="stmt"/>
        <line num="264" count="1" type="stmt"/>
      </file>
      <file name="Parser.ts" path="/Users/maximilian/GitHub/pid-component/packages/stencil-library/src/utils/Parser.ts">
        <metrics statements="74" coveredstatements="74" conditionals="38" coveredconditionals="38" methods="7" coveredmethods="7"/>
        <line num="2" count="2" type="stmt"/>
        <line num="10" count="23" type="cond" truecount="3" falsecount="0"/>
        <line num="11" count="13" type="stmt"/>
        <line num="14" count="10" type="stmt"/>
        <line num="15" count="10" type="stmt"/>
        <line num="16" count="46" type="stmt"/>
        <line num="17" count="13" type="cond" truecount="2" falsecount="0"/>
        <line num="18" count="10" type="stmt"/>
        <line num="20" count="3" type="stmt"/>
        <line num="23" count="10" type="stmt"/>
        <line num="29" count="2" type="stmt"/>
        <line num="37" count="4" type="stmt"/>
        <line num="38" count="4" type="stmt"/>
        <line num="39" count="11" type="stmt"/>
        <line num="40" count="11" type="stmt"/>
        <line num="41" count="11" type="cond" truecount="2" falsecount="0"/>
        <line num="42" count="11" type="cond" truecount="1" falsecount="0"/>
        <line num="43" count="3" type="stmt"/>
        <line num="44" count="3" type="stmt"/>
        <line num="47" count="4" type="stmt"/>
        <line num="60" count="12" type="stmt"/>
        <line num="63" count="12" type="cond" truecount="3" falsecount="0"/>
        <line num="64" count="7" type="stmt"/>
        <line num="65" count="5" type="stmt"/>
        <line num="66" count="5" type="stmt"/>
        <line num="67" count="5" type="cond" truecount="1" falsecount="0"/>
        <line num="68" count="3" type="stmt"/>
        <line num="72" count="4" type="stmt"/>
        <line num="77" count="5" type="stmt"/>
        <line num="78" count="5" type="stmt"/>
        <line num="79" count="25" type="stmt"/>
        <line num="80" count="25" type="stmt"/>
        <line num="81" count="25" type="stmt"/>
        <line num="82" count="25" type="cond" truecount="3" falsecount="0"/>
        <line num="83" count="4" type="stmt"/>
        <line num="86" count="5" type="stmt"/>
        <line num="116" count="11" type="stmt"/>
        <line num="117" count="11" type="cond" truecount="2" falsecount="0"/>
        <line num="119" count="11" type="stmt"/>
        <line num="121" count="11" type="cond" truecount="2" falsecount="0"/>
        <line num="123" count="3" type="stmt"/>
        <line num="124" count="3" type="stmt"/>
        <line num="127" count="3" type="stmt"/>
        <line num="128" count="3" type="cond" truecount="1" falsecount="0"/>
        <line num="129" count="2" type="stmt"/>
        <line num="133" count="1" type="cond" truecount="3" falsecount="0"/>
        <line num="134" count="1" type="stmt"/>
        <line num="135" count="1" type="stmt"/>
        <line num="140" count="3" type="cond" truecount="3" falsecount="0"/>
        <line num="141" count="1" type="stmt"/>
        <line num="147" count="8" type="stmt"/>
        <line num="148" count="8" type="stmt"/>
        <line num="150" count="8" type="stmt"/>
        <line num="151" count="40" type="stmt"/>
        <line num="152" count="40" type="stmt"/>
        <line num="153" count="40" type="cond" truecount="2" falsecount="0"/>
        <line num="154" count="11" type="stmt"/>
        <line num="155" count="29" type="cond" truecount="1" falsecount="0"/>
        <line num="156" count="6" type="stmt"/>
        <line num="162" count="8" type="stmt"/>
        <line num="163" count="6" type="cond" truecount="1" falsecount="0"/>
        <line num="164" count="6" type="stmt"/>
        <line num="169" count="8" type="cond" truecount="1" falsecount="0"/>
        <line num="170" count="20" type="stmt"/>
        <line num="171" count="7" type="stmt"/>
        <line num="175" count="10" type="cond" truecount="1" falsecount="0"/>
        <line num="176" count="2" type="stmt"/>
        <line num="180" count="8" type="stmt"/>
        <line num="181" count="8" type="stmt"/>
        <line num="182" count="7" type="cond" truecount="4" falsecount="0"/>
        <line num="183" count="7" type="cond" truecount="1" falsecount="0"/>
        <line num="185" count="1" type="stmt"/>
        <line num="189" count="8" type="stmt"/>
        <line num="190" count="8" type="stmt"/>
      </file>
      <file name="utils.ts" path="/Users/maximilian/GitHub/pid-component/packages/stencil-library/src/utils/utils.ts">
        <metrics statements="15" coveredstatements="15" conditionals="0" coveredconditionals="0" methods="0" coveredmethods="0"/>
        <line num="5" count="5" type="stmt"/>
        <line num="6" count="5" type="stmt"/>
        <line num="7" count="5" type="stmt"/>
        <line num="8" count="5" type="stmt"/>
        <line num="9" count="5" type="stmt"/>
        <line num="10" count="5" type="stmt"/>
        <line num="11" count="5" type="stmt"/>
        <line num="12" count="5" type="stmt"/>
        <line num="13" count="5" type="stmt"/>
        <line num="14" count="5" type="stmt"/>
        <line num="15" count="5" type="stmt"/>
        <line num="21" count="5" type="stmt"/>
        <line num="87" count="5" type="stmt"/>
        <line num="93" count="5" type="stmt"/>
        <line num="99" count="5" type="stmt"/>
      </file>
    </package>
  </project>
</coverage>
