{"/Users/maximilian/GitHub/pid-component/packages/stencil-library/src/components.d.ts": {"path":"/Users/maximilian/GitHub/pid-component/packages/stencil-library/src/components.d.ts","statementMap":{},"fnMap":{},"branchMap":{},"s":{},"f":{},"b":{}}
,"/Users/maximilian/GitHub/pid-component/packages/stencil-library/src/index.ts": {"path":"/Users/maximilian/GitHub/pid-component/packages/stencil-library/src/index.ts","statementMap":{"0":{"start":{"line":1,"column":0},"end":{"line":1,"column":29}},"1":{"start":{"line":2,"column":0},"end":{"line":2,"column":9}},"2":{"start":{"line":2,"column":9},"end":{"line":2,"column":50}},"3":{"start":{"line":3,"column":0},"end":{"line":3,"column":9}},"4":{"start":{"line":3,"column":9},"end":{"line":3,"column":66}},"5":{"start":{"line":4,"column":0},"end":{"line":4,"column":9}},"6":{"start":{"line":4,"column":9},"end":{"line":4,"column":62}},"7":{"start":{"line":5,"column":0},"end":{"line":5,"column":9}},"8":{"start":{"line":5,"column":9},"end":{"line":5,"column":66}}},"fnMap":{"0":{"name":"(anonymous_4)","decl":{"start":{"line":2,"column":9},"end":{"line":2,"column":12}},"loc":{"start":{"line":2,"column":9},"end":{"line":2,"column":50}}},"1":{"name":"(anonymous_5)","decl":{"start":{"line":3,"column":9},"end":{"line":3,"column":20}},"loc":{"start":{"line":3,"column":9},"end":{"line":3,"column":66}}},"2":{"name":"(anonymous_6)","decl":{"start":{"line":4,"column":9},"end":{"line":4,"column":18}},"loc":{"start":{"line":4,"column":9},"end":{"line":4,"column":62}}},"3":{"name":"(anonymous_7)","decl":{"start":{"line":5,"column":9},"end":{"line":5,"column":25}},"loc":{"start":{"line":5,"column":9},"end":{"line":5,"column":66}}}},"branchMap":{},"s":{"0":0,"1":0,"2":0,"3":0,"4":0,"5":0,"6":0,"7":0,"8":0},"f":{"0":0,"1":0,"2":0,"3":0},"b":{}}
,"/Users/maximilian/GitHub/pid-component/packages/stencil-library/src/auto-detect/DetectionWorker.ts": {"path":"/Users/maximilian/GitHub/pid-component/packages/stencil-library/src/auto-detect/DetectionWorker.ts","statementMap":{"0":{"start":{"line":13,"column":0},"end":{"line":13,"column":68}},"1":{"start":{"line":23,"column":24},"end":{"line":23,"column":45}},"2":{"start":{"line":29,"column":66},"end":{"line":29,"column":68}},"3":{"start":{"line":30,"column":18},"end":{"line":30,"column":22}},"4":{"start":{"line":31,"column":15},"end":{"line":31,"column":16}},"5":{"start":{"line":33,"column":2},"end":{"line":54,"column":3}},"6":{"start":{"line":35,"column":18},"end":{"line":35,"column":49}},"7":{"start":{"line":37,"column":4},"end":{"line":43,"column":5}},"8":{"start":{"line":39,"column":6},"end":{"line":41,"column":7}},"9":{"start":{"line":40,"column":8},"end":{"line":40,"column":89}},"10":{"start":{"line":42,"column":6},"end":{"line":42,"column":12}},"11":{"start":{"line":46,"column":4},"end":{"line":49,"column":5}},"12":{"start":{"line":47,"column":20},"end":{"line":47,"column":55}},"13":{"start":{"line":48,"column":6},"end":{"line":48,"column":71}},"14":{"start":{"line":52,"column":4},"end":{"line":52,"column":44}},"15":{"start":{"line":53,"column":4},"end":{"line":53,"column":67}},"16":{"start":{"line":56,"column":2},"end":{"line":56,"column":16}},"17":{"start":{"line":63,"column":17},"end":{"line":63,"column":31}},"18":{"start":{"line":64,"column":36},"end":{"line":64,"column":38}},"19":{"start":{"line":65,"column":24},"end":{"line":65,"column":66}},"20":{"start":{"line":67,"column":2},"end":{"line":84,"column":3}},"21":{"start":{"line":69,"column":4},"end":{"line":69,"column":35}},"22":{"start":{"line":69,"column":26},"end":{"line":69,"column":35}},"23":{"start":{"line":72,"column":43},"end":{"line":72,"column":63}},"24":{"start":{"line":73,"column":4},"end":{"line":73,"column":39}},"25":{"start":{"line":73,"column":30},"end":{"line":73,"column":39}},"26":{"start":{"line":75,"column":24},"end":{"line":75,"column":63}},"27":{"start":{"line":76,"column":4},"end":{"line":83,"column":5}},"28":{"start":{"line":77,"column":6},"end":{"line":82,"column":9}},"29":{"start":{"line":86,"column":2},"end":{"line":86,"column":17}},"30":{"start":{"line":92,"column":0},"end":{"line":112,"column":2}},"31":{"start":{"line":93,"column":18},"end":{"line":93,"column":28}},"32":{"start":{"line":95,"column":2},"end":{"line":111,"column":3}},"33":{"start":{"line":97,"column":6},"end":{"line":97,"column":53}},"34":{"start":{"line":98,"column":6},"end":{"line":98,"column":12}},"35":{"start":{"line":102,"column":22},"end":{"line":102,"column":74}},"36":{"start":{"line":103,"column":44},"end":{"line":107,"column":8}},"37":{"start":{"line":108,"column":6},"end":{"line":108,"column":33}},"38":{"start":{"line":109,"column":6},"end":{"line":109,"column":12}}},"fnMap":{"0":{"name":"tokenize","decl":{"start":{"line":28,"column":9},"end":{"line":28,"column":17}},"loc":{"start":{"line":28,"column":30},"end":{"line":57,"column":1}}},"1":{"name":"detectInText","decl":{"start":{"line":62,"column":9},"end":{"line":62,"column":21}},"loc":{"start":{"line":62,"column":66},"end":{"line":87,"column":1}}},"2":{"name":"(anonymous_2)","decl":{"start":{"line":92,"column":17},"end":{"line":92,"column":18}},"loc":{"start":{"line":92,"column":63},"end":{"line":112,"column":1}}}},"branchMap":{"0":{"loc":{"start":{"line":37,"column":4},"end":{"line":43,"column":5}},"type":"if","locations":[{"start":{"line":37,"column":4},"end":{"line":43,"column":5}}]},"1":{"loc":{"start":{"line":39,"column":6},"end":{"line":41,"column":7}},"type":"if","locations":[{"start":{"line":39,"column":6},"end":{"line":41,"column":7}}]},"2":{"loc":{"start":{"line":46,"column":4},"end":{"line":49,"column":5}},"type":"if","locations":[{"start":{"line":46,"column":4},"end":{"line":49,"column":5}}]},"3":{"loc":{"start":{"line":65,"column":24},"end":{"line":65,"column":66}},"type":"binary-expr","locations":[{"start":{"line":65,"column":24},"end":{"line":65,"column":43}},{"start":{"line":65,"column":47},"end":{"line":65,"column":66}}]},"4":{"loc":{"start":{"line":69,"column":4},"end":{"line":69,"column":35}},"type":"if","locations":[{"start":{"line":69,"column":4},"end":{"line":69,"column":35}}]},"5":{"loc":{"start":{"line":73,"column":4},"end":{"line":73,"column":39}},"type":"if","locations":[{"start":{"line":73,"column":4},"end":{"line":73,"column":39}}]},"6":{"loc":{"start":{"line":76,"column":4},"end":{"line":83,"column":5}},"type":"if","locations":[{"start":{"line":76,"column":4},"end":{"line":83,"column":5}}]},"7":{"loc":{"start":{"line":95,"column":2},"end":{"line":111,"column":3}},"type":"switch","locations":[{"start":{"line":96,"column":4},"end":{"line":99,"column":5}},{"start":{"line":101,"column":4},"end":{"line":110,"column":5}}]}},"s":{"0":0,"1":0,"2":0,"3":0,"4":0,"5":0,"6":0,"7":0,"8":0,"9":0,"10":0,"11":0,"12":0,"13":0,"14":0,"15":0,"16":0,"17":0,"18":0,"19":0,"20":0,"21":0,"22":0,"23":0,"24":0,"25":0,"26":0,"27":0,"28":0,"29":0,"30":0,"31":0,"32":0,"33":0,"34":0,"35":0,"36":0,"37":0,"38":0},"f":{"0":0,"1":0,"2":0},"b":{"0":[0],"1":[0],"2":[0],"3":[0,0],"4":[0],"5":[0],"6":[0],"7":[0,0]}}
,"/Users/maximilian/GitHub/pid-component/packages/stencil-library/src/auto-detect/DomScanner.ts": {"path":"/Users/maximilian/GitHub/pid-component/packages/stencil-library/src/auto-detect/DomScanner.ts","statementMap":{"0":{"start":{"line":72,"column":0},"end":{"line":72,"column":16}},"1":{"start":{"line":10,"column":22},"end":{"line":21,"column":2}},"2":{"start":{"line":24,"column":23},"end":{"line":24,"column":47}},"3":{"start":{"line":39,"column":2},"end":{"line":41,"column":3}},"4":{"start":{"line":40,"column":4},"end":{"line":40,"column":16}},"5":{"start":{"line":42,"column":2},"end":{"line":44,"column":3}},"6":{"start":{"line":43,"column":4},"end":{"line":43,"column":16}},"7":{"start":{"line":45,"column":2},"end":{"line":47,"column":3}},"8":{"start":{"line":46,"column":4},"end":{"line":46,"column":16}},"9":{"start":{"line":48,"column":2},"end":{"line":50,"column":3}},"10":{"start":{"line":49,"column":4},"end":{"line":49,"column":16}},"11":{"start":{"line":51,"column":2},"end":{"line":59,"column":3}},"12":{"start":{"line":52,"column":4},"end":{"line":58,"column":5}},"13":{"start":{"line":53,"column":6},"end":{"line":55,"column":7}},"14":{"start":{"line":54,"column":8},"end":{"line":54,"column":20}},"15":{"start":{"line":60,"column":2},"end":{"line":60,"column":15}},"16":{"start":{"line":77,"column":2},"end":{"line":142,"column":5}},"17":{"start":{"line":78,"column":39},"end":{"line":78,"column":41}},"18":{"start":{"line":79,"column":17},"end":{"line":79,"column":18}},"19":{"start":{"line":82,"column":19},"end":{"line":102,"column":null}},"20":{"start":{"line":87,"column":10},"end":{"line":93,"column":11}},"21":{"start":{"line":88,"column":28},"end":{"line":88,"column":43}},"22":{"start":{"line":89,"column":12},"end":{"line":91,"column":13}},"23":{"start":{"line":90,"column":14},"end":{"line":90,"column":46}},"24":{"start":{"line":92,"column":12},"end":{"line":92,"column":42}},"25":{"start":{"line":96,"column":23},"end":{"line":96,"column":47}},"26":{"start":{"line":97,"column":10},"end":{"line":99,"column":11}},"27":{"start":{"line":98,"column":12},"end":{"line":98,"column":42}},"28":{"start":{"line":100,"column":10},"end":{"line":100,"column":42}},"29":{"start":{"line":107,"column":6},"end":{"line":110,"column":83}},"30":{"start":{"line":110,"column":10},"end":{"line":110,"column":83}},"31":{"start":{"line":110,"column":27},"end":{"line":110,"column":58}},"32":{"start":{"line":110,"column":53},"end":{"line":110,"column":55}},"33":{"start":{"line":113,"column":18},"end":{"line":113,"column":19}},"34":{"start":{"line":115,"column":6},"end":{"line":135,"column":7}},"35":{"start":{"line":116,"column":21},"end":{"line":116,"column":38}},"36":{"start":{"line":117,"column":8},"end":{"line":121,"column":9}},"37":{"start":{"line":119,"column":10},"end":{"line":119,"column":27}},"38":{"start":{"line":120,"column":10},"end":{"line":120,"column":17}},"39":{"start":{"line":123,"column":8},"end":{"line":134,"column":9}},"40":{"start":{"line":124,"column":27},"end":{"line":124,"column":39}},"41":{"start":{"line":125,"column":23},"end":{"line":125,"column":49}},"42":{"start":{"line":126,"column":10},"end":{"line":132,"column":11}},"43":{"start":{"line":127,"column":12},"end":{"line":131,"column":15}},"44":{"start":{"line":133,"column":10},"end":{"line":133,"column":18}},"45":{"start":{"line":138,"column":6},"end":{"line":138,"column":36}},"46":{"start":{"line":141,"column":4},"end":{"line":141,"column":34}}},"fnMap":{"0":{"name":"shouldSkipElement","decl":{"start":{"line":38,"column":9},"end":{"line":38,"column":26}},"loc":{"start":{"line":38,"column":69},"end":{"line":61,"column":1}}},"1":{"name":"scanDom","decl":{"start":{"line":72,"column":16},"end":{"line":72,"column":23}},"loc":{"start":{"line":75,"column":24},"end":{"line":143,"column":1}}},"2":{"name":"(anonymous_2)","decl":{"start":{"line":77,"column":21},"end":{"line":77,"column":22}},"loc":{"start":{"line":77,"column":33},"end":{"line":142,"column":3}}},"3":{"name":"(anonymous_3)","decl":{"start":{"line":86,"column":8},"end":{"line":86,"column":18}},"loc":{"start":{"line":86,"column":29},"end":{"line":101,"column":9}}},"4":{"name":"(anonymous_4)","decl":{"start":{"line":109,"column":10},"end":{"line":109,"column":11}},"loc":{"start":{"line":110,"column":10},"end":{"line":110,"column":83}}},"5":{"name":"(anonymous_5)","decl":{"start":{"line":110,"column":21},"end":{"line":110,"column":24}},"loc":{"start":{"line":110,"column":27},"end":{"line":110,"column":58}}},"6":{"name":"(anonymous_6)","decl":{"start":{"line":110,"column":47},"end":{"line":110,"column":50}},"loc":{"start":{"line":110,"column":53},"end":{"line":110,"column":55}}},"7":{"name":"processNextBatch","decl":{"start":{"line":112,"column":13},"end":{"line":112,"column":29}},"loc":{"start":{"line":112,"column":71},"end":{"line":139,"column":5}}}},"branchMap":{"0":{"loc":{"start":{"line":39,"column":2},"end":{"line":41,"column":3}},"type":"if","locations":[{"start":{"line":39,"column":2},"end":{"line":41,"column":3}}]},"1":{"loc":{"start":{"line":42,"column":2},"end":{"line":44,"column":3}},"type":"if","locations":[{"start":{"line":42,"column":2},"end":{"line":44,"column":3}}]},"2":{"loc":{"start":{"line":45,"column":2},"end":{"line":47,"column":3}},"type":"if","locations":[{"start":{"line":45,"column":2},"end":{"line":47,"column":3}}]},"3":{"loc":{"start":{"line":48,"column":2},"end":{"line":50,"column":3}},"type":"if","locations":[{"start":{"line":48,"column":2},"end":{"line":50,"column":3}}]},"4":{"loc":{"start":{"line":51,"column":2},"end":{"line":59,"column":3}},"type":"if","locations":[{"start":{"line":51,"column":2},"end":{"line":59,"column":3}}]},"5":{"loc":{"start":{"line":53,"column":6},"end":{"line":55,"column":7}},"type":"if","locations":[{"start":{"line":53,"column":6},"end":{"line":55,"column":7}}]},"6":{"loc":{"start":{"line":75,"column":2},"end":{"line":75,"column":24}},"type":"default-arg","locations":[{"start":{"line":75,"column":22},"end":{"line":75,"column":24}}]},"7":{"loc":{"start":{"line":87,"column":10},"end":{"line":93,"column":11}},"type":"if","locations":[{"start":{"line":87,"column":10},"end":{"line":93,"column":11}}]},"8":{"loc":{"start":{"line":89,"column":12},"end":{"line":91,"column":13}},"type":"if","locations":[{"start":{"line":89,"column":12},"end":{"line":91,"column":13}}]},"9":{"loc":{"start":{"line":96,"column":23},"end":{"line":96,"column":47}},"type":"cond-expr","locations":[{"start":{"line":96,"column":39},"end":{"line":96,"column":41}},{"start":{"line":96,"column":39},"end":{"line":96,"column":47}}]},"10":{"loc":{"start":{"line":96,"column":23},"end":{"line":96,"column":41}},"type":"binary-expr","locations":[{"start":{"line":96,"column":23},"end":{"line":96,"column":41}},{"start":{"line":96,"column":39},"end":{"line":96,"column":41}}]},"11":{"loc":{"start":{"line":97,"column":10},"end":{"line":99,"column":11}},"type":"if","locations":[{"start":{"line":97,"column":10},"end":{"line":99,"column":11}}]},"12":{"loc":{"start":{"line":97,"column":14},"end":{"line":97,"column":38}},"type":"binary-expr","locations":[{"start":{"line":97,"column":14},"end":{"line":97,"column":19}},{"start":{"line":97,"column":23},"end":{"line":97,"column":38}}]},"13":{"loc":{"start":{"line":107,"column":6},"end":{"line":110,"column":83}},"type":"cond-expr","locations":[{"start":{"line":108,"column":10},"end":{"line":108,"column":29}},{"start":{"line":109,"column":10},"end":{"line":110,"column":83}}]},"14":{"loc":{"start":{"line":115,"column":13},"end":{"line":115,"column":62}},"type":"binary-expr","locations":[{"start":{"line":115,"column":13},"end":{"line":115,"column":30}},{"start":{"line":115,"column":34},"end":{"line":115,"column":62}}]},"15":{"loc":{"start":{"line":117,"column":8},"end":{"line":121,"column":9}},"type":"if","locations":[{"start":{"line":117,"column":8},"end":{"line":121,"column":9}}]},"16":{"loc":{"start":{"line":123,"column":8},"end":{"line":134,"column":9}},"type":"if","locations":[{"start":{"line":123,"column":8},"end":{"line":134,"column":9}}]},"17":{"loc":{"start":{"line":125,"column":23},"end":{"line":125,"column":49}},"type":"binary-expr","locations":[{"start":{"line":125,"column":23},"end":{"line":125,"column":43}},{"start":{"line":125,"column":47},"end":{"line":125,"column":49}}]},"18":{"loc":{"start":{"line":126,"column":10},"end":{"line":132,"column":11}},"type":"if","locations":[{"start":{"line":126,"column":10},"end":{"line":132,"column":11}}]}},"s":{"0":2,"1":2,"2":2,"3":25,"4":4,"5":21,"6":1,"7":20,"8":1,"9":19,"10":0,"11":19,"12":2,"13":2,"14":1,"15":18,"16":12,"17":12,"18":12,"19":12,"20":42,"21":25,"22":25,"23":7,"24":18,"25":17,"26":17,"27":2,"28":15,"29":12,"30":0,"31":0,"32":0,"33":12,"34":12,"35":27,"36":27,"37":12,"38":12,"39":15,"40":15,"41":15,"42":15,"43":15,"44":15,"45":0,"46":12},"f":{"0":25,"1":12,"2":12,"3":42,"4":0,"5":0,"6":0,"7":12},"b":{"0":[4],"1":[1],"2":[1],"3":[0],"4":[2],"5":[1],"6":[0],"7":[25],"8":[7],"9":[0,17],"10":[17,17],"11":[2],"12":[17,16],"13":[12,0],"14":[27,27],"15":[12],"16":[15],"17":[15,0],"18":[15]}}
,"/Users/maximilian/GitHub/pid-component/packages/stencil-library/src/auto-detect/TextReplacer.ts": {"path":"/Users/maximilian/GitHub/pid-component/packages/stencil-library/src/auto-detect/TextReplacer.ts","statementMap":{"0":{"start":{"line":52,"column":0},"end":{"line":52,"column":16}},"1":{"start":{"line":332,"column":0},"end":{"line":332,"column":16}},"2":{"start":{"line":17,"column":22},"end":{"line":17,"column":47}},"3":{"start":{"line":20,"column":21},"end":{"line":20,"column":45}},"4":{"start":{"line":57,"column":39},"end":{"line":57,"column":41}},"5":{"start":{"line":58,"column":17},"end":{"line":58,"column":36}},"6":{"start":{"line":59,"column":2},"end":{"line":59,"column":30}},"7":{"start":{"line":59,"column":15},"end":{"line":59,"column":30}},"8":{"start":{"line":61,"column":19},"end":{"line":61,"column":45}},"9":{"start":{"line":64,"column":24},"end":{"line":66,"column":72}},"10":{"start":{"line":65,"column":20},"end":{"line":65,"column":37}},"11":{"start":{"line":66,"column":31},"end":{"line":66,"column":71}},"12":{"start":{"line":69,"column":19},"end":{"line":69,"column":52}},"13":{"start":{"line":70,"column":18},"end":{"line":70,"column":19}},"14":{"start":{"line":72,"column":2},"end":{"line":122,"column":3}},"15":{"start":{"line":74,"column":4},"end":{"line":76,"column":5}},"16":{"start":{"line":75,"column":6},"end":{"line":75,"column":96}},"17":{"start":{"line":79,"column":20},"end":{"line":79,"column":50}},"18":{"start":{"line":80,"column":4},"end":{"line":80,"column":38}},"19":{"start":{"line":81,"column":4},"end":{"line":81,"column":47}},"20":{"start":{"line":83,"column":4},"end":{"line":83,"column":37}},"21":{"start":{"line":86,"column":25},"end":{"line":86,"column":55}},"22":{"start":{"line":87,"column":4},"end":{"line":87,"column":43}},"23":{"start":{"line":88,"column":4},"end":{"line":88,"column":38}},"24":{"start":{"line":92,"column":25},"end":{"line":92,"column":64}},"25":{"start":{"line":93,"column":4},"end":{"line":93,"column":52}},"26":{"start":{"line":94,"column":4},"end":{"line":94,"column":80}},"27":{"start":{"line":95,"column":4},"end":{"line":95,"column":87}},"28":{"start":{"line":97,"column":4},"end":{"line":97,"column":125}},"29":{"start":{"line":99,"column":4},"end":{"line":99,"column":53}},"30":{"start":{"line":102,"column":4},"end":{"line":102,"column":38}},"31":{"start":{"line":104,"column":4},"end":{"line":104,"column":38}},"32":{"start":{"line":107,"column":21},"end":{"line":107,"column":76}},"33":{"start":{"line":109,"column":4},"end":{"line":109,"column":34}},"34":{"start":{"line":111,"column":4},"end":{"line":119,"column":7}},"35":{"start":{"line":121,"column":4},"end":{"line":121,"column":26}},"36":{"start":{"line":125,"column":2},"end":{"line":127,"column":3}},"37":{"start":{"line":126,"column":4},"end":{"line":126,"column":81}},"38":{"start":{"line":130,"column":2},"end":{"line":130,"column":42}},"39":{"start":{"line":132,"column":2},"end":{"line":132,"column":17}},"40":{"start":{"line":139,"column":2},"end":{"line":145,"column":3}},"41":{"start":{"line":141,"column":6},"end":{"line":143,"column":41}},"42":{"start":{"line":144,"column":4},"end":{"line":144,"column":55}},"43":{"start":{"line":146,"column":2},"end":{"line":148,"column":3}},"44":{"start":{"line":147,"column":4},"end":{"line":147,"column":60}},"45":{"start":{"line":149,"column":2},"end":{"line":151,"column":3}},"46":{"start":{"line":150,"column":4},"end":{"line":150,"column":93}},"47":{"start":{"line":152,"column":2},"end":{"line":154,"column":3}},"48":{"start":{"line":153,"column":4},"end":{"line":153,"column":79}},"49":{"start":{"line":155,"column":2},"end":{"line":157,"column":3}},"50":{"start":{"line":156,"column":4},"end":{"line":156,"column":88}},"51":{"start":{"line":158,"column":2},"end":{"line":160,"column":3}},"52":{"start":{"line":159,"column":4},"end":{"line":159,"column":86}},"53":{"start":{"line":161,"column":2},"end":{"line":163,"column":3}},"54":{"start":{"line":162,"column":4},"end":{"line":162,"column":74}},"55":{"start":{"line":183,"column":16},"end":{"line":183,"column":21}},"56":{"start":{"line":184,"column":57},"end":{"line":184,"column":61}},"57":{"start":{"line":185,"column":58},"end":{"line":185,"column":62}},"58":{"start":{"line":188,"column":4},"end":{"line":191,"column":5}},"59":{"start":{"line":189,"column":6},"end":{"line":189,"column":31}},"60":{"start":{"line":190,"column":6},"end":{"line":190,"column":23}},"61":{"start":{"line":192,"column":4},"end":{"line":195,"column":5}},"62":{"start":{"line":193,"column":6},"end":{"line":193,"column":32}},"63":{"start":{"line":194,"column":6},"end":{"line":194,"column":25}},"64":{"start":{"line":196,"column":4},"end":{"line":196,"column":26}},"65":{"start":{"line":200,"column":4},"end":{"line":200,"column":19}},"66":{"start":{"line":201,"column":4},"end":{"line":201,"column":14}},"67":{"start":{"line":202,"column":4},"end":{"line":202,"column":26}},"68":{"start":{"line":203,"column":4},"end":{"line":203,"column":58}},"69":{"start":{"line":207,"column":4},"end":{"line":207,"column":19}},"70":{"start":{"line":208,"column":4},"end":{"line":208,"column":14}},"71":{"start":{"line":210,"column":4},"end":{"line":210,"column":40}},"72":{"start":{"line":211,"column":4},"end":{"line":211,"column":53}},"73":{"start":{"line":213,"column":4},"end":{"line":213,"column":36}},"74":{"start":{"line":214,"column":4},"end":{"line":214,"column":48}},"75":{"start":{"line":218,"column":4},"end":{"line":218,"column":24}},"76":{"start":{"line":218,"column":17},"end":{"line":218,"column":24}},"77":{"start":{"line":220,"column":23},"end":{"line":220,"column":46}},"78":{"start":{"line":221,"column":4},"end":{"line":221,"column":28}},"79":{"start":{"line":221,"column":21},"end":{"line":221,"column":28}},"80":{"start":{"line":226,"column":24},"end":{"line":226,"column":56}},"81":{"start":{"line":227,"column":4},"end":{"line":227,"column":41}},"82":{"start":{"line":227,"column":34},"end":{"line":227,"column":41}},"83":{"start":{"line":231,"column":25},"end":{"line":231,"column":72}},"84":{"start":{"line":232,"column":4},"end":{"line":238,"column":5}},"85":{"start":{"line":233,"column":25},"end":{"line":233,"column":59}},"86":{"start":{"line":234,"column":6},"end":{"line":237,"column":7}},"87":{"start":{"line":235,"column":8},"end":{"line":235,"column":22}},"88":{"start":{"line":236,"column":8},"end":{"line":236,"column":15}},"89":{"start":{"line":241,"column":20},"end":{"line":241,"column":62}},"90":{"start":{"line":242,"column":4},"end":{"line":245,"column":5}},"91":{"start":{"line":243,"column":6},"end":{"line":243,"column":20}},"92":{"start":{"line":244,"column":6},"end":{"line":244,"column":13}},"93":{"start":{"line":248,"column":20},"end":{"line":248,"column":61}},"94":{"start":{"line":249,"column":4},"end":{"line":249,"column":24}},"95":{"start":{"line":249,"column":17},"end":{"line":249,"column":24}},"96":{"start":{"line":257,"column":20},"end":{"line":257,"column":141}},"97":{"start":{"line":258,"column":4},"end":{"line":261,"column":5}},"98":{"start":{"line":259,"column":6},"end":{"line":259,"column":22}},"99":{"start":{"line":260,"column":6},"end":{"line":260,"column":13}},"100":{"start":{"line":265,"column":4},"end":{"line":268,"column":5}},"101":{"start":{"line":266,"column":6},"end":{"line":266,"column":22}},"102":{"start":{"line":267,"column":6},"end":{"line":267,"column":13}},"103":{"start":{"line":271,"column":19},"end":{"line":271,"column":48}},"104":{"start":{"line":274,"column":2},"end":{"line":293,"column":10}},"105":{"start":{"line":275,"column":4},"end":{"line":278,"column":5}},"106":{"start":{"line":276,"column":6},"end":{"line":276,"column":16}},"107":{"start":{"line":277,"column":6},"end":{"line":277,"column":13}},"108":{"start":{"line":280,"column":4},"end":{"line":292,"column":5}},"109":{"start":{"line":282,"column":6},"end":{"line":290,"column":7}},"110":{"start":{"line":283,"column":8},"end":{"line":287,"column":11}},"111":{"start":{"line":291,"column":6},"end":{"line":291,"column":16}},"112":{"start":{"line":296,"column":2},"end":{"line":305,"column":12}},"113":{"start":{"line":297,"column":4},"end":{"line":304,"column":5}},"114":{"start":{"line":299,"column":6},"end":{"line":299,"column":16}},"115":{"start":{"line":300,"column":6},"end":{"line":303,"column":7}},"116":{"start":{"line":302,"column":8},"end":{"line":302,"column":22}},"117":{"start":{"line":308,"column":2},"end":{"line":311,"column":5}},"118":{"start":{"line":313,"column":2},"end":{"line":313,"column":18}},"119":{"start":{"line":321,"column":17},"end":{"line":321,"column":35}},"120":{"start":{"line":322,"column":2},"end":{"line":322,"column":22}},"121":{"start":{"line":322,"column":15},"end":{"line":322,"column":22}},"122":{"start":{"line":323,"column":19},"end":{"line":323,"column":48}},"123":{"start":{"line":324,"column":2},"end":{"line":324,"column":41}},"124":{"start":{"line":325,"column":2},"end":{"line":325,"column":21}},"125":{"start":{"line":333,"column":2},"end":{"line":336,"column":3}},"126":{"start":{"line":334,"column":4},"end":{"line":334,"column":33}},"127":{"start":{"line":335,"column":4},"end":{"line":335,"column":54}}},"fnMap":{"0":{"name":"replaceMatches","decl":{"start":{"line":52,"column":16},"end":{"line":52,"column":30}},"loc":{"start":{"line":55,"column":28},"end":{"line":133,"column":1}}},"1":{"name":"(anonymous_1)","decl":{"start":{"line":65,"column":10},"end":{"line":65,"column":11}},"loc":{"start":{"line":65,"column":20},"end":{"line":65,"column":37}}},"2":{"name":"(anonymous_2)","decl":{"start":{"line":66,"column":12},"end":{"line":66,"column":13}},"loc":{"start":{"line":66,"column":31},"end":{"line":66,"column":71}}},"3":{"name":"applyConfig","decl":{"start":{"line":138,"column":9},"end":{"line":138,"column":20}},"loc":{"start":{"line":138,"column":74},"end":{"line":164,"column":1}}},"4":{"name":"createSwapObserver","decl":{"start":{"line":178,"column":9},"end":{"line":178,"column":27}},"loc":{"start":{"line":181,"column":22},"end":{"line":314,"column":1}}},"5":{"name":"cleanup","decl":{"start":{"line":187,"column":11},"end":{"line":187,"column":18}},"loc":{"start":{"line":187,"column":18},"end":{"line":197,"column":3}}},"6":{"name":"handleError","decl":{"start":{"line":199,"column":11},"end":{"line":199,"column":22}},"loc":{"start":{"line":199,"column":22},"end":{"line":204,"column":3}}},"7":{"name":"handleSuccess","decl":{"start":{"line":206,"column":11},"end":{"line":206,"column":24}},"loc":{"start":{"line":206,"column":24},"end":{"line":215,"column":3}}},"8":{"name":"trySwap","decl":{"start":{"line":217,"column":11},"end":{"line":217,"column":18}},"loc":{"start":{"line":217,"column":18},"end":{"line":269,"column":3}}},"9":{"name":"(anonymous_9)","decl":{"start":{"line":274,"column":26},"end":{"line":274,"column":29}},"loc":{"start":{"line":274,"column":31},"end":{"line":293,"column":3}}},"10":{"name":"(anonymous_10)","decl":{"start":{"line":296,"column":27},"end":{"line":296,"column":30}},"loc":{"start":{"line":296,"column":32},"end":{"line":305,"column":3}}},"11":{"name":"unwrapToText","decl":{"start":{"line":320,"column":9},"end":{"line":320,"column":21}},"loc":{"start":{"line":320,"column":56},"end":{"line":326,"column":1}}},"12":{"name":"restoreOriginalText","decl":{"start":{"line":332,"column":16},"end":{"line":332,"column":35}},"loc":{"start":{"line":332,"column":64},"end":{"line":337,"column":1}}}},"branchMap":{"0":{"loc":{"start":{"line":59,"column":2},"end":{"line":59,"column":30}},"type":"if","locations":[{"start":{"line":59,"column":2},"end":{"line":59,"column":30}}]},"1":{"loc":{"start":{"line":61,"column":19},"end":{"line":61,"column":45}},"type":"binary-expr","locations":[{"start":{"line":61,"column":19},"end":{"line":61,"column":39}},{"start":{"line":61,"column":43},"end":{"line":61,"column":45}}]},"2":{"loc":{"start":{"line":66,"column":31},"end":{"line":66,"column":71}},"type":"binary-expr","locations":[{"start":{"line":66,"column":31},"end":{"line":66,"column":38}},{"start":{"line":66,"column":42},"end":{"line":66,"column":71}}]},"3":{"loc":{"start":{"line":74,"column":4},"end":{"line":76,"column":5}},"type":"if","locations":[{"start":{"line":74,"column":4},"end":{"line":76,"column":5}}]},"4":{"loc":{"start":{"line":95,"column":56},"end":{"line":95,"column":84}},"type":"cond-expr","locations":[{"start":{"line":95,"column":76},"end":{"line":95,"column":80}},{"start":{"line":95,"column":80},"end":{"line":95,"column":84}}]},"5":{"loc":{"start":{"line":95,"column":56},"end":{"line":95,"column":80}},"type":"binary-expr","locations":[{"start":{"line":95,"column":56},"end":{"line":95,"column":80}},{"start":{"line":95,"column":76},"end":{"line":95,"column":80}}]},"6":{"loc":{"start":{"line":125,"column":2},"end":{"line":127,"column":3}},"type":"if","locations":[{"start":{"line":125,"column":2},"end":{"line":127,"column":3}}]},"7":{"loc":{"start":{"line":139,"column":2},"end":{"line":145,"column":3}},"type":"if","locations":[{"start":{"line":139,"column":2},"end":{"line":145,"column":3}}]},"8":{"loc":{"start":{"line":141,"column":6},"end":{"line":143,"column":41}},"type":"cond-expr","locations":[{"start":{"line":142,"column":10},"end":{"line":142,"column":25}},{"start":{"line":143,"column":10},"end":{"line":143,"column":41}}]},"9":{"loc":{"start":{"line":146,"column":2},"end":{"line":148,"column":3}},"type":"if","locations":[{"start":{"line":146,"column":2},"end":{"line":148,"column":3}}]},"10":{"loc":{"start":{"line":149,"column":2},"end":{"line":151,"column":3}},"type":"if","locations":[{"start":{"line":149,"column":2},"end":{"line":151,"column":3}}]},"11":{"loc":{"start":{"line":152,"column":2},"end":{"line":154,"column":3}},"type":"if","locations":[{"start":{"line":152,"column":2},"end":{"line":154,"column":3}}]},"12":{"loc":{"start":{"line":155,"column":2},"end":{"line":157,"column":3}},"type":"if","locations":[{"start":{"line":155,"column":2},"end":{"line":157,"column":3}}]},"13":{"loc":{"start":{"line":158,"column":2},"end":{"line":160,"column":3}},"type":"if","locations":[{"start":{"line":158,"column":2},"end":{"line":160,"column":3}}]},"14":{"loc":{"start":{"line":161,"column":2},"end":{"line":163,"column":3}},"type":"if","locations":[{"start":{"line":161,"column":2},"end":{"line":163,"column":3}}]},"15":{"loc":{"start":{"line":188,"column":4},"end":{"line":191,"column":5}},"type":"if","locations":[{"start":{"line":188,"column":4},"end":{"line":191,"column":5}}]},"16":{"loc":{"start":{"line":192,"column":4},"end":{"line":195,"column":5}},"type":"if","locations":[{"start":{"line":192,"column":4},"end":{"line":195,"column":5}}]},"17":{"loc":{"start":{"line":203,"column":26},"end":{"line":203,"column":56}},"type":"binary-expr","locations":[{"start":{"line":203,"column":26},"end":{"line":203,"column":50}},{"start":{"line":203,"column":54},"end":{"line":203,"column":56}}]},"18":{"loc":{"start":{"line":218,"column":4},"end":{"line":218,"column":24}},"type":"if","locations":[{"start":{"line":218,"column":4},"end":{"line":218,"column":24}}]},"19":{"loc":{"start":{"line":221,"column":4},"end":{"line":221,"column":28}},"type":"if","locations":[{"start":{"line":221,"column":4},"end":{"line":221,"column":28}}]},"20":{"loc":{"start":{"line":227,"column":4},"end":{"line":227,"column":41}},"type":"if","locations":[{"start":{"line":227,"column":4},"end":{"line":227,"column":41}}]},"21":{"loc":{"start":{"line":232,"column":4},"end":{"line":238,"column":5}},"type":"if","locations":[{"start":{"line":232,"column":4},"end":{"line":238,"column":5}}]},"22":{"loc":{"start":{"line":234,"column":6},"end":{"line":237,"column":7}},"type":"if","locations":[{"start":{"line":234,"column":6},"end":{"line":237,"column":7}}]},"23":{"loc":{"start":{"line":234,"column":10},"end":{"line":234,"column":51}},"type":"binary-expr","locations":[{"start":{"line":234,"column":10},"end":{"line":234,"column":19}},{"start":{"line":234,"column":23},"end":{"line":234,"column":51}}]},"24":{"loc":{"start":{"line":242,"column":4},"end":{"line":245,"column":5}},"type":"if","locations":[{"start":{"line":242,"column":4},"end":{"line":245,"column":5}}]},"25":{"loc":{"start":{"line":249,"column":4},"end":{"line":249,"column":24}},"type":"if","locations":[{"start":{"line":249,"column":4},"end":{"line":249,"column":24}}]},"26":{"loc":{"start":{"line":258,"column":4},"end":{"line":261,"column":5}},"type":"if","locations":[{"start":{"line":258,"column":4},"end":{"line":261,"column":5}}]},"27":{"loc":{"start":{"line":265,"column":4},"end":{"line":268,"column":5}},"type":"if","locations":[{"start":{"line":265,"column":4},"end":{"line":268,"column":5}}]},"28":{"loc":{"start":{"line":265,"column":8},"end":{"line":265,"column":54}},"type":"binary-expr","locations":[{"start":{"line":265,"column":8},"end":{"line":265,"column":30}},{"start":{"line":265,"column":34},"end":{"line":265,"column":42}},{"start":{"line":265,"column":46},"end":{"line":265,"column":54}}]},"29":{"loc":{"start":{"line":275,"column":4},"end":{"line":278,"column":5}},"type":"if","locations":[{"start":{"line":275,"column":4},"end":{"line":278,"column":5}}]},"30":{"loc":{"start":{"line":280,"column":4},"end":{"line":292,"column":5}},"type":"if","locations":[{"start":{"line":280,"column":4},"end":{"line":292,"column":5}}]},"31":{"loc":{"start":{"line":297,"column":4},"end":{"line":304,"column":5}},"type":"if","locations":[{"start":{"line":297,"column":4},"end":{"line":304,"column":5}}]},"32":{"loc":{"start":{"line":300,"column":6},"end":{"line":303,"column":7}},"type":"if","locations":[{"start":{"line":300,"column":6},"end":{"line":303,"column":7}}]},"33":{"loc":{"start":{"line":322,"column":2},"end":{"line":322,"column":22}},"type":"if","locations":[{"start":{"line":322,"column":2},"end":{"line":322,"column":22}}]}},"s":{"0":2,"1":2,"2":2,"3":2,"4":21,"5":21,"6":21,"7":1,"8":20,"9":20,"10":2,"11":22,"12":20,"13":20,"14":20,"15":21,"16":4,"17":21,"18":21,"19":21,"20":21,"21":21,"22":21,"23":21,"24":21,"25":21,"26":21,"27":21,"28":21,"29":21,"30":21,"31":21,"32":21,"33":21,"34":21,"35":21,"36":20,"37":4,"38":20,"39":20,"40":21,"41":2,"42":2,"43":21,"44":1,"45":21,"46":1,"47":21,"48":1,"49":21,"50":1,"51":21,"52":1,"53":21,"54":1,"55":21,"56":21,"57":21,"58":0,"59":0,"60":0,"61":0,"62":0,"63":0,"64":0,"65":0,"66":0,"67":0,"68":0,"69":0,"70":0,"71":0,"72":0,"73":0,"74":0,"75":0,"76":0,"77":0,"78":0,"79":0,"80":0,"81":0,"82":0,"83":0,"84":0,"85":0,"86":0,"87":0,"88":0,"89":0,"90":0,"91":0,"92":0,"93":0,"94":0,"95":0,"96":0,"97":0,"98":0,"99":0,"100":0,"101":0,"102":0,"103":21,"104":21,"105":0,"106":0,"107":0,"108":0,"109":0,"110":0,"111":0,"112":21,"113":0,"114":0,"115":0,"116":0,"117":21,"118":21,"119":2,"120":2,"121":0,"122":2,"123":2,"124":2,"125":2,"126":2,"127":2},"f":{"0":21,"1":2,"2":22,"3":21,"4":21,"5":0,"6":0,"7":0,"8":0,"9":0,"10":0,"11":2,"12":2},"b":{"0":[1],"1":[20,0],"2":[22,2],"3":[4],"4":[2,19],"5":[21,21],"6":[4],"7":[2],"8":[1,1],"9":[1],"10":[1],"11":[1],"12":[1],"13":[1],"14":[1],"15":[0],"16":[0],"17":[0,0],"18":[0],"19":[0],"20":[0],"21":[0],"22":[0],"23":[0,0],"24":[0],"25":[0],"26":[0],"27":[0],"28":[0,0,0],"29":[0],"30":[0],"31":[0],"32":[0],"33":[0]}}
,"/Users/maximilian/GitHub/pid-component/packages/stencil-library/src/auto-detect/detection-registry.ts": {"path":"/Users/maximilian/GitHub/pid-component/packages/stencil-library/src/auto-detect/detection-registry.ts","statementMap":{"0":{"start":{"line":131,"column":0},"end":{"line":131,"column":16}},"1":{"start":{"line":152,"column":0},"end":{"line":152,"column":16}},"2":{"start":{"line":24,"column":13},"end":{"line":108,"column":2}},"3":{"start":{"line":28,"column":6},"end":{"line":30,"column":20}},"4":{"start":{"line":36,"column":6},"end":{"line":36,"column":104}},"5":{"start":{"line":42,"column":22},"end":{"line":45,"column":30}},"6":{"start":{"line":46,"column":6},"end":{"line":46,"column":65}},"7":{"start":{"line":52,"column":6},"end":{"line":52,"column":80}},"8":{"start":{"line":58,"column":6},"end":{"line":58,"column":75}},"9":{"start":{"line":67,"column":6},"end":{"line":67,"column":87}},"10":{"start":{"line":73,"column":6},"end":{"line":73,"column":43}},"11":{"start":{"line":73,"column":30},"end":{"line":73,"column":43}},"12":{"start":{"line":74,"column":20},"end":{"line":74,"column":70}},"13":{"start":{"line":75,"column":6},"end":{"line":75,"column":26}},"14":{"start":{"line":76,"column":6},"end":{"line":76,"column":31}},"15":{"start":{"line":82,"column":6},"end":{"line":82,"column":94}},"16":{"start":{"line":91,"column":6},"end":{"line":91,"column":50}},"17":{"start":{"line":97,"column":6},"end":{"line":105,"column":7}},"18":{"start":{"line":98,"column":8},"end":{"line":98,"column":52}},"19":{"start":{"line":98,"column":39},"end":{"line":98,"column":52}},"20":{"start":{"line":99,"column":24},"end":{"line":99,"column":36}},"21":{"start":{"line":100,"column":8},"end":{"line":100,"column":41}},"22":{"start":{"line":100,"column":28},"end":{"line":100,"column":41}},"23":{"start":{"line":101,"column":23},"end":{"line":101,"column":42}},"24":{"start":{"line":102,"column":8},"end":{"line":102,"column":61}},"25":{"start":{"line":104,"column":8},"end":{"line":104,"column":21}},"26":{"start":{"line":115,"column":22},"end":{"line":115,"column":68}},"27":{"start":{"line":120,"column":23},"end":{"line":120,"column":69}},"28":{"start":{"line":132,"column":23},"end":{"line":132,"column":48}},"29":{"start":{"line":133,"column":26},"end":{"line":133,"column":67}},"30":{"start":{"line":134,"column":18},"end":{"line":134,"column":50}},"31":{"start":{"line":136,"column":24},"end":{"line":136,"column":54}},"32":{"start":{"line":137,"column":2},"end":{"line":139,"column":3}},"33":{"start":{"line":138,"column":4},"end":{"line":138,"column":83}},"34":{"start":{"line":141,"column":2},"end":{"line":141,"column":40}},"35":{"start":{"line":153,"column":2},"end":{"line":162,"column":3}},"36":{"start":{"line":155,"column":4},"end":{"line":160,"column":5}},"37":{"start":{"line":156,"column":20},"end":{"line":156,"column":62}},"38":{"start":{"line":156,"column":48},"end":{"line":156,"column":61}},"39":{"start":{"line":157,"column":6},"end":{"line":159,"column":7}},"40":{"start":{"line":158,"column":8},"end":{"line":158,"column":25}},"41":{"start":{"line":161,"column":4},"end":{"line":161,"column":16}},"42":{"start":{"line":165,"column":2},"end":{"line":169,"column":3}},"43":{"start":{"line":166,"column":4},"end":{"line":168,"column":5}},"44":{"start":{"line":167,"column":6},"end":{"line":167,"column":23}},"45":{"start":{"line":170,"column":2},"end":{"line":170,"column":14}}},"fnMap":{"0":{"name":"(anonymous_0)","decl":{"start":{"line":27,"column":11},"end":{"line":27,"column":12}},"loc":{"start":{"line":27,"column":29},"end":{"line":31,"column":5}}},"1":{"name":"(anonymous_1)","decl":{"start":{"line":35,"column":11},"end":{"line":35,"column":12}},"loc":{"start":{"line":35,"column":29},"end":{"line":37,"column":5}}},"2":{"name":"(anonymous_2)","decl":{"start":{"line":41,"column":11},"end":{"line":41,"column":12}},"loc":{"start":{"line":41,"column":29},"end":{"line":47,"column":5}}},"3":{"name":"(anonymous_3)","decl":{"start":{"line":51,"column":11},"end":{"line":51,"column":12}},"loc":{"start":{"line":51,"column":29},"end":{"line":53,"column":5}}},"4":{"name":"(anonymous_4)","decl":{"start":{"line":57,"column":11},"end":{"line":57,"column":12}},"loc":{"start":{"line":57,"column":29},"end":{"line":59,"column":5}}},"5":{"name":"(anonymous_5)","decl":{"start":{"line":63,"column":11},"end":{"line":63,"column":12}},"loc":{"start":{"line":63,"column":29},"end":{"line":68,"column":5}}},"6":{"name":"(anonymous_6)","decl":{"start":{"line":72,"column":11},"end":{"line":72,"column":12}},"loc":{"start":{"line":72,"column":29},"end":{"line":77,"column":5}}},"7":{"name":"(anonymous_7)","decl":{"start":{"line":81,"column":11},"end":{"line":81,"column":12}},"loc":{"start":{"line":81,"column":29},"end":{"line":83,"column":5}}},"8":{"name":"(anonymous_8)","decl":{"start":{"line":87,"column":11},"end":{"line":87,"column":12}},"loc":{"start":{"line":87,"column":29},"end":{"line":92,"column":5}}},"9":{"name":"(anonymous_9)","decl":{"start":{"line":96,"column":11},"end":{"line":96,"column":12}},"loc":{"start":{"line":96,"column":29},"end":{"line":106,"column":5}}},"10":{"name":"sanitizeToken","decl":{"start":{"line":131,"column":16},"end":{"line":131,"column":29}},"loc":{"start":{"line":131,"column":43},"end":{"line":142,"column":1}}},"11":{"name":"detectBestFit","decl":{"start":{"line":152,"column":16},"end":{"line":152,"column":29}},"loc":{"start":{"line":152,"column":75},"end":{"line":171,"column":1}}},"12":{"name":"(anonymous_12)","decl":{"start":{"line":156,"column":43},"end":{"line":156,"column":44}},"loc":{"start":{"line":156,"column":48},"end":{"line":156,"column":61}}}},"branchMap":{"0":{"loc":{"start":{"line":73,"column":6},"end":{"line":73,"column":43}},"type":"if","locations":[{"start":{"line":73,"column":6},"end":{"line":73,"column":43}}]},"1":{"loc":{"start":{"line":98,"column":8},"end":{"line":98,"column":52}},"type":"if","locations":[{"start":{"line":98,"column":8},"end":{"line":98,"column":52}}]},"2":{"loc":{"start":{"line":100,"column":8},"end":{"line":100,"column":41}},"type":"if","locations":[{"start":{"line":100,"column":8},"end":{"line":100,"column":41}}]},"3":{"loc":{"start":{"line":102,"column":15},"end":{"line":102,"column":60}},"type":"binary-expr","locations":[{"start":{"line":102,"column":15},"end":{"line":102,"column":41}},{"start":{"line":102,"column":45},"end":{"line":102,"column":60}}]},"4":{"loc":{"start":{"line":133,"column":26},"end":{"line":133,"column":67}},"type":"cond-expr","locations":[{"start":{"line":133,"column":41},"end":{"line":133,"column":63}},{"start":{"line":133,"column":66},"end":{"line":133,"column":67}}]},"5":{"loc":{"start":{"line":137,"column":2},"end":{"line":139,"column":3}},"type":"if","locations":[{"start":{"line":137,"column":2},"end":{"line":139,"column":3}}]},"6":{"loc":{"start":{"line":153,"column":2},"end":{"line":162,"column":3}},"type":"if","locations":[{"start":{"line":153,"column":2},"end":{"line":162,"column":3}}]},"7":{"loc":{"start":{"line":153,"column":6},"end":{"line":153,"column":59}},"type":"binary-expr","locations":[{"start":{"line":153,"column":6},"end":{"line":153,"column":25}},{"start":{"line":153,"column":29},"end":{"line":153,"column":59}}]},"8":{"loc":{"start":{"line":157,"column":6},"end":{"line":159,"column":7}},"type":"if","locations":[{"start":{"line":157,"column":6},"end":{"line":159,"column":7}}]},"9":{"loc":{"start":{"line":157,"column":10},"end":{"line":157,"column":37}},"type":"binary-expr","locations":[{"start":{"line":157,"column":10},"end":{"line":157,"column":15}},{"start":{"line":157,"column":19},"end":{"line":157,"column":37}}]},"10":{"loc":{"start":{"line":166,"column":4},"end":{"line":168,"column":5}},"type":"if","locations":[{"start":{"line":166,"column":4},"end":{"line":168,"column":5}}]}},"s":{"0":2,"1":2,"2":2,"3":25,"4":24,"5":22,"6":22,"7":14,"8":12,"9":10,"10":9,"11":2,"12":7,"13":7,"14":7,"15":7,"16":8,"17":9,"18":9,"19":0,"20":9,"21":9,"22":2,"23":7,"24":3,"25":4,"26":2,"27":2,"28":13,"29":13,"30":13,"31":13,"32":13,"33":11,"34":13,"35":31,"36":6,"37":8,"38":45,"39":8,"40":4,"41":2,"42":25,"43":128,"44":21,"45":4},"f":{"0":25,"1":24,"2":22,"3":14,"4":12,"5":10,"6":9,"7":7,"8":8,"9":9,"10":13,"11":31,"12":45},"b":{"0":[2],"1":[0],"2":[2],"3":[3,2],"4":[7,6],"5":[11],"6":[6],"7":[31,7],"8":[4],"9":[8,5],"10":[21]}}
,"/Users/maximilian/GitHub/pid-component/packages/stencil-library/src/auto-detect/initPidDetection.ts": {"path":"/Users/maximilian/GitHub/pid-component/packages/stencil-library/src/auto-detect/initPidDetection.ts","statementMap":{"0":{"start":{"line":48,"column":0},"end":{"line":48,"column":16}},"1":{"start":{"line":30,"column":0},"end":{"line":30,"column":39}},"2":{"start":{"line":31,"column":0},"end":{"line":31,"column":88}},"3":{"start":{"line":32,"column":0},"end":{"line":32,"column":68}},"4":{"start":{"line":35,"column":26},"end":{"line":35,"column":28}},"5":{"start":{"line":49,"column":15},"end":{"line":49,"column":43}},"6":{"start":{"line":50,"column":27},"end":{"line":50,"column":43}},"7":{"start":{"line":53,"column":30},"end":{"line":53,"column":34}},"8":{"start":{"line":54,"column":42},"end":{"line":54,"column":46}},"9":{"start":{"line":55,"column":40},"end":{"line":55,"column":42}},"10":{"start":{"line":56,"column":25},"end":{"line":56,"column":79}},"11":{"start":{"line":57,"column":22},"end":{"line":57,"column":23}},"12":{"start":{"line":58,"column":18},"end":{"line":58,"column":23}},"13":{"start":{"line":61,"column":2},"end":{"line":86,"column":3}},"14":{"start":{"line":62,"column":4},"end":{"line":62,"column":28}},"15":{"start":{"line":63,"column":4},"end":{"line":82,"column":5}},"16":{"start":{"line":65,"column":6},"end":{"line":65,"column":61}},"17":{"start":{"line":68,"column":6},"end":{"line":75,"column":8}},"18":{"start":{"line":69,"column":32},"end":{"line":69,"column":42}},"19":{"start":{"line":70,"column":25},"end":{"line":70,"column":49}},"20":{"start":{"line":71,"column":8},"end":{"line":74,"column":9}},"21":{"start":{"line":72,"column":10},"end":{"line":72,"column":38}},"22":{"start":{"line":73,"column":10},"end":{"line":73,"column":28}},"23":{"start":{"line":77,"column":6},"end":{"line":81,"column":8}},"24":{"start":{"line":78,"column":8},"end":{"line":78,"column":60}},"25":{"start":{"line":80,"column":8},"end":{"line":80,"column":22}},"26":{"start":{"line":84,"column":4},"end":{"line":84,"column":96}},"27":{"start":{"line":85,"column":4},"end":{"line":85,"column":18}},"28":{"start":{"line":92,"column":4},"end":{"line":107,"column":7}},"29":{"start":{"line":93,"column":6},"end":{"line":106,"column":7}},"30":{"start":{"line":94,"column":19},"end":{"line":94,"column":34}},"31":{"start":{"line":95,"column":8},"end":{"line":95,"column":42}},"32":{"start":{"line":96,"column":45},"end":{"line":101,"column":10}},"33":{"start":{"line":102,"column":8},"end":{"line":102,"column":36}},"34":{"start":{"line":105,"column":8},"end":{"line":105,"column":60}},"35":{"start":{"line":114,"column":4},"end":{"line":114,"column":26}},"36":{"start":{"line":114,"column":19},"end":{"line":114,"column":26}},"37":{"start":{"line":116,"column":22},"end":{"line":116,"column":57}},"38":{"start":{"line":119,"column":20},"end":{"line":119,"column":60}},"39":{"start":{"line":121,"column":4},"end":{"line":147,"column":5}},"40":{"start":{"line":122,"column":6},"end":{"line":122,"column":28}},"41":{"start":{"line":122,"column":21},"end":{"line":122,"column":28}},"42":{"start":{"line":124,"column":6},"end":{"line":146,"column":9}},"43":{"start":{"line":126,"column":10},"end":{"line":128,"column":72}},"44":{"start":{"line":128,"column":34},"end":{"line":128,"column":72}},"45":{"start":{"line":130,"column":8},"end":{"line":145,"column":11}},"46":{"start":{"line":131,"column":10},"end":{"line":143,"column":11}},"47":{"start":{"line":132,"column":12},"end":{"line":132,"column":33}},"48":{"start":{"line":132,"column":27},"end":{"line":132,"column":33}},"49":{"start":{"line":135,"column":12},"end":{"line":135,"column":59}},"50":{"start":{"line":135,"column":50},"end":{"line":135,"column":59}},"51":{"start":{"line":137,"column":28},"end":{"line":137,"column":62}},"52":{"start":{"line":139,"column":12},"end":{"line":142,"column":13}},"53":{"start":{"line":140,"column":30},"end":{"line":140,"column":83}},"54":{"start":{"line":141,"column":14},"end":{"line":141,"column":42}},"55":{"start":{"line":144,"column":10},"end":{"line":144,"column":20}},"56":{"start":{"line":151,"column":2},"end":{"line":185,"column":3}},"57":{"start":{"line":152,"column":4},"end":{"line":179,"column":7}},"58":{"start":{"line":153,"column":6},"end":{"line":153,"column":28}},"59":{"start":{"line":153,"column":21},"end":{"line":153,"column":28}},"60":{"start":{"line":155,"column":6},"end":{"line":178,"column":7}},"61":{"start":{"line":156,"column":8},"end":{"line":177,"column":9}},"62":{"start":{"line":157,"column":10},"end":{"line":176,"column":11}},"63":{"start":{"line":158,"column":28},"end":{"line":158,"column":47}},"64":{"start":{"line":160,"column":12},"end":{"line":160,"column":81}},"65":{"start":{"line":160,"column":72},"end":{"line":160,"column":81}},"66":{"start":{"line":161,"column":12},"end":{"line":161,"column":62}},"67":{"start":{"line":161,"column":53},"end":{"line":161,"column":62}},"68":{"start":{"line":164,"column":12},"end":{"line":175,"column":15}},"69":{"start":{"line":165,"column":14},"end":{"line":174,"column":15}},"70":{"start":{"line":166,"column":16},"end":{"line":166,"column":37}},"71":{"start":{"line":166,"column":31},"end":{"line":166,"column":37}},"72":{"start":{"line":167,"column":16},"end":{"line":167,"column":63}},"73":{"start":{"line":167,"column":54},"end":{"line":167,"column":63}},"74":{"start":{"line":169,"column":32},"end":{"line":169,"column":66}},"75":{"start":{"line":170,"column":16},"end":{"line":173,"column":17}},"76":{"start":{"line":171,"column":34},"end":{"line":171,"column":87}},"77":{"start":{"line":172,"column":18},"end":{"line":172,"column":46}},"78":{"start":{"line":181,"column":4},"end":{"line":184,"column":7}},"79":{"start":{"line":188,"column":2},"end":{"line":188,"column":12}},"80":{"start":{"line":191,"column":2},"end":{"line":226,"column":4}},"81":{"start":{"line":193,"column":6},"end":{"line":195,"column":7}},"82":{"start":{"line":194,"column":8},"end":{"line":194,"column":30}},"83":{"start":{"line":199,"column":6},"end":{"line":201,"column":7}},"84":{"start":{"line":200,"column":8},"end":{"line":200,"column":18}},"85":{"start":{"line":205,"column":6},"end":{"line":205,"column":23}},"86":{"start":{"line":208,"column":6},"end":{"line":211,"column":7}},"87":{"start":{"line":209,"column":8},"end":{"line":209,"column":30}},"88":{"start":{"line":210,"column":8},"end":{"line":210,"column":24}},"89":{"start":{"line":214,"column":6},"end":{"line":217,"column":7}},"90":{"start":{"line":215,"column":8},"end":{"line":215,"column":27}},"91":{"start":{"line":216,"column":8},"end":{"line":216,"column":22}},"92":{"start":{"line":220,"column":6},"end":{"line":220,"column":31}},"93":{"start":{"line":223,"column":6},"end":{"line":223,"column":38}},"94":{"start":{"line":224,"column":6},"end":{"line":224,"column":22}},"95":{"start":{"line":235,"column":2},"end":{"line":237,"column":3}},"96":{"start":{"line":236,"column":4},"end":{"line":236,"column":16}},"97":{"start":{"line":239,"column":2},"end":{"line":252,"column":3}},"98":{"start":{"line":249,"column":4},"end":{"line":249,"column":16}},"99":{"start":{"line":251,"column":4},"end":{"line":251,"column":16}},"100":{"start":{"line":260,"column":26},"end":{"line":260,"column":47}},"101":{"start":{"line":261,"column":36},"end":{"line":261,"column":38}},"102":{"start":{"line":263,"column":18},"end":{"line":263,"column":22}},"103":{"start":{"line":264,"column":15},"end":{"line":264,"column":16}},"104":{"start":{"line":266,"column":2},"end":{"line":305,"column":3}},"105":{"start":{"line":267,"column":23},"end":{"line":267,"column":54}},"106":{"start":{"line":272,"column":4},"end":{"line":288,"column":5}},"107":{"start":{"line":273,"column":6},"end":{"line":273,"column":24}},"108":{"start":{"line":274,"column":6},"end":{"line":274,"column":26}},"109":{"start":{"line":275,"column":6},"end":{"line":275,"column":21}},"110":{"start":{"line":277,"column":6},"end":{"line":285,"column":7}},"111":{"start":{"line":278,"column":8},"end":{"line":278,"column":57}},"112":{"start":{"line":279,"column":8},"end":{"line":279,"column":28}},"113":{"start":{"line":282,"column":8},"end":{"line":282,"column":39}},"114":{"start":{"line":283,"column":8},"end":{"line":283,"column":62}},"115":{"start":{"line":284,"column":8},"end":{"line":284,"column":17}},"116":{"start":{"line":286,"column":6},"end":{"line":286,"column":56}},"117":{"start":{"line":287,"column":6},"end":{"line":287,"column":79}},"118":{"start":{"line":290,"column":4},"end":{"line":290,"column":35}},"119":{"start":{"line":290,"column":26},"end":{"line":290,"column":35}},"120":{"start":{"line":293,"column":43},"end":{"line":293,"column":63}},"121":{"start":{"line":294,"column":4},"end":{"line":294,"column":39}},"122":{"start":{"line":294,"column":30},"end":{"line":294,"column":39}},"123":{"start":{"line":296,"column":24},"end":{"line":296,"column":66}},"124":{"start":{"line":297,"column":4},"end":{"line":304,"column":5}},"125":{"start":{"line":298,"column":6},"end":{"line":303,"column":9}},"126":{"start":{"line":307,"column":2},"end":{"line":307,"column":17}},"127":{"start":{"line":314,"column":24},"end":{"line":314,"column":26}},"128":{"start":{"line":315,"column":2},"end":{"line":317,"column":3}},"129":{"start":{"line":315,"column":15},"end":{"line":315,"column":16}},"130":{"start":{"line":316,"column":4},"end":{"line":316,"column":40}},"131":{"start":{"line":318,"column":2},"end":{"line":318,"column":16}}},"fnMap":{"0":{"name":"initPidDetection","decl":{"start":{"line":48,"column":16},"end":{"line":48,"column":32}},"loc":{"start":{"line":48,"column":64},"end":{"line":227,"column":1}}},"1":{"name":"(anonymous_1)","decl":{"start":{"line":68,"column":25},"end":{"line":68,"column":26}},"loc":{"start":{"line":68,"column":70},"end":{"line":75,"column":7}}},"2":{"name":"(anonymous_2)","decl":{"start":{"line":77,"column":23},"end":{"line":77,"column":24}},"loc":{"start":{"line":77,"column":33},"end":{"line":81,"column":7}}},"3":{"name":"detectText","decl":{"start":{"line":91,"column":11},"end":{"line":91,"column":21}},"loc":{"start":{"line":91,"column":34},"end":{"line":108,"column":3}}},"4":{"name":"(anonymous_4)","decl":{"start":{"line":92,"column":23},"end":{"line":92,"column":24}},"loc":{"start":{"line":92,"column":35},"end":{"line":107,"column":5}}},"5":{"name":"runScan","decl":{"start":{"line":113,"column":17},"end":{"line":113,"column":24}},"loc":{"start":{"line":113,"column":24},"end":{"line":148,"column":3}}},"6":{"name":"(anonymous_6)","decl":{"start":{"line":124,"column":30},"end":{"line":124,"column":31}},"loc":{"start":{"line":124,"column":42},"end":{"line":146,"column":7}}},"7":{"name":"(anonymous_7)","decl":{"start":{"line":128,"column":14},"end":{"line":128,"column":15}},"loc":{"start":{"line":128,"column":34},"end":{"line":128,"column":72}}},"8":{"name":"(anonymous_8)","decl":{"start":{"line":130,"column":20},"end":{"line":130,"column":25}},"loc":{"start":{"line":130,"column":31},"end":{"line":145,"column":9}}},"9":{"name":"(anonymous_9)","decl":{"start":{"line":152,"column":36},"end":{"line":152,"column":37}},"loc":{"start":{"line":152,"column":50},"end":{"line":179,"column":5}}},"10":{"name":"(anonymous_10)","decl":{"start":{"line":164,"column":50},"end":{"line":164,"column":55}},"loc":{"start":{"line":164,"column":70},"end":{"line":175,"column":13}}},"11":{"name":"(anonymous_11)","decl":{"start":{"line":192,"column":4},"end":{"line":192,"column":8}},"loc":{"start":{"line":192,"column":8},"end":{"line":196,"column":5}}},"12":{"name":"(anonymous_12)","decl":{"start":{"line":198,"column":4},"end":{"line":198,"column":10}},"loc":{"start":{"line":198,"column":10},"end":{"line":202,"column":5}}},"13":{"name":"(anonymous_13)","decl":{"start":{"line":204,"column":4},"end":{"line":204,"column":11}},"loc":{"start":{"line":204,"column":11},"end":{"line":225,"column":5}}},"14":{"name":"createWorker","decl":{"start":{"line":234,"column":9},"end":{"line":234,"column":21}},"loc":{"start":{"line":234,"column":21},"end":{"line":253,"column":1}}},"15":{"name":"detectOnMainThread","decl":{"start":{"line":259,"column":9},"end":{"line":259,"column":27}},"loc":{"start":{"line":259,"column":69},"end":{"line":308,"column":1}}},"16":{"name":"chunkArray","decl":{"start":{"line":313,"column":9},"end":{"line":313,"column":19}},"loc":{"start":{"line":313,"column":45},"end":{"line":319,"column":1}}}},"branchMap":{"0":{"loc":{"start":{"line":48,"column":33},"end":{"line":48,"column":64}},"type":"default-arg","locations":[{"start":{"line":48,"column":62},"end":{"line":48,"column":64}}]},"1":{"loc":{"start":{"line":49,"column":15},"end":{"line":49,"column":43}},"type":"binary-expr","locations":[{"start":{"line":49,"column":15},"end":{"line":49,"column":26}},{"start":{"line":49,"column":30},"end":{"line":49,"column":43}}]},"2":{"loc":{"start":{"line":63,"column":4},"end":{"line":82,"column":5}},"type":"if","locations":[{"start":{"line":63,"column":4},"end":{"line":82,"column":5}}]},"3":{"loc":{"start":{"line":71,"column":8},"end":{"line":74,"column":9}},"type":"if","locations":[{"start":{"line":71,"column":8},"end":{"line":74,"column":9}}]},"4":{"loc":{"start":{"line":93,"column":6},"end":{"line":106,"column":7}},"type":"if","locations":[{"start":{"line":93,"column":6},"end":{"line":106,"column":7}},{"start":{"line":103,"column":13},"end":{"line":106,"column":7}}]},"5":{"loc":{"start":{"line":114,"column":4},"end":{"line":114,"column":26}},"type":"if","locations":[{"start":{"line":114,"column":4},"end":{"line":114,"column":26}}]},"6":{"loc":{"start":{"line":122,"column":6},"end":{"line":122,"column":28}},"type":"if","locations":[{"start":{"line":122,"column":6},"end":{"line":122,"column":28}}]},"7":{"loc":{"start":{"line":126,"column":10},"end":{"line":128,"column":72}},"type":"cond-expr","locations":[{"start":{"line":127,"column":14},"end":{"line":127,"column":33}},{"start":{"line":128,"column":14},"end":{"line":128,"column":72}}]},"8":{"loc":{"start":{"line":132,"column":12},"end":{"line":132,"column":33}},"type":"if","locations":[{"start":{"line":132,"column":12},"end":{"line":132,"column":33}}]},"9":{"loc":{"start":{"line":135,"column":12},"end":{"line":135,"column":59}},"type":"if","locations":[{"start":{"line":135,"column":12},"end":{"line":135,"column":59}}]},"10":{"loc":{"start":{"line":139,"column":12},"end":{"line":142,"column":13}},"type":"if","locations":[{"start":{"line":139,"column":12},"end":{"line":142,"column":13}}]},"11":{"loc":{"start":{"line":151,"column":2},"end":{"line":185,"column":3}},"type":"if","locations":[{"start":{"line":151,"column":2},"end":{"line":185,"column":3}}]},"12":{"loc":{"start":{"line":153,"column":6},"end":{"line":153,"column":28}},"type":"if","locations":[{"start":{"line":153,"column":6},"end":{"line":153,"column":28}}]},"13":{"loc":{"start":{"line":157,"column":10},"end":{"line":176,"column":11}},"type":"if","locations":[{"start":{"line":157,"column":10},"end":{"line":176,"column":11}}]},"14":{"loc":{"start":{"line":160,"column":12},"end":{"line":160,"column":81}},"type":"if","locations":[{"start":{"line":160,"column":12},"end":{"line":160,"column":81}}]},"15":{"loc":{"start":{"line":160,"column":16},"end":{"line":160,"column":70}},"type":"cond-expr","locations":[{"start":{"line":160,"column":33},"end":{"line":160,"column":35}},{"start":{"line":160,"column":33},"end":{"line":160,"column":70}}]},"16":{"loc":{"start":{"line":160,"column":16},"end":{"line":160,"column":35}},"type":"binary-expr","locations":[{"start":{"line":160,"column":16},"end":{"line":160,"column":35}},{"start":{"line":160,"column":33},"end":{"line":160,"column":35}}]},"17":{"loc":{"start":{"line":161,"column":12},"end":{"line":161,"column":62}},"type":"if","locations":[{"start":{"line":161,"column":12},"end":{"line":161,"column":62}}]},"18":{"loc":{"start":{"line":166,"column":16},"end":{"line":166,"column":37}},"type":"if","locations":[{"start":{"line":166,"column":16},"end":{"line":166,"column":37}}]},"19":{"loc":{"start":{"line":167,"column":16},"end":{"line":167,"column":63}},"type":"if","locations":[{"start":{"line":167,"column":16},"end":{"line":167,"column":63}}]},"20":{"loc":{"start":{"line":170,"column":16},"end":{"line":173,"column":17}},"type":"if","locations":[{"start":{"line":170,"column":16},"end":{"line":173,"column":17}}]},"21":{"loc":{"start":{"line":193,"column":6},"end":{"line":195,"column":7}},"type":"if","locations":[{"start":{"line":193,"column":6},"end":{"line":195,"column":7}}]},"22":{"loc":{"start":{"line":199,"column":6},"end":{"line":201,"column":7}},"type":"if","locations":[{"start":{"line":199,"column":6},"end":{"line":201,"column":7}}]},"23":{"loc":{"start":{"line":208,"column":6},"end":{"line":211,"column":7}},"type":"if","locations":[{"start":{"line":208,"column":6},"end":{"line":211,"column":7}}]},"24":{"loc":{"start":{"line":214,"column":6},"end":{"line":217,"column":7}},"type":"if","locations":[{"start":{"line":214,"column":6},"end":{"line":217,"column":7}}]},"25":{"loc":{"start":{"line":235,"column":2},"end":{"line":237,"column":3}},"type":"if","locations":[{"start":{"line":235,"column":2},"end":{"line":237,"column":3}}]},"26":{"loc":{"start":{"line":272,"column":4},"end":{"line":288,"column":5}},"type":"if","locations":[{"start":{"line":272,"column":4},"end":{"line":288,"column":5}},{"start":{"line":276,"column":11},"end":{"line":288,"column":5}}]},"27":{"loc":{"start":{"line":277,"column":6},"end":{"line":285,"column":7}},"type":"if","locations":[{"start":{"line":277,"column":6},"end":{"line":285,"column":7}},{"start":{"line":280,"column":13},"end":{"line":285,"column":7}}]},"28":{"loc":{"start":{"line":290,"column":4},"end":{"line":290,"column":35}},"type":"if","locations":[{"start":{"line":290,"column":4},"end":{"line":290,"column":35}}]},"29":{"loc":{"start":{"line":294,"column":4},"end":{"line":294,"column":39}},"type":"if","locations":[{"start":{"line":294,"column":4},"end":{"line":294,"column":39}}]},"30":{"loc":{"start":{"line":297,"column":4},"end":{"line":304,"column":5}},"type":"if","locations":[{"start":{"line":297,"column":4},"end":{"line":304,"column":5}}]}},"s":{"0":1,"1":1,"2":1,"3":1,"4":1,"5":22,"6":22,"7":22,"8":22,"9":22,"10":22,"11":22,"12":22,"13":22,"14":22,"15":22,"16":0,"17":0,"18":0,"19":0,"20":0,"21":0,"22":0,"23":0,"24":0,"25":0,"26":0,"27":0,"28":11,"29":11,"30":0,"31":0,"32":0,"33":0,"34":11,"35":23,"36":0,"37":23,"38":23,"39":23,"40":11,"41":0,"42":11,"43":11,"44":0,"45":11,"46":11,"47":11,"48":0,"49":11,"50":0,"51":11,"52":11,"53":4,"54":4,"55":11,"56":22,"57":5,"58":3,"59":0,"60":3,"61":3,"62":3,"63":3,"64":3,"65":1,"66":2,"67":1,"68":1,"69":1,"70":0,"71":0,"72":0,"73":0,"74":0,"75":0,"76":0,"77":0,"78":5,"79":22,"80":22,"81":1,"82":1,"83":2,"84":1,"85":22,"86":22,"87":5,"88":5,"89":22,"90":0,"91":0,"92":22,"93":22,"94":22,"95":22,"96":22,"97":0,"98":0,"99":0,"100":11,"101":11,"102":11,"103":11,"104":11,"105":19,"106":19,"107":11,"108":11,"109":11,"110":8,"111":7,"112":7,"113":1,"114":1,"115":1,"116":7,"117":7,"118":18,"119":2,"120":16,"121":16,"122":0,"123":16,"124":16,"125":4,"126":11,"127":23,"128":23,"129":23,"130":11,"131":23},"f":{"0":22,"1":0,"2":0,"3":11,"4":11,"5":23,"6":11,"7":0,"8":11,"9":3,"10":1,"11":1,"12":2,"13":22,"14":22,"15":11,"16":23},"b":{"0":[2],"1":[22,2],"2":[0],"3":[0],"4":[0,11],"5":[0],"6":[0],"7":[11,0],"8":[0],"9":[0],"10":[4],"11":[5],"12":[0],"13":[3],"14":[1],"15":[0,3],"16":[3,3],"17":[1],"18":[0],"19":[0],"20":[0],"21":[1],"22":[1],"23":[5],"24":[0],"25":[22],"26":[11,8],"27":[7,1],"28":[2],"29":[0],"30":[4]}}
,"/Users/maximilian/GitHub/pid-component/packages/stencil-library/src/components/color-highlight/HSLColor.ts": {"path":"/Users/maximilian/GitHub/pid-component/packages/stencil-library/src/components/color-highlight/HSLColor.ts","statementMap":{"0":{"start":{"line":31,"column":4},"end":{"line":31,"column":19}},"1":{"start":{"line":32,"column":4},"end":{"line":32,"column":19}},"2":{"start":{"line":33,"column":4},"end":{"line":33,"column":19}},"3":{"start":{"line":42,"column":4},"end":{"line":61,"column":5}},"4":{"start":{"line":43,"column":25},"end":{"line":43,"column":101}},"5":{"start":{"line":44,"column":24},"end":{"line":44,"column":62}},"6":{"start":{"line":45,"column":22},"end":{"line":45,"column":82}},"7":{"start":{"line":45,"column":41},"end":{"line":45,"column":72}},"8":{"start":{"line":47,"column":26},"end":{"line":47,"column":63}},"9":{"start":{"line":48,"column":26},"end":{"line":48,"column":60}},"10":{"start":{"line":49,"column":26},"end":{"line":49,"column":60}},"11":{"start":{"line":50,"column":6},"end":{"line":50,"column":51}},"12":{"start":{"line":53,"column":22},"end":{"line":56,"column":17}},"13":{"start":{"line":55,"column":18},"end":{"line":55,"column":46}},"14":{"start":{"line":57,"column":26},"end":{"line":57,"column":63}},"15":{"start":{"line":58,"column":26},"end":{"line":58,"column":60}},"16":{"start":{"line":59,"column":26},"end":{"line":59,"column":60}},"17":{"start":{"line":60,"column":6},"end":{"line":60,"column":51}},"18":{"start":{"line":69,"column":4},"end":{"line":69,"column":58}},"19":{"start":{"line":4,"column":0},"end":{"line":4,"column":13}}},"fnMap":{"0":{"name":"(anonymous_0)","decl":{"start":{"line":30,"column":2},"end":{"line":30,"column":14}},"loc":{"start":{"line":30,"column":51},"end":{"line":34,"column":3}}},"1":{"name":"(anonymous_1)","decl":{"start":{"line":41,"column":9},"end":{"line":41,"column":15}},"loc":{"start":{"line":41,"column":48},"end":{"line":62,"column":3}}},"2":{"name":"(anonymous_2)","decl":{"start":{"line":45,"column":36},"end":{"line":45,"column":37}},"loc":{"start":{"line":45,"column":41},"end":{"line":45,"column":72}}},"3":{"name":"(anonymous_3)","decl":{"start":{"line":55,"column":13},"end":{"line":55,"column":14}},"loc":{"start":{"line":55,"column":18},"end":{"line":55,"column":46}}},"4":{"name":"(anonymous_4)","decl":{"start":{"line":68,"column":2},"end":{"line":68,"column":10}},"loc":{"start":{"line":68,"column":10},"end":{"line":70,"column":3}}}},"branchMap":{"0":{"loc":{"start":{"line":42,"column":4},"end":{"line":61,"column":5}},"type":"if","locations":[{"start":{"line":42,"column":4},"end":{"line":61,"column":5}},{"start":{"line":51,"column":11},"end":{"line":61,"column":5}}]},"1":{"loc":{"start":{"line":42,"column":8},"end":{"line":42,"column":45}},"type":"binary-expr","locations":[{"start":{"line":42,"column":8},"end":{"line":42,"column":21}},{"start":{"line":42,"column":25},"end":{"line":42,"column":45}}]}},"s":{"0":10,"1":10,"2":10,"3":8,"4":0,"5":0,"6":0,"7":0,"8":0,"9":0,"10":0,"11":0,"12":8,"13":66,"14":8,"15":8,"16":8,"17":8,"18":1,"19":2},"f":{"0":10,"1":8,"2":0,"3":66,"4":1},"b":{"0":[0,8],"1":[8,0]}}
,"/Users/maximilian/GitHub/pid-component/packages/stencil-library/src/components/color-highlight/color-highlight.tsx": {"path":"/Users/maximilian/GitHub/pid-component/packages/stencil-library/src/components/color-highlight/color-highlight.tsx","statementMap":{"0":{"start":{"line":2,"column":0},"end":{"line":2,"column":64}},"1":{"start":{"line":3,"column":0},"end":{"line":3,"column":38}},"2":{"start":{"line":25,"column":4},"end":{"line":25,"column":57}},"3":{"start":{"line":29,"column":4},"end":{"line":40,"column":6}},"4":{"start":{"line":5,"column":0},"end":{"line":5,"column":null}}},"fnMap":{"0":{"name":"(anonymous_1)","decl":{"start":{"line":24,"column":2},"end":{"line":24,"column":7}},"loc":{"start":{"line":24,"column":25},"end":{"line":26,"column":3}}},"1":{"name":"(anonymous_2)","decl":{"start":{"line":28,"column":2},"end":{"line":28,"column":8}},"loc":{"start":{"line":28,"column":8},"end":{"line":41,"column":3}}}},"branchMap":{},"s":{"0":1,"1":1,"2":5,"3":5,"4":1},"f":{"0":5,"1":5},"b":{}}
,"/Users/maximilian/GitHub/pid-component/packages/stencil-library/src/components/copy-button/copy-button.tsx": {"path":"/Users/maximilian/GitHub/pid-component/packages/stencil-library/src/components/copy-button/copy-button.tsx","statementMap":{"0":{"start":{"line":2,"column":0},"end":{"line":2,"column":73}},"1":{"start":{"line":13,"column":11},"end":{"line":13,"column":35}},"2":{"start":{"line":33,"column":10},"end":{"line":100,"column":4}},"3":{"start":{"line":35,"column":4},"end":{"line":35,"column":28}},"4":{"start":{"line":36,"column":4},"end":{"line":36,"column":27}},"5":{"start":{"line":38,"column":4},"end":{"line":99,"column":5}},"6":{"start":{"line":40,"column":6},"end":{"line":49,"column":7}},"7":{"start":{"line":41,"column":8},"end":{"line":48,"column":9}},"8":{"start":{"line":42,"column":10},"end":{"line":42,"column":58}},"9":{"start":{"line":43,"column":10},"end":{"line":43,"column":29}},"10":{"start":{"line":44,"column":10},"end":{"line":44,"column":17}},"11":{"start":{"line":52,"column":23},"end":{"line":52,"column":57}},"12":{"start":{"line":53,"column":6},"end":{"line":53,"column":34}},"13":{"start":{"line":56,"column":6},"end":{"line":56,"column":51}},"14":{"start":{"line":57,"column":6},"end":{"line":57,"column":46}},"15":{"start":{"line":58,"column":6},"end":{"line":58,"column":52}},"16":{"start":{"line":59,"column":6},"end":{"line":59,"column":105}},"17":{"start":{"line":61,"column":6},"end":{"line":61,"column":42}},"18":{"start":{"line":65,"column":6},"end":{"line":95,"column":14}},"19":{"start":{"line":66,"column":8},"end":{"line":66,"column":25}},"20":{"start":{"line":67,"column":8},"end":{"line":67,"column":26}},"21":{"start":{"line":69,"column":8},"end":{"line":94,"column":9}},"22":{"start":{"line":70,"column":26},"end":{"line":70,"column":54}},"23":{"start":{"line":71,"column":10},"end":{"line":88,"column":11}},"24":{"start":{"line":72,"column":12},"end":{"line":72,"column":31}},"25":{"start":{"line":75,"column":26},"end":{"line":75,"column":48}},"26":{"start":{"line":76,"column":12},"end":{"line":76,"column":47}},"27":{"start":{"line":77,"column":30},"end":{"line":77,"column":51}},"28":{"start":{"line":78,"column":12},"end":{"line":87,"column":13}},"29":{"start":{"line":79,"column":14},"end":{"line":79,"column":42}},"30":{"start":{"line":80,"column":14},"end":{"line":80,"column":40}},"31":{"start":{"line":81,"column":14},"end":{"line":81,"column":67}},"32":{"start":{"line":83,"column":36},"end":{"line":83,"column":64}},"33":{"start":{"line":84,"column":14},"end":{"line":86,"column":15}},"34":{"start":{"line":85,"column":16},"end":{"line":85,"column":35}},"35":{"start":{"line":93,"column":10},"end":{"line":93,"column":46}},"36":{"start":{"line":97,"column":6},"end":{"line":97,"column":50}},"37":{"start":{"line":106,"column":4},"end":{"line":106,"column":23}},"38":{"start":{"line":109,"column":4},"end":{"line":111,"column":13}},"39":{"start":{"line":110,"column":6},"end":{"line":110,"column":26}},"40":{"start":{"line":118,"column":22},"end":{"line":118,"column":45}},"41":{"start":{"line":119,"column":4},"end":{"line":119,"column":95}},"42":{"start":{"line":124,"column":23},"end":{"line":124,"column":57}},"43":{"start":{"line":127,"column":22},"end":{"line":127,"column":41}},"44":{"start":{"line":130,"column":28},"end":{"line":130,"column":60}},"45":{"start":{"line":131,"column":23},"end":{"line":131,"column":73}},"46":{"start":{"line":133,"column":4},"end":{"line":156,"column":6}},"47":{"start":{"line":148,"column":24},"end":{"line":148,"column":41}},"48":{"start":{"line":4,"column":0},"end":{"line":4,"column":null}}},"fnMap":{"0":{"name":"(anonymous_0)","decl":{"start":{"line":4,"column":0},"end":{"line":4,"column":null}},"loc":{"start":{"line":4,"column":0},"end":{"line":158,"column":null}}},"1":{"name":"(anonymous_1)","decl":{"start":{"line":33,"column":22},"end":{"line":33,"column":27}},"loc":{"start":{"line":33,"column":50},"end":{"line":100,"column":3}}},"2":{"name":"(anonymous_2)","decl":{"start":{"line":65,"column":17},"end":{"line":65,"column":20}},"loc":{"start":{"line":65,"column":22},"end":{"line":95,"column":7}}},"3":{"name":"(anonymous_3)","decl":{"start":{"line":105,"column":10},"end":{"line":105,"column":21}},"loc":{"start":{"line":105,"column":21},"end":{"line":112,"column":3}}},"4":{"name":"(anonymous_4)","decl":{"start":{"line":109,"column":15},"end":{"line":109,"column":18}},"loc":{"start":{"line":109,"column":20},"end":{"line":111,"column":5}}},"5":{"name":"(anonymous_5)","decl":{"start":{"line":117,"column":10},"end":{"line":117,"column":22}},"loc":{"start":{"line":117,"column":22},"end":{"line":120,"column":3}}},"6":{"name":"(anonymous_6)","decl":{"start":{"line":122,"column":2},"end":{"line":122,"column":8}},"loc":{"start":{"line":122,"column":8},"end":{"line":157,"column":3}}},"7":{"name":"(anonymous_7)","decl":{"start":{"line":148,"column":19},"end":{"line":148,"column":20}},"loc":{"start":{"line":148,"column":24},"end":{"line":148,"column":41}}}},"branchMap":{"0":{"loc":{"start":{"line":40,"column":6},"end":{"line":49,"column":7}},"type":"if","locations":[{"start":{"line":40,"column":6},"end":{"line":49,"column":7}}]},"1":{"loc":{"start":{"line":71,"column":10},"end":{"line":88,"column":11}},"type":"if","locations":[{"start":{"line":71,"column":10},"end":{"line":88,"column":11}},{"start":{"line":73,"column":17},"end":{"line":88,"column":11}}]},"2":{"loc":{"start":{"line":78,"column":12},"end":{"line":87,"column":13}},"type":"if","locations":[{"start":{"line":78,"column":12},"end":{"line":87,"column":13}}]},"3":{"loc":{"start":{"line":84,"column":14},"end":{"line":86,"column":15}},"type":"if","locations":[{"start":{"line":84,"column":14},"end":{"line":86,"column":15}}]},"4":{"loc":{"start":{"line":118,"column":22},"end":{"line":118,"column":45}},"type":"binary-expr","locations":[{"start":{"line":118,"column":22},"end":{"line":118,"column":32}},{"start":{"line":118,"column":36},"end":{"line":118,"column":45}}]},"5":{"loc":{"start":{"line":119,"column":11},"end":{"line":119,"column":94}},"type":"cond-expr","locations":[{"start":{"line":119,"column":25},"end":{"line":119,"column":59}},{"start":{"line":119,"column":62},"end":{"line":119,"column":94}}]},"6":{"loc":{"start":{"line":124,"column":23},"end":{"line":124,"column":57}},"type":"cond-expr","locations":[{"start":{"line":124,"column":37},"end":{"line":124,"column":48}},{"start":{"line":124,"column":51},"end":{"line":124,"column":57}}]},"7":{"loc":{"start":{"line":131,"column":23},"end":{"line":131,"column":73}},"type":"cond-expr","locations":[{"start":{"line":131,"column":38},"end":{"line":131,"column":40}},{"start":{"line":131,"column":23},"end":{"line":131,"column":73}}]},"8":{"loc":{"start":{"line":131,"column":23},"end":{"line":131,"column":40}},"type":"binary-expr","locations":[{"start":{"line":131,"column":23},"end":{"line":131,"column":40}},{"start":{"line":131,"column":23},"end":{"line":131,"column":40}}]},"9":{"loc":{"start":{"line":136,"column":9},"end":{"line":139,"column":null}},"type":"binary-expr","locations":[{"start":{"line":136,"column":9},"end":{"line":136,"column":20}},{"start":{"line":137,"column":10},"end":{"line":137,"column":null}}]},"10":{"loc":{"start":{"line":144,"column":12},"end":{"line":144,"column":null}},"type":"cond-expr","locations":[{"start":{"line":144,"column":27},"end":{"line":144,"column":71}},{"start":{"line":144,"column":75},"end":{"line":144,"column":null}}]},"11":{"loc":{"start":{"line":144,"column":27},"end":{"line":144,"column":71}},"type":"cond-expr","locations":[{"start":{"line":144,"column":40},"end":{"line":144,"column":54}},{"start":{"line":144,"column":57},"end":{"line":144,"column":71}}]},"12":{"loc":{"start":{"line":144,"column":75},"end":{"line":144,"column":null}},"type":"cond-expr","locations":[{"start":{"line":144,"column":88},"end":{"line":144,"column":119}},{"start":{"line":144,"column":122},"end":{"line":144,"column":null}}]},"13":{"loc":{"start":{"line":146,"column":12},"end":{"line":146,"column":null}},"type":"cond-expr","locations":[{"start":{"line":146,"column":25},"end":{"line":146,"column":73}},{"start":{"line":146,"column":76},"end":{"line":146,"column":null}}]}},"s":{"0":1,"1":20,"2":20,"3":8,"4":8,"5":8,"6":8,"7":8,"8":8,"9":7,"10":7,"11":1,"12":1,"13":1,"14":1,"15":1,"16":1,"17":1,"18":1,"19":0,"20":0,"21":0,"22":0,"23":0,"24":0,"25":0,"26":0,"27":0,"28":0,"29":0,"30":0,"31":0,"32":0,"33":0,"34":0,"35":0,"36":0,"37":8,"38":8,"39":1,"40":26,"41":26,"42":26,"43":26,"44":26,"45":26,"46":26,"47":0,"48":1},"f":{"0":20,"1":8,"2":0,"3":8,"4":1,"5":26,"6":26,"7":0},"b":{"0":[8],"1":[0,0],"2":[0],"3":[0],"4":[26,21],"5":[6,20],"6":[6,20],"7":[26,0],"8":[26,0],"9":[26,6],"10":[6,20],"11":[0,6],"12":[0,20],"13":[0,26]}}
,"/Users/maximilian/GitHub/pid-component/packages/stencil-library/src/components/json-viewer/json-viewer.tsx": {"path":"/Users/maximilian/GitHub/pid-component/packages/stencil-library/src/components/json-viewer/json-viewer.tsx","statementMap":{"0":{"start":{"line":2,"column":0},"end":{"line":2,"column":73}},"1":{"start":{"line":22,"column":10},"end":{"line":22,"column":45}},"2":{"start":{"line":27,"column":10},"end":{"line":27,"column":34}},"3":{"start":{"line":32,"column":10},"end":{"line":32,"column":42}},"4":{"start":{"line":37,"column":10},"end":{"line":37,"column":37}},"5":{"start":{"line":43,"column":27},"end":{"line":43,"column":73}},"6":{"start":{"line":53,"column":11},"end":{"line":53,"column":50}},"7":{"start":{"line":58,"column":11},"end":{"line":58,"column":38}},"8":{"start":{"line":63,"column":11},"end":{"line":63,"column":39}},"9":{"start":{"line":68,"column":11},"end":{"line":68,"column":35}},"10":{"start":{"line":73,"column":11},"end":{"line":73,"column":39}},"11":{"start":{"line":157,"column":10},"end":{"line":175,"column":4}},"12":{"start":{"line":158,"column":4},"end":{"line":160,"column":5}},"13":{"start":{"line":159,"column":6},"end":{"line":159,"column":41}},"14":{"start":{"line":162,"column":4},"end":{"line":172,"column":5}},"15":{"start":{"line":163,"column":47},"end":{"line":163,"column":49}},"16":{"start":{"line":165,"column":6},"end":{"line":169,"column":9}},"17":{"start":{"line":166,"column":8},"end":{"line":168,"column":9}},"18":{"start":{"line":167,"column":10},"end":{"line":167,"column":50}},"19":{"start":{"line":171,"column":6},"end":{"line":171,"column":21}},"20":{"start":{"line":174,"column":4},"end":{"line":174,"column":16}},"21":{"start":{"line":180,"column":10},"end":{"line":182,"column":4}},"22":{"start":{"line":181,"column":4},"end":{"line":181,"column":77}},"23":{"start":{"line":187,"column":10},"end":{"line":203,"column":4}},"24":{"start":{"line":188,"column":4},"end":{"line":202,"column":5}},"25":{"start":{"line":189,"column":25},"end":{"line":189,"column":65}},"26":{"start":{"line":190,"column":6},"end":{"line":190,"column":54}},"27":{"start":{"line":191,"column":6},"end":{"line":191,"column":25}},"28":{"start":{"line":194,"column":6},"end":{"line":196,"column":15}},"29":{"start":{"line":195,"column":8},"end":{"line":195,"column":28}},"30":{"start":{"line":198,"column":6},"end":{"line":198,"column":62}},"31":{"start":{"line":201,"column":6},"end":{"line":201,"column":78}},"32":{"start":{"line":329,"column":10},"end":{"line":331,"column":4}},"33":{"start":{"line":330,"column":4},"end":{"line":330,"column":26}},"34":{"start":{"line":349,"column":10},"end":{"line":465,"column":4}},"35":{"start":{"line":350,"column":25},"end":{"line":350,"column":68}},"36":{"start":{"line":351,"column":24},"end":{"line":351,"column":53}},"37":{"start":{"line":352,"column":19},"end":{"line":352,"column":40}},"38":{"start":{"line":353,"column":20},"end":{"line":353,"column":40}},"39":{"start":{"line":356,"column":26},"end":{"line":372,"column":5}},"40":{"start":{"line":357,"column":6},"end":{"line":371,"column":7}},"41":{"start":{"line":358,"column":8},"end":{"line":358,"column":27}},"42":{"start":{"line":359,"column":25},"end":{"line":359,"column":68}},"43":{"start":{"line":360,"column":8},"end":{"line":370,"column":9}},"44":{"start":{"line":361,"column":10},"end":{"line":361,"column":39}},"45":{"start":{"line":363,"column":10},"end":{"line":367,"column":11}},"46":{"start":{"line":364,"column":12},"end":{"line":364,"column":43}},"47":{"start":{"line":366,"column":12},"end":{"line":366,"column":46}},"48":{"start":{"line":369,"column":10},"end":{"line":369,"column":59}},"49":{"start":{"line":374,"column":4},"end":{"line":435,"column":5}},"50":{"start":{"line":375,"column":22},"end":{"line":375,"column":77}},"51":{"start":{"line":376,"column":24},"end":{"line":376,"column":38}},"52":{"start":{"line":377,"column":23},"end":{"line":377,"column":75}},"53":{"start":{"line":378,"column":23},"end":{"line":
[...]
e":110,"column":8},"end":{"line":113,"column":9}}]},"2":{"loc":{"start":{"line":110,"column":12},"end":{"line":110,"column":139}},"type":"binary-expr","locations":[{"start":{"line":110,"column":12},"end":{"line":110,"column":49}},{"start":{"line":110,"column":53},"end":{"line":110,"column":86}},{"start":{"line":110,"column":90},"end":{"line":110,"column":139}}]},"3":{"loc":{"start":{"line":143,"column":4},"end":{"line":143,"column":33}},"type":"default-arg","locations":[{"start":{"line":143,"column":29},"end":{"line":143,"column":33}}]},"4":{"loc":{"start":{"line":160,"column":6},"end":{"line":185,"column":7}},"type":"if","locations":[{"start":{"line":160,"column":6},"end":{"line":185,"column":7}}]},"5":{"loc":{"start":{"line":162,"column":8},"end":{"line":184,"column":9}},"type":"if","locations":[{"start":{"line":162,"column":8},"end":{"line":184,"column":9}},{"start":{"line":166,"column":15},"end":{"line":184,"column":9}}]},"6":{"loc":{"start":{"line":162,"column":12},"end":{"line":162,"column":118}},"type":"binary-expr","locations":[{"start":{"line":162,"column":12},"end":{"line":162,"column":31}},{"start":{"line":162,"column":35},"end":{"line":162,"column":65}},{"start":{"line":162,"column":69},"end":{"line":162,"column":118}}]},"7":{"loc":{"start":{"line":169,"column":33},"end":{"line":169,"column":98}},"type":"cond-expr","locations":[{"start":{"line":169,"column":90},"end":{"line":169,"column":92}},{"start":{"line":169,"column":90},"end":{"line":169,"column":98}}]},"8":{"loc":{"start":{"line":169,"column":33},"end":{"line":169,"column":92}},"type":"binary-expr","locations":[{"start":{"line":169,"column":33},"end":{"line":169,"column":92}},{"start":{"line":169,"column":90},"end":{"line":169,"column":92}}]},"9":{"loc":{"start":{"line":170,"column":22},"end":{"line":170,"column":73}},"type":"cond-expr","locations":[{"start":{"line":170,"column":36},"end":{"line":170,"column":38}},{"start":{"line":170,"column":22},"end":{"line":170,"column":73}}]},"10":{"loc":{"start":{"line":170,"column":22},"end":{"line":170,"column":38}},"type":"binary-expr","locations":[{"start":{"line":170,"column":22},"end":{"line":170,"column":38}},{"start":{"line":170,"column":22},"end":{"line":170,"column":38}}]},"11":{"loc":{"start":{"line":172,"column":10},"end":{"line":183,"column":11}},"type":"if","locations":[{"start":{"line":172,"column":10},"end":{"line":183,"column":11}},{"start":{"line":176,"column":17},"end":{"line":183,"column":11}}]},"12":{"loc":{"start":{"line":172,"column":14},"end":{"line":172,"column":155}},"type":"binary-expr","locations":[{"start":{"line":172,"column":14},"end":{"line":172,"column":30}},{"start":{"line":172,"column":34},"end":{"line":172,"column":56}},{"start":{"line":172,"column":61},"end":{"line":172,"column":135}},{"start":{"line":172,"column":139},"end":{"line":172,"column":154}}]},"13":{"loc":{"start":{"line":195,"column":4},"end":{"line":198,"column":5}},"type":"if","locations":[{"start":{"line":195,"column":4},"end":{"line":198,"column":5}}]},"14":{"loc":{"start":{"line":200,"column":24},"end":{"line":200,"column":96}},"type":"cond-expr","locations":[{"start":{"line":200,"column":88},"end":{"line":200,"column":90}},{"start":{"line":200,"column":88},"end":{"line":200,"column":96}}]},"15":{"loc":{"start":{"line":200,"column":24},"end":{"line":200,"column":90}},"type":"binary-expr","locations":[{"start":{"line":200,"column":24},"end":{"line":200,"column":90}},{"start":{"line":200,"column":88},"end":{"line":200,"column":90}}]},"16":{"loc":{"start":{"line":206,"column":4},"end":{"line":211,"column":5}},"type":"if","locations":[{"start":{"line":206,"column":4},"end":{"line":211,"column":5}},{"start":{"line":209,"column":11},"end":{"line":211,"column":5}}]},"17":{"loc":{"start":{"line":234,"column":6},"end":{"line":236,"column":7}},"type":"if","locations":[{"start":{"line":234,"column":6},"end":{"line":236,"column":7}}]},"18":{"loc":{"start":{"line":234,"column":10},"end":{"line":234,"column":68}},"type":"binary-expr","locations":[{"start":{"line":234,"column":10},"end":{"line":234,"column":38}},{"start":{"line":234,"column":42},"end":{"line":234,"column":68}}]},"19":{"loc":{"start":{"line":245,"column":4},"end":{"line":252,"column":5}},"type":"if","locations":[{"start":{"line":245,"column":4},"end":{"line":252,"column":5}}]},"20":{"loc":{"start":{"line":245,"column":8},"end":{"line":245,"column":70}},"type":"binary-expr","locations":[{"start":{"line":245,"column":8},"end":{"line":245,"column":37}},{"start":{"line":245,"column":41},"end":{"line":245,"column":70}}]}},"s":{"0":2,"1":2,"2":2,"3":2,"4":2,"5":48,"6":0,"7":0,"8":0,"9":0,"10":0,"11":0,"12":4,"13":4,"14":4,"15":4,"16":0,"17":0,"18":0,"19":4,"20":4,"21":4,"22":4,"23":0,"24":0,"25":0,"26":0,"27":0,"28":0,"29":0,"30":0,"31":4,"32":4,"33":4,"34":10,"35":10,"36":10,"37":10,"38":10,"39":4,"40":1,"41":1,"42":3,"43":3,"44":3,"45":3,"46":3,"47":3,"48":1,"49":1,"50":2,"51":2,"52":2,"53":2,"54":2,"55":2,"56":0,"57":8,"58":8,"59":8,"60":3,"61":3,"62":5,"63":5,"64":5,"65":5,"66":4,"67":4,"68":1,"69":5,"70":4,"71":4,"72":4,"73":4,"74":4,"75":4,"76":4,"77":0,"78":0,"79":0,"80":4,"81":4,"82":18,"83":18,"84":1,"85":1,"86":0,"87":1,"88":18,"89":1,"90":1,"91":1,"92":1,"93":2},"f":{"0":48,"1":0,"2":4,"3":0,"4":10,"5":3,"6":3,"7":2,"8":5,"9":4,"10":18,"11":1},"b":{"0":[0,0],"1":[0],"2":[0,0,0],"3":[9],"4":[4],"5":[1,3],"6":[4,1,1],"7":[0,3],"8":[3,3],"9":[0,3],"10":[3,3],"11":[1,2],"12":[3,2,2,1],"13":[3],"14":[1,4],"15":[5,5],"16":[4,1],"17":[0],"18":[0,0],"19":[1],"20":[18,1]}}
,"/Users/maximilian/GitHub/pid-component/packages/stencil-library/src/utils/Parser.ts": {"path":"/Users/maximilian/GitHub/pid-component/packages/stencil-library/src/utils/Parser.ts","statementMap":{"0":{"start":{"line":2,"column":0},"end":{"line":2,"column":36}},"1":{"start":{"line":10,"column":2},"end":{"line":12,"column":3}},"2":{"start":{"line":11,"column":4},"end":{"line":11,"column":21}},"3":{"start":{"line":14,"column":35},"end":{"line":14,"column":37}},"4":{"start":{"line":15,"column":2},"end":{"line":22,"column":3}},"5":{"start":{"line":16,"column":18},"end":{"line":16,"column":52}},"6":{"start":{"line":16,"column":38},"end":{"line":16,"column":51}},"7":{"start":{"line":17,"column":4},"end":{"line":21,"column":5}},"8":{"start":{"line":18,"column":6},"end":{"line":18,"column":25}},"9":{"start":{"line":20,"column":6},"end":{"line":20,"column":96}},"10":{"start":{"line":23,"column":2},"end":{"line":23,"column":16}},"11":{"start":{"line":37,"column":19},"end":{"line":37,"column":20}},"12":{"start":{"line":38,"column":4},"end":{"line":46,"column":5}},"13":{"start":{"line":38,"column":17},"end":{"line":38,"column":18}},"14":{"start":{"line":39,"column":18},"end":{"line":39,"column":53}},"15":{"start":{"line":40,"column":20},"end":{"line":40,"column":47}},"16":{"start":{"line":41,"column":22},"end":{"line":41,"column":80}},"17":{"start":{"line":42,"column":6},"end":{"line":45,"column":7}},"18":{"start":{"line":43,"column":8},"end":{"line":43,"column":21}},"19":{"start":{"line":44,"column":8},"end":{"line":44,"column":14}},"20":{"start":{"line":47,"column":4},"end":{"line":47,"column":20}},"21":{"start":{"line":60,"column":22},"end":{"line":60,"column":64}},"22":{"start":{"line":63,"column":4},"end":{"line":73,"column":5}},"23":{"start":{"line":64,"column":6},"end":{"line":71,"column":7}},"24":{"start":{"line":65,"column":20},"end":{"line":65,"column":48}},"25":{"start":{"line":66,"column":22},"end":{"line":66,"column":49}},"26":{"start":{"line":67,"column":8},"end":{"line":69,"column":9}},"27":{"start":{"line":68,"column":10},"end":{"line":68,"column":27}},"28":{"start":{"line":72,"column":6},"end":{"line":72,"column":18}},"29":{"start":{"line":77,"column":33},"end":{"line":77,"column":37}},"30":{"start":{"line":78,"column":4},"end":{"line":85,"column":5}},"31":{"start":{"line":78,"column":17},"end":{"line":78,"column":37}},"32":{"start":{"line":79,"column":20},"end":{"line":79,"column":32}},"33":{"start":{"line":80,"column":18},"end":{"line":80,"column":46}},"34":{"start":{"line":81,"column":20},"end":{"line":81,"column":47}},"35":{"start":{"line":82,"column":6},"end":{"line":84,"column":7}},"36":{"start":{"line":83,"column":8},"end":{"line":83,"column":28}},"37":{"start":{"line":86,"column":4},"end":{"line":86,"column":19}},"38":{"start":{"line":116,"column":22},"end":{"line":116,"column":64}},"39":{"start":{"line":117,"column":27},"end":{"line":117,"column":80}},"40":{"start":{"line":119,"column":48},"end":{"line":119,"column":52}},"41":{"start":{"line":121,"column":4},"end":{"line":173,"column":5}},"42":{"start":{"line":123,"column":6},"end":{"line":137,"column":7}},"43":{"start":{"line":124,"column":20},"end":{"line":124,"column":48}},"44":{"start":{"line":127,"column":22},"end":{"line":127,"column":49}},"45":{"start":{"line":128,"column":8},"end":{"line":130,"column":9}},"46":{"start":{"line":129,"column":10},"end":{"line":129,"column":19}},"47":{"start":{"line":133,"column":8},"end":{"line":136,"column":9}},"48":{"start":{"line":134,"column":10},"end":{"line":134,"column":24}},"49":{"start":{"line":135,"column":10},"end":{"line":135,"column":16}},"50":{"start":{"line":140,"column":6},"end":{"line":142,"column":7}},"51":{"start":{"line":141,"column":8},"end":{"line":141,"column":50}},"52":{"start":{"line":147,"column":73},"end":{"line":147,"column":75}},"53":{"start":{"line":148,"column":73},"end":{"line":148,"column":75}},"54":{"start":{"line":150,"column":6},"end":{"line":159,"column":7}},"55":{"start":{"line":150,"column":19},"end":{"line":150,"column":20}},"56":{"start":{"line":151,"column":20},"end":{"line":151,"column":55}},"57":{"start":{"line":152,"column":22},"end":{"line":152,"column":49}},"58":{"start":{"line":153,"column":8},"end":{"line":157,"column":9}},"59":{"start":{"line":154,"column":10},"end":{"line":154,"column":44}},"60":{"start":{"line":155,"column":15},"end":{"line":157,"column":9}},"61":{"start":{"line":156,"column":10},"end":{"line":156,"column":44}},"62":{"start":{"line":162,"column":6},"end":{"line":166,"column":7}},"63":{"start":{"line":163,"column":8},"end":{"line":165,"column":9}},"64":{"start":{"line":164,"column":10},"end":{"line":164,"column":36}},"65":{"start":{"line":169,"column":6},"end":{"line":172,"column":7}},"66":{"start":{"line":170,"column":8},"end":{"line":170,"column":52}},"67":{"start":{"line":170,"column":33},"end":{"line":170,"column":50}},"68":{"start":{"line":171,"column":8},"end":{"line":171,"column":35}},"69":{"start":{"line":175,"column":4},"end":{"line":177,"column":5}},"70":{"start":{"line":176,"column":6},"end":{"line":176,"column":18}},"71":{"start":{"line":180,"column":4},"end":{"line":186,"column":5}},"72":{"start":{"line":181,"column":26},"end":{"line":181,"column":50}},"73":{"start":{"line":182,"column":29},"end":{"line":182,"column":79}},"74":{"start":{"line":182,"column":48},"end":{"line":182,"column":70}},"75":{"start":{"line":183,"column":6},"end":{"line":183,"column":60}},"76":{"start":{"line":183,"column":26},"end":{"line":183,"column":60}},"77":{"start":{"line":185,"column":6},"end":{"line":185,"column":64}},"78":{"start":{"line":189,"column":4},"end":{"line":189,"column":25}},"79":{"start":{"line":190,"column":4},"end":{"line":190,"column":19}},"80":{"start":{"line":29,"column":0},"end":{"line":29,"column":13}}},"fnMap":{"0":{"name":"getEffectiveRenderers","decl":{"start":{"line":9,"column":9},"end":{"line":9,"column":30}},"loc":{"start":{"line":9,"column":61},"end":{"line":24,"column":1}}},"1":{"name":"(anonymous_1)","decl":{"start":{"line":16,"column":33},"end":{"line":16,"column":34}},"loc":{"start":{"line":16,"column":38},"end":{"line":16,"column":51}}},"2":{"name":"(anonymous_2)","decl":{"start":{"line":36,"column":2},"end":{"line":36,"column":8}},"loc":{"start":{"line":36,"column":49},"end":{"line":48,"column":3}}},"3":{"name":"(anonymous_3)","decl":{"start":{"line":59,"column":2},"end":{"line":59,"column":8}},"loc":{"start":{"line":59,"column":70},"end":{"line":87,"column":3}}},"4":{"name":"(anonymous_4)","decl":{"start":{"line":104,"column":2},"end":{"line":104,"column":8}},"loc":{"start":{"line":114,"column":33},"end":{"line":191,"column":3}}},"5":{"name":"(anonymous_5)","decl":{"start":{"line":170,"column":23},"end":{"line":170,"column":24}},"loc":{"start":{"line":170,"column":33},"end":{"line":170,"column":50}}},"6":{"name":"(anonymous_6)","decl":{"start":{"line":182,"column":43},"end":{"line":182,"column":44}},"loc":{"start":{"line":182,"column":48},"end":{"line":182,"column":70}}}},"branchMap":{"0":{"loc":{"start":{"line":10,"column":2},"end":{"line":12,"column":3}},"type":"if","locations":[{"start":{"line":10,"column":2},"end":{"line":12,"column":3}}]},"1":{"loc":{"start":{"line":10,"column":6},"end":{"line":10,"column":62}},"type":"binary-expr","locations":[{"start":{"line":10,"column":6},"end":{"line":10,"column":26}},{"start":{"line":10,"column":30},"end":{"line":10,"column":62}}]},"2":{"loc":{"start":{"line":17,"column":4},"end":{"line":21,"column":5}},"type":"if","locations":[{"start":{"line":17,"column":4},"end":{"line":21,"column":5}},{"start":{"line":19,"column":11},"end":{"line":21,"column":5}}]},"3":{"loc":{"start":{"line":41,"column":22},"end":{"line":41,"column":80}},"type":"cond-expr","locations":[{"start":{"line":41,"column":44},"end":{"line":41,"column":49}},{"start":{"line":41,"column":52},"end":{"line":41,"column":80}}]},"4":{"loc":{"start":{"line":42,"column":6},"end":{"line":45,"column":7}},"type":"if","locations":[{"start":{"line":42,"column":6},"end":{"line":45,"column":7}}]},"5":{"loc":{"start":{"line":63,"column":4},"end":{"line":73,"column":5}},"type":"if","locations":[{"start":{"line":63,"column":4},"end":{"line":73,"column":5}}]},"6":{"loc":{"start":{"line":63,"column":8},"end":{"line":63,"column":61}},"type":"binary-expr","locations":[{"start":{"line":63,"column":8},"end":{"line":63,"column":27}},{"start":{"line":63,"column":31},"end":{"line":63,"column":61}}]},"7":{"loc":{"start":{"line":67,"column":8},"end":{"line":69,"column":9}},"type":"if","locations":[{"start":{"line":67,"column":8},"end":{"line":69,"column":9}}]},"8":{"loc":{"start":{"line":82,"column":6},"end":{"line":84,"column":7}},"type":"if","locations":[{"start":{"line":82,"column":6},"end":{"line":84,"column":7}}]},"9":{"loc":{"start":{"line":82,"column":10},"end":{"line":82,"column":56}},"type":"binary-expr","locations":[{"start":{"line":82,"column":10},"end":{"line":82,"column":24}},{"start":{"line":82,"column":28},"end":{"line":82,"column":56}}]},"10":{"loc":{"start":{"line":114,"column":4},"end":{"line":114,"column":33}},"type":"default-arg","locations":[{"start":{"line":114,"column":29},"end":{"line":114,"column":33}}]},"11":{"loc":{"start":{"line":117,"column":27},"end":{"line":117,"column":80}},"type":"binary-expr","locations":[{"start":{"line":117,"column":27},"end":{"line":117,"column":46}},{"start":{"line":117,"column":50},"end":{"line":117,"column":80}}]},"12":{"loc":{"start":{"line":121,"column":4},"end":{"line":173,"column":5}},"type":"if","locations":[{"start":{"line":121,"column":4},"end":{"line":173,"column":5}},{"start":{"line":143,"column":11},"end":{"line":173,"column":5}}]},"13":{"loc":{"start":{"line":128,"column":8},"end":{"line":130,"column":9}},"type":"if","locations":[{"start":{"line":128,"column":8},"end":{"line":130,"column":9}}]},"14":{"loc":{"start":{"line":133,"column":8},"end":{"line":136,"column":9}},"type":"if","locations":[{"start":{"line":133,"column":8},"end":{"line":136,"column":9}}]},"15":{"loc":{"start":{"line":133,"column":12},"end":{"line":133,"column":60}},"type":"binary-expr","locations":[{"start":{"line":133,"column":12},"end":{"line":133,"column":26}},{"start":{"line":133,"column":31},"end":{"line":133,"column":59}}]},"16":{"loc":{"start":{"line":140,"column":6},"end":{"line":142,"column":7}},"type":"if","locations":[{"start":{"line":140,"column":6},"end":{"line":142,"column":7}}]},"17":{"loc":{"start":{"line":140,"column":10},"end":{"line":140,"column":43}},"type":"binary-expr","locations":[{"start":{"line":140,"column":10},"end":{"line":140,"column":26}},{"start":{"line":140,"column":30},"end":{"line":140,"column":43}}]},"18":{"loc":{"start":{"line":153,"column":8},"end":{"line":157,"column":9}},"type":"if","locations":[{"start":{"line":153,"column":8},"end":{"line":157,"column":9}},{"start":{"line":155,"column":15},"end":{"line":157,"column":9}}]},"19":{"loc":{"start":{"line":155,"column":15},"end":{"line":157,"column":9}},"type":"if","locations":[{"start":{"line":155,"column":15},"end":{"line":157,"column":9}}]},"20":{"loc":{"start":{"line":163,"column":8},"end":{"line":165,"column":9}},"type":"if","locations":[{"start":{"line":163,"column":8},"end":{"line":165,"column":9}}]},"21":{"loc":{"start":{"line":169,"column":6},"end":{"line":172,"column":7}},"type":"if","locations":[{"start":{"line":169,"column":6},"end":{"line":172,"column":7}}]},"22":{"loc":{"start":{"line":175,"column":4},"end":{"line":177,"column":5}},"type":"if","locations":[{"start":{"line":175,"column":4},"end":{"line":177,"column":5}}]},"23":{"loc":{"start":{"line":182,"column":29},"end":{"line":182,"column":79}},"type":"cond-expr","locations":[{"start":{"line":182,"column":71},"end":{"line":182,"column":73}},{"start":{"line":182,"column":71},"end":{"line":182,"column":79}}]},"24":{"loc":{"start":{"line":182,"column":29},"end":{"line":182,"column":73}},"type":"binary-expr","locations":[{"start":{"line":182,"column":29},"end":{"line":182,"column":73}},{"start":{"line":182,"column":71},"end":{"line":182,"column":73}}]},"25":{"loc":{"start":{"line":183,"column":6},"end":{"line":183,"column":60}},"type":"if","locations":[{"start":{"line":183,"column":6},"end":{"line":183,"column":60}}]}},"s":{"0":2,"1":23,"2":13,"3":10,"4":10,"5":13,"6":46,"7":13,"8":10,"9":3,"10":10,"11":4,"12":4,"13":4,"14":11,"15":11,"16":11,"17":11,"18":3,"19":3,"20":4,"21":12,"22":12,"23":7,"24":5,"25":5,"26":5,"27":3,"28":4,"29":5,"30":5,"31":5,"32":25,"33":25,"34":25,"35":25,"36":4,"37":5,"38":11,"39":11,"40":11,"41":11,"42":3,"43":3,"44":3,"45":3,"46":2,"47":1,"48":1,"49":1,"50":3,"51":1,"52":8,"53":8,"54":8,"55":8,"56":40,"57":40,"58":40,"59":11,"60":29,"61":6,"62":8,"63":6,"64":6,"65":8,"66":7,"67":20,"68":7,"69":10,"70":2,"71":8,"72":8,"73":7,"74":1,"75":7,"76":1,"77":1,"78":8,"79":8,"80":2},"f":{"0":23,"1":46,"2":4,"3":12,"4":11,"5":20,"6":1},"b":{"0":[13],"1":[23,10],"2":[10,3],"3":[10,1],"4":[3],"5":[7],"6":[12,7],"7":[3],"8":[4],"9":[25,9],"10":[8],"11":[11,3],"12":[3,8],"13":[2],"14":[1],"15":[1,1],"16":[1],"17":[3,2],"18":[11,29],"19":[6],"20":[6],"21":[7],"22":[2],"23":[6,1],"24":[7,7],"25":[1]}}
,"/Users/maximilian/GitHub/pid-component/packages/stencil-library/src/utils/utils.ts": {"path":"/Users/maximilian/GitHub/pid-component/packages/stencil-library/src/utils/utils.ts","statementMap":{"0":{"start":{"line":5,"column":0},"end":{"line":5,"column":55}},"1":{"start":{"line":6,"column":0},"end":{"line":6,"column":63}},"2":{"start":{"line":7,"column":0},"end":{"line":7,"column":66}},"3":{"start":{"line":8,"column":0},"end":{"line":8,"column":57}},"4":{"start":{"line":9,"column":0},"end":{"line":9,"column":57}},"5":{"start":{"line":10,"column":0},"end":{"line":10,"column":53}},"6":{"start":{"line":11,"column":0},"end":{"line":11,"column":63}},"7":{"start":{"line":12,"column":0},"end":{"line":12,"column":59}},"8":{"start":{"line":13,"column":0},"end":{"line":13,"column":55}},"9":{"start":{"line":14,"column":0},"end":{"line":14,"column":53}},"10":{"start":{"line":15,"column":0},"end":{"line":15,"column":55}},"11":{"start":{"line":21,"column":13},"end":{"line":81,"column":2}},"12":{"start":{"line":87,"column":13},"end":{"line":87,"column":56}},"13":{"start":{"line":93,"column":13},"end":{"line":93,"column":56}},"14":{"start":{"line":99,"column":13},"end":{"line":99,"column":49}}},"fnMap":{},"branchMap":{},"s":{"0":4,"1":4,"2":4,"3":4,"4":4,"5":4,"6":4,"7":4,"8":4,"9":4,"10":4,"11":4,"12":4,"13":4,"14":4},"f":{},"b":{}}
}
