TN:
SF:src/components.d.ts
FNF:0
FNH:0
LF:0
LH:0
BRF:0
BRH:0
end_of_record
TN:
SF:src/index.ts
FN:2,(anonymous_4)
FN:3,(anonymous_5)
FN:4,(anonymous_6)
FN:5,(anonymous_7)
FNF:4
FNH:0
FNDA:0,(anonymous_4)
FNDA:0,(anonymous_5)
FNDA:0,(anonymous_6)
FNDA:0,(anonymous_7)
DA:1,0
DA:2,0
DA:3,0
DA:4,0
DA:5,0
LF:5
LH:0
BRF:0
BRH:0
end_of_record
TN:
SF:src/auto-detect/DetectionWorker.ts
FN:28,tokenize
FN:62,detectInText
FN:92,(anonymous_2)
FNF:3
FNH:0
FNDA:0,tokenize
FNDA:0,detectInText
FNDA:0,(anonymous_2)
DA:13,0
DA:23,0
DA:29,0
DA:30,0
DA:31,0
DA:33,0
DA:35,0
DA:37,0
DA:39,0
DA:40,0
DA:42,0
DA:46,0
DA:47,0
DA:48,0
DA:52,0
DA:53,0
DA:56,0
DA:63,0
DA:64,0
DA:65,0
DA:67,0
DA:69,0
DA:72,0
DA:73,0
DA:75,0
DA:76,0
DA:77,0
DA:86,0
DA:92,0
DA:93,0
DA:95,0
DA:97,0
DA:98,0
DA:102,0
DA:103,0
DA:108,0
DA:109,0
LF:37
LH:0
BRDA:37,0,0,0
BRDA:39,1,0,0
BRDA:46,2,0,0
BRDA:65,3,0,0
BRDA:65,3,1,0
BRDA:69,4,0,0
BRDA:73,5,0,0
BRDA:76,6,0,0
BRDA:95,7,0,0
BRDA:95,7,1,0
BRF:10
BRH:0
end_of_record
TN:
SF:src/auto-detect/DomScanner.ts
FN:38,shouldSkipElement
FN:72,scanDom
FN:77,(anonymous_2)
FN:86,(anonymous_3)
FN:109,(anonymous_4)
FN:110,(anonymous_5)
FN:110,(anonymous_6)
FN:112,processNextBatch
FNF:8
FNH:5
FNDA:25,shouldSkipElement
FNDA:12,scanDom
FNDA:12,(anonymous_2)
FNDA:42,(anonymous_3)
FNDA:0,(anonymous_4)
FNDA:0,(anonymous_5)
FNDA:0,(anonymous_6)
FNDA:12,processNextBatch
DA:10,2
DA:24,2
DA:39,25
DA:40,4
DA:42,21
DA:43,1
DA:45,20
DA:46,1
DA:48,19
DA:49,0
DA:51,19
DA:52,2
DA:53,2
DA:54,1
DA:60,18
DA:72,2
DA:77,12
DA:78,12
DA:79,12
DA:82,12
DA:87,42
DA:88,25
DA:89,25
DA:90,7
DA:92,18
DA:96,17
DA:97,17
DA:98,2
DA:100,15
DA:107,12
DA:110,0
DA:113,12
DA:115,12
DA:116,27
DA:117,27
DA:119,12
DA:120,12
DA:123,15
DA:124,15
DA:125,15
DA:126,15
DA:127,15
DA:133,15
DA:138,0
DA:141,12
LF:45
LH:42
BRDA:39,0,0,4
BRDA:42,1,0,1
BRDA:45,2,0,1
BRDA:48,3,0,0
BRDA:51,4,0,2
BRDA:53,5,0,1
BRDA:75,6,0,0
BRDA:87,7,0,25
BRDA:89,8,0,7
BRDA:96,9,0,0
BRDA:96,9,1,17
BRDA:96,10,0,17
BRDA:96,10,1,17
BRDA:97,11,0,2
BRDA:97,12,0,17
BRDA:97,12,1,16
BRDA:107,13,0,12
BRDA:107,13,1,0
BRDA:115,14,0,27
BRDA:115,14,1,27
BRDA:117,15,0,12
BRDA:123,16,0,15
BRDA:125,17,0,15
BRDA:125,17,1,0
BRDA:126,18,0,15
BRF:25
BRH:20
end_of_record
TN:
SF:src/auto-detect/TextReplacer.ts
FN:52,replaceMatches
FN:65,(anonymous_1)
FN:66,(anonymous_2)
FN:138,applyConfig
FN:178,createSwapObserver
FN:187,cleanup
FN:199,handleError
FN:206,handleSuccess
FN:217,trySwap
FN:274,(anonymous_9)
FN:296,(anonymous_10)
FN:320,unwrapToText
FN:332,restoreOriginalText
FNF:13
FNH:7
FNDA:21,replaceMatches
FNDA:2,(anonymous_1)
FNDA:22,(anonymous_2)
FNDA:21,applyConfig
FNDA:21,createSwapObserver
FNDA:0,cleanup
FNDA:0,handleError
FNDA:0,handleSuccess
FNDA:0,trySwap
FNDA:0,(anonymous_9)
FNDA:0,(anonymous_10)
FNDA:2,unwrapToText
FNDA:2,restoreOriginalText
DA:17,2
DA:20,2
DA:52,2
DA:57,21
DA:58,21
DA:59,21
DA:61,20
DA:64,20
DA:65,2
DA:66,22
DA:69,20
DA:70,20
DA:72,20
DA:74,21
DA:75,4
DA:79,21
DA:80,21
DA:81,21
DA:83,21
DA:86,21
DA:87,21
DA:88,21
DA:92,21
DA:93,21
DA:94,21
DA:95,21
DA:97,21
DA:99,21
DA:102,21
DA:104,21
DA:107,21
DA:109,21
DA:111,21
DA:121,21
DA:125,20
DA:126,4
DA:130,20
DA:132,20
DA:139,21
DA:141,2
DA:144,2
DA:146,21
DA:147,1
DA:149,21
DA:150,1
DA:152,21
DA:153,1
DA:155,21
DA:156,1
DA:158,21
DA:159,1
DA:161,21
DA:162,1
DA:183,21
DA:184,21
DA:185,21
DA:188,0
DA:189,0
DA:190,0
DA:192,0
DA:193,0
DA:194,0
DA:196,0
DA:200,0
DA:201,0
DA:202,0
DA:203,0
DA:207,0
DA:208,0
DA:210,0
DA:211,0
DA:213,0
DA:214,0
DA:218,0
DA:220,0
DA:221,0
DA:226,0
DA:227,0
DA:231,0
DA:232,0
DA:233,0
DA:234,0
DA:235,0
DA:236,0
DA:241,0
DA:242,0
DA:243,0
DA:244,0
DA:248,0
DA:249,0
DA:257,0
DA:258,0
DA:259,0
DA:260,0
DA:265,0
DA:266,0
DA:267,0
DA:271,21
DA:274,21
DA:275,0
DA:276,0
DA:277,0
DA:280,0
DA:282,0
DA:283,0
DA:291,0
DA:296,21
DA:297,0
DA:299,0
DA:300,0
DA:302,0
DA:308,21
DA:313,21
DA:321,2
DA:322,2
DA:323,2
DA:324,2
DA:325,2
DA:332,2
DA:333,2
DA:334,2
DA:335,2
LF:122
LH:70
BRDA:59,0,0,1
BRDA:61,1,0,20
BRDA:61,1,1,0
BRDA:66,2,0,22
BRDA:66,2,1,2
BRDA:74,3,0,4
BRDA:95,4,0,2
BRDA:95,4,1,19
BRDA:95,5,0,21
BRDA:95,5,1,21
BRDA:125,6,0,4
BRDA:139,7,0,2
BRDA:141,8,0,1
BRDA:141,8,1,1
BRDA:146,9,0,1
BRDA:149,10,0,1
BRDA:152,11,0,1
BRDA:155,12,0,1
BRDA:158,13,0,1
BRDA:161,14,0,1
BRDA:188,15,0,0
BRDA:192,16,0,0
BRDA:203,17,0,0
BRDA:203,17,1,0
BRDA:218,18,0,0
BRDA:221,19,0,0
BRDA:227,20,0,0
BRDA:232,21,0,0
BRDA:234,22,0,0
BRDA:234,23,0,0
BRDA:234,23,1,0
BRDA:242,24,0,0
BRDA:249,25,0,0
BRDA:258,26,0,0
BRDA:265,27,0,0
BRDA:265,28,0,0
BRDA:265,28,1,0
BRDA:265,28,2,0
BRDA:275,29,0,0
BRDA:280,30,0,0
BRDA:297,31,0,0
BRDA:300,32,0,0
BRDA:322,33,0,0
BRF:43
BRH:19
end_of_record
TN:
SF:src/auto-detect/detection-registry.ts
FN:27,(anonymous_0)
FN:35,(anonymous_1)
FN:41,(anonymous_2)
FN:51,(anonymous_3)
FN:57,(anonymous_4)
FN:63,(anonymous_5)
FN:72,(anonymous_6)
FN:81,(anonymous_7)
FN:87,(anonymous_8)
FN:96,(anonymous_9)
FN:131,sanitizeToken
FN:152,detectBestFit
FN:156,(anonymous_12)
FNF:13
FNH:13
FNDA:25,(anonymous_0)
FNDA:24,(anonymous_1)
FNDA:22,(anonymous_2)
FNDA:14,(anonymous_3)
FNDA:12,(anonymous_4)
FNDA:10,(anonymous_5)
FNDA:9,(anonymous_6)
FNDA:7,(anonymous_7)
FNDA:8,(anonymous_8)
FNDA:9,(anonymous_9)
FNDA:13,sanitizeToken
FNDA:31,detectBestFit
FNDA:45,(anonymous_12)
DA:24,2
DA:28,25
DA:36,24
DA:42,22
DA:46,22
DA:52,14
DA:58,12
DA:67,10
DA:73,9
DA:74,7
DA:75,7
DA:76,7
DA:82,7
DA:91,8
DA:97,9
DA:98,9
DA:99,9
DA:100,9
DA:101,7
DA:102,3
DA:104,4
DA:115,2
DA:120,2
DA:131,2
DA:132,13
DA:133,13
DA:134,13
DA:136,13
DA:137,13
DA:138,11
DA:141,13
DA:152,2
DA:153,31
DA:155,6
DA:156,45
DA:157,8
DA:158,4
DA:161,2
DA:165,25
DA:166,128
DA:167,21
DA:170,4
LF:42
LH:42
BRDA:73,0,0,2
BRDA:98,1,0,0
BRDA:100,2,0,2
BRDA:102,3,0,3
BRDA:102,3,1,2
BRDA:133,4,0,7
BRDA:133,4,1,6
BRDA:137,5,0,11
BRDA:153,6,0,6
BRDA:153,7,0,31
BRDA:153,7,1,7
BRDA:157,8,0,4
BRDA:157,9,0,8
BRDA:157,9,1,5
BRDA:166,10,0,21
BRF:15
BRH:14
end_of_record
TN:
SF:src/auto-detect/initPidDetection.ts
FN:48,initPidDetection
FN:68,(anonymous_1)
FN:77,(anonymous_2)
FN:91,detectText
FN:92,(anonymous_4)
FN:113,runScan
FN:124,(anonymous_6)
FN:128,(anonymous_7)
FN:130,(anonymous_8)
FN:152,(anonymous_9)
FN:164,(anonymous_10)
FN:192,(anonymous_11)
FN:198,(anonymous_12)
FN:204,(anonymous_13)
FN:234,createWorker
FN:259,detectOnMainThread
FN:313,chunkArray
FNF:17
FNH:14
FNDA:22,initPidDetection
FNDA:0,(anonymous_1)
FNDA:0,(anonymous_2)
FNDA:11,detectText
FNDA:11,(anonymous_4)
FNDA:23,runScan
FNDA:11,(anonymous_6)
FNDA:0,(anonymous_7)
FNDA:11,(anonymous_8)
FNDA:3,(anonymous_9)
FNDA:1,(anonymous_10)
FNDA:1,(anonymous_11)
FNDA:2,(anonymous_12)
FNDA:22,(anonymous_13)
FNDA:22,createWorker
FNDA:11,detectOnMainThread
FNDA:23,chunkArray
DA:30,1
DA:31,1
DA:32,1
DA:35,1
DA:48,1
DA:49,22
DA:50,22
DA:53,22
DA:54,22
DA:55,22
DA:56,22
DA:57,22
DA:58,22
DA:61,22
DA:62,22
DA:63,22
DA:65,0
DA:68,0
DA:69,0
DA:70,0
DA:71,0
DA:72,0
DA:73,0
DA:77,0
DA:78,0
DA:80,0
DA:84,0
DA:85,0
DA:92,11
DA:93,11
DA:94,0
DA:95,0
DA:96,0
DA:102,0
DA:105,11
DA:114,23
DA:116,23
DA:119,23
DA:121,23
DA:122,11
DA:124,11
DA:126,11
DA:128,0
DA:130,11
DA:131,11
DA:132,11
DA:135,11
DA:137,11
DA:139,11
DA:140,4
DA:141,4
DA:144,11
DA:151,22
DA:152,5
DA:153,3
DA:155,3
DA:156,3
DA:157,3
DA:158,3
DA:160,3
DA:161,2
DA:164,1
DA:165,1
DA:166,0
DA:167,0
DA:169,0
DA:170,0
DA:171,0
DA:172,0
DA:181,5
DA:188,22
DA:191,22
DA:193,1
DA:194,1
DA:199,2
DA:200,1
DA:205,22
DA:208,22
DA:209,5
DA:210,5
DA:214,22
DA:215,0
DA:216,0
DA:220,22
DA:223,22
DA:224,22
DA:235,22
DA:236,22
DA:239,0
DA:249,0
DA:251,0
DA:260,11
DA:261,11
DA:263,11
DA:264,11
DA:266,11
DA:267,19
DA:272,19
DA:273,11
DA:274,11
DA:275,11
DA:277,8
DA:278,7
DA:279,7
DA:282,1
DA:283,1
DA:284,1
DA:286,7
DA:287,7
DA:290,18
DA:293,16
DA:294,16
DA:296,16
DA:297,16
DA:298,4
DA:307,11
DA:314,23
DA:315,23
DA:316,11
DA:318,23
LF:120
LH:92
BRDA:48,0,0,2
BRDA:49,1,0,22
BRDA:49,1,1,2
BRDA:63,2,0,0
BRDA:71,3,0,0
BRDA:93,4,0,0
BRDA:93,4,1,11
BRDA:114,5,0,0
BRDA:122,6,0,0
BRDA:126,7,0,11
BRDA:126,7,1,0
BRDA:132,8,0,0
BRDA:135,9,0,0
BRDA:139,10,0,4
BRDA:151,11,0,5
BRDA:153,12,0,0
BRDA:157,13,0,3
BRDA:160,14,0,1
BRDA:160,15,0,0
BRDA:160,15,1,3
BRDA:160,16,0,3
BRDA:160,16,1,3
BRDA:161,17,0,1
BRDA:166,18,0,0
BRDA:167,19,0,0
BRDA:170,20,0,0
BRDA:193,21,0,1
BRDA:199,22,0,1
BRDA:208,23,0,5
BRDA:214,24,0,0
BRDA:235,25,0,22
BRDA:272,26,0,11
BRDA:272,26,1,8
BRDA:277,27,0,7
BRDA:277,27,1,1
BRDA:290,28,0,2
BRDA:294,29,0,0
BRDA:297,30,0,4
BRF:38
BRH:23
end_of_record
TN:
SF:src/components/color-highlight/HSLColor.ts
FN:30,(anonymous_0)
FN:41,(anonymous_1)
FN:45,(anonymous_2)
FN:55,(anonymous_3)
FN:68,(anonymous_4)
FNF:5
FNH:4
FNDA:10,(anonymous_0)
FNDA:8,(anonymous_1)
FNDA:0,(anonymous_2)
FNDA:66,(anonymous_3)
FNDA:1,(anonymous_4)
DA:4,2
DA:31,10
DA:32,10
DA:33,10
DA:42,8
DA:43,0
DA:44,0
DA:45,0
DA:47,0
DA:48,0
DA:49,0
DA:50,0
DA:53,8
DA:55,66
DA:57,8
DA:58,8
DA:59,8
DA:60,8
DA:69,1
LF:19
LH:12
BRDA:42,0,0,0
BRDA:42,0,1,8
BRDA:42,1,0,8
BRDA:42,1,1,0
BRF:4
BRH:2
end_of_record
TN:
SF:src/components/color-highlight/color-highlight.tsx
FN:24,(anonymous_1)
FN:28,(anonymous_2)
FNF:2
FNH:2
FNDA:5,(anonymous_1)
FNDA:5,(anonymous_2)
DA:2,1
DA:3,1
DA:5,1
DA:25,5
DA:29,5
LF:5
LH:5
BRF:0
BRH:0
end_of_record
TN:
SF:src/components/copy-button/copy-button.tsx
FN:4,(anonymous_0)
FN:33,(anonymous_1)
FN:65,(anonymous_2)
FN:105,(anonymous_3)
FN:109,(anonymous_4)
FN:117,(anonymous_5)
FN:122,(anonymous_6)
FN:148,(anonymous_7)
FNF:8
FNH:6
FNDA:20,(anonymous_0)
FNDA:8,(anonymous_1)
FNDA:0,(anonymous_2)
FNDA:8,(anonymous_3)
FNDA:1,(anonymous_4)
FNDA:26,(anonymous_5)
FNDA:26,(anonymous_6)
FNDA:0,(anonymous_7)
DA:2,1
DA:4,1
DA:13,20
DA:33,20
DA:35,8
DA:36,8
DA:38,8
DA:40,8
DA:41,8
DA:42,8
DA:43,7
DA:44,7
DA:52,1
DA:53,1
DA:56,1
DA:57,1
DA:58,1
DA:59,1
DA:61,1
DA:65,1
DA:66,0
DA:67,0
DA:69,0
DA:70,0
DA:71,0
DA:72,0
DA:75,0
DA:76,0
DA:77,0
DA:78,0
DA:79,0
DA:80,0
DA:81,0
DA:83,0
DA:84,0
DA:85,0
DA:93,0
DA:97,0
DA:106,8
DA:109,8
DA:110,1
DA:118,26
DA:119,26
DA:124,26
DA:127,26
DA:130,26
DA:131,26
DA:133,26
DA:148,0
LF:49
LH:30
BRDA:40,0,0,8
BRDA:71,1,0,0
BRDA:71,1,1,0
BRDA:78,2,0,0
BRDA:84,3,0,0
BRDA:118,4,0,26
BRDA:118,4,1,21
BRDA:119,5,0,6
BRDA:119,5,1,20
BRDA:124,6,0,6
BRDA:124,6,1,20
BRDA:131,7,0,26
BRDA:131,7,1,0
BRDA:131,8,0,26
BRDA:131,8,1,0
BRDA:136,9,0,26
BRDA:136,9,1,6
BRDA:144,10,0,6
BRDA:144,10,1,20
BRDA:144,11,0,0
BRDA:144,11,1,6
BRDA:144,12,0,0
BRDA:144,12,1,20
BRDA:146,13,0,0
BRDA:146,13,1,26
BRF:25
BRH:16
end_of_record
TN:
SF:src/components/json-viewer/json-viewer.tsx
FN:7,(anonymous_0)
FN:157,(anonymous_1)
FN:165,(anonymous_2)
FN:180,(anonymous_3)
FN:187,(anonymous_4)
FN:194,(anonymous_5)
FN:329,(anonymous_6)
FN:349,(anonymous_7)
FN:356,(anonymous_8)
FN:382,(anonymous_9)
FN:428,(anonymous_10)
FN:470,(anonymous_11)
FN:84,(anonymous_12)
FN:92,(anonymous_13)
FN:100,(anonymous_14)
FN:112,(anonymous_15)
FN:119,(anonymous_16)
FN:132,(anonymous_17)
FN:208,(anonymous_18)
FN:234,(anonymous_19)
FN:250,(anonymous_20)
FN:257,(anonymous_21)
FN:272,(anonymous_22)
FN:280,(anonymous_23)
FN:287,(anonymous_24)
FN:291,(anonymous_25)
FN:304,(anonymous_26)
FN:336,(anonymous_27)
FN:483,(anonymous_28)
FN:607,(anonymous_29)
FN:621,(anonymous_30)
FN:628,(anonymous_31)
FN:635,(anonymous_32)
FNF:33
FNH:25
FNDA:29,(anonymous_0)
FNDA:70,(anonymous_1)
FNDA:43,(anonymous_2)
FNDA:2,(anonymous_3)
FNDA:2,(anonymous_4)
FNDA:0,(anonymous_5)
FNDA:0,(anonymous_6)
FNDA:44,(anonymous_7)
FNDA:0,(anonymous_8)
FNDA:0,(anonymous_9)
FNDA:9,(anonymous_10)
FNDA:16,(anonymous_11)
FNDA:4,(anonymous_12)
FNDA:0,(anonymous_13)
FNDA:2,(anonymous_14)
FNDA:0,(anonymous_15)
FNDA:29,(anonymous_16)
FNDA:33,(anonymous_17)
FNDA:0,(anonymous_18)
FNDA:0,(anonymous_19)
FNDA:1,(anonymous_20)
FNDA:1,(anonymous_21)
FNDA:2,(anonymous_22)
FNDA:2,(anonymous_23)
FNDA:7,(anonymous_24)
FNDA:5,(anonymous_25)
FNDA:29,(anonymous_26)
FNDA:29,(anonymous_27)
FNDA:39,(anonymous_28)
FNDA:35,(anonymous_29)
FNDA:13,(anonymous_30)
FNDA:13,(anonymous_31)
FNDA:3,(anonymous_32)
DA:2,7
DA:7,7
DA:22,29
DA:27,29
DA:32,29
DA:37,29
DA:43,29
DA:53,29
DA:58,29
DA:63,29
DA:68,29
DA:73,29
DA:85,4
DA:93,0
DA:101,2
DA:102,0
DA:104,2
DA:113,0
DA:120,29
DA:121,29
DA:122,29
DA:123,2
DA:125,29
DA:133,33
DA:136,33
DA:137,26
DA:138,7
DA:139,4
DA:141,3
DA:145,28
DA:146,28
DA:148,5
DA:149,5
DA:157,29
DA:158,70
DA:159,1
DA:162,69
DA:163,32
DA:165,32
DA:166,43
DA:167,39
DA:171,32
DA:174,37
DA:180,29
DA:181,2
DA:187,29
DA:188,2
DA:189,2
DA:190,2
DA:191,2
DA:194,2
DA:195,0
DA:198,0
DA:201,0
DA:210,0
DA:213,0
DA:214,0
DA:215,0
DA:216,0
DA:217,0
DA:220,0
DA:223,0
DA:226,0
DA:227,0
DA:230,0
DA:231,0
DA:232,0
DA:233,0
DA:234,0
DA:235,0
DA:239,0
DA:243,0
DA:251,1
DA:258,1
DA:259,1
DA:260,1
DA:261,0
DA:263,0
DA:273,2
DA:281,2
DA:288,7
DA:289,5
DA:291,5
DA:292,5
DA:293,5
DA:297,5
DA:306,29
DA:308,29
DA:311,29
DA:314,29
DA:315,29
DA:316,0
DA:318,0
DA:322,0
DA:329,29
DA:330,0
DA:337,29
DA:338,1
DA:339,28
DA:340,1
DA:341,27
DA:342,27
DA:349,29
DA:350,44
DA:351,44
DA:352,44
DA:353,44
DA:356,44
DA:357,0
DA:358,0
DA:359,0
DA:360,0
DA:361,0
DA:363,0
DA:364,0
DA:366,0
DA:369,0
DA:374,44
DA:375,7
DA:376,7
DA:377,7
DA:378,7
DA:379,7
DA:382,7
DA:383,0
DA:384,0
DA:385,0
DA:387,0
DA:390,0
DA:393,7
DA:429,9
DA:438,37
DA:439,37
DA:440,37
DA:442,37
DA:443,9
DA:444,28
DA:445,27
DA:446,1
DA:447,1
DA:448,0
DA:449,0
DA:450,0
DA:451,0
DA:454,37
DA:470,29
DA:471,16
DA:472,16
DA:473,16
DA:474,16
DA:476,16
DA:485,39
DA:486,5
DA:495,34
DA:496,0
DA:505,34
DA:506,34
DA:509,34
DA:510,34
DA:512,34
DA:608,35
DA:622,13
DA:629,13
DA:636,3
LF:164
LH:115
BRDA:158,0,0,1
BRDA:162,1,0,32
BRDA:162,2,0,69
BRDA:162,2,1,69
BRDA:166,3,0,39
BRDA:181,4,0,1
BRDA:181,4,1,1
BRDA:349,5,0,0
BRDA:349,6,0,0
BRDA:350,7,0,44
BRDA:350,7,1,7
BRDA:351,8,0,44
BRDA:351,8,1,0
BRDA:357,9,0,0
BRDA:357,10,0,0
BRDA:357,10,1,0
BRDA:360,11,0,0
BRDA:363,12,0,0
BRDA:363,12,1,0
BRDA:374,13,0,7
BRDA:375,14,0,1
BRDA:375,14,1,6
BRDA:377,15,0,6
BRDA:377,15,1,1
BRDA:378,16,0,1
BRDA:378,16,1,6
BRDA:384,17,0,0
BRDA:384,17,1,0
BRDA:384,18,0,0
BRDA:384,18,1,0
BRDA:398,19,0,0
BRDA:398,19,1,7
BRDA:403,20,0,0
BRDA:403,20,1,7
BRDA:405,21,0,0
BRDA:405,21,1,7
BRDA:408,22,0,0
BRDA:408,22,1,7
BRDA:409,23,0,0
BRDA:409,23,1,7
BRDA:410,24,0,1
BRDA:410,24,1,6
BRDA:412,25,0,1
BRDA:412,25,1,6
BRDA:414,26,0,0
BRDA:414,26,1,7
BRDA:417,27,0,0
BRDA:417,27,1,7
BRDA:424,28,0,0
BRDA:424,28,1,7
BRDA:429,29,0,3
BRDA:429,29,1,6
BRDA:442,30,0,9
BRDA:442,30,1,28
BRDA:443,31,0,0
BRDA:443,31,1,9
BRDA:444,32,0,27
BRDA:444,32,1,1
BRDA:445,33,0,1
BRDA:445,33,1,26
BRDA:446,34,0,1
BRDA:446,34,1,0
BRDA:447,35,0,0
BRDA:447,35,1,1
BRDA:448,36,0,0
BRDA:449,37,0,0
BRDA:449,37,1,0
BRDA:456,38,0,1
BRDA:456,38,1,36
BRDA:461,39,0,1
BRDA:461,39,1,36
BRDA:471,40,0,0
BRDA:471,40,1,16
BRDA:472,41,0,0
BRDA:472,41,1,16
BRDA:473,42,0,0
BRDA:473,42,1,16
BRDA:474,43,0,0
BRDA:474,43,1,16
BRDA:101,44,0,0
BRDA:101,44,1,2
BRDA:122,45,0,2
BRDA:136,46,0,26
BRDA:136,46,1,7
BRDA:138,47,0,4
BRDA:138,47,1,3
BRDA:138,48,0,7
BRDA:138,48,1,7
BRDA:232,49,0,0
BRDA:258,50,0,1
BRDA:259,51,0,1
BRDA:259,51,1,0
BRDA:261,52,0,0
BRDA:288,53,0,5
BRDA:288,54,0,7
BRDA:288,54,1,7
BRDA:292,55,0,5
BRDA:292,55,1,0
BRDA:306,56,0,29
BRDA:306,56,1,0
BRDA:314,57,0,29
BRDA:314,57,1,0
BRDA:316,58,0,0
BRDA:337,59,0,1
BRDA:337,59,1,28
BRDA:339,60,0,1
BRDA:339,60,1,27
BRDA:341,61,0,27
BRDA:341,62,0,27
BRDA:341,62,1,27
BRDA:485,63,0,5
BRDA:495,64,0,0
BRDA:506,65,0,33
BRDA:506,65,1,1
BRDA:514,66,0,1
BRDA:514,66,1,33
BRDA:518,67,0,1
BRDA:518,67,1,33
BRDA:520,68,0,1
BRDA:520,68,1,33
BRDA:523,69,0,1
BRDA:523,69,1,33
BRDA:524,70,0,29
BRDA:524,70,1,5
BRDA:531,71,0,1
BRDA:531,71,1,33
BRDA:536,72,0,29
BRDA:536,72,1,5
BRDA:539,73,0,29
BRDA:539,73,1,5
BRDA:545,74,0,1
BRDA:545,74,1,33
BRDA:554,75,0,2
BRDA:554,75,1,32
BRDA:555,76,0,0
BRDA:555,76,1,2
BRDA:558,77,0,1
BRDA:558,77,1,31
BRDA:562,78,0,2
BRDA:562,78,1,32
BRDA:563,79,0,2
BRDA:563,79,1,32
BRDA:567,80,0,2
BRDA:567,80,1,32
BRDA:570,81,0,2
BRDA:570,81,1,32
BRDA:605,82,0,34
BRDA:605,82,1,29
BRDA:606,83,0,1
BRDA:606,83,1,28
BRDA:614,84,0,34
BRDA:614,84,1,5
BRDA:615,85,0,0
BRDA:615,85,1,5
BRDA:616,86,0,4
BRDA:616,86,1,1
BRDA:619,87,0,0
BRDA:619,87,1,4
BRDA:627,88,0,0
BRDA:627,88,1,4
BRF:160
BRH:116
end_of_record
TN:
SF:src/components/locale-vizualization/locale-visualization.tsx
FN:4,(anonymous_0)
FN:23,(anonymous_1)
FN:24,(anonymous_2)
FN:38,(anonymous_3)
FN:43,(anonymous_4)
FNF:5
FNH:5
FNDA:5,(anonymous_0)
FNDA:5,(anonymous_1)
FNDA:5,(anonymous_2)
FNDA:1,(anonymous_3)
FNDA:2,(anonymous_4)
DA:2,1
DA:4,1
DA:21,5
DA:24,5
DA:25,5
DA:26,5
DA:27,5
DA:28,5
DA:29,4
DA:31,1
DA:32,0
DA:33,0
DA:35,1
DA:38,5
DA:39,1
DA:40,1
DA:43,2
DA:44,1
DA:47,5
LF:19
LH:17
BRDA:26,0,0,0
BRDA:26,0,1,5
BRDA:28,1,0,4
BRDA:31,2,0,0
BRDA:39,3,0,0
BRF:5
BRH:2
end_of_record
TN:
SF:src/components/pid-actions/pid-actions.tsx
FN:5,(anonymous_0)
FN:27,(anonymous_1)
FN:51,(anonymous_2)
FNF:3
FNH:3
FNDA:21,(anonymous_0)
FNDA:40,(anonymous_1)
FNDA:28,(anonymous_2)
DA:2,1
DA:5,1
DA:13,21
DA:25,21
DA:28,40
DA:29,21
DA:33,19
DA:36,19
DA:38,19
DA:53,28
DA:54,28
DA:57,28
DA:58,4
DA:60,2
DA:61,2
DA:63,1
DA:64,1
DA:66,1
DA:67,1
DA:69,0
DA:72,24
DA:74,14
DA:75,14
DA:77,6
DA:78,6
DA:80,4
DA:81,4
DA:83,0
DA:87,28
LF:29
LH:27
BRDA:28,0,0,21
BRDA:33,1,0,19
BRDA:33,1,1,15
BRDA:33,1,2,11
BRDA:33,1,3,11
BRDA:36,2,0,19
BRDA:36,2,1,19
BRDA:41,3,0,4
BRDA:41,3,1,15
BRDA:57,4,0,4
BRDA:57,4,1,24
BRDA:58,5,0,2
BRDA:58,5,1,1
BRDA:58,5,2,1
BRDA:58,5,3,0
BRDA:72,6,0,14
BRDA:72,6,1,6
BRDA:72,6,2,4
BRDA:72,6,3,0
BRF:19
BRH:17
end_of_record
TN:
SF:src/components/pid-collapsible/pid-collapsible.tsx
FN:43,(anonymous_0)
FN:217,(anonymous_1)
FN:252,(anonymous_2)
FN:417,(anonymous_3)
FN:429,(anonymous_4)
FN:720,(anonymous_5)
FN:134,(anonymous_6)
FN:145,(anonymous_7)
FN:149,(anonymous_8)
FN:158,(anonymous_9)
FN:182,(anonymous_10)
FN:192,(anonymous_11)
FN:224,(anonymous_12)
FN:237,(anonymous_13)
FN:264,(anonymous_14)
FN:275,(anonymous_15)
FN:276,(anonymous_16)
FN:281,(anonymous_17)
FN:341,(anonymous_18)
FN:354,(anonymous_19)
FN:379,(anonymous_20)
FN:396,(anonymous_21)
FN:410,(anonymous_22)
FN:441,(anonymous_23)
FN:444,(anonymous_24)
FN:452,(anonymous_25)
FN:455,(anonymous_26)
FN:460,(anonymous_27)
FN:489,(anonymous_28)
FN:503,(anonymous_29)
FN:507,(anonymous_30)
FN:525,(anonymous_31)
FN:567,(anonymous_32)
FN:584,(anonymous_33)
FN:627,(anonymous_34)
FN:639,(anonymous_35)
FN:693,(anonymous_36)
FN:712,(anonymous_37)
FN:714,(anonymous_38)
FN:728,(anonymous_39)
FN:758,(anonymous_40)
FN:764,(anonymous_41)
FN:766,(anonymous_42)
FN:775,(anonymous_43)
FN:808,(anonymous_44)
FN:828,(anonymous_45)
FN:875,(anonymous_46)
FN:895,(anonymous_47)
FN:911,(anonymous_48)
FN:924,(anonymous_49)
FN:938,(anonymous_50)
FN:946,(anonymous_51)
FNF:52
FNH:33
FNDA:33,(anonymous_0)
FNDA:0,(anonymous_1)
FNDA:0,(anonymous_2)
FNDA:0,(anonymous_3)
FNDA:0,(anonymous_4)
FNDA:0,(anonymous_5)
FNDA:5,(anonymous_6)
FNDA:0,(anonymous_7)
FNDA:33,(anonymous_8)
FNDA:33,(anonymous_9)
FNDA:1,(anonymous_10)
FNDA:33,(anonymous_11)
FNDA:33,(anonymous_12)
FNDA:1,(anonymous_13)
FNDA:4,(anonymous_14)
FNDA:3,(anonymous_15)
FNDA:0,(anonymous_16)
FNDA:0,(anonymous_17)
FNDA:33,(anonymous_18)
FNDA:0,(anonymous_19)
FNDA:0,(anonymous_20)
FNDA:33,(anonymous_21)
FNDA:30,(anonymous_22)
FNDA:33,(anonymous_23)
FNDA:0,(anonymous_24)
FNDA:1,(anonymous_25)
FNDA:0,(anonymous_26)
FNDA:1,(anonymous_27)
FNDA:38,(anonymous_28)
FNDA:38,(anonymous_29)
FNDA:456,(anonymous_30)
FNDA:8,(anonymous_31)
FNDA:8,(anonymous_32)
FNDA:8,(anonymous_33)
FNDA:0,(anonymous_34)
FNDA:30,(anonymous_35)
FNDA:8,(anonymous_36)
FNDA:38,(anonymous_37)
FNDA:2,(anonymous_38)
FNDA:0,(anonymous_39)
FNDA:0,(anonymous_40)
FNDA:0,(anonymous_41)
FNDA:0,(anonymous_42)
FNDA:46,(anonymous_43)
FNDA:46,(anonymous_44)
FNDA:46,(anonymous_45)
FNDA:46,(anonymous_46)
FNDA:46,(anonymous_47)
FNDA:46,(anonymous_48)
FNDA:46,(anonymous_49)
FNDA:0,(anonymous_50)
FNDA:0,(anonymous_51)
DA:2,1
DA:7,1
DA:20,1
DA:31,1
DA:43,1
DA:55,33
DA:60,33
DA:67,33
DA:82,33
DA:87,33
DA:109,33
DA:122,33
DA:125,33
DA:128,33
DA:135,5
DA:138,5
DA:146,0
DA:151,33
DA:152,33
DA:155,33
DA:159,33
DA:160,33
DA:161,33
DA:162,33
DA:177,33
DA:178,0
DA:183,1
DA:186,1
DA:194,33
DA:196,33
DA:199,33
DA:202,33
DA:203,33
DA:204,0
DA:206,0
DA:210,0
DA:217,33
DA:218,0
DA:225,33
DA:226,4
DA:227,29
DA:228,2
DA:229,27
DA:230,27
DA:238,1
DA:239,1
DA:240,1
DA:241,0
DA:243,0
DA:252,33
DA:254,0
DA:255,0
DA:265,4
DA:267,3
DA:271,3
DA:272,0
DA:275,3
DA:276,3
DA:277,0
DA:281,0
DA:283,0
DA:284,0
DA:286,0
DA:287,0
DA:291,0
DA:292,0
DA:295,0
DA:296,0
DA:297,0
DA:299,0
DA:300,0
DA:303,0
DA:306,0
DA:309,0
DA:310,0
DA:312,0
DA:316,0
DA:317,0
DA:320,0
DA:321,0
DA:324,0
DA:327,0
DA:328,0
DA:330,0
DA:335,1
DA:343,33
DA:344,0
DA:345,0
DA:349,33
DA:350,0
DA:354,33
DA:356,0
DA:359,0
DA:360,0
DA:362,0
DA:363,0
DA:366,0
DA:367,0
DA:371,0
DA:374,0
DA:375,0
DA:379,0
DA:381,0
DA:382,0
DA:383,0
DA:388,33
DA:389,5
DA:397,33
DA:398,33
DA:400,33
DA:401,33
DA:404,33
DA:411,30
DA:417,33
DA:419,0
DA:421,0
DA:422,0
DA:423,0
DA:426,0
DA:429,0
DA:430,0
DA:443,33
DA:444,33
DA:445,0
DA:454,1
DA:455,1
DA:456,0
DA:462,1
DA:463,0
DA:464,0
DA:468,1
DA:469,1
DA:470,1
DA:474,1
DA:477,1
DA:478,1
DA:479,1
DA:480,1
DA:481,1
DA:491,38
DA:493,38
DA:494,8
DA:496,30
DA:505,38
DA:507,38
DA:508,456
DA:509,113
DA:514,38
DA:515,38
DA:516,38
DA:517,38
DA:518,38
DA:519,38
DA:526,8
DA:528,8
DA:529,8
DA:530,0
DA:534,8
DA:537,8
DA:538,8
DA:541,8
DA:544,8
DA:545,8
DA:546,8
DA:547,8
DA:548,8
DA:552,8
DA:553,8
DA:556,8
DA:557,8
DA:560,0
DA:568,8
DA:569,8
DA:570,8
DA:573,8
DA:574,8
DA:575,8
DA:577,8
DA:586,8
DA:588,8
DA:594,8
DA:596,0
DA:597,8
DA:599,0
DA:608,8
DA:612,8
DA:613,8
DA:615,8
DA:616,0
DA:618,8
DA:622,8
DA:623,8
DA:627,8
DA:628,0
DA:629,0
DA:632,0
DA:641,30
DA:642,0
DA:643,0
DA:645,30
DA:646,0
DA:647,0
DA:651,30
DA:652,2
DA:656,30
DA:657,30
DA:660,30
DA:663,30
DA:666,30
DA:667,30
DA:668,30
DA:669,30
DA:672,30
DA:674,0
DA:675,0
DA:679,30
DA:682,30
DA:685,30
DA:686,30
DA:694,8
DA:696,8
DA:699,8
DA:700,8
DA:701,8
DA:702,8
DA:703,8
DA:705,0
DA:713,38
DA:714,38
DA:720,33
DA:721,0
DA:722,0
DA:730,0
DA:733,0
DA:734,0
DA:735,0
DA:736,0
DA:740,0
DA:741,0
DA:742,0
DA:743,0
DA:747,0
DA:748,0
DA:751,0
DA:754,0
DA:757,0
DA:758,0
DA:759,0
DA:764,0
DA:765,0
DA:766,0
DA:767,0
DA:776,46
DA:779,46
DA:781,4
DA:782,1
DA:784,3
DA:789,46
DA:791,16
DA:794,30
DA:798,46
DA:799,4
DA:802,46
DA:809,46
DA:811,46
DA:812,16
DA:814,30
DA:818,46
DA:819,4
DA:822,46
DA:829,46
DA:849,46
DA:850,16
DA:851,16
DA:852,0
DA:853,0
DA:854,0
DA:857,16
DA:858,16
DA:859,0
DA:863,30
DA:867,46
DA:869,46
DA:876,46
DA:878,46
DA:879,16
DA:881,30
DA:885,46
DA:886,4
DA:889,46
DA:896,46
DA:899,46
DA:900,4
DA:902,42
DA:905,46
DA:912,46
DA:915,46
DA:916,4
DA:918,42
DA:921,46
DA:925,46
DA:926,46
DA:927,46
DA:928,46
DA:929,46
DA:930,46
DA:932,46
DA:939,0
DA:940,0
DA:947,0
DA:948,0
LF:311
LH:201
BRDA:419,0,0,0
BRDA:419,1,0,0
BRDA:419,1,1,0
BRDA:721,2,0,0
BRDA:138,3,0,3
BRDA:151,4,0,33
BRDA:151,4,1,33
BRDA:152,5,0,33
BRDA:152,5,1,33
BRDA:177,6,0,0
BRDA:194,7,0,33
BRDA:194,7,1,0
BRDA:202,8,0,33
BRDA:202,8,1,0
BRDA:204,9,0,0
BRDA:225,10,0,4
BRDA:225,10,1,29
BRDA:227,11,0,2
BRDA:227,11,1,27
BRDA:229,12,0,27
BRDA:229,13,0,27
BRDA:229,13,1,27
BRDA:238,14,0,1
BRDA:239,15,0,1
BRDA:239,15,1,0
BRDA:241,16,0,0
BRDA:265,17,0,3
BRDA:271,18,0,0
BRDA:284,19,0,0
BRDA:284,19,1,0
BRDA:292,20,0,0
BRDA:292,20,1,0
BRDA:295,21,0,0
BRDA:295,21,1,0
BRDA:297,22,0,0
BRDA:297,22,1,0
BRDA:297,23,0,0
BRDA:297,23,1,0
BRDA:299,24,0,0
BRDA:299,24,1,0
BRDA:300,25,0,0
BRDA:300,25,1,0
BRDA:309,26,0,0
BRDA:309,26,1,0
BRDA:309,27,0,0
BRDA:309,27,1,0
BRDA:310,28,0,0
BRDA:310,28,1,0
BRDA:343,29,0,0
BRDA:349,30,0,0
BRDA:356,31,0,0
BRDA:360,32,0,0
BRDA:366,33,0,0
BRDA:366,34,0,0
BRDA:366,34,1,0
BRDA:374,35,0,0
BRDA:388,36,0,5
BRDA:398,37,0,0
BRDA:401,38,0,0
BRDA:411,39,0,30
BRDA:411,39,1,0
BRDA:462,40,0,0
BRDA:468,41,0,1
BRDA:478,42,0,1
BRDA:480,43,0,1
BRDA:493,44,0,8
BRDA:493,44,1,30
BRDA:508,45,0,113
BRDA:529,46,0,0
BRDA:545,47,0,8
BRDA:556,48,0,8
BRDA:569,49,0,8
BRDA:569,49,1,8
BRDA:569,50,0,0
BRDA:569,50,1,8
BRDA:569,51,0,8
BRDA:569,51,1,8
BRDA:570,52,0,8
BRDA:570,52,1,8
BRDA:570,53,0,0
BRDA:570,53,1,8
BRDA:570,54,0,8
BRDA:570,54,1,8
BRDA:573,55,0,1
BRDA:573,55,1,7
BRDA:594,56,0,0
BRDA:594,56,1,8
BRDA:597,57,0,0
BRDA:597,57,1,8
BRDA:612,58,0,1
BRDA:612,58,1,7
BRDA:615,59,0,0
BRDA:615,59,1,8
BRDA:641,60,0,0
BRDA:641,61,0,30
BRDA:641,61,1,0
BRDA:645,62,0,0
BRDA:645,63,0,30
BRDA:645,63,1,0
BRDA:651,64,0,2
BRDA:651,65,0,30
BRDA:651,65,1,28
BRDA:672,66,0,0
BRDA:685,67,0,30
BRDA:735,68,0,0
BRDA:741,69,0,0
BRDA:757,70,0,0
BRDA:757,71,0,0
BRDA:757,71,1,0
BRDA:779,72,0,4
BRDA:781,73,0,1
BRDA:781,73,1,3
BRDA:789,74,0,16
BRDA:789,74,1,30
BRDA:798,75,0,4
BRDA:811,76,0,16
BRDA:811,76,1,30
BRDA:818,77,0,4
BRDA:849,78,0,16
BRDA:849,78,1,30
BRDA:851,79,0,0
BRDA:851,79,1,16
BRDA:853,80,0,0
BRDA:858,81,0,0
BRDA:878,82,0,16
BRDA:878,82,1,30
BRDA:885,83,0,4
BRDA:899,84,0,4
BRDA:899,84,1,42
BRDA:915,85,0,4
BRDA:915,85,1,42
BRDA:952,86,0,16
BRDA:952,86,1,30
BRDA:953,87,0,46
BRDA:953,87,1,4
BRDA:956,88,0,1
BRDA:956,88,1,3
BRDA:971,89,0,16
BRDA:971,89,1,30
BRDA:984,90,0,46
BRDA:984,90,1,3
BRDA:984,90,2,2
BRDA:987,91,0,0
BRDA:987,91,1,2
BRF:144
BRH:81
end_of_record
TN:
SF:src/components/pid-component/pid-component.tsx
FN:212,(anonymous_0)
FN:301,(anonymous_1)
FN:315,(anonymous_2)
FN:573,(anonymous_3)
FN:604,(anonymous_4)
FN:216,(anonymous_5)
FN:222,(anonymous_6)
FN:233,(anonymous_7)
FN:244,(anonymous_8)
FN:250,(anonymous_9)
FN:262,(anonymous_10)
FN:273,(anonymous_11)
FN:278,(anonymous_12)
FN:289,(anonymous_13)
FN:333,(anonymous_14)
FN:342,(anonymous_15)
FN:353,(anonymous_16)
FN:363,(anonymous_17)
FN:379,(anonymous_18)
FN:423,(anonymous_19)
FN:425,(anonymous_20)
FN:430,(anonymous_21)
FN:482,(anonymous_22)
FN:483,(anonymous_23)
FN:488,(anonymous_24)
FN:507,(anonymous_25)
FN:508,(anonymous_26)
FN:513,(anonymous_27)
FN:523,(anonymous_28)
FN:548,(anonymous_29)
FN:580,(anonymous_30)
FN:593,(anonymous_31)
FN:613,(anonymous_32)
FN:622,(anonymous_33)
FN:630,(anonymous_34)
FN:726,(anonymous_35)
FN:761,(anonymous_36)
FN:785,(anonymous_37)
FN:786,(anonymous_38)
FNF:39
FNH:12
FNDA:35,(anonymous_0)
FNDA:0,(anonymous_1)
FNDA:0,(anonymous_2)
FNDA:0,(anonymous_3)
FNDA:0,(anonymous_4)
FNDA:35,(anonymous_5)
FNDA:35,(anonymous_6)
FNDA:70,(anonymous_7)
FNDA:0,(anonymous_8)
FNDA:0,(anonymous_9)
FNDA:0,(anonymous_10)
FNDA:0,(anonymous_11)
FNDA:0,(anonymous_12)
FNDA:0,(anonymous_13)
FNDA:106,(anonymous_14)
FNDA:37,(anonymous_15)
FNDA:0,(anonymous_16)
FNDA:0,(anonymous_17)
FNDA:35,(anonymous_18)
FNDA:0,(anonymous_19)
FNDA:0,(anonymous_20)
FNDA:0,(anonymous_21)
FNDA:0,(anonymous_22)
FNDA:0,(anonymous_23)
FNDA:0,(anonymous_24)
FNDA:0,(anonymous_25)
FNDA:0,(anonymous_26)
FNDA:0,(anonymous_27)
FNDA:36,(anonymous_28)
FNDA:35,(anonymous_29)
FNDA:35,(anonymous_30)
FNDA:36,(anonymous_31)
FNDA:0,(anonymous_32)
FNDA:38,(anonymous_33)
FNDA:0,(anonymous_34)
FNDA:0,(anonymous_35)
FNDA:0,(anonymous_36)
FNDA:0,(anonymous_37)
FNDA:0,(anonymous_38)
DA:2,1
DA:6,1
DA:7,1
DA:9,1
DA:44,35
DA:59,35
DA:67,35
DA:75,35
DA:94,35
DA:103,35
DA:113,35
DA:135,35
DA:159,35
DA:169,35
DA:174,35
DA:182,35
DA:187,35
DA:195,35
DA:200,35
DA:205,35
DA:210,35
DA:213,35
DA:218,35
DA:222,35
DA:223,35
DA:224,35
DA:225,0
DA:234,70
DA:235,35
DA:245,0
DA:247,0
DA:250,0
DA:251,0
DA:252,0
DA:253,0
DA:263,0
DA:266,0
DA:274,0
DA:280,0
DA:290,0
DA:291,0
DA:293,0
DA:301,35
DA:303,0
DA:305,0
DA:307,0
DA:309,0
DA:311,0
DA:312,0
DA:315,0
DA:316,0
DA:317,0
DA:318,0
DA:324,0
DA:335,106
DA:336,106
DA:337,0
DA:343,37
DA:344,2
DA:345,2
DA:355,0
DA:358,0
DA:360,0
DA:363,0
DA:364,0
DA:365,0
DA:367,0
DA:371,0
DA:381,35
DA:384,35
DA:387,35
DA:390,35
DA:391,35
DA:401,35
DA:402,35
DA:403,35
DA:405,0
DA:406,0
DA:409,0
DA:413,35
DA:414,35
DA:423,0
DA:425,0
DA:426,0
DA:430,0
DA:431,0
DA:432,0
DA:434,0
DA:441,35
DA:442,2
DA:443,2
DA:444,1
DA:445,0
DA:446,0
DA:449,1
DA:450,1
DA:455,35
DA:456,35
DA:457,0
DA:459,0
DA:461,0
DA:462,0
DA:463,0
DA:464,0
DA:465,0
DA:468,0
DA:470,35
DA:471,35
DA:472,35
DA:473,35
DA:474,35
DA:475,35
DA:479,0
DA:481,0
DA:482,0
DA:483,0
DA:484,0
DA:487,0
DA:488,0
DA:490,0
DA:491,0
DA:494,0
DA:495,0
DA:498,0
DA:499,0
DA:503,0
DA:506,0
DA:507,0
DA:508,0
DA:509,0
DA:512,0
DA:513,0
DA:515,0
DA:516,0
DA:525,36
DA:526,36
DA:527,36
DA:530,36
DA:531,0
DA:532,0
DA:536,36
DA:543,35
DA:550,35
DA:552,35
DA:555,35
DA:558,35
DA:559,35
DA:560,0
DA:562,0
DA:566,0
DA:573,35
DA:574,0
DA:581,35
DA:582,2
DA:583,33
DA:584,31
DA:585,2
DA:586,2
DA:594,36
DA:595,36
DA:596,36
DA:597,0
DA:599,0
DA:604,35
DA:605,0
DA:606,0
DA:607,0
DA:614,0
DA:615,0
DA:616,0
DA:624,38
DA:625,0
DA:626,0
DA:627,0
DA:630,0
DA:631,0
DA:632,0
DA:633,0
DA:635,0
DA:643,38
DA:644,0
DA:647,38
DA:726,0
DA:761,0
DA:785,0
DA:786,0
LF:186
LH:83
BRDA:303,0,0,0
BRDA:309,1,0,0
BRDA:309,1,1,0
BRDA:311,2,0,0
BRDA:311,3,0,0
BRDA:311,3,1,0
BRDA:317,4,0,0
BRDA:317,5,0,0
BRDA:317,5,1,0
BRDA:224,6,0,0
BRDA:224,7,0,35
BRDA:224,7,1,0
BRDA:234,8,0,35
BRDA:252,9,0,0
BRDA:252,10,0,0
BRDA:252,10,1,0
BRDA:263,11,0,0
BRDA:263,11,1,0
BRDA:274,12,0,0
BRDA:274,12,1,0
BRDA:290,13,0,0
BRDA:290,13,1,0
BRDA:336,14,0,0
BRDA:336,15,0,106
BRDA:336,15,1,106
BRDA:343,16,0,2
BRDA:358,17,0,0
BRDA:360,18,0,0
BRDA:360,18,1,0
BRDA:364,19,0,0
BRDA:364,19,1,0
BRDA:401,20,0,35
BRDA:401,20,1,0
BRDA:401,21,0,35
BRDA:401,21,1,35
BRDA:413,22,0,35
BRDA:413,22,1,0
BRDA:425,23,0,0
BRDA:431,24,0,0
BRDA:431,24,1,0
BRDA:441,25,0,2
BRDA:441,26,0,35
BRDA:441,26,1,2
BRDA:444,27,0,0
BRDA:459,28,0,0
BRDA:479,29,0,0
BRDA:482,30,0,0
BRDA:482,30,1,0
BRDA:482,31,0,0
BRDA:482,31,1,0
BRDA:482,32,0,0
BRDA:482,32,1,0
BRDA:483,33,0,0
BRDA:490,34,0,0
BRDA:491,35,0,0
BRDA:494,36,0,0
BRDA:495,37,0,0
BRDA:498,38,0,0
BRDA:498,39,0,0
BRDA:498,39,1,0
BRDA:507,40,0,0
BRDA:507,40,1,0
BRDA:507,41,0,0
BRDA:507,41,1,0
BRDA:507,42,0,0
BRDA:507,42,1,0
BRDA:508,43,0,0
BRDA:530,44,0,0
BRDA:550,45,0,35
BRDA:550,45,1,0
BRDA:558,46,0,35
BRDA:558,46,1,0
BRDA:560,47,0,0
BRDA:581,48,0,2
BRDA:581,48,1,33
BRDA:583,49,0,31
BRDA:583,49,1,2
BRDA:585,50,0,2
BRDA:585,51,0,2
BRDA:585,51,1,2
BRDA:594,52,0,36
BRDA:595,53,0,36
BRDA:595,53,1,0
BRDA:597,54,0,0
BRDA:616,55,0,0
BRDA:616,55,1,0
BRDA:624,56,0,0
BRDA:625,57,0,0
BRDA:625,58,0,0
BRDA:625,58,1,0
BRDA:632,59,0,0
BRDA:632,60,0,0
BRDA:632,60,1,0
BRDA:643,61,0,0
BRDA:655,62,0,38
BRDA:655,62,1,0
BRDA:655,63,0,38
BRDA:655,63,1,38
BRDA:655,63,2,38
BRDA:655,63,3,0
BRDA:655,64,0,38
BRDA:655,64,1,0
BRDA:655,65,0,38
BRDA:655,65,1,38
BRDA:656,66,0,0
BRDA:656,66,1,38
BRDA:656,67,0,38
BRDA:656,67,1,0
BRDA:660,68,0,0
BRDA:660,68,1,0
BRDA:663,69,0,0
BRDA:663,69,1,0
BRDA:663,70,0,0
BRDA:663,70,1,0
BRDA:664,71,0,0
BRDA:664,71,1,0
BRDA:667,72,0,0
BRDA:667,72,1,0
BRDA:671,73,0,0
BRDA:671,73,1,0
BRDA:671,74,0,0
BRDA:671,74,1,0
BRDA:671,75,0,0
BRDA:671,75,1,0
BRDA:680,76,0,0
BRDA:680,76,1,0
BRDA:683,77,0,0
BRDA:683,77,1,0
BRDA:683,78,0,0
BRDA:683,78,1,0
BRDA:688,79,0,0
BRDA:688,79,1,0
BRDA:688,80,0,0
BRDA:688,80,1,0
BRDA:697,81,0,35
BRDA:697,81,1,3
BRDA:720,82,0,0
BRDA:720,82,1,0
BRDA:733,83,0,0
BRDA:733,83,1,0
BRDA:736,84,0,0
BRDA:736,84,1,0
BRDA:736,85,0,0
BRDA:736,85,1,0
BRDA:739,86,0,0
BRDA:739,86,1,0
BRDA:739,87,0,0
BRDA:739,87,1,0
BRDA:739,87,2,0
BRDA:739,87,3,0
BRDA:750,88,0,0
BRDA:750,88,1,0
BRDA:769,89,0,0
BRDA:769,89,1,0
BRDA:775,90,0,0
BRDA:775,90,1,0
BRDA:775,91,0,0
BRDA:775,91,1,0
BRDA:778,92,0,0
BRDA:778,92,1,0
BRDA:779,93,0,0
BRDA:779,93,1,0
BRDA:794,94,0,0
BRDA:794,94,1,0
BRF:164
BRH:34
end_of_record
TN:
SF:src/components/pid-data-table/pid-data-table.tsx
FN:5,(anonymous_0)
FN:91,(anonymous_1)
FN:92,(anonymous_2)
FN:110,(anonymous_3)
FN:112,(anonymous_4)
FN:113,(anonymous_5)
FN:123,(anonymous_6)
FN:130,(anonymous_7)
FN:132,(anonymous_8)
FN:137,(anonymous_9)
FN:185,(anonymous_10)
FN:204,(anonymous_11)
FNF:12
FNH:11
FNDA:19,(anonymous_0)
FNDA:59,(anonymous_1)
FNDA:251,(anonymous_2)
FNDA:78,(anonymous_3)
FNDA:20,(anonymous_4)
FNDA:1,(anonymous_5)
FNDA:19,(anonymous_6)
FNDA:19,(anonymous_7)
FNDA:19,(anonymous_8)
FNDA:51,(anonymous_9)
FNDA:82,(anonymous_10)
FNDA:0,(anonymous_11)
DA:2,1
DA:5,1
DA:17,19
DA:21,19
DA:26,19
DA:31,19
DA:36,19
DA:41,19
DA:46,19
DA:51,19
DA:56,19
DA:61,19
DA:68,19
DA:83,19
DA:92,59
DA:93,251
DA:97,59
DA:98,59
DA:99,1
DA:103,59
DA:112,78
DA:113,20
DA:114,1
DA:115,1
DA:117,0
DA:124,19
DA:132,19
DA:133,19
DA:139,51
DA:141,51
DA:142,19
DA:158,32
DA:186,82
DA:204,0
LF:34
LH:32
BRDA:93,0,0,251
BRDA:93,0,1,201
BRDA:98,1,0,1
BRDA:98,2,0,59
BRDA:98,2,1,20
BRDA:115,3,0,0
BRDA:115,4,0,1
BRDA:115,4,1,0
BRDA:139,5,0,51
BRDA:139,5,1,48
BRDA:139,5,2,48
BRDA:139,5,3,48
BRDA:141,6,0,19
BRDA:145,7,0,1
BRDA:145,7,1,18
BRDA:161,8,0,2
BRDA:161,8,1,30
BRDA:170,9,0,2
BRDA:170,9,1,30
BRDA:184,10,0,2
BRDA:184,10,1,30
BRDA:189,11,0,4
BRDA:189,11,1,78
BRDA:190,12,0,2
BRDA:190,12,1,2
BRDA:191,13,0,48
BRDA:191,13,1,30
BRDA:197,14,0,82
BRDA:197,14,1,2
BRDA:217,15,0,2
BRDA:217,15,1,80
BRDA:217,16,0,82
BRDA:217,16,1,4
BRDA:217,16,2,4
BRDA:228,17,0,0
BRDA:228,17,1,80
BRDA:228,18,0,80
BRDA:228,18,1,80
BRDA:228,18,2,0
BRDA:248,19,0,4
BRDA:248,19,1,78
BRF:41
BRH:37
end_of_record
TN:
SF:src/components/pid-pagination/pid-pagination.tsx
FN:4,(anonymous_0)
FN:58,(anonymous_1)
FN:65,(anonymous_2)
FN:77,(anonymous_3)
FN:82,(anonymous_4)
FN:93,(anonymous_5)
FN:100,(anonymous_6)
FN:112,(anonymous_7)
FN:118,(anonymous_8)
FN:158,(anonymous_9)
FN:196,(anonymous_10)
FN:199,(anonymous_11)
FN:227,(anonymous_12)
FN:248,(anonymous_13)
FN:275,(anonymous_14)
FN:295,(anonymous_15)
FNF:16
FNH:14
FNDA:28,(anonymous_0)
FNDA:5,(anonymous_1)
FNDA:0,(anonymous_2)
FNDA:1,(anonymous_3)
FNDA:0,(anonymous_4)
FNDA:113,(anonymous_5)
FNDA:52,(anonymous_6)
FNDA:29,(anonymous_7)
FNDA:72,(anonymous_8)
FNDA:28,(anonymous_9)
FNDA:125,(anonymous_10)
FNDA:1,(anonymous_11)
FNDA:1,(anonymous_12)
FNDA:111,(anonymous_13)
FNDA:1,(anonymous_14)
FNDA:2,(anonymous_15)
DA:2,1
DA:4,1
DA:16,28
DA:21,28
DA:26,28
DA:31,28
DA:36,28
DA:43,28
DA:58,28
DA:59,5
DA:60,4
DA:65,4
DA:66,0
DA:67,0
DA:68,0
DA:77,28
DA:78,1
DA:82,1
DA:83,0
DA:84,0
DA:85,0
DA:94,113
DA:101,52
DA:102,0
DA:104,52
DA:105,52
DA:106,52
DA:113,29
DA:114,29
DA:116,29
DA:118,72
DA:122,9
DA:125,9
DA:126,9
DA:129,9
DA:130,4
DA:131,4
DA:133,0
DA:138,9
DA:139,5
DA:143,9
DA:144,27
DA:148,9
DA:149,9
DA:153,9
DA:155,9
DA:159,28
DA:160,2
DA:163,26
DA:164,26
DA:167,26
DA:170,26
DA:172,26
DA:197,125
DA:199,1
DA:227,1
DA:250,111
DA:251,10
DA:268,101
DA:269,101
DA:270,101
DA:272,101
DA:275,1
DA:295,2
LF:64
LH:56
BRDA:59,0,0,4
BRDA:59,1,0,5
BRDA:59,1,1,4
BRDA:67,2,0,0
BRDA:67,3,0,0
BRDA:67,3,1,0
BRDA:84,4,0,0
BRDA:84,5,0,0
BRDA:84,5,1,0
BRDA:101,6,0,0
BRDA:116,7,0,20
BRDA:129,8,0,4
BRDA:130,9,0,4
BRDA:130,9,1,0
BRDA:138,10,0,5
BRDA:148,11,0,9
BRDA:159,12,0,2
BRDA:167,13,0,26
BRDA:167,13,1,26
BRDA:167,13,2,26
BRDA:167,13,3,26
BRDA:174,14,0,0
BRDA:174,14,1,26
BRDA:184,15,0,0
BRDA:184,15,1,26
BRDA:186,16,0,26
BRDA:186,16,1,25
BRDA:188,17,0,0
BRDA:188,17,1,25
BRDA:192,18,0,0
BRDA:192,18,1,25
BRDA:201,19,0,25
BRDA:201,19,1,100
BRDA:201,20,0,0
BRDA:201,20,1,100
BRDA:204,21,0,25
BRDA:204,21,1,100
BRDA:205,22,0,25
BRDA:205,22,1,100
BRDA:216,23,0,0
BRDA:216,23,1,26
BRDA:222,24,0,26
BRDA:222,24,1,25
BRDA:230,25,0,0
BRDA:230,25,1,25
BRDA:250,26,0,10
BRDA:255,27,0,0
BRDA:255,27,1,10
BRDA:277,28,0,25
BRDA:277,28,1,76
BRDA:280,29,0,0
BRDA:280,29,1,76
BRDA:284,30,0,25
BRDA:284,30,1,76
BRDA:298,31,0,0
BRDA:298,31,1,25
BRF:56
BRH:38
end_of_record
TN:
SF:src/components/pid-tooltip/pid-tooltip.tsx
FN:4,(anonymous_0)
FN:73,(anonymous_1)
FN:76,(anonymous_2)
FN:82,(anonymous_3)
FN:90,(anonymous_4)
FN:103,(anonymous_5)
FN:60,(anonymous_6)
FN:135,(anonymous_7)
FN:145,(anonymous_8)
FN:201,(anonymous_9)
FN:226,(anonymous_10)
FN:233,(anonymous_11)
FN:251,(anonymous_12)
FN:281,(anonymous_13)
FN:305,(anonymous_14)
FN:348,(anonymous_15)
FN:365,(anonymous_16)
FN:379,(anonymous_17)
FNF:18
FNH:13
FNDA:33,(anonymous_0)
FNDA:3,(anonymous_1)
FNDA:2,(anonymous_2)
FNDA:5,(anonymous_3)
FNDA:2,(anonymous_4)
FNDA:0,(anonymous_5)
FNDA:0,(anonymous_6)
FNDA:33,(anonymous_7)
FNDA:2,(anonymous_8)
FNDA:0,(anonymous_9)
FNDA:5,(anonymous_10)
FNDA:0,(anonymous_11)
FNDA:0,(anonymous_12)
FNDA:39,(anonymous_13)
FNDA:37,(anonymous_14)
FNDA:37,(anonymous_15)
FNDA:37,(anonymous_16)
FNDA:37,(anonymous_17)
DA:2,1
DA:4,1
DA:14,33
DA:19,33
DA:24,33
DA:29,33
DA:61,0
DA:62,0
DA:64,0
DA:65,0
DA:66,0
DA:73,33
DA:74,3
DA:76,3
DA:82,33
DA:83,5
DA:84,5
DA:90,33
DA:91,2
DA:92,2
DA:93,2
DA:94,1
DA:96,1
DA:103,33
DA:104,0
DA:105,0
DA:106,0
DA:118,33
DA:123,33
DA:128,33
DA:133,33
DA:137,33
DA:139,33
DA:146,2
DA:148,1
DA:149,1
DA:150,1
DA:152,1
DA:154,1
DA:155,1
DA:158,0
DA:161,0
DA:162,0
DA:165,0
DA:166,0
DA:170,0
DA:172,0
DA:174,0
DA:175,0
DA:177,0
DA:178,0
DA:180,0
DA:181,0
DA:183,0
DA:186,0
DA:187,0
DA:190,0
DA:191,0
DA:193,0
DA:194,0
DA:202,0
DA:205,0
DA:208,0
DA:209,0
DA:210,0
DA:213,0
DA:214,0
DA:217,0
DA:227,5
DA:230,0
DA:233,0
DA:234,0
DA:235,0
DA:239,0
DA:242,0
DA:253,0
DA:256,0
DA:257,0
DA:258,0
DA:260,0
DA:272,0
DA:274,0
DA:275,0
DA:276,0
DA:278,0
DA:283,39
DA:286,39
DA:289,39
DA:290,39
DA:292,39
DA:305,37
DA:348,37
DA:366,37
DA:368,35
DA:370,2
DA:372,0
DA:380,37
DA:385,37
DA:386,0
DA:387,0
DA:390,37
LF:101
LH:46
BRDA:93,0,0,1
BRDA:93,0,1,1
BRDA:104,1,0,0
BRDA:104,2,0,0
BRDA:104,2,1,0
BRDA:61,3,0,0
BRDA:61,4,0,0
BRDA:61,4,1,0
BRDA:64,5,0,0
BRDA:64,5,1,0
BRDA:64,6,0,0
BRDA:64,6,1,0
BRDA:137,7,0,2
BRDA:137,7,1,31
BRDA:146,8,0,1
BRDA:146,9,0,2
BRDA:146,9,1,2
BRDA:150,10,0,1
BRDA:150,10,1,1
BRDA:150,11,0,1
BRDA:150,11,1,0
BRDA:150,12,0,1
BRDA:150,12,1,0
BRDA:150,13,0,1
BRDA:150,13,1,0
BRDA:150,14,0,1
BRDA:150,14,1,0
BRDA:152,15,0,1
BRDA:154,16,0,0
BRDA:154,16,1,1
BRDA:172,17,0,0
BRDA:172,17,1,0
BRDA:172,18,0,0
BRDA:172,18,1,0
BRDA:175,19,0,0
BRDA:175,19,1,0
BRDA:175,20,0,0
BRDA:175,20,1,0
BRDA:178,21,0,0
BRDA:178,21,1,0
BRDA:178,22,0,0
BRDA:178,22,1,0
BRDA:181,23,0,0
BRDA:181,23,1,0
BRDA:190,24,0,0
BRDA:190,24,1,0
BRDA:193,25,0,0
BRDA:202,26,0,0
BRDA:205,27,0,0
BRDA:205,27,1,0
BRDA:227,28,0,5
BRDA:227,29,0,5
BRDA:227,29,1,0
BRDA:230,30,0,0
BRDA:230,30,1,0
BRDA:234,31,0,0
BRDA:283,32,0,39
BRDA:283,32,1,38
BRDA:286,33,0,4
BRDA:286,33,1,35
BRDA:290,34,0,39
BRDA:290,34,1,0
BRDA:290,35,0,39
BRDA:290,35,1,0
BRDA:295,36,0,39
BRDA:295,36,1,4
BRDA:303,37,0,39
BRDA:303,37,1,37
BRDA:308,38,0,0
BRDA:308,38,1,37
BRDA:311,39,0,4
BRDA:311,39,1,33
BRDA:313,40,0,4
BRDA:313,40,1,33
BRDA:346,41,0,39
BRDA:346,41,1,37
BRDA:351,42,0,4
BRDA:351,42,1,33
BRDA:352,43,0,0
BRDA:352,43,1,37
BRDA:366,44,0,35
BRDA:366,44,1,2
BRDA:366,44,2,0
BRDA:385,45,0,0
BRDA:385,46,0,37
BRDA:385,46,1,37
BRF:86
BRH:41
end_of_record
TN:
SF:src/rendererModules/DateType.tsx
FN:17,(anonymous_0)
FN:25,(anonymous_1)
FN:29,(anonymous_2)
FN:33,(anonymous_3)
FN:38,(anonymous_4)
FNF:5
FNH:4
FNDA:1,(anonymous_0)
FNDA:11,(anonymous_1)
FNDA:2,(anonymous_2)
FNDA:1,(anonymous_3)
FNDA:0,(anonymous_4)
DA:2,6
DA:3,6
DA:9,6
DA:18,1
DA:21,6
DA:26,11
DA:30,2
DA:34,1
DA:35,1
DA:39,0
LF:10
LH:9
BRF:0
BRH:0
end_of_record
TN:
SF:src/rendererModules/EmailType.tsx
FN:10,(anonymous_0)
FN:16,(anonymous_1)
FN:22,(anonymous_2)
FN:26,(anonymous_3)
FN:30,(anonymous_4)
FN:36,(anonymous_5)
FN:37,(anonymous_6)
FNF:7
FNH:7
FNDA:1,(anonymous_0)
FNDA:10,(anonymous_1)
FNDA:1,(anonymous_2)
FNDA:2,(anonymous_3)
FNDA:2,(anonymous_4)
FNDA:3,(anonymous_5)
FNDA:3,(anonymous_6)
DA:2,6
DA:3,6
DA:9,6
DA:11,1
DA:14,6
DA:18,10
DA:19,10
DA:23,1
DA:27,2
DA:32,2
DA:36,3
DA:38,3
LF:12
LH:12
BRDA:19,0,0,10
BRDA:19,0,1,9
BRF:2
BRH:2
end_of_record
TN:
SF:src/rendererModules/FallbackType.tsx
FN:10,(anonymous_0)
FN:14,(anonymous_1)
FN:18,(anonymous_2)
FN:22,(anonymous_3)
FN:26,(anonymous_4)
FNF:5
FNH:4
FNDA:3,(anonymous_0)
FNDA:1,(anonymous_1)
FNDA:1,(anonymous_2)
FNDA:0,(anonymous_3)
FNDA:1,(anonymous_4)
DA:2,6
DA:3,6
DA:9,6
DA:11,3
DA:15,1
DA:19,1
DA:23,0
DA:27,1
LF:8
LH:7
BRF:0
BRH:0
end_of_record
TN:
SF:src/rendererModules/JSONType.tsx
FN:14,(anonymous_0)
FN:17,(anonymous_1)
FN:49,(anonymous_2)
FN:53,(anonymous_3)
FN:62,(anonymous_4)
FN:66,(anonymous_5)
FN:74,(anonymous_6)
FN:78,(anonymous_7)
FN:113,(anonymous_8)
FN:115,(anonymous_9)
FNF:10
FNH:9
FNDA:21,(anonymous_0)
FNDA:17,(anonymous_1)
FNDA:1,(anonymous_2)
FNDA:12,(anonymous_3)
FNDA:1,(anonymous_4)
FNDA:3,(anonymous_5)
FNDA:1,(anonymous_6)
FNDA:3,(anonymous_7)
FNDA:2,(anonymous_8)
FNDA:0,(anonymous_9)
DA:2,6
DA:3,6
DA:4,6
DA:14,6
DA:15,21
DA:18,17
DA:19,16
DA:20,16
DA:22,0
DA:23,0
DA:27,16
DA:28,0
DA:32,16
DA:35,16
DA:36,1
DA:37,1
DA:40,15
DA:41,12
DA:43,3
DA:46,16
DA:50,1
DA:54,12
DA:55,12
DA:56,2
DA:59,10
DA:63,1
DA:70,3
DA:71,3
DA:75,1
DA:79,3
DA:81,3
DA:82,1
DA:86,2
DA:87,2
DA:89,2
DA:90,2
DA:91,2
DA:106,0
DA:114,2
DA:115,2
DA:117,2
DA:118,1
DA:125,1
LF:43
LH:39
BRDA:18,0,0,16
BRDA:20,1,0,0
BRDA:20,2,0,16
BRDA:20,2,1,0
BRDA:27,3,0,0
BRDA:35,4,0,1
BRDA:43,5,0,3
BRDA:43,5,1,0
BRDA:55,6,0,2
BRDA:59,7,0,10
BRDA:59,7,1,8
BRDA:81,8,0,1
BRDA:86,9,0,2
BRDA:86,9,1,2
BRDA:89,10,0,2
BRDA:94,11,0,1
BRDA:94,11,1,1
BRDA:95,12,0,1
BRDA:95,12,1,1
BRDA:97,13,0,1
BRDA:97,13,1,1
BRDA:99,14,0,1
BRDA:99,14,1,1
BRDA:115,15,0,2
BRDA:115,15,1,2
BRDA:115,16,0,2
BRDA:115,16,1,0
BRDA:115,17,0,2
BRDA:115,17,1,2
BRDA:115,18,0,2
BRDA:115,18,1,0
BRDA:115,19,0,2
BRDA:115,19,1,2
BRDA:117,20,0,1
BRF:34
BRH:28
end_of_record
TN:
SF:src/rendererModules/LocaleType.tsx
FN:10,(anonymous_0)
FN:16,(anonymous_1)
FN:20,(anonymous_2)
FN:24,(anonymous_3)
FN:28,(anonymous_4)
FNF:5
FNH:5
FNDA:1,(anonymous_0)
FNDA:8,(anonymous_1)
FNDA:1,(anonymous_2)
FNDA:2,(anonymous_3)
FNDA:1,(anonymous_4)
DA:2,6
DA:3,6
DA:9,6
DA:11,1
DA:14,6
DA:17,8
DA:21,1
DA:25,2
DA:29,1
LF:9
LH:9
BRF:0
BRH:0
end_of_record
TN:
SF:src/rendererModules/RORType.tsx
FN:12,(anonymous_0)
FN:56,(anonymous_1)
FN:67,(anonymous_2)
FN:71,(anonymous_3)
FN:79,(anonymous_4)
FN:83,(anonymous_5)
FN:96,(anonymous_6)
FN:204,(anonymous_7)
FN:246,(anonymous_8)
FNF:9
FNH:7
FNDA:14,(anonymous_0)
FNDA:1,(anonymous_1)
FNDA:8,(anonymous_2)
FNDA:1,(anonymous_3)
FNDA:5,(anonymous_4)
FNDA:6,(anonymous_5)
FNDA:5,(anonymous_6)
FNDA:0,(anonymous_7)
FNDA:0,(anonymous_8)
DA:2,6
DA:3,6
DA:4,6
DA:5,6
DA:12,6
DA:17,14
DA:40,14
DA:57,1
DA:60,6
DA:68,8
DA:72,1
DA:80,5
DA:85,6
DA:86,6
DA:89,0
DA:97,5
DA:99,5
DA:102,5
DA:103,5
DA:104,1
DA:107,4
DA:109,4
DA:112,4
DA:113,1
DA:114,1
DA:115,1
DA:117,3
DA:118,9
DA:119,9
DA:120,3
DA:121,3
DA:122,6
DA:123,3
DA:124,3
DA:125,3
DA:126,3
DA:127,0
DA:128,0
DA:134,3
DA:135,3
DA:139,3
DA:142,3
DA:143,0
DA:145,3
DA:146,3
DA:151,3
DA:152,3
DA:153,3
DA:154,3
DA:156,0
DA:162,3
DA:163,3
DA:164,3
DA:165,3
DA:166,3
DA:171,3
DA:172,3
DA:173,3
DA:175,3
DA:180,3
DA:181,3
DA:182,3
DA:183,3
DA:184,3
DA:186,3
DA:187,3
DA:188,3
DA:189,3
DA:194,1
DA:196,1
DA:206,0
DA:207,0
DA:211,0
DA:247,0
LF:74
LH:65
BRDA:85,0,0,6
BRDA:103,1,0,1
BRDA:109,2,0,0
BRDA:112,3,0,1
BRDA:112,3,1,3
BRDA:112,4,0,4
BRDA:112,4,1,4
BRDA:118,5,0,9
BRDA:118,5,1,0
BRDA:119,6,0,3
BRDA:119,6,1,6
BRDA:122,7,0,3
BRDA:122,7,1,3
BRDA:125,8,0,3
BRDA:125,8,1,0
BRDA:127,9,0,0
BRDA:139,10,0,3
BRDA:139,10,1,0
BRDA:142,11,0,0
BRDA:142,11,1,3
BRDA:142,12,0,3
BRDA:142,12,1,3
BRDA:151,13,0,3
BRDA:151,14,0,3
BRDA:151,14,1,3
BRDA:153,15,0,3
BRDA:153,15,1,0
BRDA:162,16,0,3
BRDA:162,17,0,3
BRDA:162,17,1,3
BRDA:165,18,0,3
BRDA:165,18,1,0
BRDA:171,19,0,3
BRDA:171,20,0,3
BRDA:171,20,1,3
BRDA:173,21,0,3
BRDA:173,21,1,0
BRDA:180,22,0,3
BRDA:180,23,0,3
BRDA:180,23,1,3
BRDA:183,24,0,3
BRDA:186,25,0,3
BRDA:186,26,0,3
BRDA:186,26,1,3
BRDA:206,27,0,0
BRDA:236,28,0,0
BRDA:236,28,1,0
BRF:47
BRH:35
end_of_record
TN:
SF:src/rendererModules/SPDXType.tsx
FN:29,(anonymous_0)
FN:38,(anonymous_1)
FN:49,(anonymous_2)
FN:58,(anonymous_3)
FN:100,(anonymous_4)
FN:111,(anonymous_5)
FN:147,(anonymous_6)
FN:158,(anonymous_7)
FN:165,(anonymous_8)
FN:175,(anonymous_9)
FN:200,(anonymous_10)
FN:216,(anonymous_11)
FN:217,(anonymous_12)
FN:218,(anonymous_13)
FN:250,(anonymous_14)
FN:251,(anonymous_15)
FN:252,(anonymous_16)
FN:269,(anonymous_17)
FN:276,(anonymous_18)
FN:309,(anonymous_19)
FN:323,(anonymous_20)
FN:342,(anonymous_21)
FN:354,(anonymous_22)
FN:372,(anonymous_23)
FN:383,(anonymous_24)
FN:385,(anonymous_25)
FN:399,(anonymous_26)
FN:427,(anonymous_27)
FN:442,(anonymous_28)
FN:456,(anonymous_29)
FNF:30
FNH:22
FNDA:19,(anonymous_0)
FNDA:1,(anonymous_1)
FNDA:8,(anonymous_2)
FNDA:4,(anonymous_3)
FNDA:4,(anonymous_4)
FNDA:0,(anonymous_5)
FNDA:9,(anonymous_6)
FNDA:0,(anonymous_7)
FNDA:0,(anonymous_8)
FNDA:5,(anonymous_9)
FNDA:5,(anonymous_10)
FNDA:5,(anonymous_11)
FNDA:5,(anonymous_12)
FNDA:0,(anonymous_13)
FNDA:0,(anonymous_14)
FNDA:0,(anonymous_15)
FNDA:0,(anonymous_16)
FNDA:5,(anonymous_17)
FNDA:4,(anonymous_18)
FNDA:4,(anonymous_19)
FNDA:4,(anonymous_20)
FNDA:4,(anonymous_21)
FNDA:4,(anonymous_22)
FNDA:4,(anonymous_23)
FNDA:4,(anonymous_24)
FNDA:4,(anonymous_25)
FNDA:1,(anonymous_26)
FNDA:1,(anonymous_27)
FNDA:1,(anonymous_28)
FNDA:0,(anonymous_29)
DA:2,6
DA:3,6
DA:4,6
DA:5,6
DA:22,6
DA:29,6
DA:30,19
DA:31,19
DA:32,19
DA:33,19
DA:34,19
DA:35,19
DA:36,19
DA:39,1
DA:42,6
DA:50,8
DA:60,4
DA:63,4
DA:66,4
DA:67,0
DA:73,4
DA:75,1
DA:78,3
DA:82,4
DA:85,4
DA:92,4
DA:101,4
DA:102,4
DA:104,4
DA:107,4
DA:110,4
DA:111,4
DA:113,4
DA:114,4
DA:116,4
DA:117,1
DA:118,1
DA:122,3
DA:123,3
DA:125,3
DA:127,2
DA:128,2
DA:129,2
DA:132,1
DA:133,1
DA:135,0
DA:138,0
DA:148,9
DA:152,9
DA:159,0
DA:166,0
DA:176,5
DA:178,5
DA:179,5
DA:183,5
DA:184,5
DA:186,0
DA:189,4
DA:190,4
DA:192,1
DA:193,1
DA:202,5
DA:203,5
DA:206,0
DA:217,5
DA:218,5
DA:221,5
DA:222,5
DA:223,5
DA:225,5
DA:226,5
DA:228,4
DA:229,0
DA:230,0
DA:232,0
DA:235,4
DA:238,4
DA:239,0
DA:242,1
DA:243,1
DA:251,0
DA:252,0
DA:255,0
DA:256,0
DA:257,0
DA:259,0
DA:260,0
DA:263,0
DA:270,5
DA:277,4
DA:280,4
DA:281,4
DA:284,4
DA:287,4
DA:300,4
DA:303,4
DA:310,4
DA:312,0
DA:315,0
DA:316,0
DA:324,4
DA:326,4
DA:343,4
DA:345,4
DA:346,4
DA:347,4
DA:355,4
DA:358,4
DA:361,4
DA:362,4
DA:366,4
DA:373,4
DA:376,4
DA:377,4
DA:384,4
DA:385,4
DA:386,4
DA:387,4
DA:388,4
DA:391,0
DA:401,1
DA:402,0
DA:411,1
DA:414,1
DA:415,1
DA:418,1
DA:428,1
DA:429,1
DA:431,1
DA:433,0
DA:434,0
DA:435,0
DA:443,1
DA:458,0
DA:459,0
DA:463,0
LF:136
LH:106
BRDA:50,0,0,8
BRDA:50,0,1,6
BRDA:66,1,0,0
BRDA:66,2,0,4
BRDA:66,2,1,3
BRDA:73,3,0,1
BRDA:73,3,1,3
BRDA:116,4,0,1
BRDA:125,5,0,2
BRDA:125,6,0,3
BRDA:125,6,1,3
BRDA:148,7,0,9
BRDA:148,7,1,0
BRDA:169,8,0,0
BRDA:169,8,1,0
BRDA:169,8,2,0
BRDA:178,9,0,5
BRDA:183,10,0,5
BRDA:183,10,1,0
BRDA:202,11,0,5
BRDA:202,11,1,0
BRDA:202,12,0,5
BRDA:202,12,1,5
BRDA:228,13,0,0
BRDA:228,13,1,4
BRDA:229,14,0,0
BRDA:229,14,1,0
BRDA:229,15,0,0
BRDA:229,15,1,0
BRDA:238,16,0,0
BRDA:259,17,0,0
BRDA:277,18,0,0
BRDA:291,19,0,4
BRDA:291,19,1,0
BRDA:310,20,0,4
BRDA:310,21,0,4
BRDA:310,21,1,4
BRDA:315,22,0,0
BRDA:324,23,0,0
BRDA:324,24,0,4
BRDA:324,24,1,4
BRDA:330,25,0,4
BRDA:330,25,1,0
BRDA:343,26,0,0
BRDA:343,27,0,4
BRDA:343,27,1,4
BRDA:343,27,2,4
BRDA:355,28,0,0
BRDA:361,29,0,4
BRDA:373,30,0,0
BRDA:373,31,0,4
BRDA:373,31,1,4
BRDA:373,31,2,4
BRDA:376,32,0,4
BRDA:376,32,1,0
BRDA:401,33,0,0
BRDA:401,33,1,1
BRDA:401,34,0,1
BRDA:401,34,1,1
BRDA:428,35,0,1
BRDA:428,35,1,0
BRDA:458,36,0,0
BRDA:459,37,0,0
BRDA:459,37,1,0
BRDA:466,38,0,0
BRDA:466,38,1,0
BRDA:467,39,0,0
BRDA:467,39,1,0
BRF:68
BRH:36
end_of_record
TN:
SF:src/rendererModules/URLType.tsx
FN:10,(anonymous_0)
FN:16,(anonymous_1)
FN:20,(anonymous_2)
FN:24,(anonymous_3)
FN:28,(anonymous_4)
FNF:5
FNH:5
FNDA:1,(anonymous_0)
FNDA:8,(anonymous_1)
FNDA:1,(anonymous_2)
FNDA:2,(anonymous_3)
FNDA:1,(anonymous_4)
DA:2,6
DA:3,6
DA:9,6
DA:11,1
DA:14,6
DA:17,8
DA:21,1
DA:25,2
DA:29,1
LF:9
LH:9
BRF:0
BRH:0
end_of_record
TN:
SF:src/rendererModules/DOI/CitationStyles.ts
FN:6,(anonymous_0)
FN:17,formatCitationPreview
FN:75,formatAPA
FN:87,formatChicago
FN:100,formatIEEE
FN:113,formatHarvard
FN:116,(anonymous_6)
FN:128,formatAngliaRuskin
FN:140,truncateTitle
FN:157,getDefaultCitationStyle
FN:164,getCitationStyleFromSettings
FN:167,(anonymous_11)
FNF:12
FNH:12
FNDA:7,(anonymous_0)
FNDA:11,formatCitationPreview
FNDA:10,formatAPA
FNDA:2,formatChicago
FNDA:2,formatIEEE
FNDA:2,formatHarvard
FNDA:2,(anonymous_6)
FNDA:2,formatAngliaRuskin
FNDA:18,truncateTitle
FNDA:5,getDefaultCitationStyle
FNDA:9,getCitationStyleFromSettings
FNDA:7,(anonymous_11)
DA:6,7
DA:7,7
DA:8,7
DA:9,7
DA:10,7
DA:11,7
DA:17,7
DA:26,11
DA:27,2
DA:30,9
DA:31,9
DA:33,9
DA:35,5
DA:41,1
DA:47,1
DA:53,1
DA:59,1
DA:65,0
DA:76,10
DA:77,10
DA:78,10
DA:79,10
DA:81,10
DA:88,2
DA:89,2
DA:90,2
DA:91,2
DA:92,2
DA:94,2
DA:101,2
DA:102,2
DA:103,2
DA:104,2
DA:105,2
DA:107,2
DA:114,2
DA:115,2
DA:116,2
DA:118,2
DA:119,2
DA:120,2
DA:122,2
DA:129,2
DA:130,2
DA:131,2
DA:132,2
DA:134,2
DA:141,18
DA:144,4
DA:145,4
DA:147,4
DA:148,2
DA:151,2
DA:157,7
DA:158,5
DA:164,7
DA:165,9
DA:167,7
DA:168,7
DA:170,6
DA:172,6
DA:174,1
DA:176,1
DA:178,1
DA:180,1
DA:182,1
DA:184,1
LF:67
LH:66
BRDA:6,0,0,7
BRDA:6,0,1,7
BRDA:21,1,0,0
BRDA:26,2,0,2
BRDA:26,3,0,11
BRDA:26,3,1,10
BRDA:27,4,0,2
BRDA:27,4,1,1
BRDA:27,5,0,2
BRDA:27,5,1,1
BRDA:33,6,0,5
BRDA:33,6,1,1
BRDA:33,6,2,1
BRDA:33,6,3,1
BRDA:33,6,4,1
BRDA:33,6,5,0
BRDA:76,7,0,10
BRDA:76,7,1,0
BRDA:76,7,2,0
BRDA:77,8,0,2
BRDA:77,8,1,8
BRDA:78,9,0,10
BRDA:78,9,1,0
BRDA:81,10,0,5
BRDA:81,10,1,5
BRDA:88,11,0,2
BRDA:88,11,1,0
BRDA:88,11,2,0
BRDA:89,12,0,2
BRDA:89,12,1,0
BRDA:89,12,2,0
BRDA:90,13,0,0
BRDA:90,13,1,2
BRDA:91,14,0,2
BRDA:91,14,1,0
BRDA:94,15,0,1
BRDA:94,15,1,1
BRDA:101,16,0,2
BRDA:101,16,1,0
BRDA:102,17,0,2
BRDA:102,17,1,0
BRDA:102,17,2,0
BRDA:103,18,0,0
BRDA:103,18,1,2
BRDA:105,19,0,2
BRDA:105,19,1,0
BRDA:107,20,0,1
BRDA:107,20,1,1
BRDA:114,21,0,2
BRDA:114,21,1,0
BRDA:114,21,2,0
BRDA:115,22,0,2
BRDA:115,22,1,0
BRDA:118,23,0,0
BRDA:118,23,1,2
BRDA:119,24,0,2
BRDA:119,24,1,0
BRDA:122,25,0,1
BRDA:122,25,1,1
BRDA:129,26,0,2
BRDA:129,26,1,0
BRDA:129,26,2,0
BRDA:130,27,0,0
BRDA:130,27,1,2
BRDA:131,28,0,2
BRDA:131,28,1,0
BRDA:134,29,0,1
BRDA:134,29,1,1
BRDA:141,30,0,14
BRDA:147,31,0,2
BRDA:165,32,0,2
BRDA:168,33,0,1
BRDA:172,34,0,1
BRDA:172,34,1,1
BRDA:172,34,2,1
BRDA:172,34,3,1
BRDA:172,34,4,1
BRDA:172,34,5,1
BRF:78
BRH:53
end_of_record
TN:
SF:src/rendererModules/DOI/CrossRefInfo.ts
FN:52,(anonymous_0)
FN:61,(anonymous_1)
FN:70,(anonymous_2)
FN:94,(anonymous_3)
FN:96,(anonymous_4)
FN:123,(anonymous_5)
FN:129,(anonymous_6)
FN:131,(anonymous_7)
FN:166,(anonymous_8)
FN:173,(anonymous_9)
FN:199,(anonymous_10)
FN:206,(anonymous_11)
FN:214,(anonymous_12)
FN:221,(anonymous_13)
FN:228,(anonymous_14)
FN:235,(anonymous_15)
FN:257,(anonymous_16)
FN:291,(anonymous_17)
FN:358,(anonymous_18)
FN:375,(anonymous_19)
FN:385,(anonymous_20)
FNF:21
FNH:20
FNDA:14,(anonymous_0)
FNDA:10,(anonymous_1)
FNDA:7,(anonymous_2)
FNDA:12,(anonymous_3)
FNDA:21,(anonymous_4)
FNDA:21,(anonymous_5)
FNDA:5,(anonymous_6)
FNDA:7,(anonymous_7)
FNDA:10,(anonymous_8)
FNDA:8,(anonymous_9)
FNDA:10,(anonymous_10)
FNDA:8,(anonymous_11)
FNDA:4,(anonymous_12)
FNDA:5,(anonymous_13)
FNDA:0,(anonymous_14)
FNDA:9,(anonymous_15)
FNDA:3,(anonymous_16)
FNDA:5,(anonymous_17)
FNDA:2,(anonymous_18)
FNDA:2,(anonymous_19)
FNDA:1,(anonymous_20)
DA:1,8
DA:3,8
DA:5,8
DA:47,8
DA:53,14
DA:54,14
DA:55,14
DA:62,10
DA:63,10
DA:71,7
DA:74,7
DA:95,12
DA:96,12
DA:97,21
DA:104,21
DA:105,21
DA:106,21
DA:108,0
DA:113,21
DA:114,10
DA:118,21
DA:119,0
DA:122,21
DA:123,21
DA:130,5
DA:131,7
DA:133,5
DA:135,4
DA:142,4
DA:143,4
DA:144,4
DA:146,0
DA:151,4
DA:152,3
DA:156,4
DA:157,0
DA:160,4
DA:167,10
DA:175,8
DA:177,8
DA:179,7
DA:180,7
DA:181,7
DA:182,7
DA:185,7
DA:186,5
DA:187,2
DA:188,2
DA:189,0
DA:190,0
DA:193,0
DA:200,10
DA:207,8
DA:208,8
DA:215,4
DA:222,5
DA:229,0
DA:236,9
DA:238,9
DA:239,9
DA:245,8
DA:247,6
DA:249,1
DA:250,1
DA:258,3
DA:259,3
DA:262,3
DA:263,3
DA:277,3
DA:278,3
DA:279,3
DA:290,3
DA:291,3
DA:293,5
DA:295,2
DA:307,3
DA:308,3
DA:319,3
DA:320,3
DA:331,3
DA:332,3
DA:343,3
DA:344,2
DA:358,3
DA:359,2
DA:369,3
DA:376,2
DA:386,1
LF:88
LH:80
BRDA:55,0,0,14
BRDA:55,0,1,0
BRDA:62,1,0,10
BRDA:62,1,1,1
BRDA:63,2,0,10
BRDA:63,2,1,1
BRDA:71,3,0,0
BRDA:95,4,0,12
BRDA:95,4,1,1
BRDA:98,5,0,21
BRDA:98,5,1,21
BRDA:104,6,0,21
BRDA:105,7,0,21
BRDA:105,7,1,0
BRDA:105,8,0,21
BRDA:105,8,1,21
BRDA:108,9,0,0
BRDA:108,9,1,0
BRDA:108,9,2,0
BRDA:113,10,0,10
BRDA:118,11,0,0
BRDA:118,12,0,21
BRDA:118,12,1,0
BRDA:130,13,0,5
BRDA:130,13,1,1
BRDA:131,14,0,5
BRDA:131,14,1,5
BRDA:133,15,0,1
BRDA:136,16,0,4
BRDA:136,16,1,4
BRDA:142,17,0,4
BRDA:143,18,0,4
BRDA:143,18,1,0
BRDA:143,19,0,4
BRDA:143,19,1,4
BRDA:146,20,0,0
BRDA:146,20,1,0
BRDA:146,20,2,0
BRDA:151,21,0,3
BRDA:156,22,0,0
BRDA:156,23,0,4
BRDA:156,23,1,0
BRDA:175,24,0,8
BRDA:175,24,1,8
BRDA:175,24,2,1
BRDA:177,25,0,1
BRDA:177,26,0,1
BRDA:177,26,1,7
BRDA:177,27,0,8
BRDA:177,27,1,8
BRDA:177,28,0,1
BRDA:177,28,1,7
BRDA:177,29,0,8
BRDA:177,29,1,8
BRDA:185,30,0,5
BRDA:185,30,1,2
BRDA:185,31,0,7
BRDA:185,31,1,7
BRDA:185,31,2,7
BRDA:187,32,0,2
BRDA:187,32,1,0
BRDA:187,33,0,2
BRDA:187,33,1,2
BRDA:189,34,0,0
BRDA:208,35,0,7
BRDA:208,35,1,1
BRDA:215,36,0,4
BRDA:215,36,1,1
BRDA:215,36,2,1
BRDA:215,37,0,1
BRDA:215,37,1,0
BRDA:215,38,0,1
BRDA:215,38,1,1
BRDA:215,39,0,1
BRDA:215,39,1,0
BRDA:215,40,0,1
BRDA:215,40,1,1
BRDA:222,41,0,5
BRDA:222,41,1,2
BRDA:245,42,0,2
BRDA:245,43,0,8
BRDA:245,43,1,7
BRDA:262,44,0,3
BRDA:278,45,0,3
BRDA:283,46,0,3
BRDA:283,46,1,1
BRDA:283,47,0,0
BRDA:283,47,1,1
BRDA:293,48,0,3
BRDA:293,49,0,5
BRDA:293,49,1,3
BRDA:299,50,0,2
BRDA:299,50,1,2
BRDA:299,51,0,0
BRDA:299,51,1,2
BRDA:301,52,0,0
BRDA:301,52,1,2
BRDA:307,53,0,3
BRDA:319,54,0,3
BRDA:331,55,0,3
BRDA:343,56,0,2
BRF:101
BRH:80
end_of_record
TN:
SF:src/rendererModules/DOI/DOI.ts
FN:18,(anonymous_0)
FN:33,(anonymous_1)
FN:43,(anonymous_2)
FN:61,(anonymous_3)
FN:70,(anonymous_4)
FN:78,(anonymous_5)
FN:87,(anonymous_6)
FN:96,(anonymous_7)
FNF:8
FNH:8
FNDA:25,(anonymous_0)
FNDA:8,(anonymous_1)
FNDA:25,(anonymous_2)
FNDA:12,(anonymous_3)
FNDA:14,(anonymous_4)
FNDA:42,(anonymous_5)
FNDA:4,(anonymous_6)
FNDA:9,(anonymous_7)
DA:5,10
DA:20,25
DA:34,8
DA:45,25
DA:52,25
DA:62,12
DA:63,11
DA:71,14
DA:79,42
DA:88,4
DA:89,4
DA:97,9
LF:12
LH:12
BRDA:62,0,0,1
BRF:1
BRH:1
end_of_record
TN:
SF:src/rendererModules/DOI/DOIInfo.ts
FN:9,(anonymous_0)
FN:25,(anonymous_1)
FN:35,(anonymous_2)
FN:42,(anonymous_3)
FN:49,(anonymous_4)
FN:56,(anonymous_5)
FN:63,(anonymous_6)
FN:70,(anonymous_7)
FN:77,(anonymous_8)
FN:84,(anonymous_9)
FN:91,(anonymous_10)
FN:98,(anonymous_11)
FN:111,(anonymous_12)
FN:141,(anonymous_13)
FN:153,(anonymous_14)
FNF:15
FNH:13
FNDA:7,(anonymous_0)
FNDA:16,(anonymous_1)
FNDA:3,(anonymous_2)
FNDA:40,(anonymous_3)
FNDA:20,(anonymous_4)
FNDA:5,(anonymous_5)
FNDA:2,(anonymous_6)
FNDA:4,(anonymous_7)
FNDA:16,(anonymous_8)
FNDA:0,(anonymous_9)
FNDA:0,(anonymous_10)
FNDA:10,(anonymous_11)
FNDA:14,(anonymous_12)
FNDA:2,(anonymous_13)
FNDA:3,(anonymous_14)
DA:1,7
DA:2,7
DA:3,7
DA:9,7
DA:10,7
DA:11,7
DA:12,7
DA:19,7
DA:26,16
DA:27,16
DA:28,16
DA:29,16
DA:36,3
DA:43,40
DA:50,20
DA:57,5
DA:64,2
DA:71,4
DA:78,16
DA:85,0
DA:92,0
DA:99,10
DA:100,8
DA:101,2
DA:102,2
DA:104,0
DA:112,14
DA:115,14
DA:116,14
DA:117,13
DA:118,9
DA:121,1
DA:125,5
DA:126,5
DA:127,5
DA:128,4
DA:131,0
DA:135,1
DA:142,2
DA:154,3
DA:155,3
DA:160,3
DA:161,2
DA:164,3
DA:165,1
DA:168,3
LF:46
LH:42
BRDA:9,0,0,7
BRDA:9,0,1,7
BRDA:50,1,0,20
BRDA:50,1,1,2
BRDA:71,2,0,4
BRDA:71,2,1,1
BRDA:71,3,0,0
BRDA:71,3,1,4
BRDA:71,4,0,4
BRDA:71,4,1,4
BRDA:78,5,0,16
BRDA:78,5,1,0
BRDA:78,6,0,0
BRDA:78,6,1,16
BRDA:78,7,0,16
BRDA:78,7,1,16
BRDA:85,8,0,0
BRDA:85,8,1,0
BRDA:85,9,0,0
BRDA:85,9,1,0
BRDA:92,10,0,0
BRDA:92,10,1,0
BRDA:92,11,0,0
BRDA:92,11,1,0
BRDA:92,12,0,0
BRDA:92,12,1,0
BRDA:99,13,0,8
BRDA:99,13,1,2
BRDA:101,14,0,2
BRDA:112,15,0,1
BRDA:112,15,1,13
BRDA:117,16,0,9
BRDA:127,17,0,4
BRDA:145,18,0,0
BRDA:145,18,1,2
BRDA:145,19,0,2
BRDA:145,19,1,2
BRDA:146,20,0,2
BRDA:146,20,1,0
BRDA:146,21,0,2
BRDA:146,21,1,2
BRDA:160,22,0,2
BRDA:164,23,0,1
BRF:43
BRH:28
end_of_record
TN:
SF:src/rendererModules/DOI/DOIType.tsx
FN:31,(anonymous_0)
FN:35,(anonymous_1)
FN:39,(anonymous_2)
FN:43,(anonymous_3)
FN:126,(anonymous_4)
FN:130,(anonymous_5)
FN:168,(anonymous_6)
FNF:7
FNH:7
FNDA:2,(anonymous_0)
FNDA:6,(anonymous_1)
FNDA:1,(anonymous_2)
FNDA:8,(anonymous_3)
FNDA:4,(anonymous_4)
FNDA:1,(anonymous_5)
FNDA:1,(anonymous_6)
DA:2,6
DA:3,6
DA:4,6
DA:5,6
DA:7,6
DA:8,6
DA:9,6
DA:10,6
DA:16,6
DA:32,2
DA:36,6
DA:40,1
DA:44,8
DA:46,1
DA:47,1
DA:48,1
DA:51,7
DA:52,7
DA:53,7
DA:57,8
DA:69,8
DA:80,8
DA:81,8
DA:84,8
DA:85,8
DA:95,8
DA:105,8
DA:106,7
DA:114,1
DA:115,1
DA:127,4
DA:132,1
DA:135,1
DA:138,1
DA:139,1
DA:140,1
DA:141,0
DA:142,0
DA:143,0
DA:147,1
DA:156,1
DA:158,1
DA:169,1
LF:43
LH:40
BRDA:44,0,0,1
BRDA:44,0,1,7
BRDA:75,1,0,7
BRDA:75,1,1,1
BRDA:84,2,0,8
BRDA:105,3,0,7
BRDA:105,3,1,1
BRDA:114,4,0,1
BRDA:127,5,0,4
BRDA:127,5,1,3
BRDA:127,5,2,3
BRDA:138,6,0,1
BRDA:138,6,1,0
BRDA:141,7,0,0
BRDA:156,8,0,1
BRDA:156,8,1,0
BRDA:159,9,0,0
BRDA:159,9,1,1
BRF:18
BRH:14
end_of_record
TN:
SF:src/rendererModules/DOI/DataCiteInfo.ts
FN:80,(anonymous_0)
FN:89,(anonymous_1)
FN:91,(anonymous_2)
FN:103,(anonymous_3)
FN:105,(anonymous_4)
FN:125,(anonymous_5)
FN:146,(anonymous_6)
FN:152,(anonymous_7)
FN:155,(anonymous_8)
FN:173,(anonymous_9)
FN:198,(anonymous_10)
FN:205,(anonymous_11)
FN:208,(anonymous_12)
FN:222,(anonymous_13)
FN:229,(anonymous_14)
FN:236,(anonymous_15)
FN:238,(anonymous_16)
FN:250,(anonymous_17)
FN:257,(anonymous_18)
FN:259,(anonymous_19)
FN:268,(anonymous_20)
FN:275,(anonymous_21)
FN:297,(anonymous_22)
FN:331,(anonymous_23)
FN:399,(anonymous_24)
FN:416,(anonymous_25)
FN:426,(anonymous_26)
FNF:27
FNH:25
FNDA:16,(anonymous_0)
FNDA:22,(anonymous_1)
FNDA:20,(anonymous_2)
FNDA:16,(anonymous_3)
FNDA:15,(anonymous_4)
FNDA:9,(anonymous_5)
FNDA:15,(anonymous_6)
FNDA:8,(anonymous_7)
FNDA:0,(anonymous_8)
FNDA:0,(anonymous_9)
FNDA:12,(anonymous_10)
FNDA:14,(anonymous_11)
FNDA:9,(anonymous_12)
FNDA:11,(anonymous_13)
FNDA:3,(anonymous_14)
FNDA:12,(anonymous_15)
FNDA:7,(anonymous_16)
FNDA:17,(anonymous_17)
FNDA:9,(anonymous_18)
FNDA:3,(anonymous_19)
FNDA:1,(anonymous_20)
FNDA:14,(anonymous_21)
FNDA:8,(anonymous_22)
FNDA:7,(anonymous_23)
FNDA:2,(anonymous_24)
FNDA:4,(anonymous_25)
FNDA:2,(anonymous_26)
DA:1,8
DA:3,8
DA:4,8
DA:75,8
DA:81,16
DA:82,16
DA:83,16
DA:90,22
DA:91,22
DA:92,20
DA:93,20
DA:96,22
DA:97,22
DA:104,16
DA:105,16
DA:106,15
DA:107,0
DA:110,15
DA:117,15
DA:118,0
DA:119,15
DA:120,0
DA:124,15
DA:125,9
DA:127,15
DA:129,9
DA:135,15
DA:136,0
DA:137,0
DA:139,0
DA:140,0
DA:141,0
DA:145,15
DA:146,15
DA:153,8
DA:154,8
DA:155,0
DA:158,8
DA:160,0
DA:167,0
DA:168,0
DA:172,0
DA:173,0
DA:175,0
DA:176,0
DA:182,0
DA:183,0
DA:184,0
DA:186,0
DA:187,0
DA:188,0
DA:192,0
DA:199,12
DA:207,14
DA:208,14
DA:209,14
DA:212,5
DA:213,0
DA:216,5
DA:223,11
DA:230,3
DA:237,12
DA:238,12
DA:239,7
DA:240,7
DA:243,12
DA:244,12
DA:251,17
DA:258,9
DA:259,9
DA:260,3
DA:261,3
DA:269,1
DA:276,14
DA:278,14
DA:279,14
DA:285,13
DA:287,10
DA:289,1
DA:290,1
DA:298,8
DA:299,8
DA:302,8
DA:303,7
DA:317,8
DA:318,8
DA:319,0
DA:330,8
DA:331,8
DA:333,7
DA:335,7
DA:347,8
DA:348,3
DA:359,8
DA:360,3
DA:371,8
DA:372,3
DA:373,3
DA:384,8
DA:385,3
DA:399,8
DA:400,2
DA:410,8
DA:417,4
DA:427,2
LF:105
LH:80
BRDA:83,0,0,16
BRDA:83,0,1,0
BRDA:83,1,0,0
BRDA:83,1,1,16
BRDA:83,2,0,16
BRDA:83,2,1,16
BRDA:90,3,0,22
BRDA:90,3,1,0
BRDA:92,4,0,0
BRDA:93,5,0,20
BRDA:93,5,1,0
BRDA:96,6,0,0
BRDA:97,7,0,22
BRDA:97,7,1,2
BRDA:97,8,0,2
BRDA:97,8,1,20
BRDA:97,9,0,22
BRDA:97,9,1,22
BRDA:104,10,0,16
BRDA:104,10,1,0
BRDA:106,11,0,0
BRDA:111,12,0,15
BRDA:111,12,1,0
BRDA:117,13,0,0
BRDA:117,13,1,15
BRDA:117,14,0,15
BRDA:117,14,1,0
BRDA:117,14,2,0
BRDA:119,15,0,0
BRDA:120,16,0,0
BRDA:120,16,1,0
BRDA:120,16,2,0
BRDA:124,17,0,4
BRDA:124,17,1,11
BRDA:124,18,0,15
BRDA:124,18,1,15
BRDA:125,19,0,0
BRDA:125,19,1,9
BRDA:125,20,0,9
BRDA:125,20,1,9
BRDA:127,21,0,9
BRDA:127,22,0,6
BRDA:127,22,1,9
BRDA:127,23,0,15
BRDA:127,23,1,15
BRDA:135,24,0,0
BRDA:135,25,0,15
BRDA:135,25,1,0
BRDA:140,26,0,0
BRDA:140,27,0,0
BRDA:140,27,1,0
BRDA:140,28,0,0
BRDA:140,28,1,0
BRDA:140,29,0,0
BRDA:140,29,1,0
BRDA:153,30,0,8
BRDA:153,30,1,8
BRDA:155,31,0,0
BRDA:155,31,1,0
BRDA:155,32,0,0
BRDA:155,32,1,0
BRDA:158,33,0,8
BRDA:161,34,0,0
BRDA:161,34,1,0
BRDA:167,35,0,0
BRDA:167,36,0,0
BRDA:167,36,1,0
BRDA:167,36,2,0
BRDA:172,37,0,0
BRDA:172,37,1,0
BRDA:172,38,0,0
BRDA:172,38,1,0
BRDA:173,39,0,0
BRDA:173,39,1,0
BRDA:173,40,0,0
BRDA:173,40,1,0
BRDA:175,41,0,0
BRDA:175,42,0,0
BRDA:175,42,1,0
BRDA:175,43,0,0
BRDA:175,43,1,0
BRDA:182,44,0,0
BRDA:182,45,0,0
BRDA:182,45,1,0
BRDA:187,46,0,0
BRDA:187,47,0,0
BRDA:187,47,1,0
BRDA:187,48,0,0
BRDA:187,48,1,0
BRDA:187,49,0,0
BRDA:187,49,1,0
BRDA:207,50,0,14
BRDA:207,50,1,5
BRDA:208,51,0,0
BRDA:208,51,1,9
BRDA:208,52,0,9
BRDA:208,52,1,9
BRDA:209,53,0,9
BRDA:209,54,0,5
BRDA:209,54,1,9
BRDA:209,55,0,14
BRDA:209,55,1,14
BRDA:212,56,0,0
BRDA:223,57,0,11
BRDA:223,57,1,5
BRDA:223,58,0,5
BRDA:223,58,1,6
BRDA:223,59,0,11
BRDA:223,59,1,11
BRDA:230,60,0,0
BRDA:230,60,1,3
BRDA:230,61,0,3
BRDA:230,61,1,3
BRDA:237,62,0,12
BRDA:237,62,1,5
BRDA:239,63,0,0
BRDA:240,64,0,7
BRDA:240,64,1,0
BRDA:240,65,0,0
BRDA:240,65,1,7
BRDA:240,66,0,7
BRDA:240,66,1,7
BRDA:243,67,0,0
BRDA:244,68,0,5
BRDA:244,68,1,7
BRDA:244,69,0,12
BRDA:244,69,1,12
BRDA:251,70,0,17
BRDA:251,70,1,2
BRDA:258,71,0,9
BRDA:258,71,1,5
BRDA:260,72,0,0
BRDA:261,73,0,3
BRDA:261,73,1,0
BRDA:285,74,0,3
BRDA:285,75,0,13
BRDA:285,75,1,11
BRDA:302,76,0,7
BRDA:318,77,0,0
BRDA:323,78,0,0
BRDA:323,78,1,0
BRDA:323,79,0,0
BRDA:323,79,1,0
BRDA:333,80,0,0
BRDA:333,81,0,7
BRDA:333,81,1,7
BRDA:339,82,0,7
BRDA:339,82,1,5
BRDA:339,83,0,0
BRDA:339,83,1,5
BRDA:341,84,0,2
BRDA:341,84,1,5
BRDA:347,85,0,3
BRDA:359,86,0,3
BRDA:371,87,0,3
BRDA:372,88,0,3
BRDA:372,88,1,0
BRDA:384,89,0,3
BRF:158
BRH:82
end_of_record
TN:
SF:src/rendererModules/DOI/ResourceTypeIcons.tsx
FN:44,beautifyResourceType
FN:55,(anonymous_1)
FN:72,(anonymous_2)
FNF:3
FNH:2
FNDA:6,beautifyResourceType
FNDA:1,(anonymous_1)
FNDA:0,(anonymous_2)
DA:2,9
DA:12,9
DA:44,9
DA:45,6
DA:48,6
DA:55,9
DA:56,1
DA:72,9
DA:73,0
LF:9
LH:8
BRDA:48,0,0,6
BRDA:48,0,1,0
BRF:2
BRH:1
end_of_record
TN:
SF:src/rendererModules/Handle/HandleType.tsx
FN:14,(anonymous_0)
FN:41,(anonymous_1)
FN:45,(anonymous_2)
FN:49,(anonymous_3)
FN:53,(anonymous_4)
FN:99,(anonymous_5)
FN:103,(anonymous_6)
FN:106,(anonymous_7)
FN:118,(anonymous_8)
FNF:9
FNH:9
FNDA:13,(anonymous_0)
FNDA:1,(anonymous_1)
FNDA:6,(anonymous_2)
FNDA:1,(anonymous_3)
FNDA:6,(anonymous_4)
FNDA:2,(anonymous_5)
FNDA:1,(anonymous_6)
FNDA:2,(anonymous_7)
FNDA:1,(anonymous_8)
DA:1,5
DA:2,5
DA:3,5
DA:5,5
DA:6,5
DA:7,5
DA:8,5
DA:14,5
DA:20,13
DA:42,1
DA:46,6
DA:50,1
DA:54,6
DA:55,6
DA:56,6
DA:66,6
DA:68,0
DA:71,0
DA:83,0
DA:84,0
DA:87,6
DA:88,5
DA:89,0
DA:93,6
DA:94,6
DA:96,6
DA:100,2
DA:104,1
DA:107,2
DA:119,1
LF:30
LH:25
BRDA:54,0,0,6
BRDA:54,0,1,0
BRDA:88,1,0,0
BRDA:110,2,0,1
BRDA:110,2,1,1
BRF:5
BRH:3
end_of_record
TN:
SF:src/rendererModules/Handle/PID.ts
FN:46,(anonymous_0)
FN:55,(anonymous_1)
FN:63,(anonymous_2)
FN:72,(anonymous_3)
FN:82,(anonymous_4)
FN:88,(anonymous_5)
FN:97,(anonymous_6)
FN:105,(anonymous_7)
FN:115,(anonymous_8)
FN:122,(anonymous_9)
FN:123,(anonymous_10)
FN:147,(anonymous_11)
FNF:12
FNH:9
FNDA:43,(anonymous_0)
FNDA:52,(anonymous_1)
FNDA:43,(anonymous_2)
FNDA:14,(anonymous_3)
FNDA:2,(anonymous_4)
FNDA:14,(anonymous_5)
FNDA:16,(anonymous_6)
FNDA:9,(anonymous_7)
FNDA:0,(anonymous_8)
FNDA:0,(anonymous_9)
FNDA:0,(anonymous_10)
FNDA:12,(anonymous_11)
DA:1,5
DA:2,5
DA:3,5
DA:4,5
DA:25,5
DA:47,43
DA:48,43
DA:56,52
DA:64,43
DA:73,14
DA:83,2
DA:84,1
DA:85,1
DA:89,14
DA:90,14
DA:98,16
DA:106,9
DA:116,0
DA:117,0
DA:119,0
DA:121,0
DA:122,0
DA:123,0
DA:124,0
DA:125,0
DA:126,0
DA:127,0
DA:129,0
DA:131,0
DA:139,0
DA:141,0
DA:142,0
DA:143,0
DA:148,12
DA:159,5
LF:35
LH:19
BRDA:83,0,0,1
BRDA:106,1,0,9
BRDA:106,1,1,9
BRDA:116,2,0,0
BRDA:116,2,1,0
BRDA:117,3,0,0
BRDA:117,3,1,0
BRDA:124,4,0,0
BRDA:127,5,0,0
BRDA:127,5,1,0
BRF:10
BRH:3
end_of_record
TN:
SF:src/rendererModules/Handle/PIDDataType.ts
FN:53,(anonymous_0)
FN:65,(anonymous_1)
FN:73,(anonymous_2)
FN:81,(anonymous_3)
FN:89,(anonymous_4)
FN:97,(anonymous_5)
FN:106,(anonymous_6)
FN:198,(anonymous_7)
FN:203,(anonymous_8)
FNF:9
FNH:9
FNDA:7,(anonymous_0)
FNDA:3,(anonymous_1)
FNDA:3,(anonymous_2)
FNDA:3,(anonymous_3)
FNDA:2,(anonymous_4)
FNDA:2,(anonymous_5)
FNDA:1,(anonymous_6)
FNDA:2,(anonymous_7)
FNDA:3,(anonymous_8)
DA:1,5
DA:2,5
DA:3,5
DA:8,5
DA:54,7
DA:55,7
DA:56,7
DA:57,7
DA:58,7
DA:66,3
DA:74,3
DA:82,3
DA:90,2
DA:98,2
DA:108,1
DA:111,1
DA:112,1
DA:113,1
DA:117,0
DA:118,0
DA:119,0
DA:120,0
DA:121,0
DA:131,0
DA:134,0
DA:135,0
DA:136,0
DA:137,0
DA:138,0
DA:140,0
DA:141,0
DA:143,0
DA:151,0
DA:152,0
DA:159,0
DA:160,0
DA:167,0
DA:168,0
DA:170,0
DA:172,0
DA:173,0
DA:174,0
DA:177,0
DA:188,0
DA:189,0
DA:190,0
DA:191,0
DA:193,0
DA:194,0
DA:199,2
DA:200,2
DA:204,3
LF:52
LH:21
BRDA:108,0,0,0
BRDA:111,1,0,1
BRDA:118,2,0,0
BRDA:136,3,0,0
BRDA:136,4,0,0
BRDA:136,4,1,0
BRDA:168,5,0,0
BRDA:168,5,1,0
BRF:8
BRH:1
end_of_record
TN:
SF:src/rendererModules/Handle/PIDRecord.ts
FN:102,(anonymous_0)
FN:123,(anonymous_1)
FN:140,(anonymous_2)
FN:153,(anonymous_3)
FN:165,(anonymous_4)
FN:200,(anonymous_5)
FN:203,(anonymous_6)
FNF:7
FNH:7
FNDA:16,(anonymous_0)
FNDA:30,(anonymous_1)
FNDA:22,(anonymous_2)
FNDA:9,(anonymous_3)
FNDA:9,(anonymous_4)
FNDA:5,(anonymous_5)
FNDA:6,(anonymous_6)
DA:1,5
DA:2,5
DA:7,5
DA:30,16
DA:115,16
DA:116,16
DA:124,30
DA:150,22
DA:154,9
DA:165,9
DA:172,9
DA:174,9
DA:176,9
DA:177,1
DA:178,8
DA:179,1
DA:181,7
DA:187,9
DA:189,9
DA:197,9
DA:201,5
DA:204,6
LF:22
LH:22
BRDA:176,0,0,1
BRDA:176,0,1,8
BRDA:178,1,0,1
BRDA:178,1,1,7
BRDA:207,2,0,1
BRDA:207,2,1,5
BRDA:208,3,0,1
BRDA:208,3,1,5
BRDA:209,4,0,4
BRDA:209,4,1,2
BRF:10
BRH:10
end_of_record
TN:
SF:src/rendererModules/ORCiD/ORCIDInfo.ts
FN:150,(anonymous_0)
FN:188,(anonymous_1)
FN:196,(anonymous_2)
FN:204,(anonymous_3)
FN:212,(anonymous_4)
FN:221,(anonymous_5)
FN:229,(anonymous_6)
FN:237,(anonymous_7)
FN:245,(anonymous_8)
FN:253,(anonymous_9)
FN:261,(anonymous_10)
FN:269,(anonymous_11)
FN:278,(anonymous_12)
FN:288,(anonymous_13)
FN:386,(anonymous_14)
FN:399,(anonymous_15)
FN:410,(anonymous_16)
FN:412,(anonymous_17)
FN:433,(anonymous_18)
FN:448,(anonymous_19)
FN:456,(anonymous_20)
FN:462,(anonymous_21)
FN:499,(anonymous_22)
FN:506,(anonymous_23)
FN:513,(anonymous_24)
FNF:25
FNH:18
FNDA:8,(anonymous_0)
FNDA:15,(anonymous_1)
FNDA:16,(anonymous_2)
FNDA:16,(anonymous_3)
FNDA:3,(anonymous_4)
FNDA:0,(anonymous_5)
FNDA:11,(anonymous_6)
FNDA:11,(anonymous_7)
FNDA:23,(anonymous_8)
FNDA:9,(anonymous_9)
FNDA:9,(anonymous_10)
FNDA:11,(anonymous_11)
FNDA:18,(anonymous_12)
FNDA:6,(anonymous_13)
FNDA:0,(anonymous_14)
FNDA:0,(anonymous_15)
FNDA:1,(anonymous_16)
FNDA:0,(anonymous_17)
FNDA:24,(anonymous_18)
FNDA:4,(anonymous_19)
FNDA:2,(anonymous_20)
FNDA:0,(anonymous_21)
FNDA:3,(anonymous_22)
FNDA:0,(anonymous_23)
FNDA:0,(anonymous_24)
DA:1,7
DA:6,7
DA:171,8
DA:172,8
DA:173,8
DA:174,8
DA:175,8
DA:176,8
DA:177,8
DA:178,8
DA:179,8
DA:180,8
DA:181,8
DA:189,15
DA:197,16
DA:205,16
DA:213,3
DA:222,0
DA:230,11
DA:238,11
DA:246,23
DA:254,9
DA:262,9
DA:270,11
DA:279,18
DA:280,18
DA:289,6
DA:291,6
DA:293,6
DA:307,6
DA:314,6
DA:315,6
DA:317,6
DA:318,6
DA:320,0
DA:323,6
DA:324,6
DA:326,0
DA:332,6
DA:333,6
DA:334,6
DA:335,6
DA:336,3
DA:337,3
DA:338,3
DA:339,3
DA:344,3
DA:345,0
DA:350,3
DA:351,3
DA:353,3
DA:356,0
DA:360,6
DA:363,6
DA:366,6
DA:367,6
DA:368,6
DA:369,3
DA:378,6
DA:379,6
DA:380,6
DA:381,3
DA:386,6
DA:390,6
DA:391,6
DA:392,6
DA:393,0
DA:399,6
DA:404,6
DA:407,6
DA:411,1
DA:412,1
DA:413,1
DA:434,24
DA:435,24
DA:436,12
DA:437,12
DA:439,24
DA:449,4
DA:451,4
DA:452,1
DA:457,2
DA:462,0
DA:500,3
DA:501,3
DA:502,3
DA:503,3
DA:507,0
DA:508,0
DA:509,0
DA:510,0
DA:514,0
LF:92
LH:80
BRDA:289,0,0,0
BRDA:291,1,0,6
BRDA:338,2,0,3
BRDA:344,3,0,0
BRDA:360,4,0,3
BRDA:360,4,1,3
BRDA:363,5,0,3
BRDA:363,5,1,3
BRDA:367,6,0,6
BRDA:379,7,0,6
BRDA:391,8,0,6
BRDA:404,9,0,3
BRDA:404,9,1,3
BRDA:436,10,0,12
BRDA:436,11,0,12
BRDA:436,11,1,12
BRDA:437,12,0,0
BRDA:437,13,0,12
BRDA:437,13,1,12
BRDA:437,13,2,0
BRDA:448,14,0,3
BRDA:449,15,0,0
BRDA:449,15,1,4
BRDA:449,16,0,4
BRDA:449,16,1,4
BRDA:451,17,0,3
BRDA:451,17,1,1
BRDA:451,18,0,4
BRDA:451,18,1,3
BRDA:509,19,0,0
BRDA:509,19,1,0
BRF:31
BRH:24
end_of_record
TN:
SF:src/rendererModules/ORCiD/ORCIDType.tsx
FN:12,(anonymous_0)
FN:36,(anonymous_1)
FN:40,(anonymous_2)
FN:44,(anonymous_3)
FN:48,(anonymous_4)
FN:142,(anonymous_5)
FN:143,(anonymous_6)
FN:153,(anonymous_7)
FN:164,(anonymous_8)
FN:173,(anonymous_9)
FN:177,(anonymous_10)
FN:216,(anonymous_11)
FNF:12
FNH:10
FNDA:14,(anonymous_0)
FNDA:2,(anonymous_1)
FNDA:6,(anonymous_2)
FNDA:1,(anonymous_3)
FNDA:7,(anonymous_4)
FNDA:3,(anonymous_5)
FNDA:3,(anonymous_6)
FNDA:0,(anonymous_7)
FNDA:0,(anonymous_8)
FNDA:2,(anonymous_9)
FNDA:1,(anonymous_10)
FNDA:1,(anonymous_11)
DA:2,6
DA:3,6
DA:4,6
DA:5,6
DA:6,6
DA:12,6
DA:26,14
DA:34,14
DA:37,2
DA:41,6
DA:45,1
DA:49,7
DA:51,1
DA:52,1
DA:54,6
DA:55,6
DA:58,7
DA:59,0
DA:60,0
DA:62,0
DA:63,0
DA:65,0
DA:66,0
DA:72,7
DA:84,7
DA:85,7
DA:86,7
DA:87,7
DA:90,0
DA:93,7
DA:94,7
DA:95,7
DA:96,7
DA:99,0
DA:102,7
DA:104,7
DA:105,7
DA:106,7
DA:107,3
DA:108,3
DA:109,3
DA:112,0
DA:115,7
DA:119,0
DA:121,0
DA:122,0
DA:123,0
DA:141,7
DA:142,7
DA:143,7
DA:146,7
DA:147,3
DA:148,3
DA:152,7
DA:153,0
DA:155,7
DA:156,3
DA:158,7
DA:159,0
DA:162,7
DA:163,0
DA:164,0
DA:167,7
DA:169,7
DA:174,2
DA:178,1
DA:217,1
LF:67
LH:50
BRDA:49,0,0,1
BRDA:49,0,1,6
BRDA:58,1,0,0
BRDA:60,2,0,0
BRDA:60,2,1,0
BRDA:65,3,0,0
BRDA:65,3,1,0
BRDA:65,3,2,0
BRDA:86,4,0,7
BRDA:95,5,0,7
BRDA:108,6,0,3
BRDA:108,7,0,3
BRDA:108,7,1,3
BRDA:115,8,0,0
BRDA:116,9,0,7
BRDA:116,9,1,7
BRDA:141,10,0,7
BRDA:146,11,0,3
BRDA:152,12,0,0
BRDA:155,13,0,3
BRDA:162,14,0,0
BRDA:167,15,0,3
BRDA:169,16,0,3
BRDA:179,17,0,0
BRDA:179,17,1,1
BRDA:200,18,0,0
BRDA:200,18,1,1
BRDA:202,19,0,1
BRDA:202,19,1,0
BRDA:202,20,0,1
BRDA:202,20,1,1
BRDA:204,21,0,0
BRDA:204,21,1,1
BRDA:204,22,0,1
BRDA:204,22,1,1
BRDA:204,22,2,0
BRF:36
BRH:22
end_of_record
TN:
SF:src/utils/DataCache.ts
FN:3,open
FN:16,cachedFetch
FN:56,clearCache
FNF:3
FNH:3
FNDA:6,open
FNDA:6,cachedFetch
FNDA:2,clearCache
DA:4,6
DA:5,4
DA:16,12
DA:17,6
DA:18,6
DA:20,4
DA:21,4
DA:23,2
DA:27,2
DA:28,2
DA:30,1
DA:31,1
DA:33,0
DA:34,0
DA:38,1
DA:42,2
DA:43,2
DA:47,2
DA:48,2
DA:56,12
DA:57,2
DA:58,2
LF:22
LH:20
BRDA:4,0,0,4
BRDA:18,1,0,4
BRDA:18,1,1,2
BRDA:21,2,0,2
BRDA:21,2,1,2
BRDA:28,3,0,1
BRDA:28,3,1,1
BRDA:31,4,0,0
BRDA:57,5,0,2
BRF:9
BRH:8
end_of_record
TN:
SF:src/utils/FoldableAction.ts
FN:46,(anonymous_0)
FN:57,(anonymous_1)
FN:65,(anonymous_2)
FN:73,(anonymous_3)
FN:81,(anonymous_4)
FN:90,(anonymous_5)
FNF:6
FNH:6
FNDA:114,(anonymous_0)
FNDA:2,(anonymous_1)
FNDA:130,(anonymous_2)
FNDA:30,(anonymous_3)
FNDA:32,(anonymous_4)
FNDA:8,(anonymous_5)
DA:4,11
DA:47,114
DA:48,114
DA:49,114
DA:50,114
DA:58,2
DA:66,130
DA:74,30
DA:82,32
DA:91,8
LF:10
LH:10
BRDA:91,0,0,8
BRDA:91,0,1,6
BRDA:91,0,2,5
BRDA:91,0,3,4
BRF:4
BRH:4
end_of_record
TN:
SF:src/utils/FoldableItem.ts
FN:77,(anonymous_0)
FN:94,(anonymous_1)
FN:102,(anonymous_2)
FN:110,(anonymous_3)
FN:118,(anonymous_4)
FN:126,(anonymous_5)
FN:134,(anonymous_6)
FN:143,(anonymous_7)
FN:151,(anonymous_8)
FN:159,(anonymous_9)
FN:168,(anonymous_10)
FNF:11
FNH:11
FNDA:272,(anonymous_0)
FNDA:2,(anonymous_1)
FNDA:649,(anonymous_2)
FNDA:265,(anonymous_3)
FNDA:85,(anonymous_4)
FNDA:85,(anonymous_5)
FNDA:3,(anonymous_6)
FNDA:8,(anonymous_7)
FNDA:3,(anonymous_8)
FNDA:5,(anonymous_9)
FNDA:9,(anonymous_10)
DA:6,14
DA:64,272
DA:78,272
DA:79,272
DA:80,272
DA:81,272
DA:82,272
DA:83,272
DA:84,272
DA:87,272
DA:95,2
DA:103,649
DA:111,265
DA:119,85
DA:127,85
DA:135,3
DA:144,8
DA:152,3
DA:160,5
DA:169,9
LF:20
LH:20
BRDA:84,0,0,155
BRDA:84,0,1,117
BRDA:87,1,0,22
BRDA:87,1,1,250
BRDA:160,2,0,4
BRDA:160,2,1,1
BRDA:170,3,0,9
BRDA:170,3,1,8
BRDA:170,3,2,7
BRDA:170,3,3,5
BRDA:170,3,4,4
BRF:11
BRH:11
end_of_record
TN:
SF:src/utils/GenericIdentifierType.ts
FN:38,(anonymous_0)
FN:58,(anonymous_1)
FN:66,(anonymous_2)
FN:83,(anonymous_3)
FN:98,(anonymous_4)
FN:106,(anonymous_5)
FN:115,(anonymous_6)
FN:146,(anonymous_7)
FN:158,(anonymous_8)
FN:187,(anonymous_9)
FN:195,(anonymous_10)
FN:203,(anonymous_11)
FN:205,(anonymous_12)
FNF:13
FNH:13
FNDA:178,(anonymous_0)
FNDA:14,(anonymous_1)
FNDA:10,(anonymous_2)
FNDA:130,(anonymous_3)
FNDA:79,(anonymous_4)
FNDA:198,(anonymous_5)
FNDA:2,(anonymous_6)
FNDA:1,(anonymous_7)
FNDA:3,(anonymous_8)
FNDA:1,(anonymous_9)
FNDA:10,(anonymous_10)
FNDA:188,(anonymous_11)
FNDA:9,(anonymous_12)
DA:9,16
DA:23,178
DA:39,178
DA:40,178
DA:41,178
DA:49,178
DA:59,14
DA:67,10
DA:69,10
DA:77,178
DA:84,130
DA:92,178
DA:99,79
DA:107,198
DA:116,2
DA:147,1
DA:159,3
DA:188,1
DA:196,10
DA:205,188
DA:207,188
DA:208,5
DA:210,5
DA:211,3
DA:212,2
DA:213,2
DA:214,0
DA:216,0
DA:220,183
LF:29
LH:27
BRDA:205,0,0,178
BRDA:205,0,1,10
BRDA:205,1,0,188
BRDA:205,1,1,188
BRDA:207,2,0,5
BRDA:207,2,1,183
BRDA:210,3,0,3
BRDA:210,3,1,2
BRDA:212,4,0,2
BRDA:212,4,1,0
BRDA:214,5,0,0
BRDA:214,6,0,0
BRDA:214,6,1,0
BRDA:214,6,2,0
BRF:14
BRH:9
end_of_record
TN:
SF:src/utils/IndexedDBUtil.ts
FN:44,(anonymous_0)
FN:50,(anonymous_1)
FN:71,(anonymous_2)
FN:87,(anonymous_3)
FN:133,(anonymous_4)
FN:169,(anonymous_5)
FN:170,(anonymous_6)
FN:179,(anonymous_7)
FN:200,(anonymous_8)
FN:220,(anonymous_9)
FN:243,(anonymous_10)
FN:260,(anonymous_11)
FNF:12
FNH:10
FNDA:48,(anonymous_0)
FNDA:0,(anonymous_1)
FNDA:4,(anonymous_2)
FNDA:0,(anonymous_3)
FNDA:10,(anonymous_4)
FNDA:3,(anonymous_5)
FNDA:3,(anonymous_6)
FNDA:2,(anonymous_7)
FNDA:5,(anonymous_8)
FNDA:4,(anonymous_9)
FNDA:18,(anonymous_10)
FNDA:1,(anonymous_11)
DA:2,2
DA:3,2
DA:4,2
DA:6,2
DA:7,2
DA:44,2
DA:49,48
DA:51,0
DA:54,0
DA:56,0
DA:61,0
DA:62,0
DA:63,0
DA:72,4
DA:73,4
DA:76,4
DA:79,4
DA:88,0
DA:89,0
DA:90,0
DA:92,4
DA:96,4
DA:97,4
DA:99,4
DA:101,0
DA:107,0
DA:108,0
DA:109,0
DA:110,0
DA:112,0
DA:114,0
DA:117,0
DA:119,4
DA:120,4
DA:121,4
DA:146,10
DA:148,10
DA:149,10
DA:158,10
DA:160,10
DA:162,4
DA:164,1
DA:165,1
DA:168,3
DA:169,3
DA:170,3
DA:172,3
DA:174,1
DA:175,1
DA:178,2
DA:179,2
DA:180,2
DA:181,2
DA:182,2
DA:187,0
DA:191,8
DA:192,8
DA:195,8
DA:196,3
DA:197,3
DA:200,5
DA:201,5
DA:206,5
DA:207,4
DA:208,4
DA:210,1
DA:213,5
DA:221,4
DA:224,4
DA:227,4
DA:230,4
DA:231,4
DA:232,4
DA:233,4
DA:234,0
DA:235,0
DA:237,0
DA:239,4
DA:240,4
DA:244,18
DA:245,18
DA:246,1
DA:247,1
DA:249,0
DA:251,1
DA:253,18
DA:261,1
DA:262,1
DA:263,1
DA:264,1
LF:90
LH:68
BRDA:88,0,0,0
BRDA:88,0,1,0
BRDA:110,1,0,0
BRDA:110,2,0,0
BRDA:110,2,1,0
BRDA:110,2,2,0
BRDA:143,3,0,9
BRDA:160,4,0,4
BRDA:162,5,0,1
BRDA:162,5,1,3
BRDA:162,6,0,4
BRDA:162,6,1,1
BRDA:162,6,2,1
BRDA:169,7,0,0
BRDA:169,7,1,3
BRDA:169,8,0,3
BRDA:169,8,1,3
BRDA:170,9,0,0
BRDA:170,9,1,3
BRDA:170,10,0,3
BRDA:170,10,1,3
BRDA:172,11,0,1
BRDA:172,11,1,2
BRDA:172,12,0,3
BRDA:172,12,1,2
BRDA:172,12,2,2
BRDA:172,12,3,1
BRDA:195,13,0,3
BRDA:200,14,0,1
BRDA:200,14,1,4
BRDA:200,15,0,5
BRDA:200,15,1,5
BRDA:206,16,0,4
BRDA:206,16,1,1
BRDA:234,17,0,0
BRDA:234,18,0,0
BRDA:234,18,1,0
BRDA:245,19,0,1
BRDA:245,20,0,18
BRDA:245,20,1,1
BRF:40
BRH:29
end_of_record
TN:
SF:src/utils/Parser.ts
FN:9,getEffectiveRenderers
FN:16,(anonymous_1)
FN:36,(anonymous_2)
FN:59,(anonymous_3)
FN:104,(anonymous_4)
FN:170,(anonymous_5)
FN:182,(anonymous_6)
FNF:7
FNH:7
FNDA:23,getEffectiveRenderers
FNDA:46,(anonymous_1)
FNDA:4,(anonymous_2)
FNDA:12,(anonymous_3)
FNDA:11,(anonymous_4)
FNDA:20,(anonymous_5)
FNDA:1,(anonymous_6)
DA:2,2
DA:10,23
DA:11,13
DA:14,10
DA:15,10
DA:16,46
DA:17,13
DA:18,10
DA:20,3
DA:23,10
DA:29,2
DA:37,4
DA:38,4
DA:39,11
DA:40,11
DA:41,11
DA:42,11
DA:43,3
DA:44,3
DA:47,4
DA:60,12
DA:63,12
DA:64,7
DA:65,5
DA:66,5
DA:67,5
DA:68,3
DA:72,4
DA:77,5
DA:78,5
DA:79,25
DA:80,25
DA:81,25
DA:82,25
DA:83,4
DA:86,5
DA:116,11
DA:117,11
DA:119,11
DA:121,11
DA:123,3
DA:124,3
DA:127,3
DA:128,3
DA:129,2
DA:133,1
DA:134,1
DA:135,1
DA:140,3
DA:141,1
DA:147,8
DA:148,8
DA:150,8
DA:151,40
DA:152,40
DA:153,40
DA:154,11
DA:155,29
DA:156,6
DA:162,8
DA:163,6
DA:164,6
DA:169,8
DA:170,20
DA:171,7
DA:175,10
DA:176,2
DA:180,8
DA:181,8
DA:182,7
DA:183,7
DA:185,1
DA:189,8
DA:190,8
LF:74
LH:74
BRDA:10,0,0,13
BRDA:10,1,0,23
BRDA:10,1,1,10
BRDA:17,2,0,10
BRDA:17,2,1,3
BRDA:41,3,0,10
BRDA:41,3,1,1
BRDA:42,4,0,3
BRDA:63,5,0,7
BRDA:63,6,0,12
BRDA:63,6,1,7
BRDA:67,7,0,3
BRDA:82,8,0,4
BRDA:82,9,0,25
BRDA:82,9,1,9
BRDA:114,10,0,8
BRDA:117,11,0,11
BRDA:117,11,1,3
BRDA:121,12,0,3
BRDA:121,12,1,8
BRDA:128,13,0,2
BRDA:133,14,0,1
BRDA:133,15,0,1
BRDA:133,15,1,1
BRDA:140,16,0,1
BRDA:140,17,0,3
BRDA:140,17,1,2
BRDA:153,18,0,11
BRDA:153,18,1,29
BRDA:155,19,0,6
BRDA:163,20,0,6
BRDA:169,21,0,7
BRDA:175,22,0,2
BRDA:182,23,0,6
BRDA:182,23,1,1
BRDA:182,24,0,7
BRDA:182,24,1,7
BRDA:183,25,0,1
BRF:38
BRH:38
end_of_record
TN:
SF:src/utils/utils.ts
FNF:0
FNH:0
DA:5,5
DA:6,5
DA:7,5
DA:8,5
DA:9,5
DA:10,5
DA:11,5
DA:12,5
DA:13,5
DA:14,5
DA:15,5
DA:21,5
DA:87,5
DA:93,5
DA:99,5
LF:15
LH:15
BRF:0
BRH:0
end_of_record
